Loading labels from ******* for task: classification...
Scanning directory: ******* ...
Successfully matched 1679 subjects.
Loading labels from ******* for task: classification...
Scanning directory: ******* ...
Successfully matched 239 subjects.
Loading labels from ******* for task: classification...
Scanning directory: ******* ...
Successfully matched 480 subjects.
Loading pretrained weights from: *******
Task: Classification (Gender)
Start Finetuning (classification) for 30 epochs...
Epoch [1/30] Loss: 0.6951 | Val Acc: 0.5146 | F1: 0.3497 | test Acc: 0.4938 | F1: 0.3264
>>> Best model saved.
Epoch [2/30] Loss: 0.6940 | Val Acc: 0.5146 | F1: 0.3497 | test Acc: 0.4938 | F1: 0.3264
Epoch [3/30] Loss: 0.6924 | Val Acc: 0.5146 | F1: 0.3497 | test Acc: 0.4938 | F1: 0.3264
Epoch [4/30] Loss: 0.6926 | Val Acc: 0.5146 | F1: 0.3497 | test Acc: 0.4917 | F1: 0.3255
Epoch [5/30] Loss: 0.6925 | Val Acc: 0.5105 | F1: 0.3478 | test Acc: 0.4917 | F1: 0.3255
Epoch [6/30] Loss: 0.6921 | Val Acc: 0.5188 | F1: 0.3590 | test Acc: 0.4917 | F1: 0.3255
>>> Best model saved.
Epoch [7/30] Loss: 0.6912 | Val Acc: 0.5188 | F1: 0.3858 | test Acc: 0.4958 | F1: 0.3549
Epoch [8/30] Loss: 0.6891 | Val Acc: 0.5356 | F1: 0.4392 | test Acc: 0.5167 | F1: 0.3990
>>> Best model saved.
Epoch [9/30] Loss: 0.6882 | Val Acc: 0.5858 | F1: 0.5759 | test Acc: 0.5667 | F1: 0.5613
>>> Best model saved.
Epoch [10/30] Loss: 0.6838 | Val Acc: 0.5941 | F1: 0.5817 | test Acc: 0.5708 | F1: 0.5569
>>> Best model saved.
Epoch [11/30] Loss: 0.6814 | Val Acc: 0.6109 | F1: 0.6081 | test Acc: 0.5667 | F1: 0.5632
>>> Best model saved.
Epoch [12/30] Loss: 0.6814 | Val Acc: 0.5649 | F1: 0.5508 | test Acc: 0.5896 | F1: 0.5753
Epoch [13/30] Loss: 0.6848 | Val Acc: 0.5481 | F1: 0.5175 | test Acc: 0.5792 | F1: 0.5515
Epoch [14/30] Loss: 0.6765 | Val Acc: 0.5314 | F1: 0.4268 | test Acc: 0.5292 | F1: 0.4273
Epoch [15/30] Loss: 0.6745 | Val Acc: 0.5523 | F1: 0.4803 | test Acc: 0.5354 | F1: 0.4618
Epoch [16/30] Loss: 0.6706 | Val Acc: 0.6234 | F1: 0.6221 | test Acc: 0.5938 | F1: 0.5889
>>> Best model saved.
Epoch [17/30] Loss: 0.6648 | Val Acc: 0.5523 | F1: 0.4639 | test Acc: 0.5354 | F1: 0.4496
Epoch [18/30] Loss: 0.6646 | Val Acc: 0.5565 | F1: 0.5545 | test Acc: 0.5792 | F1: 0.5769
Epoch [19/30] Loss: 0.6610 | Val Acc: 0.5607 | F1: 0.5340 | test Acc: 0.5833 | F1: 0.5606
Epoch [20/30] Loss: 0.6553 | Val Acc: 0.6402 | F1: 0.6400 | test Acc: 0.5896 | F1: 0.5895
>>> Best model saved.
Epoch [21/30] Loss: 0.6567 | Val Acc: 0.6067 | F1: 0.6041 | test Acc: 0.5938 | F1: 0.5917
Epoch [22/30] Loss: 0.6542 | Val Acc: 0.6151 | F1: 0.6150 | test Acc: 0.5792 | F1: 0.5792
Epoch [23/30] Loss: 0.6518 | Val Acc: 0.6109 | F1: 0.6109 | test Acc: 0.5708 | F1: 0.5708
Epoch [24/30] Loss: 0.6459 | Val Acc: 0.6444 | F1: 0.6433 | test Acc: 0.5958 | F1: 0.5956
>>> Best model saved.
Epoch [25/30] Loss: 0.6457 | Val Acc: 0.6109 | F1: 0.6016 | test Acc: 0.6021 | F1: 0.5913
Epoch [26/30] Loss: 0.6500 | Val Acc: 0.5941 | F1: 0.5892 | test Acc: 0.5917 | F1: 0.5877
Epoch [27/30] Loss: 0.6354 | Val Acc: 0.6067 | F1: 0.6066 | test Acc: 0.5625 | F1: 0.5618
Epoch [28/30] Loss: 0.6263 | Val Acc: 0.6569 | F1: 0.6557 | test Acc: 0.5625 | F1: 0.5622
>>> Best model saved.
Epoch [29/30] Loss: 0.6245 | Val Acc: 0.6485 | F1: 0.6412 | test Acc: 0.5708 | F1: 0.5663
Epoch [30/30] Loss: 0.6227 | Val Acc: 0.6067 | F1: 0.5968 | test Acc: 0.5833 | F1: 0.5712
Finetuning finished. Testing best model...
Test Result -> Acc: 0.5625 | F1: 0.5622