2026-01-22 09:11:04,998 - INFO - Logging configured. Log file saved to: *******
2026-01-22 09:11:05,000 - INFO - Configuration:
2026-01-22 09:11:05,000 - INFO - Batch Size: 16, LR: 1e-05, Epochs: 100
2026-01-22 09:11:05,001 - INFO - Using device: cuda
2026-01-22 09:11:05,245 - INFO - Loading checkpoint from *******
2026-01-22 09:11:05,372 - INFO - --- 开始执行 Key 映射转换 ---
2026-01-22 09:11:05,372 - INFO - 转换示例 (Checkpoint -> Model):
2026-01-22 09:11:05,373 - INFO -   vit.embeddings.cls_token  ==>  embeddings.cls_token (大致)
2026-01-22 09:11:05,373 - INFO -   vit.embeddings.signal_embedding_projection.weight  ==>  embeddings.signal_embedding_projection.weight (大致)
2026-01-22 09:11:05,373 - INFO -   vit.embeddings.signal_embedding_projection.bias  ==>  embeddings.signal_embedding_projection.bias (大致)
2026-01-22 09:11:05,377 - INFO - 
==============================
2026-01-22 09:11:05,378 - INFO - 加载结果报告
2026-01-22 09:11:05,378 - INFO - ==============================
2026-01-22 09:11:05,378 - INFO - ✅ Encoder 权重全部加载成功！
2026-01-22 09:11:05,378 - INFO - ✅ 信号投影层 (Signal Projection) 加载成功。
2026-01-22 09:11:05,378 - INFO - ✅ CLS Token 加载成功。
2026-01-22 09:11:05,584 - INFO - Loading Datasets...
2026-01-22 09:11:05,733 - INFO - Train samples: 325, Val samples: 46, Test samples: 94
2026-01-22 09:11:05,750 - INFO - Starting Fine-tuning...
2026-01-22 09:11:06,922 - INFO - Epoch [1/100], Step [0], Loss: 0.6871
2026-01-22 09:11:15,643 - INFO - Epoch [1/100], Step [10], Loss: 0.6637
2026-01-22 09:11:23,532 - INFO - Epoch 1 Finished. Train Loss: 0.6822 | Train Acc: 0.5750 | Train F1: 0.5062
2026-01-22 09:11:23,533 - INFO - Running Validation for Epoch 1...
2026-01-22 09:11:24,381 - INFO - [Val] Loss: 0.6950 | Accuracy: 0.6087 | F1: 0.4606
2026-01-22 09:11:24,382 - INFO - Running Testing for Epoch 1...
2026-01-22 09:11:26,109 - INFO - [Test] Loss: 0.7111 | Accuracy: 0.5319 | F1: 0.3943
2026-01-22 09:11:26,166 - INFO - Saved checkpoint to *******
2026-01-22 09:11:26,216 - INFO - 🏆 New Best Model (Val Acc: 0.6087, Val F1: 0.4606) saved to *******
2026-01-22 09:11:27,080 - INFO - Epoch [2/100], Step [0], Loss: 0.6531
2026-01-22 09:11:35,732 - INFO - Epoch [2/100], Step [10], Loss: 0.6301
2026-01-22 09:11:43,587 - INFO - Epoch 2 Finished. Train Loss: 0.6661 | Train Acc: 0.5813 | Train F1: 0.4705
2026-01-22 09:11:43,587 - INFO - Running Validation for Epoch 2...
2026-01-22 09:11:44,428 - INFO - [Val] Loss: 0.6951 | Accuracy: 0.5870 | F1: 0.4503
2026-01-22 09:11:44,428 - INFO - Running Testing for Epoch 2...
2026-01-22 09:11:46,176 - INFO - [Test] Loss: 0.6992 | Accuracy: 0.5319 | F1: 0.3943
2026-01-22 09:11:46,231 - INFO - Saved checkpoint to *******
2026-01-22 09:11:47,099 - INFO - Epoch [3/100], Step [0], Loss: 0.6214
2026-01-22 09:11:55,764 - INFO - Epoch [3/100], Step [10], Loss: 0.5404
2026-01-22 09:12:03,617 - INFO - Epoch 3 Finished. Train Loss: 0.6532 | Train Acc: 0.5938 | Train F1: 0.4511
2026-01-22 09:12:03,618 - INFO - Running Validation for Epoch 3...
2026-01-22 09:12:04,464 - INFO - [Val] Loss: 0.6964 | Accuracy: 0.5652 | F1: 0.4396
2026-01-22 09:12:04,464 - INFO - Running Testing for Epoch 3...
2026-01-22 09:12:06,185 - INFO - [Test] Loss: 0.6945 | Accuracy: 0.5426 | F1: 0.3997
2026-01-22 09:12:06,247 - INFO - Saved checkpoint to *******
2026-01-22 09:12:07,105 - INFO - Epoch [4/100], Step [0], Loss: 0.6663
2026-01-22 09:12:15,738 - INFO - Epoch [4/100], Step [10], Loss: 0.6601
2026-01-22 09:12:23,563 - INFO - Epoch 4 Finished. Train Loss: 0.6394 | Train Acc: 0.5969 | Train F1: 0.4794
2026-01-22 09:12:23,564 - INFO - Running Validation for Epoch 4...
2026-01-22 09:12:24,402 - INFO - [Val] Loss: 0.7003 | Accuracy: 0.5435 | F1: 0.4287
2026-01-22 09:12:24,402 - INFO - Running Testing for Epoch 4...
2026-01-22 09:12:26,115 - INFO - [Test] Loss: 0.6911 | Accuracy: 0.5426 | F1: 0.4160
2026-01-22 09:12:26,174 - INFO - Saved checkpoint to *******
2026-01-22 09:12:27,035 - INFO - Epoch [5/100], Step [0], Loss: 0.6619
2026-01-22 09:12:35,694 - INFO - Epoch [5/100], Step [10], Loss: 0.6227
2026-01-22 09:12:43,596 - INFO - Epoch 5 Finished. Train Loss: 0.6192 | Train Acc: 0.6156 | Train F1: 0.5215
2026-01-22 09:12:43,596 - INFO - Running Validation for Epoch 5...
2026-01-22 09:12:44,473 - INFO - [Val] Loss: 0.7110 | Accuracy: 0.5652 | F1: 0.4704
2026-01-22 09:12:44,474 - INFO - Running Testing for Epoch 5...
2026-01-22 09:12:46,291 - INFO - [Test] Loss: 0.6884 | Accuracy: 0.5638 | F1: 0.4432
2026-01-22 09:12:46,357 - INFO - Saved checkpoint to *******
2026-01-22 09:12:47,237 - INFO - Epoch [6/100], Step [0], Loss: 0.6838
2026-01-22 09:12:55,957 - INFO - Epoch [6/100], Step [10], Loss: 0.6553
2026-01-22 09:13:03,790 - INFO - Epoch 6 Finished. Train Loss: 0.5947 | Train Acc: 0.6500 | Train F1: 0.6259
2026-01-22 09:13:03,790 - INFO - Running Validation for Epoch 6...
2026-01-22 09:13:04,657 - INFO - [Val] Loss: 0.7356 | Accuracy: 0.5435 | F1: 0.4575
2026-01-22 09:13:04,657 - INFO - Running Testing for Epoch 6...
2026-01-22 09:13:06,451 - INFO - [Test] Loss: 0.6906 | Accuracy: 0.6064 | F1: 0.5216
2026-01-22 09:13:06,507 - INFO - Saved checkpoint to *******
2026-01-22 09:13:07,485 - INFO - Epoch [7/100], Step [0], Loss: 0.6328
2026-01-22 09:13:16,207 - INFO - Epoch [7/100], Step [10], Loss: 0.6444
2026-01-22 09:13:24,036 - INFO - Epoch 7 Finished. Train Loss: 0.5740 | Train Acc: 0.6750 | Train F1: 0.6606
2026-01-22 09:13:24,036 - INFO - Running Validation for Epoch 7...
2026-01-22 09:13:24,892 - INFO - [Val] Loss: 0.7541 | Accuracy: 0.5217 | F1: 0.4971
2026-01-22 09:13:24,892 - INFO - Running Testing for Epoch 7...
2026-01-22 09:13:26,628 - INFO - [Test] Loss: 0.6859 | Accuracy: 0.5745 | F1: 0.5588
2026-01-22 09:13:26,694 - INFO - Saved checkpoint to *******
2026-01-22 09:13:27,561 - INFO - Epoch [8/100], Step [0], Loss: 0.6432
2026-01-22 09:13:36,223 - INFO - Epoch [8/100], Step [10], Loss: 0.5636
2026-01-22 09:13:44,028 - INFO - Epoch 8 Finished. Train Loss: 0.5335 | Train Acc: 0.7125 | Train F1: 0.7059
2026-01-22 09:13:44,028 - INFO - Running Validation for Epoch 8...
2026-01-22 09:13:44,885 - INFO - [Val] Loss: 0.7767 | Accuracy: 0.5217 | F1: 0.5159
2026-01-22 09:13:44,885 - INFO - Running Testing for Epoch 8...
2026-01-22 09:13:46,638 - INFO - [Test] Loss: 0.6908 | Accuracy: 0.5745 | F1: 0.5624
2026-01-22 09:13:46,694 - INFO - Saved checkpoint to *******
2026-01-22 09:13:47,554 - INFO - Epoch [9/100], Step [0], Loss: 0.5545
2026-01-22 09:13:56,239 - INFO - Epoch [9/100], Step [10], Loss: 0.5065
2026-01-22 09:14:04,042 - INFO - Epoch 9 Finished. Train Loss: 0.5013 | Train Acc: 0.7250 | Train F1: 0.7243
2026-01-22 09:14:04,042 - INFO - Running Validation for Epoch 9...
2026-01-22 09:14:04,888 - INFO - [Val] Loss: 0.8138 | Accuracy: 0.5217 | F1: 0.4971
2026-01-22 09:14:04,888 - INFO - Running Testing for Epoch 9...
2026-01-22 09:14:06,618 - INFO - [Test] Loss: 0.7713 | Accuracy: 0.5213 | F1: 0.4779
2026-01-22 09:14:06,670 - INFO - Saved checkpoint to *******
2026-01-22 09:14:07,543 - INFO - Epoch [10/100], Step [0], Loss: 0.4001
2026-01-22 09:14:16,221 - INFO - Epoch [10/100], Step [10], Loss: 0.3235
2026-01-22 09:14:24,001 - INFO - Epoch 10 Finished. Train Loss: 0.4518 | Train Acc: 0.7781 | Train F1: 0.7777
2026-01-22 09:14:24,002 - INFO - Running Validation for Epoch 10...
2026-01-22 09:14:24,842 - INFO - [Val] Loss: 0.8390 | Accuracy: 0.5217 | F1: 0.4971
2026-01-22 09:14:24,842 - INFO - Running Testing for Epoch 10...
2026-01-22 09:14:26,559 - INFO - [Test] Loss: 0.7965 | Accuracy: 0.5638 | F1: 0.5097
2026-01-22 09:14:26,613 - INFO - Saved checkpoint to *******
2026-01-22 09:14:27,472 - INFO - Epoch [11/100], Step [0], Loss: 0.4239
2026-01-22 09:14:36,108 - INFO - Epoch [11/100], Step [10], Loss: 0.3807
2026-01-22 09:14:43,908 - INFO - Epoch 11 Finished. Train Loss: 0.4135 | Train Acc: 0.8063 | Train F1: 0.8054
2026-01-22 09:14:43,909 - INFO - Running Validation for Epoch 11...
2026-01-22 09:14:44,759 - INFO - [Val] Loss: 0.8846 | Accuracy: 0.5870 | F1: 0.5787
2026-01-22 09:14:44,760 - INFO - Running Testing for Epoch 11...
2026-01-22 09:14:46,473 - INFO - [Test] Loss: 0.8344 | Accuracy: 0.5426 | F1: 0.5189
2026-01-22 09:14:46,525 - INFO - Saved checkpoint to *******
2026-01-22 09:14:47,387 - INFO - Epoch [12/100], Step [0], Loss: 0.3953
2026-01-22 09:14:56,039 - INFO - Epoch [12/100], Step [10], Loss: 0.4666
2026-01-22 09:15:03,840 - INFO - Epoch 12 Finished. Train Loss: 0.4054 | Train Acc: 0.8094 | Train F1: 0.8099
2026-01-22 09:15:03,841 - INFO - Running Validation for Epoch 12...
2026-01-22 09:15:04,687 - INFO - [Val] Loss: 0.9292 | Accuracy: 0.5435 | F1: 0.5343
2026-01-22 09:15:04,687 - INFO - Running Testing for Epoch 12...
2026-01-22 09:15:06,400 - INFO - [Test] Loss: 0.9011 | Accuracy: 0.5745 | F1: 0.5391
2026-01-22 09:15:06,450 - INFO - Saved checkpoint to *******
2026-01-22 09:15:07,309 - INFO - Epoch [13/100], Step [0], Loss: 0.4536
2026-01-22 09:15:15,921 - INFO - Epoch [13/100], Step [10], Loss: 0.3711
2026-01-22 09:15:23,681 - INFO - Epoch 13 Finished. Train Loss: 0.3237 | Train Acc: 0.8656 | Train F1: 0.8666
2026-01-22 09:15:23,682 - INFO - Running Validation for Epoch 13...
2026-01-22 09:15:24,529 - INFO - [Val] Loss: 0.9228 | Accuracy: 0.5435 | F1: 0.5254
2026-01-22 09:15:24,529 - INFO - Running Testing for Epoch 13...
2026-01-22 09:15:26,274 - INFO - [Test] Loss: 0.9186 | Accuracy: 0.5638 | F1: 0.5306
2026-01-22 09:15:26,329 - INFO - Saved checkpoint to *******
2026-01-22 09:15:27,189 - INFO - Epoch [14/100], Step [0], Loss: 0.3396
2026-01-22 09:15:35,815 - INFO - Epoch [14/100], Step [10], Loss: 0.2129
2026-01-22 09:15:43,589 - INFO - Epoch 14 Finished. Train Loss: 0.2504 | Train Acc: 0.9219 | Train F1: 0.9222
2026-01-22 09:15:43,589 - INFO - Running Validation for Epoch 14...
2026-01-22 09:15:44,433 - INFO - [Val] Loss: 0.9878 | Accuracy: 0.5870 | F1: 0.5888
2026-01-22 09:15:44,434 - INFO - Running Testing for Epoch 14...
2026-01-22 09:15:46,140 - INFO - [Test] Loss: 0.9659 | Accuracy: 0.5532 | F1: 0.5324
2026-01-22 09:15:46,193 - INFO - Saved checkpoint to *******
2026-01-22 09:15:47,055 - INFO - Epoch [15/100], Step [0], Loss: 0.2112
2026-01-22 09:15:55,691 - INFO - Epoch [15/100], Step [10], Loss: 0.2348
2026-01-22 09:16:03,454 - INFO - Epoch 15 Finished. Train Loss: 0.2132 | Train Acc: 0.9344 | Train F1: 0.9345
2026-01-22 09:16:03,454 - INFO - Running Validation for Epoch 15...
2026-01-22 09:16:04,287 - INFO - [Val] Loss: 1.1374 | Accuracy: 0.5217 | F1: 0.5254
2026-01-22 09:16:04,288 - INFO - Running Testing for Epoch 15...
2026-01-22 09:16:05,996 - INFO - [Test] Loss: 1.0034 | Accuracy: 0.5319 | F1: 0.5308
2026-01-22 09:16:06,051 - INFO - Saved checkpoint to *******
2026-01-22 09:16:06,912 - INFO - Epoch [16/100], Step [0], Loss: 0.1784
2026-01-22 09:16:15,533 - INFO - Epoch [16/100], Step [10], Loss: 0.0976
2026-01-22 09:16:23,290 - INFO - Epoch 16 Finished. Train Loss: 0.1507 | Train Acc: 0.9625 | Train F1: 0.9626
2026-01-22 09:16:23,291 - INFO - Running Validation for Epoch 16...
2026-01-22 09:16:24,139 - INFO - [Val] Loss: 1.1914 | Accuracy: 0.5217 | F1: 0.5254
2026-01-22 09:16:24,140 - INFO - Running Testing for Epoch 16...
2026-01-22 09:16:25,848 - INFO - [Test] Loss: 1.0881 | Accuracy: 0.5106 | F1: 0.5079
2026-01-22 09:16:25,910 - INFO - Saved checkpoint to *******
2026-01-22 09:16:26,771 - INFO - Epoch [17/100], Step [0], Loss: 0.1673
2026-01-22 09:16:35,403 - INFO - Epoch [17/100], Step [10], Loss: 0.1947
2026-01-22 09:16:43,168 - INFO - Epoch 17 Finished. Train Loss: 0.1099 | Train Acc: 0.9844 | Train F1: 0.9844
2026-01-22 09:16:43,168 - INFO - Running Validation for Epoch 17...
2026-01-22 09:16:44,014 - INFO - [Val] Loss: 1.1641 | Accuracy: 0.5652 | F1: 0.5525
2026-01-22 09:16:44,014 - INFO - Running Testing for Epoch 17...
2026-01-22 09:16:45,731 - INFO - [Test] Loss: 1.2206 | Accuracy: 0.5532 | F1: 0.5324
2026-01-22 09:16:45,782 - INFO - Saved checkpoint to *******
2026-01-22 09:16:46,645 - INFO - Epoch [18/100], Step [0], Loss: 0.0450
2026-01-22 09:16:55,267 - INFO - Epoch [18/100], Step [10], Loss: 0.1239
2026-01-22 09:17:03,030 - INFO - Epoch 18 Finished. Train Loss: 0.0710 | Train Acc: 0.9969 | Train F1: 0.9969
2026-01-22 09:17:03,030 - INFO - Running Validation for Epoch 18...
2026-01-22 09:17:03,879 - INFO - [Val] Loss: 1.3183 | Accuracy: 0.5652 | F1: 0.5702
2026-01-22 09:17:03,880 - INFO - Running Testing for Epoch 18...
2026-01-22 09:17:05,601 - INFO - [Test] Loss: 1.3013 | Accuracy: 0.5319 | F1: 0.5102
2026-01-22 09:17:05,653 - INFO - Saved checkpoint to *******
2026-01-22 09:17:06,517 - INFO - Epoch [19/100], Step [0], Loss: 0.0676
2026-01-22 09:17:15,166 - INFO - Epoch [19/100], Step [10], Loss: 0.0441
2026-01-22 09:17:22,960 - INFO - Epoch 19 Finished. Train Loss: 0.0484 | Train Acc: 0.9969 | Train F1: 0.9969
2026-01-22 09:17:22,961 - INFO - Running Validation for Epoch 19...
2026-01-22 09:17:23,813 - INFO - [Val] Loss: 1.3558 | Accuracy: 0.5652 | F1: 0.5702
2026-01-22 09:17:23,813 - INFO - Running Testing for Epoch 19...
2026-01-22 09:17:25,545 - INFO - [Test] Loss: 1.3348 | Accuracy: 0.5106 | F1: 0.4967
2026-01-22 09:17:25,600 - INFO - Saved checkpoint to *******
2026-01-22 09:17:26,463 - INFO - Epoch [20/100], Step [0], Loss: 0.0359
2026-01-22 09:17:35,102 - INFO - Epoch [20/100], Step [10], Loss: 0.0296
2026-01-22 09:17:42,903 - INFO - Epoch 20 Finished. Train Loss: 0.0406 | Train Acc: 0.9969 | Train F1: 0.9969
2026-01-22 09:17:42,903 - INFO - Running Validation for Epoch 20...
2026-01-22 09:17:43,769 - INFO - [Val] Loss: 1.4210 | Accuracy: 0.5435 | F1: 0.5489
2026-01-22 09:17:43,769 - INFO - Running Testing for Epoch 20...
2026-01-22 09:17:45,495 - INFO - [Test] Loss: 1.3773 | Accuracy: 0.5213 | F1: 0.5154
2026-01-22 09:17:45,554 - INFO - Saved checkpoint to *******
2026-01-22 09:17:46,439 - INFO - Epoch [21/100], Step [0], Loss: 0.0357
2026-01-22 09:17:55,086 - INFO - Epoch [21/100], Step [10], Loss: 0.0290
2026-01-22 09:18:02,894 - INFO - Epoch 21 Finished. Train Loss: 0.0282 | Train Acc: 1.0000 | Train F1: 1.0000
2026-01-22 09:18:02,894 - INFO - Running Validation for Epoch 21...
2026-01-22 09:18:03,742 - INFO - [Val] Loss: 1.4067 | Accuracy: 0.5870 | F1: 0.5912
2026-01-22 09:18:03,742 - INFO - Running Testing for Epoch 21...
2026-01-22 09:18:05,482 - INFO - [Test] Loss: 1.4387 | Accuracy: 0.5106 | F1: 0.4926
2026-01-22 09:18:05,545 - INFO - Saved checkpoint to *******
2026-01-22 09:18:06,412 - INFO - Epoch [22/100], Step [0], Loss: 0.0156
2026-01-22 09:18:15,045 - INFO - Epoch [22/100], Step [10], Loss: 0.0194
2026-01-22 09:18:22,945 - INFO - Epoch 22 Finished. Train Loss: 0.0189 | Train Acc: 1.0000 | Train F1: 1.0000
2026-01-22 09:18:22,946 - INFO - Running Validation for Epoch 22...
2026-01-22 09:18:23,788 - INFO - [Val] Loss: 1.5152 | Accuracy: 0.5870 | F1: 0.5912
2026-01-22 09:18:23,789 - INFO - Running Testing for Epoch 22...
2026-01-22 09:18:25,520 - INFO - [Test] Loss: 1.5181 | Accuracy: 0.5000 | F1: 0.4837
2026-01-22 09:18:25,579 - INFO - Saved checkpoint to *******
2026-01-22 09:18:26,442 - INFO - Epoch [23/100], Step [0], Loss: 0.0119
2026-01-22 09:18:35,089 - INFO - Epoch [23/100], Step [10], Loss: 0.0191
2026-01-22 09:18:42,908 - INFO - Epoch 23 Finished. Train Loss: 0.0157 | Train Acc: 1.0000 | Train F1: 1.0000
2026-01-22 09:18:42,909 - INFO - Running Validation for Epoch 23...
2026-01-22 09:18:43,781 - INFO - [Val] Loss: 1.6298 | Accuracy: 0.5217 | F1: 0.5272
2026-01-22 09:18:43,781 - INFO - Running Testing for Epoch 23...
2026-01-22 09:18:45,532 - INFO - [Test] Loss: 1.5747 | Accuracy: 0.5213 | F1: 0.5127
2026-01-22 09:18:45,585 - INFO - Saved checkpoint to *******
2026-01-22 09:18:46,453 - INFO - Epoch [24/100], Step [0], Loss: 0.0163
2026-01-22 09:18:55,096 - INFO - Epoch [24/100], Step [10], Loss: 0.0105
2026-01-22 09:19:02,873 - INFO - Epoch 24 Finished. Train Loss: 0.0136 | Train Acc: 1.0000 | Train F1: 1.0000
2026-01-22 09:19:02,873 - INFO - Running Validation for Epoch 24...
2026-01-22 09:19:03,727 - INFO - [Val] Loss: 1.5954 | Accuracy: 0.5652 | F1: 0.5702
2026-01-22 09:19:03,728 - INFO - Running Testing for Epoch 24...
2026-01-22 09:19:05,446 - INFO - [Test] Loss: 1.6482 | Accuracy: 0.5000 | F1: 0.4877
2026-01-22 09:19:05,508 - INFO - Saved checkpoint to *******
2026-01-22 09:19:06,370 - INFO - Epoch [25/100], Step [0], Loss: 0.0184
2026-01-22 09:19:14,993 - INFO - Epoch [25/100], Step [10], Loss: 0.0103
2026-01-22 09:19:22,782 - INFO - Epoch 25 Finished. Train Loss: 0.0105 | Train Acc: 1.0000 | Train F1: 1.0000
2026-01-22 09:19:22,782 - INFO - Running Validation for Epoch 25...
2026-01-22 09:19:23,627 - INFO - [Val] Loss: 1.6730 | Accuracy: 0.5217 | F1: 0.5272
2026-01-22 09:19:23,628 - INFO - Running Testing for Epoch 25...
2026-01-22 09:19:25,370 - INFO - [Test] Loss: 1.6877 | Accuracy: 0.5319 | F1: 0.5220
2026-01-22 09:19:25,437 - INFO - Saved checkpoint to *******
2026-01-22 09:19:26,298 - INFO - Epoch [26/100], Step [0], Loss: 0.0111
2026-01-22 09:19:34,968 - INFO - Epoch [26/100], Step [10], Loss: 0.0092
2026-01-22 09:19:42,731 - INFO - Epoch 26 Finished. Train Loss: 0.0101 | Train Acc: 1.0000 | Train F1: 1.0000
2026-01-22 09:19:42,731 - INFO - Running Validation for Epoch 26...
2026-01-22 09:19:43,578 - INFO - [Val] Loss: 1.7559 | Accuracy: 0.5217 | F1: 0.5272
2026-01-22 09:19:43,578 - INFO - Running Testing for Epoch 26...
2026-01-22 09:19:45,335 - INFO - [Test] Loss: 1.7092 | Accuracy: 0.5319 | F1: 0.5249
2026-01-22 09:19:45,399 - INFO - Saved checkpoint to *******
2026-01-22 09:19:46,261 - INFO - Epoch [27/100], Step [0], Loss: 0.0075
2026-01-22 09:19:54,883 - INFO - Epoch [27/100], Step [10], Loss: 0.0242
2026-01-22 09:20:02,633 - INFO - Epoch 27 Finished. Train Loss: 0.0113 | Train Acc: 1.0000 | Train F1: 1.0000
2026-01-22 09:20:02,633 - INFO - Running Validation for Epoch 27...
2026-01-22 09:20:03,478 - INFO - [Val] Loss: 1.7185 | Accuracy: 0.5435 | F1: 0.5410
2026-01-22 09:20:03,479 - INFO - Running Testing for Epoch 27...
2026-01-22 09:20:05,199 - INFO - [Test] Loss: 1.8176 | Accuracy: 0.5106 | F1: 0.4879
2026-01-22 09:20:05,253 - INFO - Saved checkpoint to *******
2026-01-22 09:20:06,109 - INFO - Epoch [28/100], Step [0], Loss: 0.0145
2026-01-22 09:20:14,700 - INFO - Epoch [28/100], Step [10], Loss: 0.0085
2026-01-22 09:20:22,460 - INFO - Epoch 28 Finished. Train Loss: 0.0100 | Train Acc: 1.0000 | Train F1: 1.0000
2026-01-22 09:20:22,461 - INFO - Running Validation for Epoch 28...
2026-01-22 09:20:23,297 - INFO - [Val] Loss: 1.6565 | Accuracy: 0.5870 | F1: 0.5888
2026-01-22 09:20:23,298 - INFO - Running Testing for Epoch 28...
2026-01-22 09:20:25,004 - INFO - [Test] Loss: 1.8903 | Accuracy: 0.5106 | F1: 0.4879
2026-01-22 09:20:25,068 - INFO - Saved checkpoint to *******
2026-01-22 09:20:25,927 - INFO - Epoch [29/100], Step [0], Loss: 0.0057
2026-01-22 09:20:34,546 - INFO - Epoch [29/100], Step [10], Loss: 0.0526
2026-01-22 09:20:42,309 - INFO - Epoch 29 Finished. Train Loss: 0.0126 | Train Acc: 1.0000 | Train F1: 1.0000
2026-01-22 09:20:42,310 - INFO - Running Validation for Epoch 29...
2026-01-22 09:20:43,140 - INFO - [Val] Loss: 1.7097 | Accuracy: 0.6304 | F1: 0.6342
2026-01-22 09:20:43,140 - INFO - Running Testing for Epoch 29...
2026-01-22 09:20:44,837 - INFO - [Test] Loss: 1.8417 | Accuracy: 0.5106 | F1: 0.4967
2026-01-22 09:20:44,896 - INFO - Saved checkpoint to *******
2026-01-22 09:20:44,948 - INFO - 🏆 New Best Model (Val Acc: 0.6304, Val F1: 0.6342) saved to *******
2026-01-22 09:20:45,806 - INFO - Epoch [30/100], Step [0], Loss: 0.0084
2026-01-22 09:20:54,432 - INFO - Epoch [30/100], Step [10], Loss: 0.0046
2026-01-22 09:21:02,227 - INFO - Epoch 30 Finished. Train Loss: 0.0119 | Train Acc: 1.0000 | Train F1: 1.0000
2026-01-22 09:21:02,227 - INFO - Running Validation for Epoch 30...
2026-01-22 09:21:03,078 - INFO - [Val] Loss: 1.7913 | Accuracy: 0.5435 | F1: 0.5481
2026-01-22 09:21:03,079 - INFO - Running Testing for Epoch 30...
2026-01-22 09:21:04,850 - INFO - [Test] Loss: 1.8602 | Accuracy: 0.5000 | F1: 0.4792
2026-01-22 09:21:04,915 - INFO - Saved checkpoint to *******
2026-01-22 09:21:05,782 - INFO - Epoch [31/100], Step [0], Loss: 0.0065
2026-01-22 09:21:14,427 - INFO - Epoch [31/100], Step [10], Loss: 0.0049
2026-01-22 09:21:22,185 - INFO - Epoch 31 Finished. Train Loss: 0.0077 | Train Acc: 1.0000 | Train F1: 1.0000
2026-01-22 09:21:22,185 - INFO - Running Validation for Epoch 31...
2026-01-22 09:21:23,027 - INFO - [Val] Loss: 1.9846 | Accuracy: 0.5000 | F1: 0.5060
2026-01-22 09:21:23,028 - INFO - Running Testing for Epoch 31...
2026-01-22 09:21:24,776 - INFO - [Test] Loss: 2.0404 | Accuracy: 0.4894 | F1: 0.4656
2026-01-22 09:21:24,844 - INFO - Saved checkpoint to *******
2026-01-22 09:21:25,704 - INFO - Epoch [32/100], Step [0], Loss: 0.0100
2026-01-22 09:21:34,340 - INFO - Epoch [32/100], Step [10], Loss: 0.0053
2026-01-22 09:21:42,155 - INFO - Epoch 32 Finished. Train Loss: 0.0060 | Train Acc: 1.0000 | Train F1: 1.0000
2026-01-22 09:21:42,156 - INFO - Running Validation for Epoch 32...
2026-01-22 09:21:42,998 - INFO - [Val] Loss: 1.9558 | Accuracy: 0.5000 | F1: 0.5060
2026-01-22 09:21:42,999 - INFO - Running Testing for Epoch 32...
2026-01-22 09:21:44,720 - INFO - [Test] Loss: 1.9518 | Accuracy: 0.5106 | F1: 0.4967
2026-01-22 09:21:44,779 - INFO - Saved checkpoint to *******
2026-01-22 09:21:45,641 - INFO - Epoch [33/100], Step [0], Loss: 0.0071
2026-01-22 09:21:54,310 - INFO - Epoch [33/100], Step [10], Loss: 0.0035
2026-01-22 09:22:02,115 - INFO - Epoch 33 Finished. Train Loss: 0.0053 | Train Acc: 1.0000 | Train F1: 1.0000
2026-01-22 09:22:02,115 - INFO - Running Validation for Epoch 33...
2026-01-22 09:22:02,961 - INFO - [Val] Loss: 1.8519 | Accuracy: 0.5435 | F1: 0.5481
2026-01-22 09:22:02,961 - INFO - Running Testing for Epoch 33...
2026-01-22 09:22:04,688 - INFO - [Test] Loss: 2.0048 | Accuracy: 0.5106 | F1: 0.4879
2026-01-22 09:22:04,740 - INFO - Saved checkpoint to *******
2026-01-22 09:22:05,602 - INFO - Epoch [34/100], Step [0], Loss: 0.0070
2026-01-22 09:22:14,219 - INFO - Epoch [34/100], Step [10], Loss: 0.0082
2026-01-22 09:22:22,054 - INFO - Epoch 34 Finished. Train Loss: 0.0074 | Train Acc: 1.0000 | Train F1: 1.0000
2026-01-22 09:22:22,055 - INFO - Running Validation for Epoch 34...
2026-01-22 09:22:22,911 - INFO - [Val] Loss: 2.1648 | Accuracy: 0.5000 | F1: 0.5050
2026-01-22 09:22:22,911 - INFO - Running Testing for Epoch 34...
2026-01-22 09:22:24,657 - INFO - [Test] Loss: 2.0432 | Accuracy: 0.5213 | F1: 0.5095
2026-01-22 09:22:24,713 - INFO - Saved checkpoint to *******
2026-01-22 09:22:25,580 - INFO - Epoch [35/100], Step [0], Loss: 0.0049
2026-01-22 09:22:34,229 - INFO - Epoch [35/100], Step [10], Loss: 0.0050
2026-01-22 09:22:42,041 - INFO - Epoch 35 Finished. Train Loss: 0.0071 | Train Acc: 0.9969 | Train F1: 0.9969
2026-01-22 09:22:42,042 - INFO - Running Validation for Epoch 35...
2026-01-22 09:22:42,876 - INFO - [Val] Loss: 2.2995 | Accuracy: 0.5000 | F1: 0.5050
2026-01-22 09:22:42,876 - INFO - Running Testing for Epoch 35...
2026-01-22 09:22:44,589 - INFO - [Test] Loss: 2.0587 | Accuracy: 0.5319 | F1: 0.5293
2026-01-22 09:22:44,654 - INFO - Saved checkpoint to *******
2026-01-22 09:22:45,515 - INFO - Epoch [36/100], Step [0], Loss: 0.0024
2026-01-22 09:22:54,132 - INFO - Epoch [36/100], Step [10], Loss: 0.0028
2026-01-22 09:23:01,922 - INFO - Epoch 36 Finished. Train Loss: 0.0151 | Train Acc: 0.9969 | Train F1: 0.9969
2026-01-22 09:23:01,922 - INFO - Running Validation for Epoch 36...
2026-01-22 09:23:02,766 - INFO - [Val] Loss: 1.9412 | Accuracy: 0.5217 | F1: 0.5273
2026-01-22 09:23:02,767 - INFO - Running Testing for Epoch 36...
2026-01-22 09:23:04,513 - INFO - [Test] Loss: 2.0231 | Accuracy: 0.5319 | F1: 0.5186
2026-01-22 09:23:04,581 - INFO - Saved checkpoint to *******
2026-01-22 09:23:05,443 - INFO - Epoch [37/100], Step [0], Loss: 0.0147
2026-01-22 09:23:14,096 - INFO - Epoch [37/100], Step [10], Loss: 0.0296
2026-01-22 09:23:21,927 - INFO - Epoch 37 Finished. Train Loss: 0.0135 | Train Acc: 0.9969 | Train F1: 0.9969
2026-01-22 09:23:21,927 - INFO - Running Validation for Epoch 37...
2026-01-22 09:23:22,775 - INFO - [Val] Loss: 2.0254 | Accuracy: 0.5217 | F1: 0.5217
2026-01-22 09:23:22,776 - INFO - Running Testing for Epoch 37...
2026-01-22 09:23:24,493 - INFO - [Test] Loss: 2.2342 | Accuracy: 0.5000 | F1: 0.4619
2026-01-22 09:23:24,544 - INFO - Saved checkpoint to *******
2026-01-22 09:23:25,407 - INFO - Epoch [38/100], Step [0], Loss: 0.0153
2026-01-22 09:23:34,045 - INFO - Epoch [38/100], Step [10], Loss: 0.0037
2026-01-22 09:23:41,809 - INFO - Epoch 38 Finished. Train Loss: 0.0065 | Train Acc: 1.0000 | Train F1: 1.0000
2026-01-22 09:23:41,809 - INFO - Running Validation for Epoch 38...
2026-01-22 09:23:42,643 - INFO - [Val] Loss: 2.1990 | Accuracy: 0.4783 | F1: 0.4822
2026-01-22 09:23:42,644 - INFO - Running Testing for Epoch 38...
2026-01-22 09:23:44,357 - INFO - [Test] Loss: 2.1628 | Accuracy: 0.5319 | F1: 0.5249
2026-01-22 09:23:44,416 - INFO - Saved checkpoint to *******
2026-01-22 09:23:45,276 - INFO - Epoch [39/100], Step [0], Loss: 0.0018
2026-01-22 09:23:53,931 - INFO - Epoch [39/100], Step [10], Loss: 0.0059
2026-01-22 09:24:01,730 - INFO - Epoch 39 Finished. Train Loss: 0.0036 | Train Acc: 1.0000 | Train F1: 1.0000
2026-01-22 09:24:01,730 - INFO - Running Validation for Epoch 39...
2026-01-22 09:24:02,566 - INFO - [Val] Loss: 1.9780 | Accuracy: 0.5435 | F1: 0.5489
2026-01-22 09:24:02,567 - INFO - Running Testing for Epoch 39...
2026-01-22 09:24:04,283 - INFO - [Test] Loss: 2.1929 | Accuracy: 0.5106 | F1: 0.4967
2026-01-22 09:24:04,337 - INFO - Saved checkpoint to *******
2026-01-22 09:24:05,199 - INFO - Epoch [40/100], Step [0], Loss: 0.0025
2026-01-22 09:24:13,822 - INFO - Epoch [40/100], Step [10], Loss: 0.0018
2026-01-22 09:24:21,585 - INFO - Epoch 40 Finished. Train Loss: 0.0036 | Train Acc: 1.0000 | Train F1: 1.0000
2026-01-22 09:24:21,585 - INFO - Running Validation for Epoch 40...
2026-01-22 09:24:22,432 - INFO - [Val] Loss: 2.1204 | Accuracy: 0.5000 | F1: 0.5050
2026-01-22 09:24:22,432 - INFO - Running Testing for Epoch 40...
2026-01-22 09:24:24,144 - INFO - [Test] Loss: 2.1386 | Accuracy: 0.5213 | F1: 0.5177
2026-01-22 09:24:24,195 - INFO - Saved checkpoint to *******
2026-01-22 09:24:25,055 - INFO - Epoch [41/100], Step [0], Loss: 0.0031
2026-01-22 09:24:33,690 - INFO - Epoch [41/100], Step [10], Loss: 0.0015
2026-01-22 09:24:41,452 - INFO - Epoch 41 Finished. Train Loss: 0.0110 | Train Acc: 0.9969 | Train F1: 0.9969
2026-01-22 09:24:41,452 - INFO - Running Validation for Epoch 41...
2026-01-22 09:24:42,285 - INFO - [Val] Loss: 2.3040 | Accuracy: 0.5000 | F1: 0.5050
2026-01-22 09:24:42,285 - INFO - Running Testing for Epoch 41...
2026-01-22 09:24:43,997 - INFO - [Test] Loss: 2.1493 | Accuracy: 0.5213 | F1: 0.5208
2026-01-22 09:24:44,059 - INFO - Saved checkpoint to *******
2026-01-22 09:24:44,917 - INFO - Epoch [42/100], Step [0], Loss: 0.1096
2026-01-22 09:24:53,535 - INFO - Epoch [42/100], Step [10], Loss: 0.0196
2026-01-22 09:25:01,329 - INFO - Epoch 42 Finished. Train Loss: 0.0202 | Train Acc: 0.9938 | Train F1: 0.9938
2026-01-22 09:25:01,330 - INFO - Running Validation for Epoch 42...
2026-01-22 09:25:02,173 - INFO - [Val] Loss: 2.0203 | Accuracy: 0.6304 | F1: 0.6158
2026-01-22 09:25:02,173 - INFO - Running Testing for Epoch 42...
2026-01-22 09:25:03,900 - INFO - [Test] Loss: 2.3822 | Accuracy: 0.5213 | F1: 0.4703
2026-01-22 09:25:03,952 - INFO - Saved checkpoint to *******
2026-01-22 09:25:04,815 - INFO - Epoch [43/100], Step [0], Loss: 0.0147
2026-01-22 09:25:13,439 - INFO - Epoch [43/100], Step [10], Loss: 0.0055
2026-01-22 09:25:21,210 - INFO - Epoch 43 Finished. Train Loss: 0.0070 | Train Acc: 1.0000 | Train F1: 1.0000
2026-01-22 09:25:21,210 - INFO - Running Validation for Epoch 43...
2026-01-22 09:25:22,057 - INFO - [Val] Loss: 2.2839 | Accuracy: 0.4783 | F1: 0.4842
2026-01-22 09:25:22,057 - INFO - Running Testing for Epoch 43...
2026-01-22 09:25:23,784 - INFO - [Test] Loss: 2.1448 | Accuracy: 0.5532 | F1: 0.5465
2026-01-22 09:25:23,843 - INFO - Saved checkpoint to *******
2026-01-22 09:25:24,697 - INFO - Epoch [44/100], Step [0], Loss: 0.0044
2026-01-22 09:25:33,306 - INFO - Epoch [44/100], Step [10], Loss: 0.0043
2026-01-22 09:25:41,109 - INFO - Epoch 44 Finished. Train Loss: 0.0050 | Train Acc: 1.0000 | Train F1: 1.0000
2026-01-22 09:25:41,109 - INFO - Running Validation for Epoch 44...
2026-01-22 09:25:41,957 - INFO - [Val] Loss: 2.0854 | Accuracy: 0.6087 | F1: 0.5973
2026-01-22 09:25:41,957 - INFO - Running Testing for Epoch 44...
2026-01-22 09:25:43,683 - INFO - [Test] Loss: 2.3934 | Accuracy: 0.5319 | F1: 0.4994
2026-01-22 09:25:43,737 - INFO - Saved checkpoint to *******
2026-01-22 09:25:44,601 - INFO - Epoch [45/100], Step [0], Loss: 0.0029
2026-01-22 09:25:53,188 - INFO - Epoch [45/100], Step [10], Loss: 0.0038
2026-01-22 09:26:00,925 - INFO - Epoch 45 Finished. Train Loss: 0.0042 | Train Acc: 1.0000 | Train F1: 1.0000
2026-01-22 09:26:00,926 - INFO - Running Validation for Epoch 45...
2026-01-22 09:26:01,777 - INFO - [Val] Loss: 2.1571 | Accuracy: 0.5435 | F1: 0.5481
2026-01-22 09:26:01,777 - INFO - Running Testing for Epoch 45...
2026-01-22 09:26:03,521 - INFO - [Test] Loss: 2.2680 | Accuracy: 0.5213 | F1: 0.5057
2026-01-22 09:26:03,574 - INFO - Saved checkpoint to *******
2026-01-22 09:26:04,437 - INFO - Epoch [46/100], Step [0], Loss: 0.0025
2026-01-22 09:26:13,083 - INFO - Epoch [46/100], Step [10], Loss: 0.0025
2026-01-22 09:26:20,871 - INFO - Epoch 46 Finished. Train Loss: 0.0025 | Train Acc: 1.0000 | Train F1: 1.0000
2026-01-22 09:26:20,872 - INFO - Running Validation for Epoch 46...
2026-01-22 09:26:21,725 - INFO - [Val] Loss: 2.1604 | Accuracy: 0.5652 | F1: 0.5652
2026-01-22 09:26:21,725 - INFO - Running Testing for Epoch 46...
2026-01-22 09:26:23,473 - INFO - [Test] Loss: 2.3210 | Accuracy: 0.5213 | F1: 0.5014
2026-01-22 09:26:23,533 - INFO - Saved checkpoint to *******
2026-01-22 09:26:24,405 - INFO - Epoch [47/100], Step [0], Loss: 0.0018
2026-01-22 09:26:33,062 - INFO - Epoch [47/100], Step [10], Loss: 0.0029
2026-01-22 09:26:40,825 - INFO - Epoch 47 Finished. Train Loss: 0.0023 | Train Acc: 1.0000 | Train F1: 1.0000
2026-01-22 09:26:40,825 - INFO - Running Validation for Epoch 47...
2026-01-22 09:26:41,660 - INFO - [Val] Loss: 2.1579 | Accuracy: 0.5870 | F1: 0.5888
2026-01-22 09:26:41,660 - INFO - Running Testing for Epoch 47...
2026-01-22 09:26:43,385 - INFO - [Test] Loss: 2.3215 | Accuracy: 0.5319 | F1: 0.5147
2026-01-22 09:26:43,439 - INFO - Saved checkpoint to *******
2026-01-22 09:26:44,296 - INFO - Epoch [48/100], Step [0], Loss: 0.0014
2026-01-22 09:26:52,925 - INFO - Epoch [48/100], Step [10], Loss: 0.0011
2026-01-22 09:27:00,687 - INFO - Epoch 48 Finished. Train Loss: 0.0023 | Train Acc: 1.0000 | Train F1: 1.0000
2026-01-22 09:27:00,688 - INFO - Running Validation for Epoch 48...
2026-01-22 09:27:01,537 - INFO - [Val] Loss: 2.1549 | Accuracy: 0.5870 | F1: 0.5912
2026-01-22 09:27:01,538 - INFO - Running Testing for Epoch 48...
2026-01-22 09:27:03,259 - INFO - [Test] Loss: 2.3458 | Accuracy: 0.5319 | F1: 0.5147
2026-01-22 09:27:03,313 - INFO - Saved checkpoint to *******
2026-01-22 09:27:04,175 - INFO - Epoch [49/100], Step [0], Loss: 0.0018
2026-01-22 09:27:12,787 - INFO - Epoch [49/100], Step [10], Loss: 0.0013
2026-01-22 09:27:20,561 - INFO - Epoch 49 Finished. Train Loss: 0.0028 | Train Acc: 1.0000 | Train F1: 1.0000
2026-01-22 09:27:20,562 - INFO - Running Validation for Epoch 49...
2026-01-22 09:27:21,400 - INFO - [Val] Loss: 2.1523 | Accuracy: 0.5870 | F1: 0.5888
2026-01-22 09:27:21,400 - INFO - Running Testing for Epoch 49...
2026-01-22 09:27:23,116 - INFO - [Test] Loss: 2.3889 | Accuracy: 0.5319 | F1: 0.5051
2026-01-22 09:27:23,177 - INFO - Saved checkpoint to *******
2026-01-22 09:27:24,035 - INFO - Epoch [50/100], Step [0], Loss: 0.0018
2026-01-22 09:27:32,620 - INFO - Epoch [50/100], Step [10], Loss: 0.0020
2026-01-22 09:27:40,382 - INFO - Epoch 50 Finished. Train Loss: 0.0021 | Train Acc: 1.0000 | Train F1: 1.0000
2026-01-22 09:27:40,383 - INFO - Running Validation for Epoch 50...
2026-01-22 09:27:41,228 - INFO - [Val] Loss: 2.0958 | Accuracy: 0.5870 | F1: 0.5847
2026-01-22 09:27:41,229 - INFO - Running Testing for Epoch 50...
2026-01-22 09:27:42,951 - INFO - [Test] Loss: 2.4193 | Accuracy: 0.5319 | F1: 0.5051
2026-01-22 09:27:43,006 - INFO - Saved checkpoint to *******
2026-01-22 09:27:43,863 - INFO - Epoch [51/100], Step [0], Loss: 0.0019
2026-01-22 09:27:52,485 - INFO - Epoch [51/100], Step [10], Loss: 0.0015
2026-01-22 09:28:00,248 - INFO - Epoch 51 Finished. Train Loss: 0.0018 | Train Acc: 1.0000 | Train F1: 1.0000
2026-01-22 09:28:00,248 - INFO - Running Validation for Epoch 51...
2026-01-22 09:28:01,088 - INFO - [Val] Loss: 2.1836 | Accuracy: 0.5870 | F1: 0.5888
2026-01-22 09:28:01,089 - INFO - Running Testing for Epoch 51...
2026-01-22 09:28:02,820 - INFO - [Test] Loss: 2.3417 | Accuracy: 0.5426 | F1: 0.5236
2026-01-22 09:28:02,878 - INFO - Saved checkpoint to *******
2026-01-22 09:28:03,734 - INFO - Epoch [52/100], Step [0], Loss: 0.0012
2026-01-22 09:28:12,322 - INFO - Epoch [52/100], Step [10], Loss: 0.0015
2026-01-22 09:28:20,092 - INFO - Epoch 52 Finished. Train Loss: 0.0021 | Train Acc: 1.0000 | Train F1: 1.0000
2026-01-22 09:28:20,093 - INFO - Running Validation for Epoch 52...
2026-01-22 09:28:20,944 - INFO - [Val] Loss: 2.3585 | Accuracy: 0.5000 | F1: 0.5050
2026-01-22 09:28:20,944 - INFO - Running Testing for Epoch 52...
2026-01-22 09:28:22,685 - INFO - [Test] Loss: 2.2817 | Accuracy: 0.5638 | F1: 0.5531
2026-01-22 09:28:22,745 - INFO - Saved checkpoint to *******
2026-01-22 09:28:23,610 - INFO - Epoch [53/100], Step [0], Loss: 0.0013
2026-01-22 09:28:32,216 - INFO - Epoch [53/100], Step [10], Loss: 0.0027
2026-01-22 09:28:39,982 - INFO - Epoch 53 Finished. Train Loss: 0.0018 | Train Acc: 1.0000 | Train F1: 1.0000
2026-01-22 09:28:39,982 - INFO - Running Validation for Epoch 53...
2026-01-22 09:28:40,821 - INFO - [Val] Loss: 2.2880 | Accuracy: 0.5435 | F1: 0.5481
2026-01-22 09:28:40,821 - INFO - Running Testing for Epoch 53...
2026-01-22 09:28:42,551 - INFO - [Test] Loss: 2.3251 | Accuracy: 0.5532 | F1: 0.5405
2026-01-22 09:28:42,613 - INFO - Saved checkpoint to *******
2026-01-22 09:28:43,475 - INFO - Epoch [54/100], Step [0], Loss: 0.0018
2026-01-22 09:28:52,082 - INFO - Epoch [54/100], Step [10], Loss: 0.0018
2026-01-22 09:28:59,851 - INFO - Epoch 54 Finished. Train Loss: 0.0014 | Train Acc: 1.0000 | Train F1: 1.0000
2026-01-22 09:28:59,851 - INFO - Running Validation for Epoch 54...
2026-01-22 09:29:00,691 - INFO - [Val] Loss: 2.2969 | Accuracy: 0.5435 | F1: 0.5481
2026-01-22 09:29:00,691 - INFO - Running Testing for Epoch 54...
2026-01-22 09:29:02,408 - INFO - [Test] Loss: 2.3506 | Accuracy: 0.5532 | F1: 0.5367
2026-01-22 09:29:02,462 - INFO - Saved checkpoint to *******
2026-01-22 09:29:03,328 - INFO - Epoch [55/100], Step [0], Loss: 0.0013
2026-01-22 09:29:11,942 - INFO - Epoch [55/100], Step [10], Loss: 0.0010
2026-01-22 09:29:19,681 - INFO - Epoch 55 Finished. Train Loss: 0.0013 | Train Acc: 1.0000 | Train F1: 1.0000
2026-01-22 09:29:19,681 - INFO - Running Validation for Epoch 55...
2026-01-22 09:29:20,548 - INFO - [Val] Loss: 2.2775 | Accuracy: 0.5435 | F1: 0.5481
2026-01-22 09:29:20,548 - INFO - Running Testing for Epoch 55...
2026-01-22 09:29:22,301 - INFO - [Test] Loss: 2.3873 | Accuracy: 0.5319 | F1: 0.5147
2026-01-22 09:29:22,358 - INFO - Saved checkpoint to *******
2026-01-22 09:29:23,218 - INFO - Epoch [56/100], Step [0], Loss: 0.0009
2026-01-22 09:29:31,831 - INFO - Epoch [56/100], Step [10], Loss: 0.0012
2026-01-22 09:29:39,580 - INFO - Epoch 56 Finished. Train Loss: 0.0012 | Train Acc: 1.0000 | Train F1: 1.0000
2026-01-22 09:29:39,580 - INFO - Running Validation for Epoch 56...
2026-01-22 09:29:40,416 - INFO - [Val] Loss: 2.2958 | Accuracy: 0.5217 | F1: 0.5273
2026-01-22 09:29:40,416 - INFO - Running Testing for Epoch 56...
2026-01-22 09:29:42,145 - INFO - [Test] Loss: 2.4077 | Accuracy: 0.5213 | F1: 0.4965
2026-01-22 09:29:42,202 - INFO - Saved checkpoint to *******
2026-01-22 09:29:43,061 - INFO - Epoch [57/100], Step [0], Loss: 0.0025
2026-01-22 09:29:51,670 - INFO - Epoch [57/100], Step [10], Loss: 0.0007
2026-01-22 09:29:59,451 - INFO - Epoch 57 Finished. Train Loss: 0.0012 | Train Acc: 1.0000 | Train F1: 1.0000
2026-01-22 09:29:59,452 - INFO - Running Validation for Epoch 57...
2026-01-22 09:30:00,292 - INFO - [Val] Loss: 2.3260 | Accuracy: 0.5435 | F1: 0.5489
2026-01-22 09:30:00,292 - INFO - Running Testing for Epoch 57...
2026-01-22 09:30:02,035 - INFO - [Test] Loss: 2.3687 | Accuracy: 0.5426 | F1: 0.5236
2026-01-22 09:30:02,092 - INFO - Saved checkpoint to *******
2026-01-22 09:30:02,954 - INFO - Epoch [58/100], Step [0], Loss: 0.0008
2026-01-22 09:30:11,656 - INFO - Epoch [58/100], Step [10], Loss: 0.0011
2026-01-22 09:30:19,468 - INFO - Epoch 58 Finished. Train Loss: 0.0012 | Train Acc: 1.0000 | Train F1: 1.0000
2026-01-22 09:30:19,468 - INFO - Running Validation for Epoch 58...
2026-01-22 09:30:20,330 - INFO - [Val] Loss: 2.3498 | Accuracy: 0.5435 | F1: 0.5489
2026-01-22 09:30:20,330 - INFO - Running Testing for Epoch 58...
2026-01-22 09:30:22,082 - INFO - [Test] Loss: 2.4006 | Accuracy: 0.5319 | F1: 0.5147
2026-01-22 09:30:22,149 - INFO - Saved checkpoint to *******
2026-01-22 09:30:23,013 - INFO - Epoch [59/100], Step [0], Loss: 0.0014
2026-01-22 09:30:31,671 - INFO - Epoch [59/100], Step [10], Loss: 0.0012
2026-01-22 09:30:39,487 - INFO - Epoch 59 Finished. Train Loss: 0.0013 | Train Acc: 1.0000 | Train F1: 1.0000
2026-01-22 09:30:39,487 - INFO - Running Validation for Epoch 59...
2026-01-22 09:30:40,357 - INFO - [Val] Loss: 2.3906 | Accuracy: 0.5000 | F1: 0.5060
2026-01-22 09:30:40,358 - INFO - Running Testing for Epoch 59...
2026-01-22 09:30:42,116 - INFO - [Test] Loss: 2.4200 | Accuracy: 0.5532 | F1: 0.5367
2026-01-22 09:30:42,176 - INFO - Saved checkpoint to *******
2026-01-22 09:30:43,045 - INFO - Epoch [60/100], Step [0], Loss: 0.0013
2026-01-22 09:30:51,779 - INFO - Epoch [60/100], Step [10], Loss: 0.0010
2026-01-22 09:30:59,629 - INFO - Epoch 60 Finished. Train Loss: 0.0011 | Train Acc: 1.0000 | Train F1: 1.0000
2026-01-22 09:30:59,629 - INFO - Running Validation for Epoch 60...
2026-01-22 09:31:00,496 - INFO - [Val] Loss: 2.3775 | Accuracy: 0.5435 | F1: 0.5481
2026-01-22 09:31:00,496 - INFO - Running Testing for Epoch 60...
2026-01-22 09:31:02,243 - INFO - [Test] Loss: 2.4326 | Accuracy: 0.5532 | F1: 0.5367
2026-01-22 09:31:02,294 - INFO - Saved checkpoint to *******
2026-01-22 09:31:03,156 - INFO - Epoch [61/100], Step [0], Loss: 0.0011
2026-01-22 09:31:11,821 - INFO - Epoch [61/100], Step [10], Loss: 0.0013
2026-01-22 09:31:19,642 - INFO - Epoch 61 Finished. Train Loss: 0.0010 | Train Acc: 1.0000 | Train F1: 1.0000
2026-01-22 09:31:19,642 - INFO - Running Validation for Epoch 61...
2026-01-22 09:31:20,518 - INFO - [Val] Loss: 2.3852 | Accuracy: 0.5000 | F1: 0.5060
2026-01-22 09:31:20,519 - INFO - Running Testing for Epoch 61...
2026-01-22 09:31:22,297 - INFO - [Test] Loss: 2.4584 | Accuracy: 0.5426 | F1: 0.5236
2026-01-22 09:31:22,362 - INFO - Saved checkpoint to *******
2026-01-22 09:31:23,232 - INFO - Epoch [62/100], Step [0], Loss: 0.0009
2026-01-22 09:31:31,931 - INFO - Epoch [62/100], Step [10], Loss: 0.0011
2026-01-22 09:31:39,782 - INFO - Epoch 62 Finished. Train Loss: 0.0010 | Train Acc: 1.0000 | Train F1: 1.0000
2026-01-22 09:31:39,782 - INFO - Running Validation for Epoch 62...
2026-01-22 09:31:40,649 - INFO - [Val] Loss: 2.3595 | Accuracy: 0.5217 | F1: 0.5273
2026-01-22 09:31:40,650 - INFO - Running Testing for Epoch 62...
2026-01-22 09:31:42,444 - INFO - [Test] Loss: 2.4569 | Accuracy: 0.5319 | F1: 0.5102
2026-01-22 09:31:42,500 - INFO - Saved checkpoint to *******
2026-01-22 09:31:43,367 - INFO - Epoch [63/100], Step [0], Loss: 0.0011
2026-01-22 09:31:52,056 - INFO - Epoch [63/100], Step [10], Loss: 0.0006
2026-01-22 09:31:59,862 - INFO - Epoch 63 Finished. Train Loss: 0.0010 | Train Acc: 1.0000 | Train F1: 1.0000
2026-01-22 09:31:59,862 - INFO - Running Validation for Epoch 63...
2026-01-22 09:32:00,711 - INFO - [Val] Loss: 2.4179 | Accuracy: 0.5000 | F1: 0.5060
2026-01-22 09:32:00,711 - INFO - Running Testing for Epoch 63...
2026-01-22 09:32:02,443 - INFO - [Test] Loss: 2.4803 | Accuracy: 0.5106 | F1: 0.4879
2026-01-22 09:32:02,493 - INFO - Saved checkpoint to *******
2026-01-22 09:32:03,356 - INFO - Epoch [64/100], Step [0], Loss: 0.0018
2026-01-22 09:32:12,055 - INFO - Epoch [64/100], Step [10], Loss: 0.0007
2026-01-22 09:32:19,857 - INFO - Epoch 64 Finished. Train Loss: 0.0010 | Train Acc: 1.0000 | Train F1: 1.0000
2026-01-22 09:32:19,858 - INFO - Running Validation for Epoch 64...
2026-01-22 09:32:20,717 - INFO - [Val] Loss: 2.4065 | Accuracy: 0.5435 | F1: 0.5481
2026-01-22 09:32:20,717 - INFO - Running Testing for Epoch 64...
2026-01-22 09:32:22,508 - INFO - [Test] Loss: 2.5093 | Accuracy: 0.5319 | F1: 0.5147
2026-01-22 09:32:22,558 - INFO - Saved checkpoint to *******
2026-01-22 09:32:23,419 - INFO - Epoch [65/100], Step [0], Loss: 0.0010
2026-01-22 09:32:32,090 - INFO - Epoch [65/100], Step [10], Loss: 0.0008
2026-01-22 09:32:39,856 - INFO - Epoch 65 Finished. Train Loss: 0.0010 | Train Acc: 1.0000 | Train F1: 1.0000
2026-01-22 09:32:39,857 - INFO - Running Validation for Epoch 65...
2026-01-22 09:32:40,694 - INFO - [Val] Loss: 2.4072 | Accuracy: 0.5435 | F1: 0.5481
2026-01-22 09:32:40,694 - INFO - Running Testing for Epoch 65...
2026-01-22 09:32:42,417 - INFO - [Test] Loss: 2.5051 | Accuracy: 0.5213 | F1: 0.5014
2026-01-22 09:32:42,481 - INFO - Saved checkpoint to *******
2026-01-22 09:32:43,344 - INFO - Epoch [66/100], Step [0], Loss: 0.0011
2026-01-22 09:32:52,009 - INFO - Epoch [66/100], Step [10], Loss: 0.0014
2026-01-22 09:32:59,805 - INFO - Epoch 66 Finished. Train Loss: 0.0009 | Train Acc: 1.0000 | Train F1: 1.0000
2026-01-22 09:32:59,806 - INFO - Running Validation for Epoch 66...
2026-01-22 09:33:00,651 - INFO - [Val] Loss: 2.4183 | Accuracy: 0.5652 | F1: 0.5686
2026-01-22 09:33:00,651 - INFO - Running Testing for Epoch 66...
2026-01-22 09:33:02,404 - INFO - [Test] Loss: 2.5314 | Accuracy: 0.5319 | F1: 0.5147
2026-01-22 09:33:02,464 - INFO - Saved checkpoint to *******
2026-01-22 09:33:03,328 - INFO - Epoch [67/100], Step [0], Loss: 0.0007
2026-01-22 09:33:11,978 - INFO - Epoch [67/100], Step [10], Loss: 0.0009
2026-01-22 09:33:19,741 - INFO - Epoch 67 Finished. Train Loss: 0.0008 | Train Acc: 1.0000 | Train F1: 1.0000
2026-01-22 09:33:19,742 - INFO - Running Validation for Epoch 67...
2026-01-22 09:33:20,568 - INFO - [Val] Loss: 2.4524 | Accuracy: 0.5000 | F1: 0.5060
2026-01-22 09:33:20,568 - INFO - Running Testing for Epoch 67...
2026-01-22 09:33:22,270 - INFO - [Test] Loss: 2.5280 | Accuracy: 0.5319 | F1: 0.5147
2026-01-22 09:33:22,331 - INFO - Saved checkpoint to *******
2026-01-22 09:33:23,187 - INFO - Epoch [68/100], Step [0], Loss: 0.0008
2026-01-22 09:33:31,764 - INFO - Epoch [68/100], Step [10], Loss: 0.0008
2026-01-22 09:33:39,514 - INFO - Epoch 68 Finished. Train Loss: 0.0008 | Train Acc: 1.0000 | Train F1: 1.0000
2026-01-22 09:33:39,514 - INFO - Running Validation for Epoch 68...
2026-01-22 09:33:40,358 - INFO - [Val] Loss: 2.5083 | Accuracy: 0.5217 | F1: 0.5273
2026-01-22 09:33:40,359 - INFO - Running Testing for Epoch 68...
2026-01-22 09:33:42,091 - INFO - [Test] Loss: 2.5457 | Accuracy: 0.5426 | F1: 0.5277
2026-01-22 09:33:42,142 - INFO - Saved checkpoint to *******
2026-01-22 09:33:43,006 - INFO - Epoch [69/100], Step [0], Loss: 0.0007
2026-01-22 09:33:51,680 - INFO - Epoch [69/100], Step [10], Loss: 0.0005
2026-01-22 09:33:59,488 - INFO - Epoch 69 Finished. Train Loss: 0.0011 | Train Acc: 1.0000 | Train F1: 1.0000
2026-01-22 09:33:59,488 - INFO - Running Validation for Epoch 69...
2026-01-22 09:34:00,320 - INFO - [Val] Loss: 2.3463 | Accuracy: 0.6304 | F1: 0.6230
2026-01-22 09:34:00,320 - INFO - Running Testing for Epoch 69...
2026-01-22 09:34:02,036 - INFO - [Test] Loss: 2.6496 | Accuracy: 0.5319 | F1: 0.5051
2026-01-22 09:34:02,091 - INFO - Saved checkpoint to *******
2026-01-22 09:34:02,959 - INFO - Epoch [70/100], Step [0], Loss: 0.0013
2026-01-22 09:34:11,572 - INFO - Epoch [70/100], Step [10], Loss: 0.0007
2026-01-22 09:34:19,348 - INFO - Epoch 70 Finished. Train Loss: 0.0009 | Train Acc: 1.0000 | Train F1: 1.0000
2026-01-22 09:34:19,348 - INFO - Running Validation for Epoch 70...
2026-01-22 09:34:20,195 - INFO - [Val] Loss: 2.3734 | Accuracy: 0.6087 | F1: 0.6039
2026-01-22 09:34:20,195 - INFO - Running Testing for Epoch 70...
2026-01-22 09:34:21,917 - INFO - [Test] Loss: 2.6344 | Accuracy: 0.5213 | F1: 0.4965
2026-01-22 09:34:21,975 - INFO - Saved checkpoint to *******
2026-01-22 09:34:22,847 - INFO - Epoch [71/100], Step [0], Loss: 0.0009
2026-01-22 09:34:31,478 - INFO - Epoch [71/100], Step [10], Loss: 0.0010
2026-01-22 09:34:39,239 - INFO - Epoch 71 Finished. Train Loss: 0.0009 | Train Acc: 1.0000 | Train F1: 1.0000
2026-01-22 09:34:39,240 - INFO - Running Validation for Epoch 71...
2026-01-22 09:34:40,095 - INFO - [Val] Loss: 2.4150 | Accuracy: 0.6087 | F1: 0.6039
2026-01-22 09:34:40,095 - INFO - Running Testing for Epoch 71...
2026-01-22 09:34:41,835 - INFO - [Test] Loss: 2.6180 | Accuracy: 0.5213 | F1: 0.4965
2026-01-22 09:34:41,890 - INFO - Saved checkpoint to *******
2026-01-22 09:34:42,753 - INFO - Epoch [72/100], Step [0], Loss: 0.0005
2026-01-22 09:34:51,377 - INFO - Epoch [72/100], Step [10], Loss: 0.0012
2026-01-22 09:34:59,125 - INFO - Epoch 72 Finished. Train Loss: 0.0007 | Train Acc: 1.0000 | Train F1: 1.0000
2026-01-22 09:34:59,125 - INFO - Running Validation for Epoch 72...
2026-01-22 09:34:59,963 - INFO - [Val] Loss: 2.4381 | Accuracy: 0.5652 | F1: 0.5652
2026-01-22 09:34:59,963 - INFO - Running Testing for Epoch 72...
2026-01-22 09:35:01,672 - INFO - [Test] Loss: 2.5988 | Accuracy: 0.5106 | F1: 0.4879
2026-01-22 09:35:01,725 - INFO - Saved checkpoint to *******
2026-01-22 09:35:02,584 - INFO - Epoch [73/100], Step [0], Loss: 0.0007
2026-01-22 09:35:11,213 - INFO - Epoch [73/100], Step [10], Loss: 0.0007
2026-01-22 09:35:18,992 - INFO - Epoch 73 Finished. Train Loss: 0.0007 | Train Acc: 1.0000 | Train F1: 1.0000
2026-01-22 09:35:18,992 - INFO - Running Validation for Epoch 73...
2026-01-22 09:35:19,839 - INFO - [Val] Loss: 2.5119 | Accuracy: 0.5000 | F1: 0.5051
2026-01-22 09:35:19,839 - INFO - Running Testing for Epoch 73...
2026-01-22 09:35:21,553 - INFO - [Test] Loss: 2.6131 | Accuracy: 0.5106 | F1: 0.4879
2026-01-22 09:35:21,605 - INFO - Saved checkpoint to *******
2026-01-22 09:35:22,467 - INFO - Epoch [74/100], Step [0], Loss: 0.0010
2026-01-22 09:35:31,089 - INFO - Epoch [74/100], Step [10], Loss: 0.0006
2026-01-22 09:35:38,865 - INFO - Epoch 74 Finished. Train Loss: 0.0007 | Train Acc: 1.0000 | Train F1: 1.0000
2026-01-22 09:35:38,865 - INFO - Running Validation for Epoch 74...
2026-01-22 09:35:39,703 - INFO - [Val] Loss: 2.4812 | Accuracy: 0.5217 | F1: 0.5255
2026-01-22 09:35:39,704 - INFO - Running Testing for Epoch 74...
2026-01-22 09:35:41,411 - INFO - [Test] Loss: 2.6253 | Accuracy: 0.5213 | F1: 0.5014
2026-01-22 09:35:41,461 - INFO - Saved checkpoint to *******
2026-01-22 09:35:42,322 - INFO - Epoch [75/100], Step [0], Loss: 0.0014
2026-01-22 09:35:50,911 - INFO - Epoch [75/100], Step [10], Loss: 0.0004
2026-01-22 09:35:58,643 - INFO - Epoch 75 Finished. Train Loss: 0.0007 | Train Acc: 1.0000 | Train F1: 1.0000
2026-01-22 09:35:58,644 - INFO - Running Validation for Epoch 75...
2026-01-22 09:35:59,494 - INFO - [Val] Loss: 2.5058 | Accuracy: 0.5000 | F1: 0.5051
2026-01-22 09:35:59,494 - INFO - Running Testing for Epoch 75...
2026-01-22 09:36:01,228 - INFO - [Test] Loss: 2.6487 | Accuracy: 0.5213 | F1: 0.5014
2026-01-22 09:36:01,284 - INFO - Saved checkpoint to *******
2026-01-22 09:36:02,150 - INFO - Epoch [76/100], Step [0], Loss: 0.0005
2026-01-22 09:36:10,754 - INFO - Epoch [76/100], Step [10], Loss: 0.0008
2026-01-22 09:36:18,501 - INFO - Epoch 76 Finished. Train Loss: 0.0006 | Train Acc: 1.0000 | Train F1: 1.0000
2026-01-22 09:36:18,501 - INFO - Running Validation for Epoch 76...
2026-01-22 09:36:19,338 - INFO - [Val] Loss: 2.5147 | Accuracy: 0.5000 | F1: 0.5051
2026-01-22 09:36:19,338 - INFO - Running Testing for Epoch 76...
2026-01-22 09:36:21,048 - INFO - [Test] Loss: 2.6400 | Accuracy: 0.5106 | F1: 0.4879
2026-01-22 09:36:21,104 - INFO - Saved checkpoint to *******
2026-01-22 09:36:21,963 - INFO - Epoch [77/100], Step [0], Loss: 0.0009
2026-01-22 09:36:30,517 - INFO - Epoch [77/100], Step [10], Loss: 0.0010
2026-01-22 09:36:38,224 - INFO - Epoch 77 Finished. Train Loss: 0.0006 | Train Acc: 1.0000 | Train F1: 1.0000
2026-01-22 09:36:38,224 - INFO - Running Validation for Epoch 77...
2026-01-22 09:36:39,054 - INFO - [Val] Loss: 2.5289 | Accuracy: 0.5217 | F1: 0.5255
2026-01-22 09:36:39,054 - INFO - Running Testing for Epoch 77...
2026-01-22 09:36:40,759 - INFO - [Test] Loss: 2.6609 | Accuracy: 0.5213 | F1: 0.5014
2026-01-22 09:36:40,812 - INFO - Saved checkpoint to *******
2026-01-22 09:36:41,671 - INFO - Epoch [78/100], Step [0], Loss: 0.0005
2026-01-22 09:36:50,271 - INFO - Epoch [78/100], Step [10], Loss: 0.0004
2026-01-22 09:36:57,995 - INFO - Epoch 78 Finished. Train Loss: 0.0006 | Train Acc: 1.0000 | Train F1: 1.0000
2026-01-22 09:36:57,996 - INFO - Running Validation for Epoch 78...
2026-01-22 09:36:58,843 - INFO - [Val] Loss: 2.4859 | Accuracy: 0.5217 | F1: 0.5255
2026-01-22 09:36:58,843 - INFO - Running Testing for Epoch 78...
2026-01-22 09:37:00,590 - INFO - [Test] Loss: 2.6561 | Accuracy: 0.5213 | F1: 0.5014
2026-01-22 09:37:00,653 - INFO - Saved checkpoint to *******
2026-01-22 09:37:01,514 - INFO - Epoch [79/100], Step [0], Loss: 0.0006
2026-01-22 09:37:10,133 - INFO - Epoch [79/100], Step [10], Loss: 0.0006
2026-01-22 09:37:17,904 - INFO - Epoch 79 Finished. Train Loss: 0.0006 | Train Acc: 1.0000 | Train F1: 1.0000
2026-01-22 09:37:17,905 - INFO - Running Validation for Epoch 79...
2026-01-22 09:37:18,743 - INFO - [Val] Loss: 2.5297 | Accuracy: 0.5217 | F1: 0.5255
2026-01-22 09:37:18,743 - INFO - Running Testing for Epoch 79...
2026-01-22 09:37:20,455 - INFO - [Test] Loss: 2.6523 | Accuracy: 0.5319 | F1: 0.5147
2026-01-22 09:37:20,518 - INFO - Saved checkpoint to *******
2026-01-22 09:37:21,375 - INFO - Epoch [80/100], Step [0], Loss: 0.0006
2026-01-22 09:37:29,948 - INFO - Epoch [80/100], Step [10], Loss: 0.0005
2026-01-22 09:37:37,741 - INFO - Epoch 80 Finished. Train Loss: 0.0006 | Train Acc: 1.0000 | Train F1: 1.0000
2026-01-22 09:37:37,741 - INFO - Running Validation for Epoch 80...
2026-01-22 09:37:38,591 - INFO - [Val] Loss: 2.4569 | Accuracy: 0.5435 | F1: 0.5481
2026-01-22 09:37:38,591 - INFO - Running Testing for Epoch 80...
2026-01-22 09:37:40,334 - INFO - [Test] Loss: 2.6207 | Accuracy: 0.5426 | F1: 0.5236
2026-01-22 09:37:40,391 - INFO - Saved checkpoint to *******
2026-01-22 09:37:41,256 - INFO - Epoch [81/100], Step [0], Loss: 0.0005
2026-01-22 09:37:49,948 - INFO - Epoch [81/100], Step [10], Loss: 0.0005
2026-01-22 09:37:57,787 - INFO - Epoch 81 Finished. Train Loss: 0.0006 | Train Acc: 1.0000 | Train F1: 1.0000
2026-01-22 09:37:57,788 - INFO - Running Validation for Epoch 81...
2026-01-22 09:37:58,640 - INFO - [Val] Loss: 2.5885 | Accuracy: 0.5217 | F1: 0.5255
2026-01-22 09:37:58,640 - INFO - Running Testing for Epoch 81...
2026-01-22 09:38:00,392 - INFO - [Test] Loss: 2.7043 | Accuracy: 0.5213 | F1: 0.5014
2026-01-22 09:38:00,445 - INFO - Saved checkpoint to *******
2026-01-22 09:38:01,306 - INFO - Epoch [82/100], Step [0], Loss: 0.0004
2026-01-22 09:38:09,957 - INFO - Epoch [82/100], Step [10], Loss: 0.0006
2026-01-22 09:38:17,783 - INFO - Epoch 82 Finished. Train Loss: 0.0005 | Train Acc: 1.0000 | Train F1: 1.0000
2026-01-22 09:38:17,783 - INFO - Running Validation for Epoch 82...
2026-01-22 09:38:18,648 - INFO - [Val] Loss: 2.5658 | Accuracy: 0.5000 | F1: 0.5051
2026-01-22 09:38:18,648 - INFO - Running Testing for Epoch 82...
2026-01-22 09:38:20,416 - INFO - [Test] Loss: 2.6563 | Accuracy: 0.5319 | F1: 0.5102
2026-01-22 09:38:20,472 - INFO - Saved checkpoint to *******
2026-01-22 09:38:21,339 - INFO - Epoch [83/100], Step [0], Loss: 0.0004
2026-01-22 09:38:30,025 - INFO - Epoch [83/100], Step [10], Loss: 0.0009
2026-01-22 09:38:37,980 - INFO - Epoch 83 Finished. Train Loss: 0.0005 | Train Acc: 1.0000 | Train F1: 1.0000
2026-01-22 09:38:37,981 - INFO - Running Validation for Epoch 83...
2026-01-22 09:38:38,862 - INFO - [Val] Loss: 2.5609 | Accuracy: 0.4783 | F1: 0.4843
2026-01-22 09:38:38,862 - INFO - Running Testing for Epoch 83...
2026-01-22 09:38:40,647 - INFO - [Test] Loss: 2.7068 | Accuracy: 0.5213 | F1: 0.5014
2026-01-22 09:38:40,713 - INFO - Saved checkpoint to *******
2026-01-22 09:38:41,574 - INFO - Epoch [84/100], Step [0], Loss: 0.0004
2026-01-22 09:38:50,249 - INFO - Epoch [84/100], Step [10], Loss: 0.0004
2026-01-22 09:38:58,065 - INFO - Epoch 84 Finished. Train Loss: 0.0005 | Train Acc: 1.0000 | Train F1: 1.0000
2026-01-22 09:38:58,065 - INFO - Running Validation for Epoch 84...
2026-01-22 09:38:58,924 - INFO - [Val] Loss: 2.5743 | Accuracy: 0.5435 | F1: 0.5455
2026-01-22 09:38:58,924 - INFO - Running Testing for Epoch 84...
2026-01-22 09:39:00,685 - INFO - [Test] Loss: 2.7181 | Accuracy: 0.5106 | F1: 0.4879
2026-01-22 09:39:00,738 - INFO - Saved checkpoint to *******
2026-01-22 09:39:01,605 - INFO - Epoch [85/100], Step [0], Loss: 0.0004
2026-01-22 09:39:10,328 - INFO - Epoch [85/100], Step [10], Loss: 0.0006
2026-01-22 09:39:18,193 - INFO - Epoch 85 Finished. Train Loss: 0.0005 | Train Acc: 1.0000 | Train F1: 1.0000
2026-01-22 09:39:18,193 - INFO - Running Validation for Epoch 85...
2026-01-22 09:39:19,078 - INFO - [Val] Loss: 2.5857 | Accuracy: 0.5217 | F1: 0.5255
2026-01-22 09:39:19,079 - INFO - Running Testing for Epoch 85...
2026-01-22 09:39:20,866 - INFO - [Test] Loss: 2.6991 | Accuracy: 0.5319 | F1: 0.5102
2026-01-22 09:39:20,930 - INFO - Saved checkpoint to *******
2026-01-22 09:39:21,802 - INFO - Epoch [86/100], Step [0], Loss: 0.0004
2026-01-22 09:39:30,501 - INFO - Epoch [86/100], Step [10], Loss: 0.0005
2026-01-22 09:39:38,328 - INFO - Epoch 86 Finished. Train Loss: 0.0005 | Train Acc: 1.0000 | Train F1: 1.0000
2026-01-22 09:39:38,328 - INFO - Running Validation for Epoch 86...
2026-01-22 09:39:39,181 - INFO - [Val] Loss: 2.5532 | Accuracy: 0.5652 | F1: 0.5652
2026-01-22 09:39:39,182 - INFO - Running Testing for Epoch 86...
2026-01-22 09:39:40,924 - INFO - [Test] Loss: 2.7080 | Accuracy: 0.5213 | F1: 0.5014
2026-01-22 09:39:40,976 - INFO - Saved checkpoint to *******
2026-01-22 09:39:41,841 - INFO - Epoch [87/100], Step [0], Loss: 0.0008
2026-01-22 09:39:50,625 - INFO - Epoch [87/100], Step [10], Loss: 0.0006
2026-01-22 09:39:58,510 - INFO - Epoch 87 Finished. Train Loss: 0.0005 | Train Acc: 1.0000 | Train F1: 1.0000
2026-01-22 09:39:58,510 - INFO - Running Validation for Epoch 87...
2026-01-22 09:39:59,389 - INFO - [Val] Loss: 2.5296 | Accuracy: 0.5435 | F1: 0.5455
2026-01-22 09:39:59,390 - INFO - Running Testing for Epoch 87...
2026-01-22 09:40:01,217 - INFO - [Test] Loss: 2.7331 | Accuracy: 0.5319 | F1: 0.5102
2026-01-22 09:40:01,273 - INFO - Saved checkpoint to *******
2026-01-22 09:40:02,146 - INFO - Epoch [88/100], Step [0], Loss: 0.0006
2026-01-22 09:40:10,848 - INFO - Epoch [88/100], Step [10], Loss: 0.0005
2026-01-22 09:40:18,648 - INFO - Epoch 88 Finished. Train Loss: 0.0005 | Train Acc: 1.0000 | Train F1: 1.0000
2026-01-22 09:40:18,649 - INFO - Running Validation for Epoch 88...
2026-01-22 09:40:19,507 - INFO - [Val] Loss: 2.5634 | Accuracy: 0.5217 | F1: 0.5255
2026-01-22 09:40:19,507 - INFO - Running Testing for Epoch 88...
2026-01-22 09:40:21,259 - INFO - [Test] Loss: 2.7254 | Accuracy: 0.5213 | F1: 0.5014
2026-01-22 09:40:21,312 - INFO - Saved checkpoint to *******
2026-01-22 09:40:22,169 - INFO - Epoch [89/100], Step [0], Loss: 0.0005
2026-01-22 09:40:30,828 - INFO - Epoch [89/100], Step [10], Loss: 0.0005
2026-01-22 09:40:38,641 - INFO - Epoch 89 Finished. Train Loss: 0.0004 | Train Acc: 1.0000 | Train F1: 1.0000
2026-01-22 09:40:38,641 - INFO - Running Validation for Epoch 89...
2026-01-22 09:40:39,518 - INFO - [Val] Loss: 2.6198 | Accuracy: 0.5217 | F1: 0.5255
2026-01-22 09:40:39,519 - INFO - Running Testing for Epoch 89...
2026-01-22 09:40:41,281 - INFO - [Test] Loss: 2.7187 | Accuracy: 0.5213 | F1: 0.5014
2026-01-22 09:40:41,338 - INFO - Saved checkpoint to *******
2026-01-22 09:40:42,206 - INFO - Epoch [90/100], Step [0], Loss: 0.0004
2026-01-22 09:40:50,895 - INFO - Epoch [90/100], Step [10], Loss: 0.0006
2026-01-22 09:40:58,709 - INFO - Epoch 90 Finished. Train Loss: 0.0004 | Train Acc: 1.0000 | Train F1: 1.0000
2026-01-22 09:40:58,709 - INFO - Running Validation for Epoch 90...
2026-01-22 09:40:59,567 - INFO - [Val] Loss: 2.5548 | Accuracy: 0.5435 | F1: 0.5455
2026-01-22 09:40:59,567 - INFO - Running Testing for Epoch 90...
2026-01-22 09:41:01,314 - INFO - [Test] Loss: 2.7380 | Accuracy: 0.5426 | F1: 0.5236
2026-01-22 09:41:01,367 - INFO - Saved checkpoint to *******
2026-01-22 09:41:02,229 - INFO - Epoch [91/100], Step [0], Loss: 0.0004
2026-01-22 09:41:10,874 - INFO - Epoch [91/100], Step [10], Loss: 0.0004
2026-01-22 09:41:18,668 - INFO - Epoch 91 Finished. Train Loss: 0.0004 | Train Acc: 1.0000 | Train F1: 1.0000
2026-01-22 09:41:18,668 - INFO - Running Validation for Epoch 91...
2026-01-22 09:41:19,515 - INFO - [Val] Loss: 2.6111 | Accuracy: 0.5217 | F1: 0.5255
2026-01-22 09:41:19,515 - INFO - Running Testing for Epoch 91...
2026-01-22 09:41:21,236 - INFO - [Test] Loss: 2.7514 | Accuracy: 0.5426 | F1: 0.5277
2026-01-22 09:41:21,290 - INFO - Saved checkpoint to *******
2026-01-22 09:41:22,149 - INFO - Epoch [92/100], Step [0], Loss: 0.0005
2026-01-22 09:41:30,750 - INFO - Epoch [92/100], Step [10], Loss: 0.0005
2026-01-22 09:41:38,510 - INFO - Epoch 92 Finished. Train Loss: 0.0004 | Train Acc: 1.0000 | Train F1: 1.0000
2026-01-22 09:41:38,510 - INFO - Running Validation for Epoch 92...
2026-01-22 09:41:39,377 - INFO - [Val] Loss: 2.6122 | Accuracy: 0.5217 | F1: 0.5255
2026-01-22 09:41:39,377 - INFO - Running Testing for Epoch 92...
2026-01-22 09:41:41,124 - INFO - [Test] Loss: 2.7075 | Accuracy: 0.5638 | F1: 0.5496
2026-01-22 09:41:41,187 - INFO - Saved checkpoint to *******
2026-01-22 09:41:42,052 - INFO - Epoch [93/100], Step [0], Loss: 0.0003
2026-01-22 09:41:50,706 - INFO - Epoch [93/100], Step [10], Loss: 0.0003
2026-01-22 09:41:58,488 - INFO - Epoch 93 Finished. Train Loss: 0.0004 | Train Acc: 1.0000 | Train F1: 1.0000
2026-01-22 09:41:58,488 - INFO - Running Validation for Epoch 93...
2026-01-22 09:41:59,343 - INFO - [Val] Loss: 2.6523 | Accuracy: 0.5217 | F1: 0.5255
2026-01-22 09:41:59,344 - INFO - Running Testing for Epoch 93...
2026-01-22 09:42:01,088 - INFO - [Test] Loss: 2.7444 | Accuracy: 0.5426 | F1: 0.5277
2026-01-22 09:42:01,153 - INFO - Saved checkpoint to *******
2026-01-22 09:42:02,014 - INFO - Epoch [94/100], Step [0], Loss: 0.0005
2026-01-22 09:42:10,665 - INFO - Epoch [94/100], Step [10], Loss: 0.0004
2026-01-22 09:42:18,464 - INFO - Epoch 94 Finished. Train Loss: 0.0004 | Train Acc: 1.0000 | Train F1: 1.0000
2026-01-22 09:42:18,464 - INFO - Running Validation for Epoch 94...
2026-01-22 09:42:19,306 - INFO - [Val] Loss: 2.6146 | Accuracy: 0.5435 | F1: 0.5455
2026-01-22 09:42:19,306 - INFO - Running Testing for Epoch 94...
2026-01-22 09:42:21,039 - INFO - [Test] Loss: 2.8051 | Accuracy: 0.5319 | F1: 0.5102
2026-01-22 09:42:21,098 - INFO - Saved checkpoint to *******
2026-01-22 09:42:21,957 - INFO - Epoch [95/100], Step [0], Loss: 0.0005
2026-01-22 09:42:30,602 - INFO - Epoch [95/100], Step [10], Loss: 0.0005
2026-01-22 09:42:38,413 - INFO - Epoch 95 Finished. Train Loss: 0.0004 | Train Acc: 1.0000 | Train F1: 1.0000
2026-01-22 09:42:38,413 - INFO - Running Validation for Epoch 95...
2026-01-22 09:42:39,251 - INFO - [Val] Loss: 2.6527 | Accuracy: 0.5000 | F1: 0.5051
2026-01-22 09:42:39,251 - INFO - Running Testing for Epoch 95...
2026-01-22 09:42:41,013 - INFO - [Test] Loss: 2.7982 | Accuracy: 0.5319 | F1: 0.5102
2026-01-22 09:42:41,078 - INFO - Saved checkpoint to *******
2026-01-22 09:42:41,943 - INFO - Epoch [96/100], Step [0], Loss: 0.0009
2026-01-22 09:42:50,574 - INFO - Epoch [96/100], Step [10], Loss: 0.0004
2026-01-22 09:42:58,364 - INFO - Epoch 96 Finished. Train Loss: 0.0004 | Train Acc: 1.0000 | Train F1: 1.0000
2026-01-22 09:42:58,365 - INFO - Running Validation for Epoch 96...
2026-01-22 09:42:59,213 - INFO - [Val] Loss: 2.6640 | Accuracy: 0.5217 | F1: 0.5255
2026-01-22 09:42:59,213 - INFO - Running Testing for Epoch 96...
2026-01-22 09:43:00,951 - INFO - [Test] Loss: 2.7726 | Accuracy: 0.5426 | F1: 0.5236
2026-01-22 09:43:01,007 - INFO - Saved checkpoint to *******
2026-01-22 09:43:01,870 - INFO - Epoch [97/100], Step [0], Loss: 0.0004
2026-01-22 09:43:10,514 - INFO - Epoch [97/100], Step [10], Loss: 0.0004
2026-01-22 09:43:18,300 - INFO - Epoch 97 Finished. Train Loss: 0.0004 | Train Acc: 1.0000 | Train F1: 1.0000
2026-01-22 09:43:18,300 - INFO - Running Validation for Epoch 97...
2026-01-22 09:43:19,138 - INFO - [Val] Loss: 2.6397 | Accuracy: 0.5217 | F1: 0.5255
2026-01-22 09:43:19,138 - INFO - Running Testing for Epoch 97...
2026-01-22 09:43:20,858 - INFO - [Test] Loss: 2.8009 | Accuracy: 0.5319 | F1: 0.5102
2026-01-22 09:43:20,912 - INFO - Saved checkpoint to *******
2026-01-22 09:43:21,772 - INFO - Epoch [98/100], Step [0], Loss: 0.0005
2026-01-22 09:43:30,384 - INFO - Epoch [98/100], Step [10], Loss: 0.0003
2026-01-22 09:43:38,125 - INFO - Epoch 98 Finished. Train Loss: 0.0004 | Train Acc: 1.0000 | Train F1: 1.0000
2026-01-22 09:43:38,125 - INFO - Running Validation for Epoch 98...
2026-01-22 09:43:38,969 - INFO - [Val] Loss: 2.6210 | Accuracy: 0.5217 | F1: 0.5255
2026-01-22 09:43:38,970 - INFO - Running Testing for Epoch 98...
2026-01-22 09:43:40,691 - INFO - [Test] Loss: 2.7910 | Accuracy: 0.5426 | F1: 0.5236
2026-01-22 09:43:40,747 - INFO - Saved checkpoint to *******
2026-01-22 09:43:41,608 - INFO - Epoch [99/100], Step [0], Loss: 0.0004
2026-01-22 09:43:50,244 - INFO - Epoch [99/100], Step [10], Loss: 0.0004
2026-01-22 09:43:57,998 - INFO - Epoch 99 Finished. Train Loss: 0.0003 | Train Acc: 1.0000 | Train F1: 1.0000
2026-01-22 09:43:57,999 - INFO - Running Validation for Epoch 99...
2026-01-22 09:43:58,847 - INFO - [Val] Loss: 2.6109 | Accuracy: 0.5435 | F1: 0.5455
2026-01-22 09:43:58,848 - INFO - Running Testing for Epoch 99...
2026-01-22 09:44:00,659 - INFO - [Test] Loss: 2.7741 | Accuracy: 0.5426 | F1: 0.5277
2026-01-22 09:44:00,757 - INFO - Saved checkpoint to *******
2026-01-22 09:44:01,619 - INFO - Epoch [100/100], Step [0], Loss: 0.0005
2026-01-22 09:44:10,342 - INFO - Epoch [100/100], Step [10], Loss: 0.0003
2026-01-22 09:44:18,100 - INFO - Epoch 100 Finished. Train Loss: 0.0004 | Train Acc: 1.0000 | Train F1: 1.0000
2026-01-22 09:44:18,100 - INFO - Running Validation for Epoch 100...
2026-01-22 09:44:18,948 - INFO - [Val] Loss: 2.6520 | Accuracy: 0.5217 | F1: 0.5255
2026-01-22 09:44:18,949 - INFO - Running Testing for Epoch 100...
2026-01-22 09:44:20,669 - INFO - [Test] Loss: 2.7971 | Accuracy: 0.5319 | F1: 0.5147
2026-01-22 09:44:20,727 - INFO - Saved checkpoint to *******
2026-01-22 09:44:20,727 - INFO - Training Complete.
