2026-01-22 10:43:21,293 - INFO - Logging configured. Log file saved to: *******
2026-01-22 10:43:21,293 - INFO - Manual Normalization Stats -> Mean: 45.7333, Std: 17.4028
2026-01-22 10:43:21,294 - INFO - Using device: cuda
2026-01-22 10:43:21,468 - INFO - Loading checkpoint from *******
2026-01-22 10:43:21,570 - INFO - --- Key Mapping ---
2026-01-22 10:43:21,574 - INFO - ✅ Encoder weights loaded successfully.
2026-01-22 10:43:21,778 - INFO - Loading Datasets...
2026-01-22 10:43:21,860 - INFO - Starting Regression Fine-tuning...
2026-01-22 10:43:23,076 - INFO - Epoch [1/100], Step [0], Loss: 1.0874
2026-01-22 10:43:59,824 - INFO - Epoch [1/100], Step [10], Loss: 1.3008
2026-01-22 10:44:22,868 - INFO - Epoch [1/100], Step [20], Loss: 0.8462
2026-01-22 10:44:22,873 - INFO - Epoch 1 Finished. Train Loss: 1.1187 | Train MSE(Norm): 1.1487 | Train R: 0.0014
2026-01-22 10:44:22,873 - INFO - Running Validation for Epoch 1...
2026-01-22 10:44:23,991 - INFO - [Val] Loss(Norm): 0.9467 | MSE(Norm): 0.9467 | Pearson R: 0.1637
2026-01-22 10:44:23,991 - INFO - Running Testing for Epoch 1...
2026-01-22 10:44:29,560 - INFO - [Test] Loss(Norm): 1.0563 | MSE(Norm): 1.0563 | Pearson R: 0.3382
2026-01-22 10:44:29,970 - INFO - 🏆 New Best Model (Val MSE: 0.9467, R: 0.1637) saved to *******
2026-01-22 10:44:31,698 - INFO - Epoch [2/100], Step [0], Loss: 1.2842
2026-01-22 10:45:02,681 - INFO - Epoch [2/100], Step [10], Loss: 1.1916
2026-01-22 10:45:21,830 - INFO - Epoch [2/100], Step [20], Loss: 1.0886
2026-01-22 10:45:21,835 - INFO - Epoch 2 Finished. Train Loss: 0.9821 | Train MSE(Norm): 1.0084 | Train R: 0.0662
2026-01-22 10:45:21,836 - INFO - Running Validation for Epoch 2...
2026-01-22 10:45:22,907 - INFO - [Val] Loss(Norm): 0.8896 | MSE(Norm): 0.8896 | Pearson R: 0.1907
2026-01-22 10:45:22,907 - INFO - Running Testing for Epoch 2...
2026-01-22 10:45:28,070 - INFO - [Test] Loss(Norm): 1.0163 | MSE(Norm): 1.0163 | Pearson R: 0.3220
2026-01-22 10:45:30,138 - INFO - 🏆 New Best Model (Val MSE: 0.8896, R: 0.1907) saved to *******
2026-01-22 10:45:37,767 - INFO - Epoch [3/100], Step [0], Loss: 0.6174
2026-01-22 10:45:58,218 - INFO - Epoch [3/100], Step [10], Loss: 1.1411
2026-01-22 10:46:11,763 - INFO - Epoch [3/100], Step [20], Loss: 0.8511
2026-01-22 10:46:11,765 - INFO - Epoch 3 Finished. Train Loss: 0.8981 | Train MSE(Norm): 0.9222 | Train R: 0.3140
2026-01-22 10:46:11,765 - INFO - Running Validation for Epoch 3...
2026-01-22 10:46:13,309 - INFO - [Val] Loss(Norm): 0.8147 | MSE(Norm): 0.8147 | Pearson R: 0.3368
2026-01-22 10:46:13,309 - INFO - Running Testing for Epoch 3...
2026-01-22 10:46:15,371 - INFO - [Test] Loss(Norm): 0.9249 | MSE(Norm): 0.9249 | Pearson R: 0.4767
2026-01-22 10:46:15,840 - INFO - 🏆 New Best Model (Val MSE: 0.8147, R: 0.3368) saved to *******
2026-01-22 10:46:24,763 - INFO - Epoch [4/100], Step [0], Loss: 0.6565
2026-01-22 10:46:54,479 - INFO - Epoch [4/100], Step [10], Loss: 0.8213
2026-01-22 10:47:08,924 - INFO - Epoch [4/100], Step [20], Loss: 0.7848
2026-01-22 10:47:16,342 - INFO - Epoch 4 Finished. Train Loss: 0.7000 | Train MSE(Norm): 0.7188 | Train R: 0.5331
2026-01-22 10:47:16,342 - INFO - Running Validation for Epoch 4...
2026-01-22 10:47:17,485 - INFO - [Val] Loss(Norm): 0.7376 | MSE(Norm): 0.7376 | Pearson R: 0.4348
2026-01-22 10:47:17,485 - INFO - Running Testing for Epoch 4...
2026-01-22 10:47:22,384 - INFO - [Test] Loss(Norm): 0.7843 | MSE(Norm): 0.7843 | Pearson R: 0.5315
2026-01-22 10:47:23,090 - INFO - 🏆 New Best Model (Val MSE: 0.7376, R: 0.4348) saved to *******
2026-01-22 10:47:24,513 - INFO - Epoch [5/100], Step [0], Loss: 0.5487
2026-01-22 10:47:42,720 - INFO - Epoch [5/100], Step [10], Loss: 0.3660
2026-01-22 10:48:01,586 - INFO - Epoch [5/100], Step [20], Loss: 0.5813
2026-01-22 10:48:01,588 - INFO - Epoch 5 Finished. Train Loss: 0.5170 | Train MSE(Norm): 0.5308 | Train R: 0.6900
2026-01-22 10:48:01,588 - INFO - Running Validation for Epoch 5...
2026-01-22 10:48:02,583 - INFO - [Val] Loss(Norm): 0.6761 | MSE(Norm): 0.6761 | Pearson R: 0.5107
2026-01-22 10:48:02,584 - INFO - Running Testing for Epoch 5...
2026-01-22 10:48:07,639 - INFO - [Test] Loss(Norm): 0.7635 | MSE(Norm): 0.7635 | Pearson R: 0.5401
2026-01-22 10:48:08,411 - INFO - 🏆 New Best Model (Val MSE: 0.6761, R: 0.5107) saved to *******
2026-01-22 10:48:09,433 - INFO - Epoch [6/100], Step [0], Loss: 0.4343
2026-01-22 10:48:20,817 - INFO - Epoch [6/100], Step [10], Loss: 0.5462
2026-01-22 10:48:45,711 - INFO - Epoch [6/100], Step [20], Loss: 0.3506
2026-01-22 10:48:45,713 - INFO - Epoch 6 Finished. Train Loss: 0.4098 | Train MSE(Norm): 0.4208 | Train R: 0.7601
2026-01-22 10:48:45,713 - INFO - Running Validation for Epoch 6...
2026-01-22 10:48:46,692 - INFO - [Val] Loss(Norm): 0.6787 | MSE(Norm): 0.6787 | Pearson R: 0.5761
2026-01-22 10:48:46,692 - INFO - Running Testing for Epoch 6...
2026-01-22 10:48:49,306 - INFO - [Test] Loss(Norm): 0.7830 | MSE(Norm): 0.7830 | Pearson R: 0.6092
2026-01-22 10:48:56,196 - INFO - Epoch [7/100], Step [0], Loss: 0.1448
2026-01-22 10:49:12,279 - INFO - Epoch [7/100], Step [10], Loss: 0.3831
2026-01-22 10:49:40,687 - INFO - Epoch [7/100], Step [20], Loss: 0.3916
2026-01-22 10:49:40,689 - INFO - Epoch 7 Finished. Train Loss: 0.3398 | Train MSE(Norm): 0.3489 | Train R: 0.8077
2026-01-22 10:49:40,689 - INFO - Running Validation for Epoch 7...
2026-01-22 10:49:42,370 - INFO - [Val] Loss(Norm): 0.8966 | MSE(Norm): 0.8966 | Pearson R: 0.5070
2026-01-22 10:49:42,370 - INFO - Running Testing for Epoch 7...
2026-01-22 10:49:52,525 - INFO - [Test] Loss(Norm): 0.8959 | MSE(Norm): 0.8959 | Pearson R: 0.5749
2026-01-22 10:49:54,276 - INFO - Epoch [8/100], Step [0], Loss: 0.3182
2026-01-22 10:50:07,834 - INFO - Epoch [8/100], Step [10], Loss: 0.3600
2026-01-22 10:50:22,149 - INFO - Epoch [8/100], Step [20], Loss: 0.4236
2026-01-22 10:50:22,151 - INFO - Epoch 8 Finished. Train Loss: 0.2931 | Train MSE(Norm): 0.3010 | Train R: 0.8387
2026-01-22 10:50:22,151 - INFO - Running Validation for Epoch 8...
2026-01-22 10:50:23,142 - INFO - [Val] Loss(Norm): 0.7469 | MSE(Norm): 0.7469 | Pearson R: 0.5032
2026-01-22 10:50:23,143 - INFO - Running Testing for Epoch 8...
2026-01-22 10:50:31,365 - INFO - [Test] Loss(Norm): 0.7465 | MSE(Norm): 0.7465 | Pearson R: 0.5725
2026-01-22 10:50:33,033 - INFO - Epoch [9/100], Step [0], Loss: 0.1827
2026-01-22 10:50:42,637 - INFO - Epoch [9/100], Step [10], Loss: 0.0681
2026-01-22 10:50:54,133 - INFO - Epoch [9/100], Step [20], Loss: 0.2569
2026-01-22 10:50:54,135 - INFO - Epoch 9 Finished. Train Loss: 0.1833 | Train MSE(Norm): 0.1882 | Train R: 0.9025
2026-01-22 10:50:54,135 - INFO - Running Validation for Epoch 9...
2026-01-22 10:50:55,946 - INFO - [Val] Loss(Norm): 0.7551 | MSE(Norm): 0.7551 | Pearson R: 0.4998
2026-01-22 10:50:55,946 - INFO - Running Testing for Epoch 9...
2026-01-22 10:50:58,381 - INFO - [Test] Loss(Norm): 0.7556 | MSE(Norm): 0.7556 | Pearson R: 0.6037
2026-01-22 10:50:59,305 - INFO - Epoch [10/100], Step [0], Loss: 0.0992
2026-01-22 10:51:10,620 - INFO - Epoch [10/100], Step [10], Loss: 0.0580
2026-01-22 10:51:21,972 - INFO - Epoch [10/100], Step [20], Loss: 0.0760
2026-01-22 10:51:21,974 - INFO - Epoch 10 Finished. Train Loss: 0.0869 | Train MSE(Norm): 0.0893 | Train R: 0.9552
2026-01-22 10:51:21,974 - INFO - Running Validation for Epoch 10...
2026-01-22 10:51:22,942 - INFO - [Val] Loss(Norm): 0.6366 | MSE(Norm): 0.6366 | Pearson R: 0.5607
2026-01-22 10:51:22,942 - INFO - Running Testing for Epoch 10...
2026-01-22 10:51:24,893 - INFO - [Test] Loss(Norm): 0.6687 | MSE(Norm): 0.6687 | Pearson R: 0.6316
2026-01-22 10:51:24,990 - INFO - 🏆 New Best Model (Val MSE: 0.6366, R: 0.5607) saved to *******
2026-01-22 10:51:26,366 - INFO - Epoch [11/100], Step [0], Loss: 0.0249
2026-01-22 10:51:37,554 - INFO - Epoch [11/100], Step [10], Loss: 0.0958
2026-01-22 10:51:48,456 - INFO - Epoch [11/100], Step [20], Loss: 0.0494
2026-01-22 10:51:48,458 - INFO - Epoch 11 Finished. Train Loss: 0.0635 | Train MSE(Norm): 0.0652 | Train R: 0.9674
2026-01-22 10:51:48,458 - INFO - Running Validation for Epoch 11...
2026-01-22 10:51:50,241 - INFO - [Val] Loss(Norm): 0.6442 | MSE(Norm): 0.6442 | Pearson R: 0.5592
2026-01-22 10:51:50,242 - INFO - Running Testing for Epoch 11...
2026-01-22 10:51:53,598 - INFO - [Test] Loss(Norm): 0.6803 | MSE(Norm): 0.6803 | Pearson R: 0.6255
2026-01-22 10:51:54,543 - INFO - Epoch [12/100], Step [0], Loss: 0.0417
2026-01-22 10:52:05,843 - INFO - Epoch [12/100], Step [10], Loss: 0.0267
2026-01-22 10:52:17,111 - INFO - Epoch [12/100], Step [20], Loss: 0.0381
2026-01-22 10:52:17,113 - INFO - Epoch 12 Finished. Train Loss: 0.0386 | Train MSE(Norm): 0.0397 | Train R: 0.9800
2026-01-22 10:52:17,113 - INFO - Running Validation for Epoch 12...
2026-01-22 10:52:18,086 - INFO - [Val] Loss(Norm): 0.5585 | MSE(Norm): 0.5585 | Pearson R: 0.6195
2026-01-22 10:52:18,086 - INFO - Running Testing for Epoch 12...
2026-01-22 10:52:20,016 - INFO - [Test] Loss(Norm): 0.6235 | MSE(Norm): 0.6235 | Pearson R: 0.6533
2026-01-22 10:52:20,123 - INFO - 🏆 New Best Model (Val MSE: 0.5585, R: 0.6195) saved to *******
2026-01-22 10:52:20,998 - INFO - Epoch [13/100], Step [0], Loss: 0.0356
2026-01-22 10:52:32,314 - INFO - Epoch [13/100], Step [10], Loss: 0.0261
2026-01-22 10:52:43,651 - INFO - Epoch [13/100], Step [20], Loss: 0.0367
2026-01-22 10:52:43,653 - INFO - Epoch 13 Finished. Train Loss: 0.0286 | Train MSE(Norm): 0.0294 | Train R: 0.9853
2026-01-22 10:52:43,653 - INFO - Running Validation for Epoch 13...
2026-01-22 10:52:44,641 - INFO - [Val] Loss(Norm): 0.5983 | MSE(Norm): 0.5983 | Pearson R: 0.5829
2026-01-22 10:52:44,641 - INFO - Running Testing for Epoch 13...
2026-01-22 10:52:46,687 - INFO - [Test] Loss(Norm): 0.6282 | MSE(Norm): 0.6282 | Pearson R: 0.6451
2026-01-22 10:52:47,640 - INFO - Epoch [14/100], Step [0], Loss: 0.0270
2026-01-22 10:52:58,913 - INFO - Epoch [14/100], Step [10], Loss: 0.0326
2026-01-22 10:53:10,155 - INFO - Epoch [14/100], Step [20], Loss: 0.0264
2026-01-22 10:53:10,157 - INFO - Epoch 14 Finished. Train Loss: 0.0278 | Train MSE(Norm): 0.0286 | Train R: 0.9854
2026-01-22 10:53:10,158 - INFO - Running Validation for Epoch 14...
2026-01-22 10:53:11,123 - INFO - [Val] Loss(Norm): 0.6419 | MSE(Norm): 0.6419 | Pearson R: 0.6065
2026-01-22 10:53:11,123 - INFO - Running Testing for Epoch 14...
2026-01-22 10:53:13,040 - INFO - [Test] Loss(Norm): 0.8012 | MSE(Norm): 0.8012 | Pearson R: 0.6185
2026-01-22 10:53:13,962 - INFO - Epoch [15/100], Step [0], Loss: 0.0387
2026-01-22 10:53:25,238 - INFO - Epoch [15/100], Step [10], Loss: 0.0267
2026-01-22 10:53:36,628 - INFO - Epoch [15/100], Step [20], Loss: 0.0192
2026-01-22 10:53:36,632 - INFO - Epoch 15 Finished. Train Loss: 0.0296 | Train MSE(Norm): 0.0304 | Train R: 0.9847
2026-01-22 10:53:36,633 - INFO - Running Validation for Epoch 15...
2026-01-22 10:53:37,635 - INFO - [Val] Loss(Norm): 0.6299 | MSE(Norm): 0.6299 | Pearson R: 0.5593
2026-01-22 10:53:37,635 - INFO - Running Testing for Epoch 15...
2026-01-22 10:53:39,571 - INFO - [Test] Loss(Norm): 0.6944 | MSE(Norm): 0.6944 | Pearson R: 0.5995
2026-01-22 10:53:40,495 - INFO - Epoch [16/100], Step [0], Loss: 0.0167
2026-01-22 10:53:50,569 - INFO - Epoch [16/100], Step [10], Loss: 0.0121
2026-01-22 10:54:00,245 - INFO - Epoch [16/100], Step [20], Loss: 0.0148
2026-01-22 10:54:00,247 - INFO - Epoch 16 Finished. Train Loss: 0.0202 | Train MSE(Norm): 0.0207 | Train R: 0.9897
2026-01-22 10:54:00,247 - INFO - Running Validation for Epoch 16...
2026-01-22 10:54:01,185 - INFO - [Val] Loss(Norm): 0.5929 | MSE(Norm): 0.5929 | Pearson R: 0.6002
2026-01-22 10:54:01,186 - INFO - Running Testing for Epoch 16...
2026-01-22 10:54:03,126 - INFO - [Test] Loss(Norm): 0.6701 | MSE(Norm): 0.6701 | Pearson R: 0.6449
2026-01-22 10:54:04,055 - INFO - Epoch [17/100], Step [0], Loss: 0.0308
2026-01-22 10:54:13,826 - INFO - Epoch [17/100], Step [10], Loss: 0.0204
2026-01-22 10:54:23,609 - INFO - Epoch [17/100], Step [20], Loss: 0.0104
2026-01-22 10:54:23,611 - INFO - Epoch 17 Finished. Train Loss: 0.0144 | Train MSE(Norm): 0.0148 | Train R: 0.9926
2026-01-22 10:54:23,611 - INFO - Running Validation for Epoch 17...
2026-01-22 10:54:24,577 - INFO - [Val] Loss(Norm): 0.5720 | MSE(Norm): 0.5720 | Pearson R: 0.6050
2026-01-22 10:54:24,577 - INFO - Running Testing for Epoch 17...
2026-01-22 10:54:26,503 - INFO - [Test] Loss(Norm): 0.6595 | MSE(Norm): 0.6595 | Pearson R: 0.6313
2026-01-22 10:54:27,426 - INFO - Epoch [18/100], Step [0], Loss: 0.0102
2026-01-22 10:54:37,098 - INFO - Epoch [18/100], Step [10], Loss: 0.0142
2026-01-22 10:54:46,764 - INFO - Epoch [18/100], Step [20], Loss: 0.0225
2026-01-22 10:54:46,765 - INFO - Epoch 18 Finished. Train Loss: 0.0150 | Train MSE(Norm): 0.0154 | Train R: 0.9922
2026-01-22 10:54:46,765 - INFO - Running Validation for Epoch 18...
2026-01-22 10:54:47,740 - INFO - [Val] Loss(Norm): 0.6073 | MSE(Norm): 0.6073 | Pearson R: 0.5787
2026-01-22 10:54:47,740 - INFO - Running Testing for Epoch 18...
2026-01-22 10:54:49,743 - INFO - [Test] Loss(Norm): 0.6679 | MSE(Norm): 0.6679 | Pearson R: 0.6144
2026-01-22 10:54:50,684 - INFO - Epoch [19/100], Step [0], Loss: 0.0117
2026-01-22 10:55:00,373 - INFO - Epoch [19/100], Step [10], Loss: 0.0227
2026-01-22 10:55:10,041 - INFO - Epoch [19/100], Step [20], Loss: 0.0097
2026-01-22 10:55:10,045 - INFO - Epoch 19 Finished. Train Loss: 0.0195 | Train MSE(Norm): 0.0200 | Train R: 0.9898
2026-01-22 10:55:10,046 - INFO - Running Validation for Epoch 19...
2026-01-22 10:55:10,999 - INFO - [Val] Loss(Norm): 0.6507 | MSE(Norm): 0.6507 | Pearson R: 0.5557
2026-01-22 10:55:10,999 - INFO - Running Testing for Epoch 19...
2026-01-22 10:55:12,890 - INFO - [Test] Loss(Norm): 0.6906 | MSE(Norm): 0.6906 | Pearson R: 0.6005
2026-01-22 10:55:13,802 - INFO - Epoch [20/100], Step [0], Loss: 0.0215
2026-01-22 10:55:23,421 - INFO - Epoch [20/100], Step [10], Loss: 0.0341
2026-01-22 10:55:33,113 - INFO - Epoch [20/100], Step [20], Loss: 0.0360
2026-01-22 10:55:33,115 - INFO - Epoch 20 Finished. Train Loss: 0.0202 | Train MSE(Norm): 0.0207 | Train R: 0.9897
2026-01-22 10:55:33,115 - INFO - Running Validation for Epoch 20...
2026-01-22 10:55:34,107 - INFO - [Val] Loss(Norm): 0.5957 | MSE(Norm): 0.5957 | Pearson R: 0.5872
2026-01-22 10:55:34,107 - INFO - Running Testing for Epoch 20...
2026-01-22 10:55:36,087 - INFO - [Test] Loss(Norm): 0.6818 | MSE(Norm): 0.6818 | Pearson R: 0.6347
2026-01-22 10:55:37,018 - INFO - Epoch [21/100], Step [0], Loss: 0.0185
2026-01-22 10:55:46,658 - INFO - Epoch [21/100], Step [10], Loss: 0.0273
2026-01-22 10:55:56,252 - INFO - Epoch [21/100], Step [20], Loss: 0.0064
2026-01-22 10:55:56,257 - INFO - Epoch 21 Finished. Train Loss: 0.0191 | Train MSE(Norm): 0.0196 | Train R: 0.9902
2026-01-22 10:55:56,257 - INFO - Running Validation for Epoch 21...
2026-01-22 10:55:57,173 - INFO - [Val] Loss(Norm): 0.6033 | MSE(Norm): 0.6033 | Pearson R: 0.5749
2026-01-22 10:55:57,173 - INFO - Running Testing for Epoch 21...
2026-01-22 10:55:59,239 - INFO - [Test] Loss(Norm): 0.6363 | MSE(Norm): 0.6363 | Pearson R: 0.6455
2026-01-22 10:56:00,153 - INFO - Epoch [22/100], Step [0], Loss: 0.0109
2026-01-22 10:56:09,784 - INFO - Epoch [22/100], Step [10], Loss: 0.0121
2026-01-22 10:56:19,218 - INFO - Epoch [22/100], Step [20], Loss: 0.0138
2026-01-22 10:56:19,220 - INFO - Epoch 22 Finished. Train Loss: 0.0118 | Train MSE(Norm): 0.0122 | Train R: 0.9939
2026-01-22 10:56:19,220 - INFO - Running Validation for Epoch 22...
2026-01-22 10:56:20,377 - INFO - [Val] Loss(Norm): 0.6455 | MSE(Norm): 0.6455 | Pearson R: 0.5605
2026-01-22 10:56:20,377 - INFO - Running Testing for Epoch 22...
2026-01-22 10:56:22,330 - INFO - [Test] Loss(Norm): 0.6740 | MSE(Norm): 0.6740 | Pearson R: 0.6341
2026-01-22 10:56:23,252 - INFO - Epoch [23/100], Step [0], Loss: 0.0146
2026-01-22 10:56:32,944 - INFO - Epoch [23/100], Step [10], Loss: 0.0109
2026-01-22 10:56:42,706 - INFO - Epoch [23/100], Step [20], Loss: 0.0227
2026-01-22 10:56:42,708 - INFO - Epoch 23 Finished. Train Loss: 0.0119 | Train MSE(Norm): 0.0122 | Train R: 0.9940
2026-01-22 10:56:42,709 - INFO - Running Validation for Epoch 23...
2026-01-22 10:56:43,700 - INFO - [Val] Loss(Norm): 0.6089 | MSE(Norm): 0.6089 | Pearson R: 0.5764
2026-01-22 10:56:43,700 - INFO - Running Testing for Epoch 23...
2026-01-22 10:56:45,639 - INFO - [Test] Loss(Norm): 0.6270 | MSE(Norm): 0.6270 | Pearson R: 0.6447
2026-01-22 10:56:46,578 - INFO - Epoch [24/100], Step [0], Loss: 0.0192
2026-01-22 10:56:56,218 - INFO - Epoch [24/100], Step [10], Loss: 0.0087
2026-01-22 10:57:05,893 - INFO - Epoch [24/100], Step [20], Loss: 0.0088
2026-01-22 10:57:05,895 - INFO - Epoch 24 Finished. Train Loss: 0.0102 | Train MSE(Norm): 0.0105 | Train R: 0.9947
2026-01-22 10:57:05,895 - INFO - Running Validation for Epoch 24...
2026-01-22 10:57:06,847 - INFO - [Val] Loss(Norm): 0.6142 | MSE(Norm): 0.6142 | Pearson R: 0.5724
2026-01-22 10:57:06,847 - INFO - Running Testing for Epoch 24...
2026-01-22 10:57:08,818 - INFO - [Test] Loss(Norm): 0.6664 | MSE(Norm): 0.6664 | Pearson R: 0.6277
2026-01-22 10:57:09,737 - INFO - Epoch [25/100], Step [0], Loss: 0.0067
2026-01-22 10:57:19,171 - INFO - Epoch [25/100], Step [10], Loss: 0.0175
2026-01-22 10:57:27,945 - INFO - Epoch [25/100], Step [20], Loss: 0.0155
2026-01-22 10:57:27,949 - INFO - Epoch 25 Finished. Train Loss: 0.0086 | Train MSE(Norm): 0.0088 | Train R: 0.9955
2026-01-22 10:57:27,949 - INFO - Running Validation for Epoch 25...
2026-01-22 10:57:28,907 - INFO - [Val] Loss(Norm): 0.5948 | MSE(Norm): 0.5948 | Pearson R: 0.5863
2026-01-22 10:57:28,907 - INFO - Running Testing for Epoch 25...
2026-01-22 10:57:32,028 - INFO - [Test] Loss(Norm): 0.6336 | MSE(Norm): 0.6336 | Pearson R: 0.6529
2026-01-22 10:57:33,757 - INFO - Epoch [26/100], Step [0], Loss: 0.0045
2026-01-22 10:57:43,374 - INFO - Epoch [26/100], Step [10], Loss: 0.0040
2026-01-22 10:57:54,698 - INFO - Epoch [26/100], Step [20], Loss: 0.0050
2026-01-22 10:57:54,700 - INFO - Epoch 26 Finished. Train Loss: 0.0064 | Train MSE(Norm): 0.0066 | Train R: 0.9967
2026-01-22 10:57:54,700 - INFO - Running Validation for Epoch 26...
2026-01-22 10:57:55,665 - INFO - [Val] Loss(Norm): 0.5943 | MSE(Norm): 0.5943 | Pearson R: 0.5904
2026-01-22 10:57:55,665 - INFO - Running Testing for Epoch 26...
2026-01-22 10:57:58,657 - INFO - [Test] Loss(Norm): 0.6764 | MSE(Norm): 0.6764 | Pearson R: 0.6435
2026-01-22 10:58:00,281 - INFO - Epoch [27/100], Step [0], Loss: 0.0048
2026-01-22 10:58:09,798 - INFO - Epoch [27/100], Step [10], Loss: 0.0054
2026-01-22 10:58:20,877 - INFO - Epoch [27/100], Step [20], Loss: 0.0101
2026-01-22 10:58:20,879 - INFO - Epoch 27 Finished. Train Loss: 0.0088 | Train MSE(Norm): 0.0090 | Train R: 0.9954
2026-01-22 10:58:20,879 - INFO - Running Validation for Epoch 27...
2026-01-22 10:58:21,795 - INFO - [Val] Loss(Norm): 0.5705 | MSE(Norm): 0.5705 | Pearson R: 0.6042
2026-01-22 10:58:21,795 - INFO - Running Testing for Epoch 27...
2026-01-22 10:58:24,269 - INFO - [Test] Loss(Norm): 0.6495 | MSE(Norm): 0.6495 | Pearson R: 0.6389
2026-01-22 10:58:25,959 - INFO - Epoch [28/100], Step [0], Loss: 0.0101
2026-01-22 10:58:35,844 - INFO - Epoch [28/100], Step [10], Loss: 0.0069
2026-01-22 10:58:47,170 - INFO - Epoch [28/100], Step [20], Loss: 0.0069
2026-01-22 10:58:47,172 - INFO - Epoch 28 Finished. Train Loss: 0.0092 | Train MSE(Norm): 0.0094 | Train R: 0.9953
2026-01-22 10:58:47,172 - INFO - Running Validation for Epoch 28...
2026-01-22 10:58:48,150 - INFO - [Val] Loss(Norm): 0.5992 | MSE(Norm): 0.5992 | Pearson R: 0.5806
2026-01-22 10:58:48,150 - INFO - Running Testing for Epoch 28...
2026-01-22 10:58:50,516 - INFO - [Test] Loss(Norm): 0.6196 | MSE(Norm): 0.6196 | Pearson R: 0.6613
2026-01-22 10:58:52,153 - INFO - Epoch [29/100], Step [0], Loss: 0.0037
2026-01-22 10:59:02,121 - INFO - Epoch [29/100], Step [10], Loss: 0.0057
2026-01-22 10:59:13,331 - INFO - Epoch [29/100], Step [20], Loss: 0.0074
2026-01-22 10:59:13,334 - INFO - Epoch 29 Finished. Train Loss: 0.0075 | Train MSE(Norm): 0.0077 | Train R: 0.9961
2026-01-22 10:59:13,335 - INFO - Running Validation for Epoch 29...
2026-01-22 10:59:14,324 - INFO - [Val] Loss(Norm): 0.5679 | MSE(Norm): 0.5679 | Pearson R: 0.6086
2026-01-22 10:59:14,327 - INFO - Running Testing for Epoch 29...
2026-01-22 10:59:16,284 - INFO - [Test] Loss(Norm): 0.6689 | MSE(Norm): 0.6689 | Pearson R: 0.6267
2026-01-22 10:59:17,948 - INFO - Epoch [30/100], Step [0], Loss: 0.0025
2026-01-22 10:59:28,448 - INFO - Epoch [30/100], Step [10], Loss: 0.0082
2026-01-22 10:59:39,730 - INFO - Epoch [30/100], Step [20], Loss: 0.0046
2026-01-22 10:59:39,732 - INFO - Epoch 30 Finished. Train Loss: 0.0060 | Train MSE(Norm): 0.0061 | Train R: 0.9969
2026-01-22 10:59:39,732 - INFO - Running Validation for Epoch 30...
2026-01-22 10:59:40,657 - INFO - [Val] Loss(Norm): 0.6099 | MSE(Norm): 0.6099 | Pearson R: 0.5749
2026-01-22 10:59:40,658 - INFO - Running Testing for Epoch 30...
2026-01-22 10:59:42,511 - INFO - [Test] Loss(Norm): 0.6577 | MSE(Norm): 0.6577 | Pearson R: 0.6472
2026-01-22 10:59:43,543 - INFO - Epoch [31/100], Step [0], Loss: 0.0045
2026-01-22 10:59:54,616 - INFO - Epoch [31/100], Step [10], Loss: 0.0057
2026-01-22 11:00:06,012 - INFO - Epoch [31/100], Step [20], Loss: 0.0086
2026-01-22 11:00:06,014 - INFO - Epoch 31 Finished. Train Loss: 0.0080 | Train MSE(Norm): 0.0082 | Train R: 0.9960
2026-01-22 11:00:06,014 - INFO - Running Validation for Epoch 31...
2026-01-22 11:00:06,989 - INFO - [Val] Loss(Norm): 0.5829 | MSE(Norm): 0.5829 | Pearson R: 0.6081
2026-01-22 11:00:06,989 - INFO - Running Testing for Epoch 31...
2026-01-22 11:00:08,929 - INFO - [Test] Loss(Norm): 0.7286 | MSE(Norm): 0.7286 | Pearson R: 0.6255
2026-01-22 11:00:09,849 - INFO - Epoch [32/100], Step [0], Loss: 0.0108
2026-01-22 11:00:21,081 - INFO - Epoch [32/100], Step [10], Loss: 0.0189
2026-01-22 11:00:32,434 - INFO - Epoch [32/100], Step [20], Loss: 0.0144
2026-01-22 11:00:32,436 - INFO - Epoch 32 Finished. Train Loss: 0.0137 | Train MSE(Norm): 0.0140 | Train R: 0.9930
2026-01-22 11:00:32,436 - INFO - Running Validation for Epoch 32...
2026-01-22 11:00:33,396 - INFO - [Val] Loss(Norm): 0.5902 | MSE(Norm): 0.5902 | Pearson R: 0.5881
2026-01-22 11:00:33,397 - INFO - Running Testing for Epoch 32...
2026-01-22 11:00:35,339 - INFO - [Test] Loss(Norm): 0.6403 | MSE(Norm): 0.6403 | Pearson R: 0.6502
2026-01-22 11:00:37,048 - INFO - Epoch [33/100], Step [0], Loss: 0.0056
2026-01-22 11:00:48,614 - INFO - Epoch [33/100], Step [10], Loss: 0.0238
2026-01-22 11:01:05,876 - INFO - Epoch [33/100], Step [20], Loss: 0.0280
2026-01-22 11:01:05,877 - INFO - Epoch 33 Finished. Train Loss: 0.0185 | Train MSE(Norm): 0.0190 | Train R: 0.9905
2026-01-22 11:01:05,878 - INFO - Running Validation for Epoch 33...
2026-01-22 11:01:08,276 - INFO - [Val] Loss(Norm): 0.6128 | MSE(Norm): 0.6128 | Pearson R: 0.6118
2026-01-22 11:01:08,276 - INFO - Running Testing for Epoch 33...
2026-01-22 11:01:13,359 - INFO - [Test] Loss(Norm): 0.7731 | MSE(Norm): 0.7731 | Pearson R: 0.6409
2026-01-22 11:01:15,117 - INFO - Epoch [34/100], Step [0], Loss: 0.0547
2026-01-22 11:01:29,742 - INFO - Epoch [34/100], Step [10], Loss: 0.0071
2026-01-22 11:01:44,105 - INFO - Epoch [34/100], Step [20], Loss: 0.0249
2026-01-22 11:01:44,108 - INFO - Epoch 34 Finished. Train Loss: 0.0278 | Train MSE(Norm): 0.0286 | Train R: 0.9858
2026-01-22 11:01:44,108 - INFO - Running Validation for Epoch 34...
2026-01-22 11:01:46,444 - INFO - [Val] Loss(Norm): 0.6588 | MSE(Norm): 0.6588 | Pearson R: 0.5795
2026-01-22 11:01:46,444 - INFO - Running Testing for Epoch 34...
2026-01-22 11:01:50,133 - INFO - [Test] Loss(Norm): 0.6014 | MSE(Norm): 0.6014 | Pearson R: 0.6614
2026-01-22 11:01:51,369 - INFO - Epoch [35/100], Step [0], Loss: 0.0958
2026-01-22 11:02:04,457 - INFO - Epoch [35/100], Step [10], Loss: 0.0274
2026-01-22 11:02:16,444 - INFO - Epoch [35/100], Step [20], Loss: 0.0358
2026-01-22 11:02:16,446 - INFO - Epoch 35 Finished. Train Loss: 0.0221 | Train MSE(Norm): 0.0227 | Train R: 0.9887
2026-01-22 11:02:16,447 - INFO - Running Validation for Epoch 35...
2026-01-22 11:02:17,381 - INFO - [Val] Loss(Norm): 0.6062 | MSE(Norm): 0.6062 | Pearson R: 0.5863
2026-01-22 11:02:17,381 - INFO - Running Testing for Epoch 35...
2026-01-22 11:02:19,295 - INFO - [Test] Loss(Norm): 0.7305 | MSE(Norm): 0.7305 | Pearson R: 0.6119
2026-01-22 11:02:20,226 - INFO - Epoch [36/100], Step [0], Loss: 0.0156
2026-01-22 11:02:31,606 - INFO - Epoch [36/100], Step [10], Loss: 0.0193
2026-01-22 11:02:42,802 - INFO - Epoch [36/100], Step [20], Loss: 0.0068
2026-01-22 11:02:42,806 - INFO - Epoch 36 Finished. Train Loss: 0.0157 | Train MSE(Norm): 0.0161 | Train R: 0.9919
2026-01-22 11:02:42,806 - INFO - Running Validation for Epoch 36...
2026-01-22 11:02:43,741 - INFO - [Val] Loss(Norm): 0.5922 | MSE(Norm): 0.5922 | Pearson R: 0.5871
2026-01-22 11:02:43,741 - INFO - Running Testing for Epoch 36...
2026-01-22 11:02:45,608 - INFO - [Test] Loss(Norm): 0.6594 | MSE(Norm): 0.6594 | Pearson R: 0.6464
2026-01-22 11:02:46,556 - INFO - Epoch [37/100], Step [0], Loss: 0.0091
2026-01-22 11:02:57,839 - INFO - Epoch [37/100], Step [10], Loss: 0.0094
2026-01-22 11:03:09,156 - INFO - Epoch [37/100], Step [20], Loss: 0.0092
2026-01-22 11:03:09,158 - INFO - Epoch 37 Finished. Train Loss: 0.0128 | Train MSE(Norm): 0.0131 | Train R: 0.9934
2026-01-22 11:03:09,158 - INFO - Running Validation for Epoch 37...
2026-01-22 11:03:10,126 - INFO - [Val] Loss(Norm): 0.6009 | MSE(Norm): 0.6009 | Pearson R: 0.5792
2026-01-22 11:03:10,126 - INFO - Running Testing for Epoch 37...
2026-01-22 11:03:12,054 - INFO - [Test] Loss(Norm): 0.6430 | MSE(Norm): 0.6430 | Pearson R: 0.6465
2026-01-22 11:03:12,975 - INFO - Epoch [38/100], Step [0], Loss: 0.0159
2026-01-22 11:03:24,284 - INFO - Epoch [38/100], Step [10], Loss: 0.0061
2026-01-22 11:03:35,613 - INFO - Epoch [38/100], Step [20], Loss: 0.0125
2026-01-22 11:03:35,615 - INFO - Epoch 38 Finished. Train Loss: 0.0100 | Train MSE(Norm): 0.0102 | Train R: 0.9948
2026-01-22 11:03:35,615 - INFO - Running Validation for Epoch 38...
2026-01-22 11:03:36,585 - INFO - [Val] Loss(Norm): 0.5973 | MSE(Norm): 0.5973 | Pearson R: 0.5798
2026-01-22 11:03:36,585 - INFO - Running Testing for Epoch 38...
2026-01-22 11:03:38,536 - INFO - [Test] Loss(Norm): 0.6562 | MSE(Norm): 0.6562 | Pearson R: 0.6427
2026-01-22 11:03:39,473 - INFO - Epoch [39/100], Step [0], Loss: 0.0111
2026-01-22 11:03:50,704 - INFO - Epoch [39/100], Step [10], Loss: 0.0119
2026-01-22 11:04:02,018 - INFO - Epoch [39/100], Step [20], Loss: 0.0088
2026-01-22 11:04:02,020 - INFO - Epoch 39 Finished. Train Loss: 0.0085 | Train MSE(Norm): 0.0087 | Train R: 0.9957
2026-01-22 11:04:02,020 - INFO - Running Validation for Epoch 39...
2026-01-22 11:04:02,988 - INFO - [Val] Loss(Norm): 0.5882 | MSE(Norm): 0.5882 | Pearson R: 0.5882
2026-01-22 11:04:02,989 - INFO - Running Testing for Epoch 39...
2026-01-22 11:04:04,925 - INFO - [Test] Loss(Norm): 0.6763 | MSE(Norm): 0.6763 | Pearson R: 0.6227
2026-01-22 11:04:05,909 - INFO - Epoch [40/100], Step [0], Loss: 0.0037
2026-01-22 11:04:17,072 - INFO - Epoch [40/100], Step [10], Loss: 0.0090
2026-01-22 11:04:28,256 - INFO - Epoch [40/100], Step [20], Loss: 0.0091
2026-01-22 11:04:28,257 - INFO - Epoch 40 Finished. Train Loss: 0.0069 | Train MSE(Norm): 0.0071 | Train R: 0.9965
2026-01-22 11:04:28,258 - INFO - Running Validation for Epoch 40...
2026-01-22 11:04:29,175 - INFO - [Val] Loss(Norm): 0.5907 | MSE(Norm): 0.5907 | Pearson R: 0.5905
2026-01-22 11:04:29,175 - INFO - Running Testing for Epoch 40...
2026-01-22 11:04:31,070 - INFO - [Test] Loss(Norm): 0.7019 | MSE(Norm): 0.7019 | Pearson R: 0.6256
2026-01-22 11:04:32,347 - INFO - Epoch [41/100], Step [0], Loss: 0.0040
2026-01-22 11:04:43,283 - INFO - Epoch [41/100], Step [10], Loss: 0.0235
2026-01-22 11:04:54,549 - INFO - Epoch [41/100], Step [20], Loss: 0.0053
2026-01-22 11:04:54,550 - INFO - Epoch 41 Finished. Train Loss: 0.0088 | Train MSE(Norm): 0.0090 | Train R: 0.9954
2026-01-22 11:04:54,550 - INFO - Running Validation for Epoch 41...
2026-01-22 11:04:55,496 - INFO - [Val] Loss(Norm): 0.6016 | MSE(Norm): 0.6016 | Pearson R: 0.5774
2026-01-22 11:04:55,496 - INFO - Running Testing for Epoch 41...
2026-01-22 11:04:57,363 - INFO - [Test] Loss(Norm): 0.6698 | MSE(Norm): 0.6698 | Pearson R: 0.6201
2026-01-22 11:04:58,874 - INFO - Epoch [42/100], Step [0], Loss: 0.0106
2026-01-22 11:05:09,480 - INFO - Epoch [42/100], Step [10], Loss: 0.0022
2026-01-22 11:05:20,734 - INFO - Epoch [42/100], Step [20], Loss: 0.0063
2026-01-22 11:05:20,737 - INFO - Epoch 42 Finished. Train Loss: 0.0069 | Train MSE(Norm): 0.0071 | Train R: 0.9964
2026-01-22 11:05:20,737 - INFO - Running Validation for Epoch 42...
2026-01-22 11:05:21,674 - INFO - [Val] Loss(Norm): 0.6140 | MSE(Norm): 0.6140 | Pearson R: 0.5659
2026-01-22 11:05:21,674 - INFO - Running Testing for Epoch 42...
2026-01-22 11:05:23,697 - INFO - [Test] Loss(Norm): 0.6579 | MSE(Norm): 0.6579 | Pearson R: 0.6360
2026-01-22 11:05:25,425 - INFO - Epoch [43/100], Step [0], Loss: 0.0031
2026-01-22 11:05:35,672 - INFO - Epoch [43/100], Step [10], Loss: 0.0035
2026-01-22 11:05:46,869 - INFO - Epoch [43/100], Step [20], Loss: 0.0055
2026-01-22 11:05:46,873 - INFO - Epoch 43 Finished. Train Loss: 0.0046 | Train MSE(Norm): 0.0047 | Train R: 0.9976
2026-01-22 11:05:46,873 - INFO - Running Validation for Epoch 43...
2026-01-22 11:05:47,807 - INFO - [Val] Loss(Norm): 0.5753 | MSE(Norm): 0.5753 | Pearson R: 0.5985
2026-01-22 11:05:47,807 - INFO - Running Testing for Epoch 43...
2026-01-22 11:05:50,900 - INFO - [Test] Loss(Norm): 0.6590 | MSE(Norm): 0.6590 | Pearson R: 0.6356
2026-01-22 11:05:52,592 - INFO - Epoch [44/100], Step [0], Loss: 0.0014
2026-01-22 11:06:03,329 - INFO - Epoch [44/100], Step [10], Loss: 0.0026
2026-01-22 11:06:14,071 - INFO - Epoch [44/100], Step [20], Loss: 0.0136
2026-01-22 11:06:14,073 - INFO - Epoch 44 Finished. Train Loss: 0.0043 | Train MSE(Norm): 0.0044 | Train R: 0.9978
2026-01-22 11:06:14,073 - INFO - Running Validation for Epoch 44...
2026-01-22 11:06:15,725 - INFO - [Val] Loss(Norm): 0.5852 | MSE(Norm): 0.5852 | Pearson R: 0.5937
2026-01-22 11:06:15,725 - INFO - Running Testing for Epoch 44...
2026-01-22 11:06:18,116 - INFO - [Test] Loss(Norm): 0.6480 | MSE(Norm): 0.6480 | Pearson R: 0.6361
2026-01-22 11:06:19,037 - INFO - Epoch [45/100], Step [0], Loss: 0.0035
2026-01-22 11:06:27,711 - INFO - Epoch [45/100], Step [10], Loss: 0.0046
2026-01-22 11:06:37,340 - INFO - Epoch [45/100], Step [20], Loss: 0.0083
2026-01-22 11:06:37,341 - INFO - Epoch 45 Finished. Train Loss: 0.0045 | Train MSE(Norm): 0.0047 | Train R: 0.9977
2026-01-22 11:06:37,341 - INFO - Running Validation for Epoch 45...
2026-01-22 11:06:38,258 - INFO - [Val] Loss(Norm): 0.6004 | MSE(Norm): 0.6004 | Pearson R: 0.5830
2026-01-22 11:06:38,258 - INFO - Running Testing for Epoch 45...
2026-01-22 11:06:40,163 - INFO - [Test] Loss(Norm): 0.6710 | MSE(Norm): 0.6710 | Pearson R: 0.6498
2026-01-22 11:06:41,425 - INFO - Epoch [46/100], Step [0], Loss: 0.0089
2026-01-22 11:06:50,693 - INFO - Epoch [46/100], Step [10], Loss: 0.0067
2026-01-22 11:07:00,354 - INFO - Epoch [46/100], Step [20], Loss: 0.0075
2026-01-22 11:07:00,356 - INFO - Epoch 46 Finished. Train Loss: 0.0089 | Train MSE(Norm): 0.0091 | Train R: 0.9954
2026-01-22 11:07:00,356 - INFO - Running Validation for Epoch 46...
2026-01-22 11:07:01,286 - INFO - [Val] Loss(Norm): 0.6122 | MSE(Norm): 0.6122 | Pearson R: 0.5706
2026-01-22 11:07:01,286 - INFO - Running Testing for Epoch 46...
2026-01-22 11:07:03,288 - INFO - [Test] Loss(Norm): 0.6523 | MSE(Norm): 0.6523 | Pearson R: 0.6458
2026-01-22 11:07:04,745 - INFO - Epoch [47/100], Step [0], Loss: 0.0057
2026-01-22 11:07:13,554 - INFO - Epoch [47/100], Step [10], Loss: 0.0138
2026-01-22 11:07:23,182 - INFO - Epoch [47/100], Step [20], Loss: 0.0190
2026-01-22 11:07:23,186 - INFO - Epoch 47 Finished. Train Loss: 0.0139 | Train MSE(Norm): 0.0142 | Train R: 0.9929
2026-01-22 11:07:23,186 - INFO - Running Validation for Epoch 47...
2026-01-22 11:07:24,136 - INFO - [Val] Loss(Norm): 0.5973 | MSE(Norm): 0.5973 | Pearson R: 0.5821
2026-01-22 11:07:24,136 - INFO - Running Testing for Epoch 47...
2026-01-22 11:07:26,723 - INFO - [Test] Loss(Norm): 0.6323 | MSE(Norm): 0.6323 | Pearson R: 0.6454
