Loading labels from ******* for task: classification...
Reading file list from *******
Dataset ready. Matched 240 samples.
Loading labels from ******* for task: classification...
Reading file list from *******
Dataset ready. Matched 31 samples.
Loading labels from ******* for task: classification...
Reading file list from *******
Dataset ready. Matched 60 samples.
Loading pretrained weights from: *******
Task: Classification (Gender)
Start Finetuning (classification) for 40 epochs...
Epoch [1/40] Loss: 1.1120 | Val Acc: 0.5484 | F1: 0.4143 | test Acc: 0.4000 | F1: 0.2286
>>> Best model saved.
Epoch [2/40] Loss: 1.0736 | Val Acc: 0.5161 | F1: 0.3514 | test Acc: 0.4000 | F1: 0.2286
Epoch [3/40] Loss: 1.0606 | Val Acc: 0.5161 | F1: 0.3514 | test Acc: 0.4000 | F1: 0.2286
Epoch [4/40] Loss: 1.0731 | Val Acc: 0.5484 | F1: 0.4379 | test Acc: 0.4167 | F1: 0.2627
Epoch [5/40] Loss: 1.0453 | Val Acc: 0.5161 | F1: 0.4135 | test Acc: 0.4667 | F1: 0.3520
Epoch [6/40] Loss: 1.0496 | Val Acc: 0.5161 | F1: 0.4241 | test Acc: 0.5000 | F1: 0.3981
Epoch [7/40] Loss: 1.0044 | Val Acc: 0.5161 | F1: 0.4241 | test Acc: 0.5000 | F1: 0.3927
Epoch [8/40] Loss: 0.9551 | Val Acc: 0.5806 | F1: 0.4807 | test Acc: 0.4667 | F1: 0.3740
>>> Best model saved.
Epoch [9/40] Loss: 0.9337 | Val Acc: 0.5806 | F1: 0.5488 | test Acc: 0.4833 | F1: 0.4301
Epoch [10/40] Loss: 0.8547 | Val Acc: 0.5161 | F1: 0.4794 | test Acc: 0.4333 | F1: 0.4005
Epoch [11/40] Loss: 0.8778 | Val Acc: 0.6452 | F1: 0.6074 | test Acc: 0.4833 | F1: 0.4347
>>> Best model saved.
Epoch [12/40] Loss: 0.8638 | Val Acc: 0.6129 | F1: 0.5801 | test Acc: 0.5167 | F1: 0.4898
Epoch [13/40] Loss: 0.8027 | Val Acc: 0.6129 | F1: 0.5775 | test Acc: 0.4667 | F1: 0.4561
Epoch [14/40] Loss: 0.8007 | Val Acc: 0.6774 | F1: 0.6341 | test Acc: 0.5167 | F1: 0.4775
>>> Best model saved.
Epoch [15/40] Loss: 0.7274 | Val Acc: 0.6129 | F1: 0.5974 | test Acc: 0.5333 | F1: 0.5296
Epoch [16/40] Loss: 0.7024 | Val Acc: 0.6774 | F1: 0.6740 | test Acc: 0.5667 | F1: 0.5632
Epoch [17/40] Loss: 0.6528 | Val Acc: 0.7097 | F1: 0.6850 | test Acc: 0.5333 | F1: 0.5251
>>> Best model saved.
Epoch [18/40] Loss: 0.6083 | Val Acc: 0.7097 | F1: 0.6982 | test Acc: 0.5667 | F1: 0.5701
Epoch [19/40] Loss: 0.5535 | Val Acc: 0.7742 | F1: 0.7758 | test Acc: 0.5500 | F1: 0.5466
>>> Best model saved.
Epoch [20/40] Loss: 0.5461 | Val Acc: 0.5806 | F1: 0.5765 | test Acc: 0.4833 | F1: 0.4753
Epoch [21/40] Loss: 0.5078 | Val Acc: 0.7419 | F1: 0.7383 | test Acc: 0.5500 | F1: 0.5476
Epoch [22/40] Loss: 0.4816 | Val Acc: 0.7097 | F1: 0.7115 | test Acc: 0.5500 | F1: 0.5545
Epoch [23/40] Loss: 0.4198 | Val Acc: 0.6774 | F1: 0.6859 | test Acc: 0.5333 | F1: 0.5369
Epoch [24/40] Loss: 0.4051 | Val Acc: 0.6774 | F1: 0.6867 | test Acc: 0.5500 | F1: 0.5530
Epoch [25/40] Loss: 0.3595 | Val Acc: 0.7742 | F1: 0.7754 | test Acc: 0.5167 | F1: 0.5198
Epoch [26/40] Loss: 0.3511 | Val Acc: 0.7742 | F1: 0.7669 | test Acc: 0.5667 | F1: 0.5639
Epoch [27/40] Loss: 0.3208 | Val Acc: 0.7742 | F1: 0.7754 | test Acc: 0.5167 | F1: 0.5210
Epoch [28/40] Loss: 0.3109 | Val Acc: 0.7419 | F1: 0.7516 | test Acc: 0.5167 | F1: 0.5192
Epoch [29/40] Loss: 0.2367 | Val Acc: 0.7742 | F1: 0.7789 | test Acc: 0.5333 | F1: 0.5339
Epoch [30/40] Loss: 0.2232 | Val Acc: 0.8065 | F1: 0.8009 | test Acc: 0.5667 | F1: 0.5657
>>> Best model saved.
Epoch [31/40] Loss: 0.1561 | Val Acc: 0.7097 | F1: 0.7171 | test Acc: 0.5500 | F1: 0.5502
Epoch [32/40] Loss: 0.1864 | Val Acc: 0.7742 | F1: 0.7754 | test Acc: 0.5833 | F1: 0.5814
Epoch [33/40] Loss: 0.1627 | Val Acc: 0.8065 | F1: 0.8027 | test Acc: 0.5667 | F1: 0.5663
Epoch [34/40] Loss: 0.2125 | Val Acc: 0.6774 | F1: 0.6786 | test Acc: 0.5667 | F1: 0.5568
Epoch [35/40] Loss: 0.2005 | Val Acc: 0.6452 | F1: 0.6570 | test Acc: 0.5333 | F1: 0.5340
Epoch [36/40] Loss: 0.1128 | Val Acc: 0.7097 | F1: 0.7062 | test Acc: 0.5333 | F1: 0.5272
Epoch [37/40] Loss: 0.0947 | Val Acc: 0.7419 | F1: 0.7410 | test Acc: 0.5167 | F1: 0.5178
Epoch [38/40] Loss: 0.0680 | Val Acc: 0.7419 | F1: 0.7406 | test Acc: 0.4833 | F1: 0.4790
Epoch [39/40] Loss: 0.0585 | Val Acc: 0.7742 | F1: 0.7644 | test Acc: 0.6167 | F1: 0.6161
Epoch [40/40] Loss: 0.0536 | Val Acc: 0.7097 | F1: 0.7171 | test Acc: 0.5167 | F1: 0.5098
Finetuning finished. Testing best model...
Test Result -> Acc: 0.5667 | F1: 0.5657