2026-01-22 12:17:21,974 - INFO - Logging configured. Log file saved to: *******
2026-01-22 12:17:21,978 - INFO - Random seed set to: 46
2026-01-22 12:17:21,978 - INFO - Configuration:
2026-01-22 12:17:21,978 - INFO - Batch Size: 16, LR: 1e-05, Epochs: 100
2026-01-22 12:17:21,981 - INFO - Using device: cuda
2026-01-22 12:17:22,157 - INFO - Loading checkpoint from *******
2026-01-22 12:17:22,289 - INFO - --- 开始执行 Key 映射转换 ---
2026-01-22 12:17:22,289 - INFO - 转换示例 (Checkpoint -> Model):
2026-01-22 12:17:22,289 - INFO -   vit.embeddings.cls_token  ==>  embeddings.cls_token (大致)
2026-01-22 12:17:22,289 - INFO -   vit.embeddings.signal_embedding_projection.weight  ==>  embeddings.signal_embedding_projection.weight (大致)
2026-01-22 12:17:22,289 - INFO -   vit.embeddings.signal_embedding_projection.bias  ==>  embeddings.signal_embedding_projection.bias (大致)
2026-01-22 12:17:22,293 - INFO - 
==============================
2026-01-22 12:17:22,293 - INFO - 加载结果报告
2026-01-22 12:17:22,293 - INFO - ==============================
2026-01-22 12:17:22,293 - INFO - ✅ Encoder 权重全部加载成功！
2026-01-22 12:17:22,293 - INFO - ✅ 信号投影层 (Signal Projection) 加载成功。
2026-01-22 12:17:22,293 - INFO - ✅ CLS Token 加载成功。
2026-01-22 12:17:22,767 - INFO - Loading Datasets...
2026-01-22 12:17:24,247 - INFO - Train samples: 1679, Val samples: 239, Test samples: 480
2026-01-22 12:17:24,725 - INFO - Starting Fine-tuning...
2026-01-22 12:17:26,852 - INFO - Epoch [1/100], Step [0], Loss: 0.6965
2026-01-22 12:17:37,298 - INFO - Epoch [1/100], Step [10], Loss: 0.6789
2026-01-22 12:17:52,794 - INFO - Epoch [1/100], Step [20], Loss: 0.7125
2026-01-22 12:18:10,866 - INFO - Epoch [1/100], Step [30], Loss: 0.6669
2026-01-22 12:18:28,765 - INFO - Epoch [1/100], Step [40], Loss: 0.7126
2026-01-22 12:18:46,429 - INFO - Epoch [1/100], Step [50], Loss: 0.6894
2026-01-22 12:19:04,184 - INFO - Epoch [1/100], Step [60], Loss: 0.7021
2026-01-22 12:19:21,939 - INFO - Epoch [1/100], Step [70], Loss: 0.6744
2026-01-22 12:19:39,603 - INFO - Epoch [1/100], Step [80], Loss: 0.6795
2026-01-22 12:19:57,516 - INFO - Epoch [1/100], Step [90], Loss: 0.6572
2026-01-22 12:20:15,502 - INFO - Epoch [1/100], Step [100], Loss: 0.7388
2026-01-22 12:20:20,856 - INFO - Epoch 1 Finished. Train Loss: 0.6899 | Train Acc: 0.5162 | Train F1: 0.5151
2026-01-22 12:20:20,856 - INFO - Running Validation for Epoch 1...
2026-01-22 12:20:30,119 - INFO - [Val] Loss: 0.6872 | Accuracy: 0.5439 | F1: 0.4345
2026-01-22 12:20:30,120 - INFO - Running Testing for Epoch 1...
2026-01-22 12:20:48,706 - INFO - [Test] Loss: 0.6884 | Accuracy: 0.5125 | F1: 0.3965
2026-01-22 12:20:48,760 - INFO - Saved checkpoint to *******
2026-01-22 12:20:48,810 - INFO - 🏆 New Best Model (Val Acc: 0.5439, Val F1: 0.4345) saved to *******
2026-01-22 12:20:50,494 - INFO - Epoch [2/100], Step [0], Loss: 0.6781
2026-01-22 12:21:08,524 - INFO - Epoch [2/100], Step [10], Loss: 0.6758
2026-01-22 12:21:26,307 - INFO - Epoch [2/100], Step [20], Loss: 0.6651
2026-01-22 12:21:44,339 - INFO - Epoch [2/100], Step [30], Loss: 0.6979
2026-01-22 12:22:02,014 - INFO - Epoch [2/100], Step [40], Loss: 0.6999
2026-01-22 12:22:19,711 - INFO - Epoch [2/100], Step [50], Loss: 0.7274
2026-01-22 12:22:37,414 - INFO - Epoch [2/100], Step [60], Loss: 0.6948
2026-01-22 12:22:55,171 - INFO - Epoch [2/100], Step [70], Loss: 0.6738
2026-01-22 12:23:13,001 - INFO - Epoch [2/100], Step [80], Loss: 0.6759
2026-01-22 12:23:30,812 - INFO - Epoch [2/100], Step [90], Loss: 0.6993
2026-01-22 12:23:48,655 - INFO - Epoch [2/100], Step [100], Loss: 0.6959
2026-01-22 12:23:54,148 - INFO - Epoch 2 Finished. Train Loss: 0.6857 | Train Acc: 0.5276 | Train F1: 0.5248
2026-01-22 12:23:54,148 - INFO - Running Validation for Epoch 2...
2026-01-22 12:24:03,331 - INFO - [Val] Loss: 0.6818 | Accuracy: 0.5356 | F1: 0.4789
2026-01-22 12:24:03,332 - INFO - Running Testing for Epoch 2...
2026-01-22 12:24:21,764 - INFO - [Test] Loss: 0.6841 | Accuracy: 0.5354 | F1: 0.4868
2026-01-22 12:24:21,815 - INFO - Saved checkpoint to *******
2026-01-22 12:24:23,454 - INFO - Epoch [3/100], Step [0], Loss: 0.6940
2026-01-22 12:24:41,125 - INFO - Epoch [3/100], Step [10], Loss: 0.6861
2026-01-22 12:24:58,748 - INFO - Epoch [3/100], Step [20], Loss: 0.6640
2026-01-22 12:25:16,375 - INFO - Epoch [3/100], Step [30], Loss: 0.6587
2026-01-22 12:25:34,187 - INFO - Epoch [3/100], Step [40], Loss: 0.6205
2026-01-22 12:25:52,070 - INFO - Epoch [3/100], Step [50], Loss: 0.6753
2026-01-22 12:26:10,044 - INFO - Epoch [3/100], Step [60], Loss: 0.6962
2026-01-22 12:26:27,994 - INFO - Epoch [3/100], Step [70], Loss: 0.6824
2026-01-22 12:26:45,803 - INFO - Epoch [3/100], Step [80], Loss: 0.6339
2026-01-22 12:27:03,580 - INFO - Epoch [3/100], Step [90], Loss: 0.6918
2026-01-22 12:27:21,459 - INFO - Epoch [3/100], Step [100], Loss: 0.6656
2026-01-22 12:27:26,927 - INFO - Epoch 3 Finished. Train Loss: 0.6730 | Train Acc: 0.5589 | Train F1: 0.5467
2026-01-22 12:27:26,927 - INFO - Running Validation for Epoch 3...
2026-01-22 12:27:36,136 - INFO - [Val] Loss: 0.6906 | Accuracy: 0.5397 | F1: 0.4638
2026-01-22 12:27:36,136 - INFO - Running Testing for Epoch 3...
2026-01-22 12:27:56,000 - INFO - [Test] Loss: 0.6865 | Accuracy: 0.5500 | F1: 0.4769
2026-01-22 12:27:56,064 - INFO - Saved checkpoint to *******
2026-01-22 12:27:58,056 - INFO - Epoch [4/100], Step [0], Loss: 0.6890
2026-01-22 12:28:16,379 - INFO - Epoch [4/100], Step [10], Loss: 0.6187
2026-01-22 12:28:34,804 - INFO - Epoch [4/100], Step [20], Loss: 0.6392
2026-01-22 12:28:52,814 - INFO - Epoch [4/100], Step [30], Loss: 0.7121
2026-01-22 12:29:10,869 - INFO - Epoch [4/100], Step [40], Loss: 0.6651
2026-01-22 12:29:29,028 - INFO - Epoch [4/100], Step [50], Loss: 0.6381
2026-01-22 12:29:47,804 - INFO - Epoch [4/100], Step [60], Loss: 0.6703
2026-01-22 12:30:06,658 - INFO - Epoch [4/100], Step [70], Loss: 0.7685
2026-01-22 12:30:25,015 - INFO - Epoch [4/100], Step [80], Loss: 0.6923
2026-01-22 12:30:43,411 - INFO - Epoch [4/100], Step [90], Loss: 0.6294
2026-01-22 12:31:01,464 - INFO - Epoch [4/100], Step [100], Loss: 0.7389
2026-01-22 12:31:06,939 - INFO - Epoch 4 Finished. Train Loss: 0.6660 | Train Acc: 0.5763 | Train F1: 0.5761
2026-01-22 12:31:06,939 - INFO - Running Validation for Epoch 4...
2026-01-22 12:31:16,873 - INFO - [Val] Loss: 0.6874 | Accuracy: 0.5188 | F1: 0.3977
2026-01-22 12:31:16,873 - INFO - Running Testing for Epoch 4...
2026-01-22 12:31:36,739 - INFO - [Test] Loss: 0.6904 | Accuracy: 0.5146 | F1: 0.4204
2026-01-22 12:31:36,898 - INFO - Saved checkpoint to *******
2026-01-22 12:31:38,683 - INFO - Epoch [5/100], Step [0], Loss: 0.6680
2026-01-22 12:31:56,611 - INFO - Epoch [5/100], Step [10], Loss: 0.6582
2026-01-22 12:32:15,553 - INFO - Epoch [5/100], Step [20], Loss: 0.6362
2026-01-22 12:32:33,729 - INFO - Epoch [5/100], Step [30], Loss: 0.6308
2026-01-22 12:32:52,036 - INFO - Epoch [5/100], Step [40], Loss: 0.5652
2026-01-22 12:33:09,700 - INFO - Epoch [5/100], Step [50], Loss: 0.7515
2026-01-22 12:33:28,458 - INFO - Epoch [5/100], Step [60], Loss: 0.7534
2026-01-22 12:33:46,720 - INFO - Epoch [5/100], Step [70], Loss: 0.6441
2026-01-22 12:34:04,495 - INFO - Epoch [5/100], Step [80], Loss: 0.7674
2026-01-22 12:34:22,483 - INFO - Epoch [5/100], Step [90], Loss: 0.6254
2026-01-22 12:34:40,667 - INFO - Epoch [5/100], Step [100], Loss: 0.6949
2026-01-22 12:34:46,094 - INFO - Epoch 5 Finished. Train Loss: 0.6520 | Train Acc: 0.6082 | Train F1: 0.6078
2026-01-22 12:34:46,094 - INFO - Running Validation for Epoch 5...
2026-01-22 12:34:55,817 - INFO - [Val] Loss: 0.6813 | Accuracy: 0.5900 | F1: 0.5796
2026-01-22 12:34:55,817 - INFO - Running Testing for Epoch 5...
2026-01-22 12:35:15,047 - INFO - [Test] Loss: 0.6882 | Accuracy: 0.5354 | F1: 0.5201
2026-01-22 12:35:15,107 - INFO - Saved checkpoint to *******
2026-01-22 12:35:15,167 - INFO - 🏆 New Best Model (Val Acc: 0.5900, Val F1: 0.5796) saved to *******
2026-01-22 12:35:16,869 - INFO - Epoch [6/100], Step [0], Loss: 0.6218
2026-01-22 12:35:35,506 - INFO - Epoch [6/100], Step [10], Loss: 0.6585
2026-01-22 12:35:53,932 - INFO - Epoch [6/100], Step [20], Loss: 0.6222
2026-01-22 12:36:11,810 - INFO - Epoch [6/100], Step [30], Loss: 0.6787
2026-01-22 12:36:29,514 - INFO - Epoch [6/100], Step [40], Loss: 0.7013
2026-01-22 12:36:47,874 - INFO - Epoch [6/100], Step [50], Loss: 0.6919
2026-01-22 12:37:05,636 - INFO - Epoch [6/100], Step [60], Loss: 0.6267
2026-01-22 12:37:23,653 - INFO - Epoch [6/100], Step [70], Loss: 0.6767
2026-01-22 12:37:42,242 - INFO - Epoch [6/100], Step [80], Loss: 0.5778
2026-01-22 12:38:00,416 - INFO - Epoch [6/100], Step [90], Loss: 0.5936
2026-01-22 12:38:18,424 - INFO - Epoch [6/100], Step [100], Loss: 0.6405
2026-01-22 12:38:23,897 - INFO - Epoch 6 Finished. Train Loss: 0.6434 | Train Acc: 0.6226 | Train F1: 0.6224
2026-01-22 12:38:23,898 - INFO - Running Validation for Epoch 6...
2026-01-22 12:38:32,986 - INFO - [Val] Loss: 0.6907 | Accuracy: 0.5565 | F1: 0.5465
2026-01-22 12:38:32,986 - INFO - Running Testing for Epoch 6...
2026-01-22 12:38:51,827 - INFO - [Test] Loss: 0.6999 | Accuracy: 0.5646 | F1: 0.5594
2026-01-22 12:38:51,895 - INFO - Saved checkpoint to *******
2026-01-22 12:38:53,714 - INFO - Epoch [7/100], Step [0], Loss: 0.5714
2026-01-22 12:39:11,642 - INFO - Epoch [7/100], Step [10], Loss: 0.5707
2026-01-22 12:39:29,747 - INFO - Epoch [7/100], Step [20], Loss: 0.6724
2026-01-22 12:39:47,855 - INFO - Epoch [7/100], Step [30], Loss: 0.5748
2026-01-22 12:40:05,642 - INFO - Epoch [7/100], Step [40], Loss: 0.6777
2026-01-22 12:40:23,509 - INFO - Epoch [7/100], Step [50], Loss: 0.5560
2026-01-22 12:40:41,326 - INFO - Epoch [7/100], Step [60], Loss: 0.5318
2026-01-22 12:41:01,030 - INFO - Epoch [7/100], Step [70], Loss: 0.7278
2026-01-22 12:41:19,081 - INFO - Epoch [7/100], Step [80], Loss: 0.5808
2026-01-22 12:41:36,874 - INFO - Epoch [7/100], Step [90], Loss: 0.5910
2026-01-22 12:41:54,625 - INFO - Epoch [7/100], Step [100], Loss: 0.7056
2026-01-22 12:41:59,794 - INFO - Epoch 7 Finished. Train Loss: 0.6175 | Train Acc: 0.6352 | Train F1: 0.6353
2026-01-22 12:41:59,794 - INFO - Running Validation for Epoch 7...
2026-01-22 12:42:08,962 - INFO - [Val] Loss: 0.7105 | Accuracy: 0.5272 | F1: 0.5200
2026-01-22 12:42:08,963 - INFO - Running Testing for Epoch 7...
2026-01-22 12:42:27,306 - INFO - [Test] Loss: 0.7169 | Accuracy: 0.5333 | F1: 0.5210
2026-01-22 12:42:27,370 - INFO - Saved checkpoint to *******
2026-01-22 12:42:29,296 - INFO - Epoch [8/100], Step [0], Loss: 0.5533
2026-01-22 12:42:47,079 - INFO - Epoch [8/100], Step [10], Loss: 0.4513
2026-01-22 12:43:05,028 - INFO - Epoch [8/100], Step [20], Loss: 0.7330
2026-01-22 12:43:22,874 - INFO - Epoch [8/100], Step [30], Loss: 0.7371
2026-01-22 12:43:40,718 - INFO - Epoch [8/100], Step [40], Loss: 0.6604
2026-01-22 12:43:58,515 - INFO - Epoch [8/100], Step [50], Loss: 0.6636
2026-01-22 12:44:16,255 - INFO - Epoch [8/100], Step [60], Loss: 0.5675
2026-01-22 12:44:34,446 - INFO - Epoch [8/100], Step [70], Loss: 0.5419
2026-01-22 12:44:52,322 - INFO - Epoch [8/100], Step [80], Loss: 0.6963
2026-01-22 12:45:10,080 - INFO - Epoch [8/100], Step [90], Loss: 0.6971
2026-01-22 12:45:27,838 - INFO - Epoch [8/100], Step [100], Loss: 0.6193
2026-01-22 12:45:33,037 - INFO - Epoch 8 Finished. Train Loss: 0.5974 | Train Acc: 0.6767 | Train F1: 0.6767
2026-01-22 12:45:33,037 - INFO - Running Validation for Epoch 8...
2026-01-22 12:45:42,200 - INFO - [Val] Loss: 0.6964 | Accuracy: 0.5565 | F1: 0.5366
2026-01-22 12:45:42,201 - INFO - Running Testing for Epoch 8...
2026-01-22 12:46:00,631 - INFO - [Test] Loss: 0.7333 | Accuracy: 0.5167 | F1: 0.4915
2026-01-22 12:46:00,689 - INFO - Saved checkpoint to *******
2026-01-22 12:46:02,619 - INFO - Epoch [9/100], Step [0], Loss: 0.4909
2026-01-22 12:46:20,461 - INFO - Epoch [9/100], Step [10], Loss: 0.6459
2026-01-22 12:46:38,339 - INFO - Epoch [9/100], Step [20], Loss: 0.5932
2026-01-22 12:46:56,191 - INFO - Epoch [9/100], Step [30], Loss: 0.4859
2026-01-22 12:47:14,001 - INFO - Epoch [9/100], Step [40], Loss: 0.5162
2026-01-22 12:47:31,742 - INFO - Epoch [9/100], Step [50], Loss: 0.5794
2026-01-22 12:47:49,670 - INFO - Epoch [9/100], Step [60], Loss: 0.7566
2026-01-22 12:48:07,620 - INFO - Epoch [9/100], Step [70], Loss: 0.6201
2026-01-22 12:48:25,478 - INFO - Epoch [9/100], Step [80], Loss: 0.6518
2026-01-22 12:48:43,346 - INFO - Epoch [9/100], Step [90], Loss: 0.6052
2026-01-22 12:48:59,440 - INFO - Epoch [9/100], Step [100], Loss: 0.5458
2026-01-22 12:49:02,090 - INFO - Epoch 9 Finished. Train Loss: 0.5641 | Train Acc: 0.7019 | Train F1: 0.7014
2026-01-22 12:49:02,090 - INFO - Running Validation for Epoch 9...
2026-01-22 12:49:08,141 - INFO - [Val] Loss: 0.7186 | Accuracy: 0.5272 | F1: 0.5200
2026-01-22 12:49:08,142 - INFO - Running Testing for Epoch 9...
2026-01-22 12:49:25,484 - INFO - [Test] Loss: 0.7505 | Accuracy: 0.5312 | F1: 0.5198
2026-01-22 12:49:25,542 - INFO - Saved checkpoint to *******
2026-01-22 12:49:27,106 - INFO - Epoch [10/100], Step [0], Loss: 0.5106
2026-01-22 12:49:43,443 - INFO - Epoch [10/100], Step [10], Loss: 0.4709
2026-01-22 12:50:00,019 - INFO - Epoch [10/100], Step [20], Loss: 0.6169
2026-01-22 12:50:16,303 - INFO - Epoch [10/100], Step [30], Loss: 0.5104
2026-01-22 12:50:32,539 - INFO - Epoch [10/100], Step [40], Loss: 0.4649
2026-01-22 12:50:46,020 - INFO - Epoch [10/100], Step [50], Loss: 0.5716
2026-01-22 12:50:59,339 - INFO - Epoch [10/100], Step [60], Loss: 0.6695
2026-01-22 12:51:15,773 - INFO - Epoch [10/100], Step [70], Loss: 0.7242
2026-01-22 12:51:32,172 - INFO - Epoch [10/100], Step [80], Loss: 0.6348
2026-01-22 12:51:48,947 - INFO - Epoch [10/100], Step [90], Loss: 0.5488
2026-01-22 12:52:04,849 - INFO - Epoch [10/100], Step [100], Loss: 0.5856
2026-01-22 12:52:09,701 - INFO - Epoch 10 Finished. Train Loss: 0.5391 | Train Acc: 0.7025 | Train F1: 0.7025
2026-01-22 12:52:09,701 - INFO - Running Validation for Epoch 10...
2026-01-22 12:52:18,084 - INFO - [Val] Loss: 0.7233 | Accuracy: 0.5565 | F1: 0.5382
2026-01-22 12:52:18,084 - INFO - Running Testing for Epoch 10...
2026-01-22 12:52:35,137 - INFO - [Test] Loss: 0.7689 | Accuracy: 0.5250 | F1: 0.5040
2026-01-22 12:52:35,199 - INFO - Saved checkpoint to *******
2026-01-22 12:52:36,837 - INFO - Epoch [11/100], Step [0], Loss: 0.4248
2026-01-22 12:52:52,956 - INFO - Epoch [11/100], Step [10], Loss: 0.3905
2026-01-22 12:53:09,152 - INFO - Epoch [11/100], Step [20], Loss: 0.3940
2026-01-22 12:53:25,200 - INFO - Epoch [11/100], Step [30], Loss: 0.4682
2026-01-22 12:53:41,306 - INFO - Epoch [11/100], Step [40], Loss: 0.5011
2026-01-22 12:53:57,463 - INFO - Epoch [11/100], Step [50], Loss: 0.5049
2026-01-22 12:54:10,671 - INFO - Epoch [11/100], Step [60], Loss: 0.4636
2026-01-22 12:54:21,167 - INFO - Epoch [11/100], Step [70], Loss: 0.4024
2026-01-22 12:54:38,878 - INFO - Epoch [11/100], Step [80], Loss: 0.4800
2026-01-22 12:54:56,787 - INFO - Epoch [11/100], Step [90], Loss: 0.4296
2026-01-22 12:55:14,609 - INFO - Epoch [11/100], Step [100], Loss: 0.4139
2026-01-22 12:55:20,269 - INFO - Epoch 11 Finished. Train Loss: 0.4837 | Train Acc: 0.7494 | Train F1: 0.7493
2026-01-22 12:55:20,269 - INFO - Running Validation for Epoch 11...
2026-01-22 12:55:29,887 - INFO - [Val] Loss: 0.7343 | Accuracy: 0.5900 | F1: 0.5837
2026-01-22 12:55:29,888 - INFO - Running Testing for Epoch 11...
2026-01-22 12:55:48,352 - INFO - [Test] Loss: 0.8031 | Accuracy: 0.5292 | F1: 0.5204
2026-01-22 12:55:48,406 - INFO - Saved checkpoint to *******
2026-01-22 12:55:50,230 - INFO - Epoch [12/100], Step [0], Loss: 0.3634
2026-01-22 12:56:08,076 - INFO - Epoch [12/100], Step [10], Loss: 0.4699
2026-01-22 12:56:26,039 - INFO - Epoch [12/100], Step [20], Loss: 0.3910
2026-01-22 12:56:43,972 - INFO - Epoch [12/100], Step [30], Loss: 0.5463
2026-01-22 12:57:01,716 - INFO - Epoch [12/100], Step [40], Loss: 0.2980
2026-01-22 12:57:19,712 - INFO - Epoch [12/100], Step [50], Loss: 0.3550
2026-01-22 12:57:37,931 - INFO - Epoch [12/100], Step [60], Loss: 0.5116
2026-01-22 12:57:56,304 - INFO - Epoch [12/100], Step [70], Loss: 0.7316
2026-01-22 12:58:14,435 - INFO - Epoch [12/100], Step [80], Loss: 0.5614
2026-01-22 12:58:32,801 - INFO - Epoch [12/100], Step [90], Loss: 0.4521
2026-01-22 12:58:50,984 - INFO - Epoch [12/100], Step [100], Loss: 0.3235
2026-01-22 12:58:56,297 - INFO - Epoch 12 Finished. Train Loss: 0.4534 | Train Acc: 0.7740 | Train F1: 0.7736
2026-01-22 12:58:56,297 - INFO - Running Validation for Epoch 12...
2026-01-22 12:59:05,511 - INFO - [Val] Loss: 0.7881 | Accuracy: 0.5858 | F1: 0.5803
2026-01-22 12:59:05,511 - INFO - Running Testing for Epoch 12...
2026-01-22 12:59:23,902 - INFO - [Test] Loss: 0.8484 | Accuracy: 0.5500 | F1: 0.5426
2026-01-22 12:59:23,954 - INFO - Saved checkpoint to *******
2026-01-22 12:59:25,788 - INFO - Epoch [13/100], Step [0], Loss: 0.4437
2026-01-22 12:59:44,650 - INFO - Epoch [13/100], Step [10], Loss: 0.4496
2026-01-22 13:00:02,652 - INFO - Epoch [13/100], Step [20], Loss: 0.3791
2026-01-22 13:00:20,773 - INFO - Epoch [13/100], Step [30], Loss: 0.4521
2026-01-22 13:00:38,595 - INFO - Epoch [13/100], Step [40], Loss: 0.3631
2026-01-22 13:00:56,359 - INFO - Epoch [13/100], Step [50], Loss: 0.3537
2026-01-22 13:01:14,130 - INFO - Epoch [13/100], Step [60], Loss: 0.2785
2026-01-22 13:01:32,178 - INFO - Epoch [13/100], Step [70], Loss: 0.4369
2026-01-22 13:01:50,082 - INFO - Epoch [13/100], Step [80], Loss: 0.5098
2026-01-22 13:02:08,371 - INFO - Epoch [13/100], Step [90], Loss: 0.2626
2026-01-22 13:02:26,183 - INFO - Epoch [13/100], Step [100], Loss: 0.3867
2026-01-22 13:02:31,602 - INFO - Epoch 13 Finished. Train Loss: 0.4055 | Train Acc: 0.8065 | Train F1: 0.8064
2026-01-22 13:02:31,602 - INFO - Running Validation for Epoch 13...
2026-01-22 13:02:40,592 - INFO - [Val] Loss: 0.7990 | Accuracy: 0.5941 | F1: 0.5822
2026-01-22 13:02:40,592 - INFO - Running Testing for Epoch 13...
2026-01-22 13:02:59,062 - INFO - [Test] Loss: 0.8933 | Accuracy: 0.5396 | F1: 0.5258
2026-01-22 13:02:59,115 - INFO - Saved checkpoint to *******
2026-01-22 13:02:59,160 - INFO - 🏆 New Best Model (Val Acc: 0.5941, Val F1: 0.5822) saved to *******
2026-01-22 13:03:00,888 - INFO - Epoch [14/100], Step [0], Loss: 0.2850
2026-01-22 13:03:18,696 - INFO - Epoch [14/100], Step [10], Loss: 0.3732
2026-01-22 13:03:36,452 - INFO - Epoch [14/100], Step [20], Loss: 0.2680
2026-01-22 13:03:54,364 - INFO - Epoch [14/100], Step [30], Loss: 0.3930
2026-01-22 13:04:12,230 - INFO - Epoch [14/100], Step [40], Loss: 0.3816
2026-01-22 13:04:30,223 - INFO - Epoch [14/100], Step [50], Loss: 0.6292
2026-01-22 13:04:48,117 - INFO - Epoch [14/100], Step [60], Loss: 0.4975
2026-01-22 13:05:06,084 - INFO - Epoch [14/100], Step [70], Loss: 0.2243
2026-01-22 13:05:23,899 - INFO - Epoch [14/100], Step [80], Loss: 0.4543
2026-01-22 13:05:42,268 - INFO - Epoch [14/100], Step [90], Loss: 0.2740
2026-01-22 13:06:00,893 - INFO - Epoch [14/100], Step [100], Loss: 0.6555
2026-01-22 13:06:06,313 - INFO - Epoch 14 Finished. Train Loss: 0.3660 | Train Acc: 0.8341 | Train F1: 0.8341
2026-01-22 13:06:06,314 - INFO - Running Validation for Epoch 14...
2026-01-22 13:06:15,510 - INFO - [Val] Loss: 0.8149 | Accuracy: 0.6025 | F1: 0.5908
2026-01-22 13:06:15,510 - INFO - Running Testing for Epoch 14...
2026-01-22 13:06:33,932 - INFO - [Test] Loss: 0.9428 | Accuracy: 0.5312 | F1: 0.5142
2026-01-22 13:06:33,998 - INFO - Saved checkpoint to *******
2026-01-22 13:06:34,056 - INFO - 🏆 New Best Model (Val Acc: 0.6025, Val F1: 0.5908) saved to *******
2026-01-22 13:06:35,991 - INFO - Epoch [15/100], Step [0], Loss: 0.3141
2026-01-22 13:06:54,024 - INFO - Epoch [15/100], Step [10], Loss: 0.2816
2026-01-22 13:07:11,818 - INFO - Epoch [15/100], Step [20], Loss: 0.4031
2026-01-22 13:07:29,711 - INFO - Epoch [15/100], Step [30], Loss: 0.0929
2026-01-22 13:07:47,712 - INFO - Epoch [15/100], Step [40], Loss: 0.1962
2026-01-22 13:08:05,661 - INFO - Epoch [15/100], Step [50], Loss: 0.2491
2026-01-22 13:08:23,541 - INFO - Epoch [15/100], Step [60], Loss: 0.4414
2026-01-22 13:08:41,649 - INFO - Epoch [15/100], Step [70], Loss: 0.3144
2026-01-22 13:08:59,722 - INFO - Epoch [15/100], Step [80], Loss: 0.2023
2026-01-22 13:09:17,885 - INFO - Epoch [15/100], Step [90], Loss: 0.1890
2026-01-22 13:09:35,673 - INFO - Epoch [15/100], Step [100], Loss: 0.2612
2026-01-22 13:09:40,957 - INFO - Epoch 15 Finished. Train Loss: 0.3211 | Train Acc: 0.8558 | Train F1: 0.8556
2026-01-22 13:09:40,957 - INFO - Running Validation for Epoch 15...
2026-01-22 13:09:50,218 - INFO - [Val] Loss: 0.8703 | Accuracy: 0.5983 | F1: 0.5983
2026-01-22 13:09:50,218 - INFO - Running Testing for Epoch 15...
2026-01-22 13:10:08,626 - INFO - [Test] Loss: 1.0081 | Accuracy: 0.5458 | F1: 0.5458
2026-01-22 13:10:08,699 - INFO - Saved checkpoint to *******
2026-01-22 13:10:10,580 - INFO - Epoch [16/100], Step [0], Loss: 0.3109
2026-01-22 13:10:28,615 - INFO - Epoch [16/100], Step [10], Loss: 0.3909
2026-01-22 13:10:46,924 - INFO - Epoch [16/100], Step [20], Loss: 0.1546
2026-01-22 13:11:04,800 - INFO - Epoch [16/100], Step [30], Loss: 0.1506
2026-01-22 13:11:22,874 - INFO - Epoch [16/100], Step [40], Loss: 0.2686
2026-01-22 13:11:40,768 - INFO - Epoch [16/100], Step [50], Loss: 0.2861
2026-01-22 13:11:58,779 - INFO - Epoch [16/100], Step [60], Loss: 0.3421
2026-01-22 13:12:16,550 - INFO - Epoch [16/100], Step [70], Loss: 0.4894
2026-01-22 13:12:34,365 - INFO - Epoch [16/100], Step [80], Loss: 0.4120
2026-01-22 13:12:52,189 - INFO - Epoch [16/100], Step [90], Loss: 0.2687
2026-01-22 13:13:10,070 - INFO - Epoch [16/100], Step [100], Loss: 0.3694
2026-01-22 13:13:15,582 - INFO - Epoch 16 Finished. Train Loss: 0.2956 | Train Acc: 0.8618 | Train F1: 0.8617
2026-01-22 13:13:15,582 - INFO - Running Validation for Epoch 16...
2026-01-22 13:13:24,838 - INFO - [Val] Loss: 0.9358 | Accuracy: 0.5649 | F1: 0.5649
2026-01-22 13:13:24,838 - INFO - Running Testing for Epoch 16...
2026-01-22 13:13:43,468 - INFO - [Test] Loss: 1.0754 | Accuracy: 0.5542 | F1: 0.5536
2026-01-22 13:13:43,542 - INFO - Saved checkpoint to *******
2026-01-22 13:13:45,209 - INFO - Epoch [17/100], Step [0], Loss: 0.1875
2026-01-22 13:14:03,172 - INFO - Epoch [17/100], Step [10], Loss: 0.4072
2026-01-22 13:14:21,519 - INFO - Epoch [17/100], Step [20], Loss: 0.2237
2026-01-22 13:14:39,378 - INFO - Epoch [17/100], Step [30], Loss: 0.1757
2026-01-22 13:14:57,163 - INFO - Epoch [17/100], Step [40], Loss: 0.3005
2026-01-22 13:15:15,115 - INFO - Epoch [17/100], Step [50], Loss: 0.3290
2026-01-22 13:15:32,992 - INFO - Epoch [17/100], Step [60], Loss: 0.2582
2026-01-22 13:15:50,797 - INFO - Epoch [17/100], Step [70], Loss: 0.0570
2026-01-22 13:16:08,850 - INFO - Epoch [17/100], Step [80], Loss: 0.2694
2026-01-22 13:16:26,827 - INFO - Epoch [17/100], Step [90], Loss: 0.4624
2026-01-22 13:16:44,647 - INFO - Epoch [17/100], Step [100], Loss: 0.3361
2026-01-22 13:16:49,850 - INFO - Epoch 17 Finished. Train Loss: 0.2547 | Train Acc: 0.8972 | Train F1: 0.8972
2026-01-22 13:16:49,852 - INFO - Running Validation for Epoch 17...
2026-01-22 13:16:58,950 - INFO - [Val] Loss: 0.9843 | Accuracy: 0.5774 | F1: 0.5662
2026-01-22 13:16:58,950 - INFO - Running Testing for Epoch 17...
2026-01-22 13:17:17,443 - INFO - [Test] Loss: 1.1226 | Accuracy: 0.5479 | F1: 0.5381
2026-01-22 13:17:17,509 - INFO - Saved checkpoint to *******
2026-01-22 13:17:19,128 - INFO - Epoch [18/100], Step [0], Loss: 0.3462
2026-01-22 13:17:37,558 - INFO - Epoch [18/100], Step [10], Loss: 0.1567
2026-01-22 13:17:56,242 - INFO - Epoch [18/100], Step [20], Loss: 0.1329
2026-01-22 13:18:14,837 - INFO - Epoch [18/100], Step [30], Loss: 0.2684
2026-01-22 13:18:33,134 - INFO - Epoch [18/100], Step [40], Loss: 0.2936
2026-01-22 13:18:51,801 - INFO - Epoch [18/100], Step [50], Loss: 0.1630
2026-01-22 13:19:10,180 - INFO - Epoch [18/100], Step [60], Loss: 0.2745
2026-01-22 13:19:28,096 - INFO - Epoch [18/100], Step [70], Loss: 0.2330
2026-01-22 13:19:45,961 - INFO - Epoch [18/100], Step [80], Loss: 0.1322
2026-01-22 13:20:03,793 - INFO - Epoch [18/100], Step [90], Loss: 0.1248
2026-01-22 13:20:21,618 - INFO - Epoch [18/100], Step [100], Loss: 0.1612
2026-01-22 13:20:27,108 - INFO - Epoch 18 Finished. Train Loss: 0.2260 | Train Acc: 0.8996 | Train F1: 0.8996
2026-01-22 13:20:27,108 - INFO - Running Validation for Epoch 18...
2026-01-22 13:20:36,206 - INFO - [Val] Loss: 1.0877 | Accuracy: 0.5774 | F1: 0.5774
2026-01-22 13:20:36,207 - INFO - Running Testing for Epoch 18...
2026-01-22 13:20:54,912 - INFO - [Test] Loss: 1.1625 | Accuracy: 0.5479 | F1: 0.5464
2026-01-22 13:20:54,978 - INFO - Saved checkpoint to *******
2026-01-22 13:20:56,768 - INFO - Epoch [19/100], Step [0], Loss: 0.2677
2026-01-22 13:21:14,577 - INFO - Epoch [19/100], Step [10], Loss: 0.1290
2026-01-22 13:21:32,381 - INFO - Epoch [19/100], Step [20], Loss: 0.0498
2026-01-22 13:21:50,786 - INFO - Epoch [19/100], Step [30], Loss: 0.0768
2026-01-22 13:22:08,935 - INFO - Epoch [19/100], Step [40], Loss: 0.1461
2026-01-22 13:22:27,402 - INFO - Epoch [19/100], Step [50], Loss: 0.1878
2026-01-22 13:22:45,814 - INFO - Epoch [19/100], Step [60], Loss: 0.1019
2026-01-22 13:23:04,415 - INFO - Epoch [19/100], Step [70], Loss: 0.3182
2026-01-22 13:23:22,468 - INFO - Epoch [19/100], Step [80], Loss: 0.1051
2026-01-22 13:23:40,926 - INFO - Epoch [19/100], Step [90], Loss: 0.2394
2026-01-22 13:23:58,910 - INFO - Epoch [19/100], Step [100], Loss: 0.2931
2026-01-22 13:24:04,312 - INFO - Epoch 19 Finished. Train Loss: 0.1997 | Train Acc: 0.9177 | Train F1: 0.9177
2026-01-22 13:24:04,312 - INFO - Running Validation for Epoch 19...
2026-01-22 13:24:13,472 - INFO - [Val] Loss: 1.0541 | Accuracy: 0.6109 | F1: 0.6108
2026-01-22 13:24:13,472 - INFO - Running Testing for Epoch 19...
2026-01-22 13:24:32,162 - INFO - [Test] Loss: 1.2063 | Accuracy: 0.5687 | F1: 0.5675
2026-01-22 13:24:32,232 - INFO - Saved checkpoint to *******
2026-01-22 13:24:32,287 - INFO - 🏆 New Best Model (Val Acc: 0.6109, Val F1: 0.6108) saved to *******
2026-01-22 13:24:34,190 - INFO - Epoch [20/100], Step [0], Loss: 0.1271
2026-01-22 13:24:52,171 - INFO - Epoch [20/100], Step [10], Loss: 0.1979
2026-01-22 13:25:10,010 - INFO - Epoch [20/100], Step [20], Loss: 0.3242
2026-01-22 13:25:21,687 - INFO - Epoch [20/100], Step [30], Loss: 0.1458
2026-01-22 13:25:37,837 - INFO - Epoch [20/100], Step [40], Loss: 0.1738
2026-01-22 13:25:51,636 - INFO - Epoch [20/100], Step [50], Loss: 0.0733
2026-01-22 13:26:06,574 - INFO - Epoch [20/100], Step [60], Loss: 0.1890
2026-01-22 13:26:21,450 - INFO - Epoch [20/100], Step [70], Loss: 0.2741
2026-01-22 13:26:34,997 - INFO - Epoch [20/100], Step [80], Loss: 0.3552
2026-01-22 13:26:49,939 - INFO - Epoch [20/100], Step [90], Loss: 0.0545
2026-01-22 13:27:04,121 - INFO - Epoch [20/100], Step [100], Loss: 0.1784
2026-01-22 13:27:07,988 - INFO - Epoch 20 Finished. Train Loss: 0.1724 | Train Acc: 0.9231 | Train F1: 0.9231
2026-01-22 13:27:07,989 - INFO - Running Validation for Epoch 20...
2026-01-22 13:27:15,975 - INFO - [Val] Loss: 1.1982 | Accuracy: 0.5774 | F1: 0.5771
2026-01-22 13:27:15,975 - INFO - Running Testing for Epoch 20...
2026-01-22 13:27:28,458 - INFO - [Test] Loss: 1.2855 | Accuracy: 0.5792 | F1: 0.5776
2026-01-22 13:27:28,540 - INFO - Saved checkpoint to *******
2026-01-22 13:27:29,707 - INFO - Epoch [21/100], Step [0], Loss: 0.1644
2026-01-22 13:27:45,000 - INFO - Epoch [21/100], Step [10], Loss: 0.0473
2026-01-22 13:27:59,962 - INFO - Epoch [21/100], Step [20], Loss: 0.2614
2026-01-22 13:28:15,268 - INFO - Epoch [21/100], Step [30], Loss: 0.1971
2026-01-22 13:28:30,741 - INFO - Epoch [21/100], Step [40], Loss: 0.0522
2026-01-22 13:28:47,011 - INFO - Epoch [21/100], Step [50], Loss: 0.1536
2026-01-22 13:29:03,359 - INFO - Epoch [21/100], Step [60], Loss: 0.1196
2026-01-22 13:29:18,282 - INFO - Epoch [21/100], Step [70], Loss: 0.1715
2026-01-22 13:29:34,507 - INFO - Epoch [21/100], Step [80], Loss: 0.1258
2026-01-22 13:29:50,817 - INFO - Epoch [21/100], Step [90], Loss: 0.1131
2026-01-22 13:30:05,584 - INFO - Epoch [21/100], Step [100], Loss: 0.1599
2026-01-22 13:30:10,094 - INFO - Epoch 21 Finished. Train Loss: 0.1509 | Train Acc: 0.9417 | Train F1: 0.9417
2026-01-22 13:30:10,094 - INFO - Running Validation for Epoch 21...
2026-01-22 13:30:17,342 - INFO - [Val] Loss: 1.3207 | Accuracy: 0.5858 | F1: 0.5790
2026-01-22 13:30:17,342 - INFO - Running Testing for Epoch 21...
2026-01-22 13:30:32,082 - INFO - [Test] Loss: 1.4067 | Accuracy: 0.5437 | F1: 0.5395
2026-01-22 13:30:32,151 - INFO - Saved checkpoint to *******
2026-01-22 13:30:33,750 - INFO - Epoch [22/100], Step [0], Loss: 0.0469
2026-01-22 13:30:49,021 - INFO - Epoch [22/100], Step [10], Loss: 0.0680
2026-01-22 13:30:59,807 - INFO - Epoch [22/100], Step [20], Loss: 0.1057
2026-01-22 13:31:12,570 - INFO - Epoch [22/100], Step [30], Loss: 0.2546
2026-01-22 13:31:30,426 - INFO - Epoch [22/100], Step [40], Loss: 0.1891
2026-01-22 13:31:48,463 - INFO - Epoch [22/100], Step [50], Loss: 0.2209
2026-01-22 13:32:06,354 - INFO - Epoch [22/100], Step [60], Loss: 0.0838
2026-01-22 13:32:24,182 - INFO - Epoch [22/100], Step [70], Loss: 0.0578
2026-01-22 13:32:42,042 - INFO - Epoch [22/100], Step [80], Loss: 0.0834
2026-01-22 13:33:00,790 - INFO - Epoch [22/100], Step [90], Loss: 0.1844
2026-01-22 13:33:19,639 - INFO - Epoch [22/100], Step [100], Loss: 0.1182
2026-01-22 13:33:25,000 - INFO - Epoch 22 Finished. Train Loss: 0.1213 | Train Acc: 0.9525 | Train F1: 0.9525
2026-01-22 13:33:25,000 - INFO - Running Validation for Epoch 22...
2026-01-22 13:33:35,672 - INFO - [Val] Loss: 1.3448 | Accuracy: 0.5816 | F1: 0.5799
2026-01-22 13:33:35,673 - INFO - Running Testing for Epoch 22...
2026-01-22 13:33:55,876 - INFO - [Test] Loss: 1.4775 | Accuracy: 0.5396 | F1: 0.5373
2026-01-22 13:33:56,093 - INFO - Saved checkpoint to *******
2026-01-22 13:33:57,962 - INFO - Epoch [23/100], Step [0], Loss: 0.0297
2026-01-22 13:34:15,850 - INFO - Epoch [23/100], Step [10], Loss: 0.1993
2026-01-22 13:34:33,934 - INFO - Epoch [23/100], Step [20], Loss: 0.0827
2026-01-22 13:34:52,822 - INFO - Epoch [23/100], Step [30], Loss: 0.2082
2026-01-22 13:35:12,661 - INFO - Epoch [23/100], Step [40], Loss: 0.1933
2026-01-22 13:35:31,684 - INFO - Epoch [23/100], Step [50], Loss: 0.1011
2026-01-22 13:35:51,107 - INFO - Epoch [23/100], Step [60], Loss: 0.0764
2026-01-22 13:36:09,927 - INFO - Epoch [23/100], Step [70], Loss: 0.0419
2026-01-22 13:36:28,465 - INFO - Epoch [23/100], Step [80], Loss: 0.0354
2026-01-22 13:36:47,204 - INFO - Epoch [23/100], Step [90], Loss: 0.1279
2026-01-22 13:37:05,488 - INFO - Epoch [23/100], Step [100], Loss: 0.1140
2026-01-22 13:37:10,938 - INFO - Epoch 23 Finished. Train Loss: 0.1296 | Train Acc: 0.9417 | Train F1: 0.9417
2026-01-22 13:37:10,938 - INFO - Running Validation for Epoch 23...
2026-01-22 13:37:21,498 - INFO - [Val] Loss: 1.4281 | Accuracy: 0.5649 | F1: 0.5649
2026-01-22 13:37:21,498 - INFO - Running Testing for Epoch 23...
2026-01-22 13:37:42,459 - INFO - [Test] Loss: 1.5373 | Accuracy: 0.5625 | F1: 0.5618
2026-01-22 13:37:42,662 - INFO - Saved checkpoint to *******
2026-01-22 13:37:44,375 - INFO - Epoch [24/100], Step [0], Loss: 0.0266
2026-01-22 13:38:03,280 - INFO - Epoch [24/100], Step [10], Loss: 0.0233
2026-01-22 13:38:22,210 - INFO - Epoch [24/100], Step [20], Loss: 0.0723
2026-01-22 13:38:40,888 - INFO - Epoch [24/100], Step [30], Loss: 0.0538
2026-01-22 13:39:00,342 - INFO - Epoch [24/100], Step [40], Loss: 0.0701
2026-01-22 13:39:19,868 - INFO - Epoch [24/100], Step [50], Loss: 0.0269
2026-01-22 13:39:38,390 - INFO - Epoch [24/100], Step [60], Loss: 0.1327
2026-01-22 13:39:57,800 - INFO - Epoch [24/100], Step [70], Loss: 0.0878
2026-01-22 13:40:16,356 - INFO - Epoch [24/100], Step [80], Loss: 0.1710
2026-01-22 13:40:34,327 - INFO - Epoch [24/100], Step [90], Loss: 0.0343
2026-01-22 13:40:52,195 - INFO - Epoch [24/100], Step [100], Loss: 0.0429
2026-01-22 13:40:57,475 - INFO - Epoch 24 Finished. Train Loss: 0.0760 | Train Acc: 0.9742 | Train F1: 0.9742
2026-01-22 13:40:57,475 - INFO - Running Validation for Epoch 24...
2026-01-22 13:41:06,659 - INFO - [Val] Loss: 1.5349 | Accuracy: 0.5816 | F1: 0.5810
2026-01-22 13:41:06,660 - INFO - Running Testing for Epoch 24...
2026-01-22 13:41:25,800 - INFO - [Test] Loss: 1.6257 | Accuracy: 0.5563 | F1: 0.5559
2026-01-22 13:41:25,879 - INFO - Saved checkpoint to *******
2026-01-22 13:41:27,821 - INFO - Epoch [25/100], Step [0], Loss: 0.0466
2026-01-22 13:41:47,166 - INFO - Epoch [25/100], Step [10], Loss: 0.1033
2026-01-22 13:42:06,011 - INFO - Epoch [25/100], Step [20], Loss: 0.0342
2026-01-22 13:42:24,784 - INFO - Epoch [25/100], Step [30], Loss: 0.0221
2026-01-22 13:42:43,398 - INFO - Epoch [25/100], Step [40], Loss: 0.1485
2026-01-22 13:43:02,797 - INFO - Epoch [25/100], Step [50], Loss: 0.0472
2026-01-22 13:43:21,441 - INFO - Epoch [25/100], Step [60], Loss: 0.2970
