Loading labels from ******* for task: classification...
Reading file list from *******
Dataset ready. Matched 228 samples.
Loading labels from ******* for task: classification...
Reading file list from *******
Dataset ready. Matched 41 samples.
Loading labels from ******* for task: classification...
Reading file list from *******
Dataset ready. Matched 62 samples.
Loading pretrained weights from: *******
Task: Classification (Gender)
Start Finetuning (classification) for 40 epochs...
Epoch [1/40] Loss: 1.1137 | Val Acc: 0.3902 | F1: 0.2509
>>> Best model saved.
Epoch [2/40] Loss: 1.0820 | Val Acc: 0.4146 | F1: 0.2619
>>> Best model saved.
Epoch [3/40] Loss: 1.0801 | Val Acc: 0.4390 | F1: 0.2679
>>> Best model saved.
Epoch [4/40] Loss: 1.0752 | Val Acc: 0.4390 | F1: 0.2679
Epoch [5/40] Loss: 1.0592 | Val Acc: 0.4878 | F1: 0.4229
>>> Best model saved.
Epoch [6/40] Loss: 1.0532 | Val Acc: 0.4146 | F1: 0.2939
Epoch [7/40] Loss: 1.0080 | Val Acc: 0.4878 | F1: 0.3785
Epoch [8/40] Loss: 1.0059 | Val Acc: 0.3902 | F1: 0.2554
Epoch [9/40] Loss: 0.9560 | Val Acc: 0.5366 | F1: 0.5193
>>> Best model saved.
Epoch [10/40] Loss: 0.9211 | Val Acc: 0.4634 | F1: 0.3785
Epoch [11/40] Loss: 0.8340 | Val Acc: 0.6098 | F1: 0.6156
>>> Best model saved.
Epoch [12/40] Loss: 0.8652 | Val Acc: 0.4390 | F1: 0.3692
Epoch [13/40] Loss: 0.7333 | Val Acc: 0.5610 | F1: 0.5344
Epoch [14/40] Loss: 0.6956 | Val Acc: 0.5854 | F1: 0.5695
Epoch [15/40] Loss: 0.6600 | Val Acc: 0.5610 | F1: 0.5505
Epoch [16/40] Loss: 0.6438 | Val Acc: 0.5122 | F1: 0.4733
Epoch [17/40] Loss: 0.5950 | Val Acc: 0.5610 | F1: 0.5505
Epoch [18/40] Loss: 0.5043 | Val Acc: 0.5854 | F1: 0.5845
Epoch [19/40] Loss: 0.4690 | Val Acc: 0.5366 | F1: 0.4993
Epoch [20/40] Loss: 0.3953 | Val Acc: 0.5854 | F1: 0.5547
Epoch [21/40] Loss: 0.4735 | Val Acc: 0.5854 | F1: 0.6031
Epoch [22/40] Loss: 0.4616 | Val Acc: 0.5610 | F1: 0.5432
Epoch [23/40] Loss: 0.3494 | Val Acc: 0.6341 | F1: 0.6406
>>> Best model saved.
Epoch [24/40] Loss: 0.3004 | Val Acc: 0.6585 | F1: 0.6412
>>> Best model saved.
Epoch [25/40] Loss: 0.2487 | Val Acc: 0.5854 | F1: 0.5738
Epoch [26/40] Loss: 0.2237 | Val Acc: 0.5610 | F1: 0.5484
Epoch [27/40] Loss: 0.1588 | Val Acc: 0.6341 | F1: 0.6344
Epoch [28/40] Loss: 0.1297 | Val Acc: 0.6098 | F1: 0.5989
Epoch [29/40] Loss: 0.1218 | Val Acc: 0.6341 | F1: 0.6253
Epoch [30/40] Loss: 0.0915 | Val Acc: 0.5854 | F1: 0.5780
Epoch [31/40] Loss: 0.0729 | Val Acc: 0.6341 | F1: 0.6235
Epoch [32/40] Loss: 0.0614 | Val Acc: 0.6098 | F1: 0.6105
Epoch [33/40] Loss: 0.0509 | Val Acc: 0.6098 | F1: 0.6028
Epoch [34/40] Loss: 0.0591 | Val Acc: 0.5854 | F1: 0.5848
Epoch [35/40] Loss: 0.0873 | Val Acc: 0.4878 | F1: 0.4008
Epoch [36/40] Loss: 0.1221 | Val Acc: 0.5610 | F1: 0.5619
Epoch [37/40] Loss: 0.0582 | Val Acc: 0.6341 | F1: 0.6337
Epoch [38/40] Loss: 0.0331 | Val Acc: 0.6098 | F1: 0.6105
Epoch [39/40] Loss: 0.0292 | Val Acc: 0.5854 | F1: 0.5875
Epoch [40/40] Loss: 0.0333 | Val Acc: 0.5610 | F1: 0.5559
Finetuning finished. Testing best model...
Test Result -> Acc: 0.6129 | F1: 0.6113