2026-01-22 10:38:56,904 - INFO - Logging configured. Log file saved to: *******
2026-01-22 10:38:56,904 - INFO - Manual Normalization Stats -> Mean: 33.6334, Std: 21.847
2026-01-22 10:38:56,905 - INFO - Using device: cuda
2026-01-22 10:38:57,088 - INFO - Loading checkpoint from *******
2026-01-22 10:38:57,252 - INFO - --- Key Mapping ---
2026-01-22 10:38:57,256 - INFO - ✅ Encoder weights loaded successfully.
2026-01-22 10:38:57,474 - INFO - Loading Datasets...
2026-01-22 10:38:57,837 - INFO - Starting Regression Fine-tuning...
2026-01-22 10:38:59,043 - INFO - Epoch [1/100], Step [0], Loss: 1.0527
2026-01-22 10:39:08,724 - INFO - Epoch [1/100], Step [10], Loss: 0.9405
2026-01-22 10:39:20,104 - INFO - Epoch [1/100], Step [20], Loss: 0.4267
2026-01-22 10:39:30,064 - INFO - Epoch [1/100], Step [30], Loss: 0.4740
2026-01-22 10:39:30,071 - INFO - Epoch 1 Finished. Train Loss: 0.9304 | Train MSE(Norm): 0.9397 | Train R: 0.2325
2026-01-22 10:39:30,071 - INFO - Running Validation for Epoch 1...
2026-01-22 10:39:32,182 - INFO - [Val] Loss(Norm): 0.7691 | MSE(Norm): 0.7691 | Pearson R: 0.4847
2026-01-22 10:39:32,183 - INFO - Running Testing for Epoch 1...
2026-01-22 10:39:37,314 - INFO - [Test] Loss(Norm): 0.7629 | MSE(Norm): 0.7629 | Pearson R: 0.3813
2026-01-22 10:39:37,724 - INFO - 🏆 New Best Model (Val MSE: 0.7691, R: 0.4847) saved to *******
2026-01-22 10:39:38,635 - INFO - Epoch [2/100], Step [0], Loss: 0.6769
2026-01-22 10:39:50,319 - INFO - Epoch [2/100], Step [10], Loss: 0.5976
2026-01-22 10:39:59,552 - INFO - Epoch [2/100], Step [20], Loss: 0.4324
2026-01-22 10:40:09,018 - INFO - Epoch [2/100], Step [30], Loss: 0.5846
2026-01-22 10:40:09,020 - INFO - Epoch 2 Finished. Train Loss: 0.7411 | Train MSE(Norm): 0.7486 | Train R: 0.4810
2026-01-22 10:40:09,020 - INFO - Running Validation for Epoch 2...
2026-01-22 10:40:10,517 - INFO - [Val] Loss(Norm): 0.7189 | MSE(Norm): 0.7189 | Pearson R: 0.5076
2026-01-22 10:40:10,517 - INFO - Running Testing for Epoch 2...
2026-01-22 10:40:14,841 - INFO - [Test] Loss(Norm): 0.6686 | MSE(Norm): 0.6686 | Pearson R: 0.4844
2026-01-22 10:40:15,535 - INFO - 🏆 New Best Model (Val MSE: 0.7189, R: 0.5076) saved to *******
2026-01-22 10:40:16,552 - INFO - Epoch [3/100], Step [0], Loss: 0.3760
2026-01-22 10:40:26,609 - INFO - Epoch [3/100], Step [10], Loss: 0.6326
2026-01-22 10:40:37,640 - INFO - Epoch [3/100], Step [20], Loss: 0.5037
2026-01-22 10:40:46,664 - INFO - Epoch [3/100], Step [30], Loss: 0.4493
2026-01-22 10:40:46,666 - INFO - Epoch 3 Finished. Train Loss: 0.6175 | Train MSE(Norm): 0.6237 | Train R: 0.5982
2026-01-22 10:40:46,666 - INFO - Running Validation for Epoch 3...
2026-01-22 10:40:48,090 - INFO - [Val] Loss(Norm): 0.6415 | MSE(Norm): 0.6415 | Pearson R: 0.5889
2026-01-22 10:40:48,090 - INFO - Running Testing for Epoch 3...
2026-01-22 10:40:50,968 - INFO - [Test] Loss(Norm): 0.6040 | MSE(Norm): 0.6040 | Pearson R: 0.5950
2026-01-22 10:40:54,549 - INFO - 🏆 New Best Model (Val MSE: 0.6415, R: 0.5889) saved to *******
2026-01-22 10:40:55,475 - INFO - Epoch [4/100], Step [0], Loss: 0.4414
2026-01-22 10:41:04,298 - INFO - Epoch [4/100], Step [10], Loss: 0.4538
2026-01-22 10:41:13,050 - INFO - Epoch [4/100], Step [20], Loss: 0.5336
2026-01-22 10:41:21,891 - INFO - Epoch [4/100], Step [30], Loss: 0.3882
2026-01-22 10:41:21,893 - INFO - Epoch 4 Finished. Train Loss: 0.4569 | Train MSE(Norm): 0.4615 | Train R: 0.7282
2026-01-22 10:41:21,893 - INFO - Running Validation for Epoch 4...
2026-01-22 10:41:23,271 - INFO - [Val] Loss(Norm): 0.6812 | MSE(Norm): 0.6812 | Pearson R: 0.6239
2026-01-22 10:41:23,272 - INFO - Running Testing for Epoch 4...
2026-01-22 10:41:26,028 - INFO - [Test] Loss(Norm): 0.6048 | MSE(Norm): 0.6048 | Pearson R: 0.6227
2026-01-22 10:41:26,969 - INFO - Epoch [5/100], Step [0], Loss: 0.5102
2026-01-22 10:41:35,661 - INFO - Epoch [5/100], Step [10], Loss: 0.3816
2026-01-22 10:41:44,358 - INFO - Epoch [5/100], Step [20], Loss: 0.3704
2026-01-22 10:41:57,109 - INFO - Epoch [5/100], Step [30], Loss: 0.2660
2026-01-22 10:41:57,111 - INFO - Epoch 5 Finished. Train Loss: 0.3968 | Train MSE(Norm): 0.4008 | Train R: 0.7659
2026-01-22 10:41:57,111 - INFO - Running Validation for Epoch 5...
2026-01-22 10:41:58,502 - INFO - [Val] Loss(Norm): 0.5831 | MSE(Norm): 0.5831 | Pearson R: 0.6241
2026-01-22 10:41:58,503 - INFO - Running Testing for Epoch 5...
2026-01-22 10:42:01,380 - INFO - [Test] Loss(Norm): 0.5225 | MSE(Norm): 0.5225 | Pearson R: 0.6377
2026-01-22 10:42:16,975 - INFO - 🏆 New Best Model (Val MSE: 0.5831, R: 0.6241) saved to *******
2026-01-22 10:42:17,872 - INFO - Epoch [6/100], Step [0], Loss: 0.2937
2026-01-22 10:42:26,781 - INFO - Epoch [6/100], Step [10], Loss: 0.2756
2026-01-22 10:42:35,662 - INFO - Epoch [6/100], Step [20], Loss: 0.3525
2026-01-22 10:42:44,578 - INFO - Epoch [6/100], Step [30], Loss: 0.1810
2026-01-22 10:42:44,579 - INFO - Epoch 6 Finished. Train Loss: 0.2956 | Train MSE(Norm): 0.2986 | Train R: 0.8332
2026-01-22 10:42:44,580 - INFO - Running Validation for Epoch 6...
2026-01-22 10:42:45,964 - INFO - [Val] Loss(Norm): 0.5888 | MSE(Norm): 0.5888 | Pearson R: 0.6131
2026-01-22 10:42:45,964 - INFO - Running Testing for Epoch 6...
2026-01-22 10:42:48,783 - INFO - [Test] Loss(Norm): 0.5026 | MSE(Norm): 0.5026 | Pearson R: 0.6527
2026-01-22 10:42:50,067 - INFO - Epoch [7/100], Step [0], Loss: 0.2461
2026-01-22 10:42:58,817 - INFO - Epoch [7/100], Step [10], Loss: 0.2088
2026-01-22 10:43:07,530 - INFO - Epoch [7/100], Step [20], Loss: 0.2528
2026-01-22 10:43:16,301 - INFO - Epoch [7/100], Step [30], Loss: 0.1712
2026-01-22 10:43:16,303 - INFO - Epoch 7 Finished. Train Loss: 0.1740 | Train MSE(Norm): 0.1757 | Train R: 0.9046
2026-01-22 10:43:16,303 - INFO - Running Validation for Epoch 7...
2026-01-22 10:43:17,642 - INFO - [Val] Loss(Norm): 0.5176 | MSE(Norm): 0.5176 | Pearson R: 0.6745
2026-01-22 10:43:17,642 - INFO - Running Testing for Epoch 7...
2026-01-22 10:43:20,353 - INFO - [Test] Loss(Norm): 0.5239 | MSE(Norm): 0.5239 | Pearson R: 0.6498
2026-01-22 10:43:37,158 - INFO - 🏆 New Best Model (Val MSE: 0.5176, R: 0.6745) saved to *******
2026-01-22 10:43:38,074 - INFO - Epoch [8/100], Step [0], Loss: 0.0600
2026-01-22 10:43:46,916 - INFO - Epoch [8/100], Step [10], Loss: 0.1198
2026-01-22 10:43:55,729 - INFO - Epoch [8/100], Step [20], Loss: 0.1491
2026-01-22 10:44:04,529 - INFO - Epoch [8/100], Step [30], Loss: 0.1568
2026-01-22 10:44:04,531 - INFO - Epoch 8 Finished. Train Loss: 0.1124 | Train MSE(Norm): 0.1135 | Train R: 0.9395
2026-01-22 10:44:04,531 - INFO - Running Validation for Epoch 8...
2026-01-22 10:44:05,951 - INFO - [Val] Loss(Norm): 0.5554 | MSE(Norm): 0.5554 | Pearson R: 0.6431
2026-01-22 10:44:05,952 - INFO - Running Testing for Epoch 8...
2026-01-22 10:44:08,803 - INFO - [Test] Loss(Norm): 0.5326 | MSE(Norm): 0.5326 | Pearson R: 0.6368
2026-01-22 10:44:09,719 - INFO - Epoch [9/100], Step [0], Loss: 0.1030
2026-01-22 10:44:18,449 - INFO - Epoch [9/100], Step [10], Loss: 0.0992
2026-01-22 10:44:27,201 - INFO - Epoch [9/100], Step [20], Loss: 0.0484
2026-01-22 10:44:36,064 - INFO - Epoch [9/100], Step [30], Loss: 0.0870
2026-01-22 10:44:36,135 - INFO - Epoch 9 Finished. Train Loss: 0.0727 | Train MSE(Norm): 0.0735 | Train R: 0.9616
2026-01-22 10:44:36,135 - INFO - Running Validation for Epoch 9...
2026-01-22 10:44:37,539 - INFO - [Val] Loss(Norm): 0.5759 | MSE(Norm): 0.5759 | Pearson R: 0.6225
2026-01-22 10:44:37,539 - INFO - Running Testing for Epoch 9...
2026-01-22 10:44:40,439 - INFO - [Test] Loss(Norm): 0.4978 | MSE(Norm): 0.4978 | Pearson R: 0.6575
2026-01-22 10:44:43,382 - INFO - Epoch [10/100], Step [0], Loss: 0.0544
2026-01-22 10:44:52,190 - INFO - Epoch [10/100], Step [10], Loss: 0.0501
2026-01-22 10:45:00,964 - INFO - Epoch [10/100], Step [20], Loss: 0.0708
2026-01-22 10:45:09,816 - INFO - Epoch [10/100], Step [30], Loss: 0.0383
2026-01-22 10:45:09,818 - INFO - Epoch 10 Finished. Train Loss: 0.0532 | Train MSE(Norm): 0.0537 | Train R: 0.9720
2026-01-22 10:45:09,818 - INFO - Running Validation for Epoch 10...
2026-01-22 10:45:11,212 - INFO - [Val] Loss(Norm): 0.5498 | MSE(Norm): 0.5498 | Pearson R: 0.6553
2026-01-22 10:45:11,213 - INFO - Running Testing for Epoch 10...
2026-01-22 10:45:14,063 - INFO - [Test] Loss(Norm): 0.5173 | MSE(Norm): 0.5173 | Pearson R: 0.6462
2026-01-22 10:45:25,938 - INFO - Epoch [11/100], Step [0], Loss: 0.0236
2026-01-22 10:45:34,794 - INFO - Epoch [11/100], Step [10], Loss: 0.0493
2026-01-22 10:45:43,596 - INFO - Epoch [11/100], Step [20], Loss: 0.0379
2026-01-22 10:45:52,565 - INFO - Epoch [11/100], Step [30], Loss: 0.0343
2026-01-22 10:45:52,567 - INFO - Epoch 11 Finished. Train Loss: 0.0413 | Train MSE(Norm): 0.0417 | Train R: 0.9782
2026-01-22 10:45:52,567 - INFO - Running Validation for Epoch 11...
2026-01-22 10:45:53,969 - INFO - [Val] Loss(Norm): 0.4903 | MSE(Norm): 0.4903 | Pearson R: 0.6913
2026-01-22 10:45:53,969 - INFO - Running Testing for Epoch 11...
2026-01-22 10:45:56,799 - INFO - [Test] Loss(Norm): 0.5264 | MSE(Norm): 0.5264 | Pearson R: 0.6479
2026-01-22 10:45:56,928 - INFO - 🏆 New Best Model (Val MSE: 0.4903, R: 0.6913) saved to ******* 10:46:10,815 - INFO - Epoch [12/100], Step [20], Loss: 0.0263
2026-01-22 10:46:20,185 - INFO - Epoch [12/100], Step [30], Loss: 0.0536
2026-01-22 10:46:202026-01-22 10:46:22,457 - INFO - Epoch [12/100], Step [20], Loss: 0.0345
2026-01-22 10:46:31,414 - INFO - Epoch [12/100], Step [30], Loss: 0.0471
2026-01-22 10:46:31,416 - INFO - Epoch 12 Finished. Train Loss: 0.0400 | Train MSE(Norm): 0.0404 | Train R: 0.9790
2026-01-22 10:46:31,416 - INFO - Running Validation for Epoch 12...
2026-01-22 10:46:32,827 - INFO - [Val] Loss(Norm): 0.6010 | MSE(Norm): 0.6010 | Pearson R: 0.6311
2026-01-22 10:46:32,828 - INFO - Running Testing for Epoch 12...
2026-01-22 10:46:35,780 - INFO - [Test] Loss(Norm): 0.5642 | MSE(Norm): 0.5642 2026-01-22 10:46:43,406 - INFO - Epoch [13/100], Step [20], Loss: 0.0483
2026-01-22 10:46:52,292 - INFO - Epoch [13/100], Step [30], Loss: 0.0263
2026-01-22 10:46:522026-01-22 10:46:54,354 - INFO - Epoch [13/100], Step [20], Loss: 0.0458
2026-01-22 10:47:09,744 - INFO - Epoch [13/100], Step [30], Loss: 0.0579
2026-01-22 10:47:09,746 - INFO - Epoch 13 Finished. Train Loss: 0.0355 | Train MSE(Norm): 0.0358 | Train R: 0.9813
2026-01-22 10:47:09,747 - INFO - Running Validation for Epoch 13...
2026-01-22 10:47:11,189 - INFO - [Val] Loss(Norm): 0.4795 | MSE(Norm): 0.4795 | Pearson R: 0.7027
2026-01-22 10:47:11,189 - INFO - Running Testing for Epoch 13...
2026-01-22 10:47:14,117 - INFO - [Test] Loss(Norm): 0.5016 | MSE(Norm): 0.5016 | Pearson R: 0.6677
2026-01-22 10:47:17,042 - INFO - 🏆 New Best Model (Val MSE: 0.4795, R2026-01-22 10:47:17,111 - INFO - Epoch [14/100], Step [10], Loss: 0.0554
2026-01-22 10:47:26,045 - INFO - Epoch [14/100], Step [20], Loss: 0.0309
2026-01-22 10:47:34,959 - INFO - Epoch [14/100], Step [30], Loss: 0.0237
2026-01-22 10:47:342026-01-22 10:47:35,760 - INFO - Epoch [14/100], Step [20], Loss: 0.0417
2026-01-22 10:47:52,518 - INFO - Epoch [14/100], Step [30], Loss: 0.0145
2026-01-22 10:47:52,520 - INFO - Epoch 14 Finished. Train Loss: 0.0316 | Train MSE(Norm): 0.0319 | Train R: 0.9836
2026-01-22 10:47:52,520 - INFO - Running Validation for Epoch 14...
2026-01-22 10:47:53,904 - INFO - [Val] Loss(Norm): 0.5431 | MSE(Norm): 0.5431 | Pearson R: 0.6683
2026-01-22 10:47:53,904 - INFO - Running Testing for Epoch 14...
2026-01-22 10:47:56,763 - INFO - [Test] Loss(Norm): 0.5024 | MSE(Norm): 0.5024 2026-01-22 10:48:03,837 - INFO - Epoch [15/100], Step [20], Loss: 0.0236
2026-01-22 10:48:12,805 - INFO - Epoch [15/100], Step [30], Loss: 0.0212
2026-01-22 10:48:122026-01-22 10:48:16,915 - INFO - Epoch [15/100], Step [20], Loss: 0.0285
2026-01-22 10:48:25,830 - INFO - Epoch [15/100], Step [30], Loss: 0.0188
2026-01-22 10:48:25,832 - INFO - Epoch 15 Finished. Train Loss: 0.0338 | Train MSE(Norm): 0.0342 | Train R: 0.9824
2026-01-22 10:48:25,832 - INFO - Running Validation for Epoch 15...
2026-01-22 10:48:27,275 - INFO - [Val] Loss(Norm): 0.4918 | MSE(Norm): 0.4918 | Pearson R: 0.7068
2026-01-22 10:48:27,276 - INFO - Running Testing for Epoch 15...
2026-01-22 10:48:30,145 - INFO - [Test] Loss(Norm): 0.5076 | MSE(Norm): 0.5076 2026-01-22 10:48:35,905 - INFO - Epoch [16/100], Step [20], Loss: 0.0300
2026-01-22 10:48:44,871 - INFO - Epoch [16/100], Step [30], Loss: 0.0206
2026-01-22 10:48:442026-01-22 10:48:49,337 - INFO - Epoch [16/100], Step [20], Loss: 0.0111
2026-01-22 10:48:58,295 - INFO - Epoch [16/100], Step [30], Loss: 0.0346
2026-01-22 10:48:58,297 - INFO - Epoch 16 Finished. Train Loss: 0.0255 | Train MSE(Norm): 0.0258 | Train R: 0.9867
2026-01-22 10:48:58,297 - INFO - Running Validation for Epoch 16...
2026-01-22 10:48:59,720 - INFO - [Val] Loss(Norm): 0.4836 | MSE(Norm): 0.4836 | Pearson R: 0.6950
2026-01-22 10:48:59,720 - INFO - Running Testing for Epoch 16...
2026-01-22 10:49:02,616 - INFO - [Test] Loss(Norm): 0.5037 | MSE(Norm): 0.5037 2026-01-22 10:49:08,096 - INFO - Epoch [17/100], Step [20], Loss: 0.0218
2026-01-22 10:49:17,022 - INFO - Epoch [17/100], Step [30], Loss: 0.0225
2026-01-22 10:49:172026-01-22 10:49:21,709 - INFO - Epoch [17/100], Step [20], Loss: 0.0174
2026-01-22 10:49:35,954 - INFO - Epoch [17/100], Step [30], Loss: 0.0292
2026-01-22 10:49:36,004 - INFO - Epoch 17 Finished. Train Loss: 0.0313 | Train MSE(Norm): 0.0316 | Train R: 0.9836
2026-01-22 10:49:36,004 - INFO - Running Validation for Epoch 17...
2026-01-22 10:49:37,466 - INFO - [Val] Loss(Norm): 0.5365 | MSE(Norm): 0.5365 | Pearson R: 0.6695
2026-01-22 10:49:37,466 - INFO - Running Testing for Epoch 17...
2026-01-22 10:49:40,345 - INFO - [Test] Loss(Norm): 0.5365 | MSE(Norm): 0.5365 2026-01-22 10:49:48,2026-01-22 10:49:48,486 - INFO - Epoch [18/100], Step2026-01-22 10:49:572026-01-22 10:49:57,310 - INFO - Epoch [18/100], Step [10], Loss: 0.0376
2026-01-22 10:50:06,185 - INFO - Epoch [18/100], Step [20], Loss: 0.0188
2026-01-22 10:50:15,123 - INFO - Epoch [18/100], Step [30], Loss: 0.0298
2026-01-22 10:50:15,125 - INFO - Epoch 18 Finished. Train Loss: 0.0328 | Train MSE(Norm): 0.0331 | Train R: 0.9829
2026-01-22 10:50:15,125 - INFO - Running Validation for Epoch 18...
2026-01-22 10:50:16,583 - INFO - [Val] Loss(Norm): 0.5047 | MSE(Norm): 0.5047 | Pearson R: 0.6810
2026-01-22 10:50:16,584 - INFO - Running Testing for Epoch 18...
2026-01-22 10:50:19,530 - INFO - [Test] Loss(Norm): 0.5025 | MSE(Norm): 0.5025 | Pearson R: 0.6623
2026-01-22 10:50:20,460 - INFO - Epoch [19/100], Step [0], Loss: 0.0238
2026-01-22 10:50:29,288 - INFO - Epoch [19/100], Step [10], Loss: 0.0126
2026-01-22 10:50:38,193 - INFO - Epoch [19/100], Step [20], Loss: 0.0175
2026-01-22 10:50:47,220 - INFO - Epoch [19/100], Step [30], Loss: 0.0152
2026-01-22 10:50:47,222 - INFO - Epoch 19 Finished. Train Loss: 0.0296 | Train MSE(Norm): 0.0299 | Train R: 0.9845
2026-01-22 10:50:47,222 - INFO - Running Validation for Epoch 19...
2026-01-22 10:50:48,712 - INFO - [Val] Loss(Norm): 0.4969 | MSE(Norm): 0.4969 | Pearson R: 0.6848
2026-01-22 10:50:48,712 - INFO - Running Testing for Epoch 19...
2026-01-22 10:50:51,856 - INFO - [Test] Loss(Norm): 0.4976 | MSE(Norm): 0.4976 | Pearson R: 0.6683
2026-01-22 10:50:52,803 - INFO - Epoch [20/100], Step [0], Loss: 0.0122
2026-01-22 10:51:01,819 - INFO - Epoch [20/100], Step [10], Loss: 0.0268
2026-01-22 10:51:10,857 - INFO - Epoch [20/100], Step [20], Loss: 0.0238
2026-01-22 10:51:19,925 - INFO - Epoch [20/100], Step [30], Loss: 0.0295
2026-01-22 10:51:19,927 - INFO - Epoch 20 Finished. Train Loss: 0.0338 | Train MSE(Norm): 0.0341 | Train R: 0.9822
2026-01-22 10:51:19,927 - INFO - Running Validation for Epoch 20...
2026-01-22 10:51:21,428 - INFO - [Val] Loss(Norm): 0.5347 | MSE(Norm): 0.5347 | Pearson R: 0.6599
2026-01-22 10:51:21,428 - INFO - Running Testing for Epoch 20...
2026-01-22 10:51:24,425 - INFO - [Test] Loss(Norm): 0.5288 | MSE(Norm): 0.5288 | Pearson R: 0.6380
2026-01-22 10:51:25,380 - INFO - Epoch [21/100], Step [0], Loss: 0.0302
2026-01-22 10:51:34,320 - INFO - Epoch [21/100], Step [10], Loss: 0.0222
2026-01-22 10:51:43,337 - INFO - Epoch [21/100], Step [20], Loss: 0.0250
2026-01-22 10:51:52,359 - INFO - Epoch [21/100], Step [30], Loss: 0.0359
2026-01-22 10:51:52,361 - INFO - Epoch 21 Finished. Train Loss: 0.0316 | Train MSE(Norm): 0.0320 | Train R: 0.9836
2026-01-22 10:51:52,361 - INFO - Running Validation for Epoch 21...
2026-01-22 10:51:53,917 - INFO - [Val] Loss(Norm): 0.4757 | MSE(Norm): 0.4757 | Pearson R: 0.7001
2026-01-22 10:51:53,917 - INFO - Running Testing for Epoch 21...
2026-01-22 10:51:56,920 - INFO - [Test] Loss(Norm): 0.4970 | MSE(Norm): 0.4970 | Pearson R: 0.6591
2026-01-22 10:51:57,018 - INFO - 🏆 New Best Model (Val MSE: 0.4757, R: 0.7001) saved to ******* 10:52:00,901 - INFO - Epoch [22/100], Step [20], Loss: 0.0210
2026-01-22 10:52:09,928 - INFO - Epoch [22/100], Step [30], Loss: 0.0248
2026-01-22 10:52:092026-01-22 10:52:15,891 - INFO - Epoch [22/100], Step [20], Loss: 0.0200
2026-01-22 10:52:24,936 - INFO - Epoch [22/100], Step [30], Loss: 0.0249
2026-01-22 10:52:24,938 - INFO - Epoch 22 Finished. Train Loss: 0.0290 | Train MSE(Norm): 0.0293 | Train R: 0.9849
2026-01-22 10:52:24,939 - INFO - Running Validation for Epoch 22...
2026-01-22 10:52:26,437 - INFO - [Val] Loss(Norm): 0.5348 | MSE(Norm): 0.5348 | Pearson R: 0.6763
2026-01-22 10:52:26,437 - INFO - Running Testing for Epoch 22...
2026-01-22 10:52:29,467 - INFO - [Test] Loss(Norm): 0.5634 | MSE(Norm): 0.5634 2026-01-22 10:52:33,434 - INFO - Epoch [23/100], Step [20], Loss: 0.0040
2026-01-22 10:52:42,521 - INFO - Epoch [23/100], Step [30], Loss: 0.0100
2026-01-22 10:52:422026-01-22 10:52:48,702 - INFO - Epoch [23/100], Step [20], Loss: 0.0197
2026-01-22 10:52:57,755 - INFO - Epoch [23/100], Step [30], Loss: 0.0250
2026-01-22 10:52:57,757 - INFO - Epoch 23 Finished. Train Loss: 0.0260 | Train MSE(Norm): 0.0262 | Train R: 0.9864
2026-01-22 10:52:57,757 - INFO - Running Validation for Epoch 23...
2026-01-22 10:52:59,199 - INFO - [Val] Loss(Norm): 0.4894 | MSE(Norm): 0.4894 | Pearson R: 0.6953
2026-01-22 10:52:59,199 - INFO - Running Testing for Epoch 23...
2026-01-22 10:53:02,203 - INFO - [Test] Loss(Norm): 0.4837 | MSE(Norm): 0.4837 2026-01-22 10:53:06,297 - INFO - Epoch [24/100], Step [20], Loss: 0.0098
2026-01-22 10:53:15,387 - INFO - Epoch [24/100], Step [30], Loss: 0.0072
2026-01-22 10:53:152026-01-22 10:53:21,259 - INFO - Epoch [24/100], Step [20], Loss: 0.0114
2026-01-22 10:53:30,337 - INFO - Epoch [24/100], Step [30], Loss: 0.0609
2026-01-22 10:53:30,339 - INFO - Epoch 24 Finished. Train Loss: 0.0212 | Train MSE(Norm): 0.0214 | Train R: 0.9889
2026-01-22 10:53:30,339 - INFO - Running Validation for Epoch 24...
2026-01-22 10:53:31,828 - INFO - [Val] Loss(Norm): 0.4732 | MSE(Norm): 0.4732 | Pearson R: 0.7138
2026-01-22 10:53:31,828 - INFO - Running Testing for Epoch 24...
2026-01-22 10:53:34,828 - INFO - [Test] Loss(Norm): 0.4881 | MSE(Norm): 0.4881 2026-01-22 10:53:39,086 - INFO - Epoch [25/100], Step [20], Loss: 0.0154
2026-01-22 10:53:48,140 - INFO - Epoch [25/100], Step [30], Loss: 0.0111
2026-01-22 10:53:48,142 - INFO - Epoch 25 Finished. Train Loss: 0.0188 | Train MSE(Norm): 0.0190 | Train R: 0.9902
2026-01-22 10:53:48,142 - INFO - Running Validation for Epoch 25...
22026-01-22 10:53:53,947 - INFO - Epoch [25/100], Step [20], Loss: 0.0128
2026-01-22 10:54:02,996 - INFO - Epoch [25/100], Step [30], Loss: 0.0184
2026-01-22 10:54:02,998 - INFO - Epoch 25 Finished. Train Loss: 0.0210 | Train MSE(Norm): 0.0212 | Train R: 0.9890
2026-01-22 10:54:02,998 - INFO - Running Validation for Epoch 25...
2026-01-22 10:54:04,533 - INFO - [Val] Loss(Norm): 0.4715 | MSE(Norm): 0.47152026-01-22 10:54:11,808 - INFO - Epoch [26/100], Step [20], Loss: 0.0226
2026-01-22 10:54:20,899 - INFO - Epoch [26/100], Step [30], Loss: 0.0815
2026-01-22 10:54:20,900 - INFO - Epoch 26 Finished. Train Loss: 0.0350 | Train MSE(Norm): 0.0353 | Train R: 0.9817
2026-01-22 10:54:20,901 - INFO - Running Validation for Epoch 26...
2026-01-22 10:54:22,424 - INFO - [Val] Loss(Norm): 0.5601 | MSE(Norm): 0.5601 | Pearson R: 0.6488
2026-01-22 10:54:22,424 - INFO - Running Testing for Epoch 26...
2022026-01-22 10:54:26,762 - INFO - Epoch [26/100], Step [20], Loss: 0.0282
2026-01-22 10:54:35,805 - INFO - Epoch [26/100], Step [30], Loss: 0.0175
2026-01-22 10:54:35,807 - INFO - Epoch 26 Finished. Train Loss: 0.0205 | Train MSE(Norm): 0.0202026-01-22 10:54:44,386 - INFO - Epoch [27/100], Step [20], Loss: 0.0344
2026-01-22 10:54:53,741 - INFO - Epoch [27/100], Step [30], Loss: 0.0307
2026-01-22 10:54:53,743 - INFO - Epoch 27 Finished. Train Loss: 0.0258 | Train MSE(Norm): 0.0260 | Train R: 0.9866
2026-01-22 10:54:53,743 - INFO - Running Validation for Epoch 27...
2026-01-22 10:54:55,272 - INFO - [Val] Loss(Norm): 0.5967 | MSE(Norm): 0.5967 | Pearson R: 0.6258
2026-01-22 10:54:55,272 - INFO - Running Testing for Epoch 27...
2022026-01-22 10:54:59,269 - INFO - Epoch [27/100], Step [20], Loss: 0.0323
2026-01-22 10:55:08,308 - INFO - Epoch [27/100], Step [30], Loss: 0.0183
2026-01-22 10:55:08,310 - INFO - Epoch 27 Finished. Train Loss: 0.0176 | Train MSE(Norm): 0.0177 | Train R: 0.9908
2026-01-22 10:55:08,310 - INFO - Running Validation for Epoch 27...
2026-01-22 10:55:09,751 - INFO - [Val] Loss(Norm): 0.4531 | MSE(Norm): 0.4531 | Pearson R: 0.7212
2026-01-22 10:55:09,751 - INFO - Running Testing for Epoch 27...
2026-01-22 10:55:12,705 - INFO - [Test] Loss(Norm): 0.4965 | MSE(Norm): 0.4965 | Pearson R: 0.6694
2026-01-22 10:55:12,803 - INFO - 🏆 New Best Model (Val MSE: 0.4531, R: 0.7212) saved to *******
2026-01-22 10:55:13,707 - INFO - Epoch [28/100], Step [0], Loss: 0.0191
2026-01-22 10:55:22,755 - INFO - Epoch [28/100], Step [10], Loss: 0.0345
2026-01-22 10:55:31,811 - INFO - Epoch [28/100], Step [20], Loss: 0.0158
2026-01-22 10:55:40,914 - INFO - Epoch [28/100], Step [30], Loss: 0.0177
2026-01-22 10:55:40,916 - INFO - Epoch 28 Finished. Train Loss: 0.0167 | Train MSE(Norm): 0.0169 | Train R: 0.9913
2026-01-22 10:55:40,916 - INFO - Running Validation for Epoch 28...
2026-01-22 10:55:42,400 - INFO - [Val] Loss(Norm): 0.4945 | MSE(Norm): 0.4945 | Pearson R: 0.6862
2026-01-22 10:55:42,401 - INFO - Running Testing for Epoch 28...
2026-01-22 10:55:45,469 - INFO - [Test] Loss(Norm): 0.4840 | MSE(Norm): 0.4840 | Pearson R: 0.6681
2026-01-22 10:55:46,438 - INFO - Epoch [29/100], Step [0], Loss: 0.0140
2026-01-22 10:55:55,550 - INFO - Epoch [29/100], Step [10], Loss: 0.0098
2026-01-22 10:56:04,671 - INFO - Epoch [29/100], Step [20], Loss: 0.0255
2026-01-22 10:56:13,800 - INFO - Epoch [29/100], Step [30], Loss: 0.0069
2026-01-22 10:56:13,802 - INFO - Epoch 29 Finished. Train Loss: 0.0138 | Train MSE(Norm): 0.0139 | Train R: 0.9928
2026-01-22 10:56:13,802 - INFO - Running Validation for Epoch 29...
2026-01-22 10:56:15,363 - INFO - [Val] Loss(Norm): 0.4973 | MSE(Norm): 0.4973 | Pearson R: 0.6838
2026-01-22 10:56:15,364 - INFO - Running Testing for Epoch 29...
2026-01-22 10:56:18,601 - INFO - [Test] Loss(Norm): 0.4870 | MSE(Norm): 0.4870 | Pearson R: 0.6684
2026-01-22 10:56:19,562 - INFO - Epoch [30/100], Step [0], Loss: 0.0067
2026-01-22 10:56:28,673 - INFO - Epoch [30/100], Step [10], Loss: 0.0115
2026-01-22 10:56:37,768 - INFO - Epoch [30/100], Step [20], Loss: 0.0064
2026-01-22 10:56:46,992 - INFO - Epoch [30/100], Step [30], Loss: 0.0096
2026-01-22 10:56:46,994 - INFO - Epoch 30 Finished. Train Loss: 0.0118 | Train MSE(Norm): 0.0119 | Train R: 0.9938
2026-01-22 10:56:46,994 - INFO - Running Validation for Epoch 30...
2026-01-22 10:56:48,526 - INFO - [Val] Loss(Norm): 0.4636 | MSE(Norm): 0.4636 | Pearson R: 0.7095
2026-01-22 10:56:48,526 - INFO - Running Testing for Epoch 30...
2026-01-22 10:56:51,635 - INFO - [Test] Loss(Norm): 0.5031 | MSE(Norm): 0.5031 | Pearson R: 0.6538
2026-01-22 10:56:52,599 - INFO - Epoch [31/100], Step [0], Loss: 0.0134
2026-01-22 10:57:01,661 - INFO - Epoch [31/100], Step [10], Loss: 0.0132
2026-01-22 10:57:10,758 - INFO - Epoch [31/100], Step [20], Loss: 0.0047
2026-01-22 10:57:19,967 - INFO - Epoch [31/100], Step [30], Loss: 0.0093
2026-01-22 10:57:19,969 - INFO - Epoch 31 Finished. Train Loss: 0.0096 | Train MSE(Norm): 0.0097 | Train R: 0.9950
2026-01-22 10:57:19,969 - INFO - Running Validation for Epoch 31...
2026-01-22 10:57:21,487 - INFO - [Val] Loss(Norm): 0.4839 | MSE(Norm): 0.4839 | Pearson R: 0.7021
2026-01-22 10:57:21,487 - INFO - Running Testing for Epoch 31...
2026-01-22 10:57:24,562 - INFO - [Test] Loss(Norm): 0.4985 | MSE(Norm): 0.4985 | Pearson R: 0.6703
2026-01-22 10:57:25,512 - INFO - Epoch [32/100], Step [0], Loss: 0.0043
2026-01-22 10:57:34,611 - INFO - Epoch [32/100], Step [10], Loss: 0.0047
2026-01-22 10:57:43,763 - INFO - Epoch [32/100], Step [20], Loss: 0.0025
2026-01-22 10:57:52,987 - INFO - Epoch [32/100], Step [30], Loss: 0.0064
2026-01-22 10:57:52,989 - INFO - Epoch 32 Finished. Train Loss: 0.0080 | Train MSE(Norm): 0.0081 | Train R: 0.9959
2026-01-22 10:57:52,989 - INFO - Running Validation for Epoch 32...
2026-01-22 10:57:54,515 - INFO - [Val] Loss(Norm): 0.4652 | MSE(Norm): 0.4652 | Pearson R: 0.7087
2026-01-22 10:57:54,516 - INFO - Running Testing for Epoch 32...
2026-01-22 10:57:57,614 - INFO - [Test] Loss(Norm): 0.4981 | MSE(Norm): 0.4981 | Pearson R: 0.6601
2026-01-22 10:57:58,586 - INFO - Epoch [33/100], Step [0], Loss: 0.0045
2026-01-22 10:58:07,703 - INFO - Epoch [33/100], Step [10], Loss: 0.0022
2026-01-22 10:58:16,877 - INFO - Epoch [33/100], Step [20], Loss: 0.0058
2026-01-22 10:58:25,999 - INFO - Epoch [33/100], Step [30], Loss: 0.0049
2026-01-22 10:58:26,001 - INFO - Epoch 33 Finished. Train Loss: 0.0057 | Train MSE(Norm): 0.0057 | Train R: 0.9970
2026-01-22 10:58:26,001 - INFO - Running Validation for Epoch 33...
2026-01-22 10:58:27,497 - INFO - [Val] Loss(Norm): 0.4685 | MSE(Norm): 0.4685 | Pearson R: 0.7066
2026-01-22 10:58:27,497 - INFO - Running Testing for Epoch 33...
2026-01-22 10:58:30,616 - INFO - [Test] Loss(Norm): 0.4880 | MSE(Norm): 0.4880 | Pearson R: 0.6689
2026-01-22 10:58:31,575 - INFO - Epoch [34/100], Step [0], Loss: 0.0031
2026-01-22 10:58:40,657 - INFO - Epoch [34/100], Step [10], Loss: 0.0049
2026-01-22 10:58:49,794 - INFO - Epoch [34/100], Step [20], Loss: 0.0016
2026-01-22 10:58:58,933 - INFO - Epoch [34/100], Step [30], Loss: 0.0035
2026-01-22 10:58:58,935 - INFO - Epoch 34 Finished. Train Loss: 0.0051 | Train MSE(Norm): 0.0052 | Train R: 0.9973
2026-01-22 10:58:58,935 - INFO - Running Validation for Epoch 34...
2026-01-22 10:59:00,494 - INFO - [Val] Loss(Norm): 0.4723 | MSE(Norm): 0.4723 | Pearson R: 0.7025
2026-01-22 10:59:00,494 - INFO - Running Testing for Epoch 34...
2026-01-22 10:59:03,603 - INFO - [Test] Loss(Norm): 0.4724 | MSE(Norm): 0.4724 | Pearson R: 0.6790
2026-01-22 10:59:04,591 - INFO - Epoch [35/100], Step [0], Loss: 0.0039
2026-01-22 10:59:13,731 - INFO - Epoch [35/100], Step [10], Loss: 0.0034
2026-01-22 10:59:22,890 - INFO - Epoch [35/100], Step [20], Loss: 0.0027
2026-01-22 10:59:32,031 - INFO - Epoch [35/100], Step [30], Loss: 0.0088
2026-01-22 10:59:32,032 - INFO - Epoch 35 Finished. Train Loss: 0.0046 | Train MSE(Norm): 0.0046 | Train R: 0.9976
2026-01-22 10:59:32,032 - INFO - Running Validation for Epoch 35...
2026-01-22 10:59:33,554 - INFO - [Val] Loss(Norm): 0.4652 | MSE(Norm): 0.4652 | Pearson R: 0.7093
2026-01-22 10:59:33,554 - INFO - Running Testing for Epoch 35...
2026-01-22 10:59:36,664 - INFO - [Test] Loss(Norm): 0.5018 | MSE(Norm): 0.5018 | Pearson R: 0.6574
2026-01-22 10:59:37,630 - INFO - Epoch [36/100], Step [0], Loss: 0.0018
2026-01-22 10:59:46,789 - INFO - Epoch [36/100], Step [10], Loss: 0.0086
2026-01-22 10:59:55,950 - INFO - Epoch [36/100], Step [20], Loss: 0.0039
2026-01-22 11:00:05,110 - INFO - Epoch [36/100], Step [30], Loss: 0.0055
2026-01-22 11:00:05,112 - INFO - Epoch 36 Finished. Train Loss: 0.0051 | Train MSE(Norm): 0.0051 | Train R: 0.9973
2026-01-22 11:00:05,112 - INFO - Running Validation for Epoch 36...
2026-01-22 11:00:06,649 - INFO - [Val] Loss(Norm): 0.4971 | MSE(Norm): 0.4971 | Pearson R: 0.6852
2026-01-22 11:00:06,650 - INFO - Running Testing for Epoch 36...
2026-01-22 11:00:09,725 - INFO - [Test] Loss(Norm): 0.4911 | MSE(Norm): 0.4911 | Pearson R: 0.6661
2026-01-22 11:00:10,680 - INFO - Epoch [37/100], Step [0], Loss: 0.0141
2026-01-22 11:00:19,780 - INFO - Epoch [37/100], Step [10], Loss: 0.0066
2026-01-22 11:00:28,888 - INFO - Epoch [37/100], Step [20], Loss: 0.0074
2026-01-22 11:00:38,062 - INFO - Epoch [37/100], Step [30], Loss: 0.0060
2026-01-22 11:00:38,063 - INFO - Epoch 37 Finished. Train Loss: 0.0089 | Train MSE(Norm): 0.0090 | Train R: 0.9954
2026-01-22 11:00:38,063 - INFO - Running Validation for Epoch 37...
2026-01-22 11:00:39,616 - INFO - [Val] Loss(Norm): 0.4564 | MSE(Norm): 0.4564 | Pearson R: 0.7164
2026-01-22 11:00:39,616 - INFO - Running Testing for Epoch 37...
2026-01-22 11:00:42,731 - INFO - [Test] Loss(Norm): 0.4794 | MSE(Norm): 0.4794 | Pearson R: 0.6715
2026-01-22 11:00:43,682 - INFO - Epoch [38/100], Step [0], Loss: 0.0140
2026-01-22 11:00:55,984 - INFO - Epoch [38/100], Step [10], Loss: 0.0062
2026-01-22 11:01:11,628 - INFO - Epoch [38/100], Step [20], Loss: 0.0045
2026-01-22 11:01:25,029 - INFO - Epoch [38/100], Step [30], Loss: 0.0093
2026-01-22 11:01:25,031 - INFO - Epoch 38 Finished. Train Loss: 0.0111 | Train MSE(Norm): 0.0112 | Train R: 0.9942
2026-01-22 11:01:25,031 - INFO - Running Validation for Epoch 38...
2026-01-22 11:01:28,631 - INFO - [Val] Loss(Norm): 0.4609 | MSE(Norm): 0.4609 | Pearson R: 0.7123
2026-01-22 11:01:28,632 - INFO - Running Testing for Epoch 38...
2026-01-22 11:01:35,966 - INFO - [Test] Loss(Norm): 0.4901 | MSE(Norm): 0.4901 | Pearson R: 0.6642
2026-01-22 11:01:37,295 - INFO - Epoch [39/100], Step [0], Loss: 0.0048
2026-01-22 11:01:49,846 - INFO - Epoch [39/100], Step [10], Loss: 0.0091
2026-01-22 11:02:02,182 - INFO - Epoch [39/100], Step [20], Loss: 0.0096
2026-01-22 11:02:12,836 - INFO - Epoch [39/100], Step [30], Loss: 0.0164
2026-01-22 11:02:12,838 - INFO - Epoch 39 Finished. Train Loss: 0.0112 | Train MSE(Norm): 0.0113 | Train R: 0.9941
2026-01-22 11:02:12,838 - INFO - Running Validation for Epoch 39...
2026-01-22 11:02:14,422 - INFO - [Val] Loss(Norm): 0.4484 | MSE(Norm): 0.4484 | Pearson R: 0.7230
2026-01-22 11:02:14,423 - INFO - Running Testing for Epoch 39...
2026-01-22 11:02:17,776 - INFO - [Test] Loss(Norm): 0.4782 | MSE(Norm): 0.4782 | Pearson R: 0.6715
2026-01-22 11:02:17,873 - INFO - 🏆 New Best Model (Val MSE: 0.4484, R: 0.7230) saved to *******
2026-01-22 11:02:18,786 - INFO - Epoch [40/100], Step [0], Loss: 0.0116
2026-01-22 11:02:27,916 - INFO - Epoch [40/100], Step [10], Loss: 0.0092
2026-01-22 11:02:37,044 - INFO - Epoch [40/100], Step [20], Loss: 0.0074
2026-01-22 11:02:46,183 - INFO - Epoch [40/100], Step [30], Loss: 0.0051
2026-01-22 11:02:46,184 - INFO - Epoch 40 Finished. Train Loss: 0.0091 | Train MSE(Norm): 0.0091 | Train R: 0.9953
2026-01-22 11:02:46,184 - INFO - Running Validation for Epoch 40...
2026-01-22 11:02:47,791 - INFO - [Val] Loss(Norm): 0.4680 | MSE(Norm): 0.4680 | Pearson R: 0.7061
2026-01-22 11:02:47,791 - INFO - Running Testing for Epoch 40...
2026-01-22 11:02:50,896 - INFO - [Test] Loss(Norm): 0.4923 | MSE(Norm): 0.4923 | Pearson R: 0.6601
2026-01-22 11:02:51,847 - INFO - Epoch [41/100], Step [0], Loss: 0.0077
2026-01-22 11:03:00,930 - INFO - Epoch [41/100], Step [10], Loss: 0.0179
2026-01-22 11:03:10,029 - INFO - Epoch [41/100], Step [20], Loss: 0.0183
2026-01-22 11:03:19,121 - INFO - Epoch [41/100], Step [30], Loss: 0.0173
2026-01-22 11:03:19,123 - INFO - Epoch 41 Finished. Train Loss: 0.0133 | Train MSE(Norm): 0.0135 | Train R: 0.9931
2026-01-22 11:03:19,123 - INFO - Running Validation for Epoch 41...
2026-01-22 11:03:20,619 - INFO - [Val] Loss(Norm): 0.4966 | MSE(Norm): 0.4966 | Pearson R: 0.6851
2026-01-22 11:03:20,619 - INFO - Running Testing for Epoch 41...
2026-01-22 11:03:23,720 - INFO - [Test] Loss(Norm): 0.4675 | MSE(Norm): 0.4675 | Pearson R: 0.6833
2026-01-22 11:03:24,678 - INFO - Epoch [42/100], Step [0], Loss: 0.0071
2026-01-22 11:03:33,746 - INFO - Epoch [42/100], Step [10], Loss: 0.0098
2026-01-22 11:03:42,831 - INFO - Epoch [42/100], Step [20], Loss: 0.0067
