2026-01-25 11:14:25,665 - INFO - Logging configured. Log file saved to: 
2026-01-25 11:14:25,666 - INFO - Random seed set to: 77
2026-01-25 11:14:25,666 - INFO - Configuration:
2026-01-25 11:14:25,666 - INFO - Batch Size: 3, LR: 0.0001, Epochs: 10
2026-01-25 11:14:25,668 - INFO - Using device: cuda:7
2026-01-25 11:14:25,846 - INFO - Loading checkpoint from 
2026-01-25 11:14:28,112 - INFO - --- 开始执行 Key 映射转换 ---
2026-01-25 11:14:28,112 - INFO - 转换示例 (Checkpoint -> Model):
2026-01-25 11:14:28,112 - INFO -   vit.embeddings.cls_token  ==>  embeddings.cls_token (大致)
2026-01-25 11:14:28,112 - INFO -   vit.embeddings.signal_embedding_projection.weight  ==>  embeddings.signal_embedding_projection.weight (大致)
2026-01-25 11:14:28,112 - INFO -   vit.embeddings.signal_embedding_projection.bias  ==>  embeddings.signal_embedding_projection.bias (大致)
2026-01-25 11:14:28,116 - INFO - 
==============================
2026-01-25 11:14:28,117 - INFO - 加载结果报告
2026-01-25 11:14:28,117 - INFO - ==============================
2026-01-25 11:14:28,117 - INFO - ✅ Encoder 权重全部加载成功！
2026-01-25 11:14:28,117 - INFO - ✅ 信号投影层 (Signal Projection) 加载成功。
2026-01-25 11:14:28,117 - INFO - ✅ CLS Token 加载成功。
2026-01-25 11:14:28,549 - INFO - Loading Datasets...
2026-01-25 11:14:28,745 - INFO - Train samples: 3611, Val samples: 1205, Test samples: 1181
2026-01-25 11:14:28,761 - INFO - Starting Fine-tuning...
2026-01-25 11:14:30,491 - INFO - Epoch [1/10], Step [0], Loss: 0.6344
2026-01-25 11:14:35,609 - INFO - Epoch [1/10], Step [10], Loss: 0.7979
2026-01-25 11:14:40,945 - INFO - Epoch [1/10], Step [20], Loss: 0.6609
2026-01-25 11:14:44,902 - INFO - Epoch [1/10], Step [30], Loss: 0.7148
2026-01-25 11:14:49,048 - INFO - Epoch [1/10], Step [40], Loss: 0.6353
2026-01-25 11:14:52,995 - INFO - Epoch [1/10], Step [50], Loss: 0.7260
2026-01-25 11:14:57,843 - INFO - Epoch [1/10], Step [60], Loss: 0.8047
2026-01-25 11:15:02,217 - INFO - Epoch [1/10], Step [70], Loss: 0.7014
2026-01-25 11:15:05,988 - INFO - Epoch [1/10], Step [80], Loss: 0.5643
2026-01-25 11:15:09,793 - INFO - Epoch [1/10], Step [90], Loss: 0.5023
2026-01-25 11:15:14,520 - INFO - Epoch [1/10], Step [100], Loss: 0.6297
2026-01-25 11:15:19,325 - INFO - Epoch [1/10], Step [110], Loss: 0.7842
2026-01-25 11:15:23,360 - INFO - Epoch [1/10], Step [120], Loss: 0.8480
2026-01-25 11:15:28,100 - INFO - Epoch [1/10], Step [130], Loss: 0.6428
2026-01-25 11:15:33,800 - INFO - Epoch [1/10], Step [140], Loss: 0.5926
2026-01-25 11:15:39,151 - INFO - Epoch [1/10], Step [150], Loss: 0.8621
2026-01-25 11:15:43,897 - INFO - Epoch [1/10], Step [160], Loss: 0.7910
2026-01-25 11:15:48,419 - INFO - Epoch [1/10], Step [170], Loss: 0.6501
2026-01-25 11:15:52,590 - INFO - Epoch [1/10], Step [180], Loss: 0.5918
2026-01-25 11:15:57,726 - INFO - Epoch [1/10], Step [190], Loss: 0.6529
2026-01-25 11:16:02,833 - INFO - Epoch [1/10], Step [200], Loss: 0.6367
2026-01-25 11:16:07,317 - INFO - Epoch [1/10], Step [210], Loss: 0.6151
2026-01-25 11:16:11,438 - INFO - Epoch [1/10], Step [220], Loss: 0.7329
2026-01-25 11:16:16,048 - INFO - Epoch [1/10], Step [230], Loss: 0.6834
2026-01-25 11:16:20,016 - INFO - Epoch [1/10], Step [240], Loss: 0.7667
2026-01-25 11:16:24,626 - INFO - Epoch [1/10], Step [250], Loss: 0.7148
2026-01-25 11:16:29,126 - INFO - Epoch [1/10], Step [260], Loss: 0.6963
2026-01-25 11:16:34,626 - INFO - Epoch [1/10], Step [270], Loss: 0.6214
2026-01-25 11:16:39,728 - INFO - Epoch [1/10], Step [280], Loss: 0.6260
2026-01-25 11:16:43,650 - INFO - Epoch [1/10], Step [290], Loss: 0.5784
2026-01-25 11:16:47,625 - INFO - Epoch [1/10], Step [300], Loss: 0.6565
2026-01-25 11:16:52,669 - INFO - Epoch [1/10], Step [310], Loss: 0.6784
2026-01-25 11:16:57,198 - INFO - Epoch [1/10], Step [320], Loss: 0.5918
2026-01-25 11:17:02,518 - INFO - Epoch [1/10], Step [330], Loss: 0.6582
2026-01-25 11:17:08,309 - INFO - Epoch [1/10], Step [340], Loss: 0.5918
2026-01-25 11:17:13,078 - INFO - Epoch [1/10], Step [350], Loss: 0.4171
2026-01-25 11:17:17,853 - INFO - Epoch [1/10], Step [360], Loss: 0.7199
2026-01-25 11:17:22,334 - INFO - Epoch [1/10], Step [370], Loss: 0.5974
2026-01-25 11:17:27,227 - INFO - Epoch [1/10], Step [380], Loss: 0.8152
2026-01-25 11:17:31,278 - INFO - Epoch [1/10], Step [390], Loss: 0.9369
2026-01-25 11:17:35,845 - INFO - Epoch [1/10], Step [400], Loss: 0.7226
2026-01-25 11:17:39,701 - INFO - Epoch [1/10], Step [410], Loss: 0.6815
2026-01-25 11:17:44,399 - INFO - Epoch [1/10], Step [420], Loss: 0.7095
2026-01-25 11:17:49,771 - INFO - Epoch [1/10], Step [430], Loss: 0.8948
2026-01-25 11:17:53,732 - INFO - Epoch [1/10], Step [440], Loss: 0.6035
2026-01-25 11:17:58,630 - INFO - Epoch [1/10], Step [450], Loss: 0.7008
2026-01-25 11:18:03,424 - INFO - Epoch [1/10], Step [460], Loss: 0.6303
2026-01-25 11:18:07,616 - INFO - Epoch [1/10], Step [470], Loss: 0.6337
2026-01-25 11:18:12,449 - INFO - Epoch [1/10], Step [480], Loss: 0.5925
2026-01-25 11:18:19,242 - INFO - Epoch [1/10], Step [490], Loss: 0.7234
2026-01-25 11:18:23,774 - INFO - Epoch [1/10], Step [500], Loss: 0.6379
2026-01-25 11:18:27,887 - INFO - Epoch [1/10], Step [510], Loss: 0.6788
2026-01-25 11:18:31,870 - INFO - Epoch [1/10], Step [520], Loss: 0.8165
2026-01-25 11:18:36,850 - INFO - Epoch [1/10], Step [530], Loss: 0.6019
2026-01-25 11:18:40,732 - INFO - Epoch [1/10], Step [540], Loss: 0.7012
2026-01-25 11:18:44,885 - INFO - Epoch [1/10], Step [550], Loss: 0.6733
2026-01-25 11:18:49,038 - INFO - Epoch [1/10], Step [560], Loss: 0.4354
2026-01-25 11:18:53,598 - INFO - Epoch [1/10], Step [570], Loss: 0.5994
2026-01-25 11:18:58,197 - INFO - Epoch [1/10], Step [580], Loss: 0.6043
2026-01-25 11:19:02,739 - INFO - Epoch [1/10], Step [590], Loss: 0.6454
2026-01-25 11:19:07,613 - INFO - Epoch [1/10], Step [600], Loss: 0.5408
2026-01-25 11:19:13,283 - INFO - Epoch [1/10], Step [610], Loss: 0.6354
2026-01-25 11:19:17,744 - INFO - Epoch [1/10], Step [620], Loss: 1.3909
2026-01-25 11:19:22,025 - INFO - Epoch [1/10], Step [630], Loss: 0.7649
2026-01-25 11:19:26,239 - INFO - Epoch [1/10], Step [640], Loss: 0.2919
2026-01-25 11:19:30,691 - INFO - Epoch [1/10], Step [650], Loss: 0.6781
2026-01-25 11:19:36,051 - INFO - Epoch [1/10], Step [660], Loss: 0.5888
2026-01-25 11:19:40,608 - INFO - Epoch [1/10], Step [670], Loss: 0.5783
2026-01-25 11:19:45,537 - INFO - Epoch [1/10], Step [680], Loss: 0.5193
2026-01-25 11:19:50,034 - INFO - Epoch [1/10], Step [690], Loss: 0.5723
2026-01-25 11:19:54,352 - INFO - Epoch [1/10], Step [700], Loss: 0.4544
2026-01-25 11:20:00,749 - INFO - Epoch [1/10], Step [710], Loss: 0.5511
2026-01-25 11:20:05,218 - INFO - Epoch [1/10], Step [720], Loss: 1.0311
2026-01-25 11:20:09,922 - INFO - Epoch [1/10], Step [730], Loss: 0.9440
2026-01-25 11:20:15,523 - INFO - Epoch [1/10], Step [740], Loss: 0.6450
2026-01-25 11:20:20,582 - INFO - Epoch [1/10], Step [750], Loss: 0.6678
2026-01-25 11:20:25,590 - INFO - Epoch [1/10], Step [760], Loss: 0.7245
2026-01-25 11:20:30,533 - INFO - Epoch [1/10], Step [770], Loss: 0.6506
2026-01-25 11:20:35,387 - INFO - Epoch [1/10], Step [780], Loss: 0.8008
2026-01-25 11:20:39,336 - INFO - Epoch [1/10], Step [790], Loss: 0.6553
2026-01-25 11:20:43,506 - INFO - Epoch [1/10], Step [800], Loss: 0.8558
2026-01-25 11:20:48,510 - INFO - Epoch [1/10], Step [810], Loss: 0.4470
2026-01-25 11:20:52,789 - INFO - Epoch [1/10], Step [820], Loss: 1.0576
2026-01-25 11:20:57,923 - INFO - Epoch [1/10], Step [830], Loss: 0.8674
2026-01-25 11:21:02,808 - INFO - Epoch [1/10], Step [840], Loss: 0.5224
2026-01-25 11:21:07,111 - INFO - Epoch [1/10], Step [850], Loss: 0.8157
2026-01-25 11:21:11,811 - INFO - Epoch [1/10], Step [860], Loss: 0.5779
2026-01-25 11:21:18,617 - INFO - Epoch [1/10], Step [870], Loss: 0.7219
2026-01-25 11:21:22,605 - INFO - Epoch [1/10], Step [880], Loss: 0.4851
2026-01-25 11:21:28,097 - INFO - Epoch [1/10], Step [890], Loss: 0.5662
2026-01-25 11:21:33,125 - INFO - Epoch [1/10], Step [900], Loss: 0.6393
2026-01-25 11:21:37,293 - INFO - Epoch [1/10], Step [910], Loss: 0.4508
2026-01-25 11:21:42,384 - INFO - Epoch [1/10], Step [920], Loss: 0.5086
2026-01-25 11:21:46,856 - INFO - Epoch [1/10], Step [930], Loss: 0.8264
2026-01-25 11:21:51,702 - INFO - Epoch [1/10], Step [940], Loss: 1.0857
2026-01-25 11:21:56,154 - INFO - Epoch [1/10], Step [950], Loss: 0.6553
2026-01-25 11:22:01,066 - INFO - Epoch [1/10], Step [960], Loss: 0.9525
2026-01-25 11:22:05,834 - INFO - Epoch [1/10], Step [970], Loss: 0.8715
2026-01-25 11:22:10,654 - INFO - Epoch [1/10], Step [980], Loss: 0.8280
2026-01-25 11:22:15,751 - INFO - Epoch [1/10], Step [990], Loss: 0.8947
2026-01-25 11:22:21,645 - INFO - Epoch [1/10], Step [1000], Loss: 0.6678
2026-01-25 11:22:27,145 - INFO - Epoch [1/10], Step [1010], Loss: 0.5955
2026-01-25 11:22:31,510 - INFO - Epoch [1/10], Step [1020], Loss: 0.6757
2026-01-25 11:22:36,171 - INFO - Epoch [1/10], Step [1030], Loss: 0.6937
2026-01-25 11:22:40,174 - INFO - Epoch [1/10], Step [1040], Loss: 0.6201
2026-01-25 11:22:44,730 - INFO - Epoch [1/10], Step [1050], Loss: 0.6611
2026-01-25 11:22:49,674 - INFO - Epoch [1/10], Step [1060], Loss: 0.6945
2026-01-25 11:22:54,498 - INFO - Epoch [1/10], Step [1070], Loss: 0.9261
2026-01-25 11:23:01,545 - INFO - Epoch [1/10], Step [1080], Loss: 0.5883
2026-01-25 11:23:06,662 - INFO - Epoch [1/10], Step [1090], Loss: 0.5795
2026-01-25 11:23:10,936 - INFO - Epoch [1/10], Step [1100], Loss: 0.5928
2026-01-25 11:23:15,219 - INFO - Epoch [1/10], Step [1110], Loss: 0.3753
2026-01-25 11:23:20,722 - INFO - Epoch [1/10], Step [1120], Loss: 0.8748
2026-01-25 11:23:26,203 - INFO - Epoch [1/10], Step [1130], Loss: 0.7160
2026-01-25 11:23:30,548 - INFO - Epoch [1/10], Step [1140], Loss: 0.7549
2026-01-25 11:23:34,875 - INFO - Epoch [1/10], Step [1150], Loss: 0.6715
2026-01-25 11:23:39,673 - INFO - Epoch [1/10], Step [1160], Loss: 0.6843
2026-01-25 11:23:44,793 - INFO - Epoch [1/10], Step [1170], Loss: 0.5153
2026-01-25 11:23:48,860 - INFO - Epoch [1/10], Step [1180], Loss: 0.9260
2026-01-25 11:23:53,260 - INFO - Epoch [1/10], Step [1190], Loss: 0.5465
2026-01-25 11:23:58,466 - INFO - Epoch [1/10], Step [1200], Loss: 0.5228
2026-01-25 11:23:59,423 - INFO - Epoch 1 Finished. Train Loss: 0.6890 | Train Acc: 0.5716 | Train F1: 0.5670
2026-01-25 11:23:59,423 - INFO - Running Validation for Epoch 1...
2026-01-25 11:25:22,215 - INFO - [Val] Loss: 0.7129 | Accuracy: 0.4788 | F1: 0.3232
2026-01-25 11:25:22,215 - INFO - Running Testing for Epoch 1...
2026-01-25 11:26:48,960 - INFO - [Test] Loss: 0.7115 | Accuracy: 0.4750 | F1: 0.3271
2026-01-25 11:26:49,013 - INFO - Saved checkpoint to xxxxxxxxxxxxxxxxxxxxxxxxxxxxBrainLM-main/output/hcp3/finetuned_checkpoint_epoch_1.pt
2026-01-25 11:26:49,062 - INFO - 🏆 New Best Model (Val Acc: 0.4788, Val F1: 0.3232) saved to xxxxxxxxxxxxxxxxxxxxxxxxxxxxBrainLM-main/output/hcp3/finetuned_checkpoint_best.pt
2026-01-25 11:26:49,459 - INFO - Epoch [2/10], Step [0], Loss: 0.9792
2026-01-25 11:26:53,760 - INFO - Epoch [2/10], Step [10], Loss: 0.7091
2026-01-25 11:26:58,367 - INFO - Epoch [2/10], Step [20], Loss: 0.4854
2026-01-25 11:27:02,160 - INFO - Epoch [2/10], Step [30], Loss: 0.4456
2026-01-25 11:27:06,459 - INFO - Epoch [2/10], Step [40], Loss: 0.6897
2026-01-25 11:27:11,163 - INFO - Epoch [2/10], Step [50], Loss: 0.6358
2026-01-25 11:27:15,146 - INFO - Epoch [2/10], Step [60], Loss: 0.6116
2026-01-25 11:27:20,048 - INFO - Epoch [2/10], Step [70], Loss: 0.9523
2026-01-25 11:27:24,259 - INFO - Epoch [2/10], Step [80], Loss: 0.9968
2026-01-25 11:27:29,123 - INFO - Epoch [2/10], Step [90], Loss: 0.9187
2026-01-25 11:27:33,852 - INFO - Epoch [2/10], Step [100], Loss: 0.7230
2026-01-25 11:27:38,402 - INFO - Epoch [2/10], Step [110], Loss: 0.6725
2026-01-25 11:27:42,537 - INFO - Epoch [2/10], Step [120], Loss: 0.5277
2026-01-25 11:27:47,729 - INFO - Epoch [2/10], Step [130], Loss: 0.6901
2026-01-25 11:27:53,174 - INFO - Epoch [2/10], Step [140], Loss: 0.6415
2026-01-25 11:27:58,426 - INFO - Epoch [2/10], Step [150], Loss: 0.4961
2026-01-25 11:28:03,791 - INFO - Epoch [2/10], Step [160], Loss: 0.3253
2026-01-25 11:28:08,104 - INFO - Epoch [2/10], Step [170], Loss: 0.7657
2026-01-25 11:28:13,522 - INFO - Epoch [2/10], Step [180], Loss: 0.8410
2026-01-25 11:28:18,201 - INFO - Epoch [2/10], Step [190], Loss: 0.7171
2026-01-25 11:28:23,049 - INFO - Epoch [2/10], Step [200], Loss: 0.6683
2026-01-25 11:28:27,881 - INFO - Epoch [2/10], Step [210], Loss: 0.5582
2026-01-25 11:28:33,100 - INFO - Epoch [2/10], Step [220], Loss: 0.5750
2026-01-25 11:28:38,002 - INFO - Epoch [2/10], Step [230], Loss: 0.4657
2026-01-25 11:28:42,322 - INFO - Epoch [2/10], Step [240], Loss: 0.6403
2026-01-25 11:28:46,397 - INFO - Epoch [2/10], Step [250], Loss: 0.6010
2026-01-25 11:28:50,503 - INFO - Epoch [2/10], Step [260], Loss: 0.5962
2026-01-25 11:28:54,886 - INFO - Epoch [2/10], Step [270], Loss: 0.7513
2026-01-25 11:28:59,334 - INFO - Epoch [2/10], Step [280], Loss: 0.6870
2026-01-25 11:29:03,736 - INFO - Epoch [2/10], Step [290], Loss: 0.9444
2026-01-25 11:29:07,801 - INFO - Epoch [2/10], Step [300], Loss: 0.6932
2026-01-25 11:29:13,433 - INFO - Epoch [2/10], Step [310], Loss: 0.6695
2026-01-25 11:29:17,886 - INFO - Epoch [2/10], Step [320], Loss: 0.5449
2026-01-25 11:29:22,243 - INFO - Epoch [2/10], Step [330], Loss: 0.6824
2026-01-25 11:29:26,758 - INFO - Epoch [2/10], Step [340], Loss: 0.6985
2026-01-25 11:29:31,977 - INFO - Epoch [2/10], Step [350], Loss: 0.5134
2026-01-25 11:29:36,247 - INFO - Epoch [2/10], Step [360], Loss: 0.5969
2026-01-25 11:29:41,548 - INFO - Epoch [2/10], Step [370], Loss: 0.5135
2026-01-25 11:29:46,788 - INFO - Epoch [2/10], Step [380], Loss: 0.5786
2026-01-25 11:29:51,342 - INFO - Epoch [2/10], Step [390], Loss: 0.7431
2026-01-25 11:29:56,881 - INFO - Epoch [2/10], Step [400], Loss: 0.5043
2026-01-25 11:30:01,390 - INFO - Epoch [2/10], Step [410], Loss: 0.5811
2026-01-25 11:30:06,499 - INFO - Epoch [2/10], Step [420], Loss: 1.0522
2026-01-25 11:30:10,418 - INFO - Epoch [2/10], Step [430], Loss: 0.3200
2026-01-25 11:30:15,188 - INFO - Epoch [2/10], Step [440], Loss: 0.2166
2026-01-25 11:30:19,161 - INFO - Epoch [2/10], Step [450], Loss: 0.6911
2026-01-25 11:30:23,250 - INFO - Epoch [2/10], Step [460], Loss: 0.6076
2026-01-25 11:30:27,474 - INFO - Epoch [2/10], Step [470], Loss: 0.4525
2026-01-25 11:30:32,056 - INFO - Epoch [2/10], Step [480], Loss: 0.7163
2026-01-25 11:30:37,489 - INFO - Epoch [2/10], Step [490], Loss: 1.0648
2026-01-25 11:30:41,461 - INFO - Epoch [2/10], Step [500], Loss: 0.9347
2026-01-25 11:30:46,386 - INFO - Epoch [2/10], Step [510], Loss: 0.8357
2026-01-25 11:30:50,950 - INFO - Epoch [2/10], Step [520], Loss: 0.8423
2026-01-25 11:30:55,270 - INFO - Epoch [2/10], Step [530], Loss: 0.6340
2026-01-25 11:31:00,907 - INFO - Epoch [2/10], Step [540], Loss: 0.6661
2026-01-25 11:31:04,893 - INFO - Epoch [2/10], Step [550], Loss: 0.5969
2026-01-25 11:31:09,693 - INFO - Epoch [2/10], Step [560], Loss: 0.6051
2026-01-25 11:31:14,419 - INFO - Epoch [2/10], Step [570], Loss: 0.4774
2026-01-25 11:31:19,363 - INFO - Epoch [2/10], Step [580], Loss: 1.1482
2026-01-25 11:31:24,302 - INFO - Epoch [2/10], Step [590], Loss: 0.8008
2026-01-25 11:31:28,752 - INFO - Epoch [2/10], Step [600], Loss: 0.8008
2026-01-25 11:31:33,509 - INFO - Epoch [2/10], Step [610], Loss: 0.7256
2026-01-25 11:31:37,480 - INFO - Epoch [2/10], Step [620], Loss: 0.8154
2026-01-25 11:31:42,000 - INFO - Epoch [2/10], Step [630], Loss: 0.7415
2026-01-25 11:31:46,323 - INFO - Epoch [2/10], Step [640], Loss: 0.8817
2026-01-25 11:31:50,553 - INFO - Epoch [2/10], Step [650], Loss: 0.7623
2026-01-25 11:31:54,909 - INFO - Epoch [2/10], Step [660], Loss: 0.8561
2026-01-25 11:31:59,030 - INFO - Epoch [2/10], Step [670], Loss: 0.7750
2026-01-25 11:32:04,143 - INFO - Epoch [2/10], Step [680], Loss: 0.8261
2026-01-25 11:32:08,651 - INFO - Epoch [2/10], Step [690], Loss: 0.5522
2026-01-25 11:32:13,759 - INFO - Epoch [2/10], Step [700], Loss: 0.7446
2026-01-25 11:32:18,121 - INFO - Epoch [2/10], Step [710], Loss: 0.5819
2026-01-25 11:32:23,439 - INFO - Epoch [2/10], Step [720], Loss: 0.5498
2026-01-25 11:32:27,778 - INFO - Epoch [2/10], Step [730], Loss: 0.8947
2026-01-25 11:32:32,566 - INFO - Epoch [2/10], Step [740], Loss: 0.5779
2026-01-25 11:32:36,943 - INFO - Epoch [2/10], Step [750], Loss: 0.8167
2026-01-25 11:32:41,622 - INFO - Epoch [2/10], Step [760], Loss: 0.9066
2026-01-25 11:32:45,835 - INFO - Epoch [2/10], Step [770], Loss: 0.5291
2026-01-25 11:32:50,414 - INFO - Epoch [2/10], Step [780], Loss: 0.5985
2026-01-25 11:32:55,088 - INFO - Epoch [2/10], Step [790], Loss: 0.6333
2026-01-25 11:32:58,902 - INFO - Epoch [2/10], Step [800], Loss: 0.7014
2026-01-25 11:33:03,711 - INFO - Epoch [2/10], Step [810], Loss: 0.5660
2026-01-25 11:33:07,907 - INFO - Epoch [2/10], Step [820], Loss: 0.8828
2026-01-25 11:33:12,975 - INFO - Epoch [2/10], Step [830], Loss: 0.9188
2026-01-25 11:33:17,839 - INFO - Epoch [2/10], Step [840], Loss: 0.7431
2026-01-25 11:33:22,063 - INFO - Epoch [2/10], Step [850], Loss: 0.4309
2026-01-25 11:33:26,050 - INFO - Epoch [2/10], Step [860], Loss: 1.2540
2026-01-25 11:33:30,876 - INFO - Epoch [2/10], Step [870], Loss: 0.4953
2026-01-25 11:33:35,520 - INFO - Epoch [2/10], Step [880], Loss: 0.4378
2026-01-25 11:33:39,976 - INFO - Epoch [2/10], Step [890], Loss: 0.5295
2026-01-25 11:33:43,964 - INFO - Epoch [2/10], Step [900], Loss: 0.7196
2026-01-25 11:33:48,251 - INFO - Epoch [2/10], Step [910], Loss: 0.6833
2026-01-25 11:33:53,157 - INFO - Epoch [2/10], Step [920], Loss: 0.7588
2026-01-25 11:33:57,826 - INFO - Epoch [2/10], Step [930], Loss: 1.2901
2026-01-25 11:34:02,174 - INFO - Epoch [2/10], Step [940], Loss: 0.6353
2026-01-25 11:34:06,410 - INFO - Epoch [2/10], Step [950], Loss: 0.5341
2026-01-25 11:34:10,397 - INFO - Epoch [2/10], Step [960], Loss: 0.6142
2026-01-25 11:34:15,372 - INFO - Epoch [2/10], Step [970], Loss: 0.5967
2026-01-25 11:34:20,014 - INFO - Epoch [2/10], Step [980], Loss: 0.6170
2026-01-25 11:34:24,579 - INFO - Epoch [2/10], Step [990], Loss: 0.5778
2026-01-25 11:34:29,354 - INFO - Epoch [2/10], Step [1000], Loss: 0.6055
2026-01-25 11:34:34,382 - INFO - Epoch [2/10], Step [1010], Loss: 0.3504
2026-01-25 11:34:38,302 - INFO - Epoch [2/10], Step [1020], Loss: 0.7747
2026-01-25 11:34:41,614 - INFO - Epoch [2/10], Step [1030], Loss: 0.6103
2026-01-25 11:34:43,422 - INFO - Epoch [2/10], Step [1040], Loss: 0.5130
2026-01-25 11:34:46,911 - INFO - Epoch [2/10], Step [1050], Loss: 0.5655
2026-01-25 11:34:52,778 - INFO - Epoch [2/10], Step [1060], Loss: 0.5187
2026-01-25 11:34:57,752 - INFO - Epoch [2/10], Step [1070], Loss: 0.7101
2026-01-25 11:35:01,725 - INFO - Epoch [2/10], Step [1080], Loss: 0.8212
2026-01-25 11:35:06,357 - INFO - Epoch [2/10], Step [1090], Loss: 0.7294
2026-01-25 11:35:10,556 - INFO - Epoch [2/10], Step [1100], Loss: 0.4923
2026-01-25 11:35:15,576 - INFO - Epoch [2/10], Step [1110], Loss: 0.5017
2026-01-25 11:35:19,757 - INFO - Epoch [2/10], Step [1120], Loss: 0.7706
2026-01-25 11:35:24,439 - INFO - Epoch [2/10], Step [1130], Loss: 0.6419
2026-01-25 11:35:28,721 - INFO - Epoch [2/10], Step [1140], Loss: 0.5380
2026-01-25 11:35:32,693 - INFO - Epoch [2/10], Step [1150], Loss: 0.6792
2026-01-25 11:35:37,168 - INFO - Epoch [2/10], Step [1160], Loss: 0.5226
2026-01-25 11:35:41,877 - INFO - Epoch [2/10], Step [1170], Loss: 0.4588
2026-01-25 11:35:46,729 - INFO - Epoch [2/10], Step [1180], Loss: 0.5768
2026-01-25 11:35:51,806 - INFO - Epoch [2/10], Step [1190], Loss: 0.3242
2026-01-25 11:35:55,989 - INFO - Epoch [2/10], Step [1200], Loss: 0.3980
2026-01-25 11:35:56,803 - INFO - Epoch 2 Finished. Train Loss: 0.6612 | Train Acc: 0.6088 | Train F1: 0.6059
2026-01-25 11:35:56,804 - INFO - Running Validation for Epoch 2...
2026-01-25 11:36:58,580 - INFO - [Val] Loss: 0.6425 | Accuracy: 0.6290 | F1: 0.6237
2026-01-25 11:36:58,581 - INFO - Running Testing for Epoch 2...
2026-01-25 11:38:08,307 - INFO - [Test] Loss: 0.6292 | Accuracy: 0.6478 | F1: 0.6458
2026-01-25 11:38:08,463 - INFO - Saved checkpoint to xxxxxxxxxxxxxxxxxxxxxxxxxxxxBrainLM-main/output/hcp3/finetuned_checkpoint_epoch_2.pt
2026-01-25 11:38:08,666 - INFO - 🏆 New Best Model (Val Acc: 0.6290, Val F1: 0.6237) saved to xxxxxxxxxxxxxxxxxxxxxxxxxxxxBrainLM-main/output/hcp3/finetuned_checkpoint_best.pt
2026-01-25 11:38:09,061 - INFO - Epoch [3/10], Step [0], Loss: 0.3412
2026-01-25 11:38:13,144 - INFO - Epoch [3/10], Step [10], Loss: 1.0683
2026-01-25 11:38:17,809 - INFO - Epoch [3/10], Step [20], Loss: 0.4537
2026-01-25 11:38:22,619 - INFO - Epoch [3/10], Step [30], Loss: 0.5669
2026-01-25 11:38:26,655 - INFO - Epoch [3/10], Step [40], Loss: 0.7844
2026-01-25 11:38:30,778 - INFO - Epoch [3/10], Step [50], Loss: 0.8252
2026-01-25 11:38:35,321 - INFO - Epoch [3/10], Step [60], Loss: 0.4751
2026-01-25 11:38:39,598 - INFO - Epoch [3/10], Step [70], Loss: 0.6344
2026-01-25 11:38:44,819 - INFO - Epoch [3/10], Step [80], Loss: 0.3696
2026-01-25 11:38:50,000 - INFO - Epoch [3/10], Step [90], Loss: 0.7471
2026-01-25 11:38:54,107 - INFO - Epoch [3/10], Step [100], Loss: 0.5307
2026-01-25 11:38:56,358 - INFO - Epoch [3/10], Step [110], Loss: 0.6884
2026-01-25 11:38:58,348 - INFO - Epoch [3/10], Step [120], Loss: 0.3335
2026-01-25 11:39:00,177 - INFO - Epoch [3/10], Step [130], Loss: 0.7730
2026-01-25 11:39:02,281 - INFO - Epoch [3/10], Step [140], Loss: 0.8555
2026-01-25 11:39:04,621 - INFO - Epoch [3/10], Step [150], Loss: 0.8494
2026-01-25 11:39:07,282 - INFO - Epoch [3/10], Step [160], Loss: 0.6401
2026-01-25 11:39:10,230 - INFO - Epoch [3/10], Step [170], Loss: 0.5059
2026-01-25 11:39:13,219 - INFO - Epoch [3/10], Step [180], Loss: 0.8213
2026-01-25 11:39:16,483 - INFO - Epoch [3/10], Step [190], Loss: 0.6475
2026-01-25 11:39:20,384 - INFO - Epoch [3/10], Step [200], Loss: 0.6898
2026-01-25 11:39:24,764 - INFO - Epoch [3/10], Step [210], Loss: 1.1871
2026-01-25 11:39:29,712 - INFO - Epoch [3/10], Step [220], Loss: 0.7190
2026-01-25 11:39:34,060 - INFO - Epoch [3/10], Step [230], Loss: 0.5117
2026-01-25 11:39:38,453 - INFO - Epoch [3/10], Step [240], Loss: 0.6768
2026-01-25 11:39:42,414 - INFO - Epoch [3/10], Step [250], Loss: 0.5979
2026-01-25 11:39:46,926 - INFO - Epoch [3/10], Step [260], Loss: 0.7579
2026-01-25 11:39:51,478 - INFO - Epoch [3/10], Step [270], Loss: 0.5150
2026-01-25 11:39:55,986 - INFO - Epoch [3/10], Step [280], Loss: 0.6687
2026-01-25 11:40:00,219 - INFO - Epoch [3/10], Step [290], Loss: 0.6040
2026-01-25 11:40:04,818 - INFO - Epoch [3/10], Step [300], Loss: 0.4135
2026-01-25 11:40:09,936 - INFO - Epoch [3/10], Step [310], Loss: 0.6745
2026-01-25 11:40:14,903 - INFO - Epoch [3/10], Step [320], Loss: 0.6262
2026-01-25 11:40:17,984 - INFO - Epoch [3/10], Step [330], Loss: 0.3932
2026-01-25 11:40:21,973 - INFO - Epoch [3/10], Step [340], Loss: 0.6586
2026-01-25 11:40:26,447 - INFO - Epoch [3/10], Step [350], Loss: 0.8833
2026-01-25 11:40:30,815 - INFO - Epoch [3/10], Step [360], Loss: 0.5789
2026-01-25 11:40:35,030 - INFO - Epoch [3/10], Step [370], Loss: 0.8320
2026-01-25 11:40:39,211 - INFO - Epoch [3/10], Step [380], Loss: 0.2322
2026-01-25 11:40:44,380 - INFO - Epoch [3/10], Step [390], Loss: 0.4178
2026-01-25 11:40:49,587 - INFO - Epoch [3/10], Step [400], Loss: 0.4675
2026-01-25 11:40:53,818 - INFO - Epoch [3/10], Step [410], Loss: 0.5136
2026-01-25 11:40:58,519 - INFO - Epoch [3/10], Step [420], Loss: 1.7365
2026-01-25 11:41:02,688 - INFO - Epoch [3/10], Step [430], Loss: 0.4836
2026-01-25 11:41:07,309 - INFO - Epoch [3/10], Step [440], Loss: 0.6677
2026-01-25 11:41:11,530 - INFO - Epoch [3/10], Step [450], Loss: 0.5465
2026-01-25 11:41:16,247 - INFO - Epoch [3/10], Step [460], Loss: 0.7980
2026-01-25 11:41:20,228 - INFO - Epoch [3/10], Step [470], Loss: 1.0357
2026-01-25 11:41:24,991 - INFO - Epoch [3/10], Step [480], Loss: 0.5827
2026-01-25 11:41:29,189 - INFO - Epoch [3/10], Step [490], Loss: 0.6011
2026-01-25 11:41:34,980 - INFO - Epoch [3/10], Step [500], Loss: 0.5579
2026-01-25 11:41:39,059 - INFO - Epoch [3/10], Step [510], Loss: 0.9428
2026-01-25 11:41:43,006 - INFO - Epoch [3/10], Step [520], Loss: 0.5370
2026-01-25 11:41:45,283 - INFO - Epoch [3/10], Step [530], Loss: 0.7152
2026-01-25 11:41:47,951 - INFO - Epoch [3/10], Step [540], Loss: 0.4337
2026-01-25 11:41:50,951 - INFO - Epoch [3/10], Step [550], Loss: 0.6705
2026-01-25 11:41:53,687 - INFO - Epoch [3/10], Step [560], Loss: 0.5257
2026-01-25 11:41:56,061 - INFO - Epoch [3/10], Step [570], Loss: 0.8464
2026-01-25 11:41:58,175 - INFO - Epoch [3/10], Step [580], Loss: 0.6835
2026-01-25 11:42:02,431 - INFO - Epoch [3/10], Step [590], Loss: 0.8314
2026-01-25 11:42:06,621 - INFO - Epoch [3/10], Step [600], Loss: 0.4793
2026-01-25 11:42:10,907 - INFO - Epoch [3/10], Step [610], Loss: 0.6502
2026-01-25 11:42:15,694 - INFO - Epoch [3/10], Step [620], Loss: 0.6260
2026-01-25 11:42:19,753 - INFO - Epoch [3/10], Step [630], Loss: 0.4755
2026-01-25 11:42:24,167 - INFO - Epoch [3/10], Step [640], Loss: 0.5636
2026-01-25 11:42:28,216 - INFO - Epoch [3/10], Step [650], Loss: 0.9106
2026-01-25 11:42:32,557 - INFO - Epoch [3/10], Step [660], Loss: 0.7545
2026-01-25 11:42:36,839 - INFO - Epoch [3/10], Step [670], Loss: 0.6125
2026-01-25 11:42:41,239 - INFO - Epoch [3/10], Step [680], Loss: 0.7244
2026-01-25 11:42:45,675 - INFO - Epoch [3/10], Step [690], Loss: 0.9833
2026-01-25 11:42:49,740 - INFO - Epoch [3/10], Step [700], Loss: 0.5367
2026-01-25 11:42:54,628 - INFO - Epoch [3/10], Step [710], Loss: 0.6398
2026-01-25 11:42:57,274 - INFO - Epoch [3/10], Step [720], Loss: 0.7837
2026-01-25 11:43:00,364 - INFO - Epoch [3/10], Step [730], Loss: 0.7917
2026-01-25 11:43:04,311 - INFO - Epoch [3/10], Step [740], Loss: 1.0001
2026-01-25 11:43:09,423 - INFO - Epoch [3/10], Step [750], Loss: 1.0337
2026-01-25 11:43:13,766 - INFO - Epoch [3/10], Step [760], Loss: 0.5855
2026-01-25 11:43:17,932 - INFO - Epoch [3/10], Step [770], Loss: 0.5312
2026-01-25 11:43:22,085 - INFO - Epoch [3/10], Step [780], Loss: 0.6766
2026-01-25 11:43:26,888 - INFO - Epoch [3/10], Step [790], Loss: 0.4019
2026-01-25 11:43:31,000 - INFO - Epoch [3/10], Step [800], Loss: 0.4679
2026-01-25 11:43:35,713 - INFO - Epoch [3/10], Step [810], Loss: 0.4885
2026-01-25 11:43:40,092 - INFO - Epoch [3/10], Step [820], Loss: 0.4656
2026-01-25 11:43:44,739 - INFO - Epoch [3/10], Step [830], Loss: 0.5081
2026-01-25 11:43:50,430 - INFO - Epoch [3/10], Step [840], Loss: 0.4777
2026-01-25 11:43:54,428 - INFO - Epoch [3/10], Step [850], Loss: 1.4457
2026-01-25 11:43:58,657 - INFO - Epoch [3/10], Step [860], Loss: 0.7049
2026-01-25 11:44:02,928 - INFO - Epoch [3/10], Step [870], Loss: 0.6260
2026-01-25 11:44:07,610 - INFO - Epoch [3/10], Step [880], Loss: 0.5695
2026-01-25 11:44:11,548 - INFO - Epoch [3/10], Step [890], Loss: 0.8397
2026-01-25 11:44:16,009 - INFO - Epoch [3/10], Step [900], Loss: 0.4535
2026-01-25 11:44:20,491 - INFO - Epoch [3/10], Step [910], Loss: 0.7715
2026-01-25 11:44:24,800 - INFO - Epoch [3/10], Step [920], Loss: 0.6133
2026-01-25 11:44:29,059 - INFO - Epoch [3/10], Step [930], Loss: 0.4956
2026-01-25 11:44:31,337 - INFO - Epoch [3/10], Step [940], Loss: 0.7258
2026-01-25 11:44:33,985 - INFO - Epoch [3/10], Step [950], Loss: 0.7111
2026-01-25 11:44:37,258 - INFO - Epoch [3/10], Step [960], Loss: 0.9191
2026-01-25 11:44:39,135 - INFO - Epoch [3/10], Step [970], Loss: 0.5177
2026-01-25 11:44:40,981 - INFO - Epoch [3/10], Step [980], Loss: 0.3083
2026-01-25 11:44:43,120 - INFO - Epoch [3/10], Step [990], Loss: 0.2579
2026-01-25 11:44:45,538 - INFO - Epoch [3/10], Step [1000], Loss: 0.2082
2026-01-25 11:44:47,489 - INFO - Epoch [3/10], Step [1010], Loss: 0.7479
2026-01-25 11:44:49,697 - INFO - Epoch [3/10], Step [1020], Loss: 1.4989
2026-01-25 11:44:52,387 - INFO - Epoch [3/10], Step [1030], Loss: 0.8103
2026-01-25 11:44:54,855 - INFO - Epoch [3/10], Step [1040], Loss: 0.6359
2026-01-25 11:44:56,897 - INFO - Epoch [3/10], Step [1050], Loss: 0.5566
2026-01-25 11:44:59,418 - INFO - Epoch [3/10], Step [1060], Loss: 0.6351
2026-01-25 11:45:03,682 - INFO - Epoch [3/10], Step [1070], Loss: 0.7532
2026-01-25 11:45:09,263 - INFO - Epoch [3/10], Step [1080], Loss: 0.3338
2026-01-25 11:45:13,585 - INFO - Epoch [3/10], Step [1090], Loss: 1.0924
2026-01-25 11:45:18,217 - INFO - Epoch [3/10], Step [1100], Loss: 0.4842
2026-01-25 11:45:22,709 - INFO - Epoch [3/10], Step [1110], Loss: 0.5846
2026-01-25 11:45:26,815 - INFO - Epoch [3/10], Step [1120], Loss: 1.1046
2026-01-25 11:45:32,286 - INFO - Epoch [3/10], Step [1130], Loss: 0.6305
2026-01-25 11:45:36,934 - INFO - Epoch [3/10], Step [1140], Loss: 0.6952
2026-01-25 11:45:41,747 - INFO - Epoch [3/10], Step [1150], Loss: 0.6275
2026-01-25 11:45:46,651 - INFO - Epoch [3/10], Step [1160], Loss: 0.7034
2026-01-25 11:45:50,551 - INFO - Epoch [3/10], Step [1170], Loss: 0.5488
2026-01-25 11:45:54,258 - INFO - Epoch [3/10], Step [1180], Loss: 0.3816
2026-01-25 11:45:56,314 - INFO - Epoch [3/10], Step [1190], Loss: 0.7327
2026-01-25 11:45:58,525 - INFO - Epoch [3/10], Step [1200], Loss: 0.2158
2026-01-25 11:45:59,223 - INFO - Epoch 3 Finished. Train Loss: 0.6347 | Train Acc: 0.6451 | Train F1: 0.6442
2026-01-25 11:45:59,223 - INFO - Running Validation for Epoch 3...
2026-01-25 11:47:16,934 - INFO - [Val] Loss: 0.7414 | Accuracy: 0.5817 | F1: 0.4903
2026-01-25 11:47:16,935 - INFO - Running Testing for Epoch 3...
2026-01-25 11:48:31,996 - INFO - [Test] Loss: 0.7303 | Accuracy: 0.5826 | F1: 0.4828
2026-01-25 11:48:33,782 - INFO - Saved checkpoint to xxxxxxxxxxxxxxxxxxxxxxxxxxxxBrainLM-main/output/hcp3/finetuned_checkpoint_epoch_3.pt
2026-01-25 11:48:34,525 - INFO - Epoch [4/10], Step [0], Loss: 0.4630
2026-01-25 11:48:40,061 - INFO - Epoch [4/10], Step [10], Loss: 0.6348
2026-01-25 11:48:44,278 - INFO - Epoch [4/10], Step [20], Loss: 1.0580
2026-01-25 11:48:48,637 - INFO - Epoch [4/10], Step [30], Loss: 0.8991
2026-01-25 11:48:52,828 - INFO - Epoch [4/10], Step [40], Loss: 0.6558
2026-01-25 11:48:56,849 - INFO - Epoch [4/10], Step [50], Loss: 0.7574
2026-01-25 11:49:00,529 - INFO - Epoch [4/10], Step [60], Loss: 0.4733
2026-01-25 11:49:02,593 - INFO - Epoch [4/10], Step [70], Loss: 0.8322
2026-01-25 11:49:04,663 - INFO - Epoch [4/10], Step [80], Loss: 0.3899
2026-01-25 11:49:07,287 - INFO - Epoch [4/10], Step [90], Loss: 0.6181
2026-01-25 11:49:11,196 - INFO - Epoch [4/10], Step [100], Loss: 0.9316
2026-01-25 11:49:15,296 - INFO - Epoch [4/10], Step [110], Loss: 0.7785
2026-01-25 11:49:18,547 - INFO - Epoch [4/10], Step [120], Loss: 0.6736
2026-01-25 11:49:21,467 - INFO - Epoch [4/10], Step [130], Loss: 1.2335
2026-01-25 11:49:23,531 - INFO - Epoch [4/10], Step [140], Loss: 0.7278
2026-01-25 11:49:26,232 - INFO - Epoch [4/10], Step [150], Loss: 0.7326
2026-01-25 11:49:28,054 - INFO - Epoch [4/10], Step [160], Loss: 0.6562
2026-01-25 11:49:30,695 - INFO - Epoch [4/10], Step [170], Loss: 0.8370
2026-01-25 11:49:34,226 - INFO - Epoch [4/10], Step [180], Loss: 0.7035
2026-01-25 11:49:36,037 - INFO - Epoch [4/10], Step [190], Loss: 0.8983
2026-01-25 11:49:38,409 - INFO - Epoch [4/10], Step [200], Loss: 0.6484
2026-01-25 11:49:42,088 - INFO - Epoch [4/10], Step [210], Loss: 0.4517
2026-01-25 11:49:44,606 - INFO - Epoch [4/10], Step [220], Loss: 0.8824
2026-01-25 11:49:46,779 - INFO - Epoch [4/10], Step [230], Loss: 0.4744
2026-01-25 11:49:49,346 - INFO - Epoch [4/10], Step [240], Loss: 0.6174
2026-01-25 11:49:51,936 - INFO - Epoch [4/10], Step [250], Loss: 0.6525
2026-01-25 11:49:53,733 - INFO - Epoch [4/10], Step [260], Loss: 0.4506
2026-01-25 11:49:55,857 - INFO - Epoch [4/10], Step [270], Loss: 0.6999
2026-01-25 11:49:59,672 - INFO - Epoch [4/10], Step [280], Loss: 0.4810
2026-01-25 11:50:03,807 - INFO - Epoch [4/10], Step [290], Loss: 0.3960
2026-01-25 11:50:06,603 - INFO - Epoch [4/10], Step [300], Loss: 0.5852
2026-01-25 11:50:08,849 - INFO - Epoch [4/10], Step [310], Loss: 1.4050
2026-01-25 11:50:11,159 - INFO - Epoch [4/10], Step [320], Loss: 1.2247
2026-01-25 11:50:13,184 - INFO - Epoch [4/10], Step [330], Loss: 0.7631
2026-01-25 11:50:15,298 - INFO - Epoch [4/10], Step [340], Loss: 0.7942
2026-01-25 11:50:17,641 - INFO - Epoch [4/10], Step [350], Loss: 0.6468
2026-01-25 11:50:20,371 - INFO - Epoch [4/10], Step [360], Loss: 0.8052
2026-01-25 11:50:22,344 - INFO - Epoch [4/10], Step [370], Loss: 0.5708
2026-01-25 11:50:24,547 - INFO - Epoch [4/10], Step [380], Loss: 0.6160
2026-01-25 11:50:26,691 - INFO - Epoch [4/10], Step [390], Loss: 0.5857
2026-01-25 11:50:28,967 - INFO - Epoch [4/10], Step [400], Loss: 0.3323
2026-01-25 11:50:31,233 - INFO - Epoch [4/10], Step [410], Loss: 0.4036
2026-01-25 11:50:33,394 - INFO - Epoch [4/10], Step [420], Loss: 0.7836
2026-01-25 11:50:38,253 - INFO - Epoch [4/10], Step [430], Loss: 0.5695
2026-01-25 11:50:41,496 - INFO - Epoch [4/10], Step [440], Loss: 0.4034
2026-01-25 11:50:44,191 - INFO - Epoch [4/10], Step [450], Loss: 0.3514
2026-01-25 11:50:46,772 - INFO - Epoch [4/10], Step [460], Loss: 0.6014
2026-01-25 11:50:49,214 - INFO - Epoch [4/10], Step [470], Loss: 0.5615
2026-01-25 11:50:52,302 - INFO - Epoch [4/10], Step [480], Loss: 0.7467
2026-01-25 11:50:54,333 - INFO - Epoch [4/10], Step [490], Loss: 0.6736
2026-01-25 11:50:57,475 - INFO - Epoch [4/10], Step [500], Loss: 0.6015
2026-01-25 11:51:03,076 - INFO - Epoch [4/10], Step [510], Loss: 0.6844
2026-01-25 11:51:07,866 - INFO - Epoch [4/10], Step [520], Loss: 0.5294
2026-01-25 11:51:12,984 - INFO - Epoch [4/10], Step [530], Loss: 0.4791
2026-01-25 11:51:17,247 - INFO - Epoch [4/10], Step [540], Loss: 0.5662
2026-01-25 11:51:20,222 - INFO - Epoch [4/10], Step [550], Loss: 0.5721
2026-01-25 11:51:22,771 - INFO - Epoch [4/10], Step [560], Loss: 0.2603
2026-01-25 11:51:24,578 - INFO - Epoch [4/10], Step [570], Loss: 0.9815
2026-01-25 11:51:26,776 - INFO - Epoch [4/10], Step [580], Loss: 0.5562
2026-01-25 11:51:29,391 - INFO - Epoch [4/10], Step [590], Loss: 0.4965
2026-01-25 11:51:31,931 - INFO - Epoch [4/10], Step [600], Loss: 0.6102
2026-01-25 11:51:34,246 - INFO - Epoch [4/10], Step [610], Loss: 0.5422
2026-01-25 11:51:36,058 - INFO - Epoch [4/10], Step [620], Loss: 0.2031
2026-01-25 11:51:38,058 - INFO - Epoch [4/10], Step [630], Loss: 0.5850
2026-01-25 11:51:40,954 - INFO - Epoch [4/10], Step [640], Loss: 0.8571
2026-01-25 11:51:44,625 - INFO - Epoch [4/10], Step [650], Loss: 0.8128
2026-01-25 11:51:47,060 - INFO - Epoch [4/10], Step [660], Loss: 0.8339
2026-01-25 11:51:49,763 - INFO - Epoch [4/10], Step [670], Loss: 0.6601
2026-01-25 11:51:52,855 - INFO - Epoch [4/10], Step [680], Loss: 0.5809
2026-01-25 11:51:55,240 - INFO - Epoch [4/10], Step [690], Loss: 0.3776
2026-01-25 11:51:57,838 - INFO - Epoch [4/10], Step [700], Loss: 1.8106
2026-01-25 11:52:00,121 - INFO - Epoch [4/10], Step [710], Loss: 0.5699
2026-01-25 11:52:02,727 - INFO - Epoch [4/10], Step [720], Loss: 0.3797
2026-01-25 11:52:06,180 - INFO - Epoch [4/10], Step [730], Loss: 0.5360
2026-01-25 11:52:08,676 - INFO - Epoch [4/10], Step [740], Loss: 0.5867
2026-01-25 11:52:10,490 - INFO - Epoch [4/10], Step [750], Loss: 0.6052
2026-01-25 11:52:13,063 - INFO - Epoch [4/10], Step [760], Loss: 0.4920
2026-01-25 11:52:16,430 - INFO - Epoch [4/10], Step [770], Loss: 0.2497
2026-01-25 11:52:19,645 - INFO - Epoch [4/10], Step [780], Loss: 0.8436
2026-01-25 11:52:21,654 - INFO - Epoch [4/10], Step [790], Loss: 0.4514
2026-01-25 11:52:24,137 - INFO - Epoch [4/10], Step [800], Loss: 0.4531
2026-01-25 11:52:27,264 - INFO - Epoch [4/10], Step [810], Loss: 0.5224
2026-01-25 11:52:29,077 - INFO - Epoch [4/10], Step [820], Loss: 0.5230
2026-01-25 11:52:32,135 - INFO - Epoch [4/10], Step [830], Loss: 0.4204
2026-01-25 11:52:33,959 - INFO - Epoch [4/10], Step [840], Loss: 1.1680
2026-01-25 11:52:36,768 - INFO - Epoch [4/10], Step [850], Loss: 0.7444
2026-01-25 11:52:39,212 - INFO - Epoch [4/10], Step [860], Loss: 0.4070
2026-01-25 11:52:41,737 - INFO - Epoch [4/10], Step [870], Loss: 0.8739
2026-01-25 11:52:44,223 - INFO - Epoch [4/10], Step [880], Loss: 0.2072
2026-01-25 11:52:46,893 - INFO - Epoch [4/10], Step [890], Loss: 0.6509
2026-01-25 11:52:49,920 - INFO - Epoch [4/10], Step [900], Loss: 1.0792
2026-01-25 11:52:56,205 - INFO - Epoch [4/10], Step [910], Loss: 0.2873
2026-01-25 11:53:00,576 - INFO - Epoch [4/10], Step [920], Loss: 0.8208
2026-01-25 11:53:04,904 - INFO - Epoch [4/10], Step [930], Loss: 0.6027
2026-01-25 11:53:09,427 - INFO - Epoch [4/10], Step [940], Loss: 0.5347
2026-01-25 11:53:13,751 - INFO - Epoch [4/10], Step [950], Loss: 0.5372
2026-01-25 11:53:18,041 - INFO - Epoch [4/10], Step [960], Loss: 0.5048
2026-01-25 11:53:22,573 - INFO - Epoch [4/10], Step [970], Loss: 0.4911
2026-01-25 11:53:26,502 - INFO - Epoch [4/10], Step [980], Loss: 0.6272
2026-01-25 11:53:28,311 - INFO - Epoch [4/10], Step [990], Loss: 0.4227
2026-01-25 11:53:30,920 - INFO - Epoch [4/10], Step [1000], Loss: 0.3432
2026-01-25 11:53:33,271 - INFO - Epoch [4/10], Step [1010], Loss: 0.2296
2026-01-25 11:53:36,044 - INFO - Epoch [4/10], Step [1020], Loss: 0.8228
2026-01-25 11:53:38,781 - INFO - Epoch [4/10], Step [1030], Loss: 0.9989
2026-01-25 11:53:41,340 - INFO - Epoch [4/10], Step [1040], Loss: 0.9164
2026-01-25 11:53:44,399 - INFO - Epoch [4/10], Step [1050], Loss: 0.7910
2026-01-25 11:53:46,593 - INFO - Epoch [4/10], Step [1060], Loss: 0.4132
2026-01-25 11:53:48,659 - INFO - Epoch [4/10], Step [1070], Loss: 0.5777
2026-01-25 11:53:52,481 - INFO - Epoch [4/10], Step [1080], Loss: 0.9480
2026-01-25 11:53:54,710 - INFO - Epoch [4/10], Step [1090], Loss: 0.7172
2026-01-25 11:53:57,146 - INFO - Epoch [4/10], Step [1100], Loss: 0.7167
2026-01-25 11:54:00,261 - INFO - Epoch [4/10], Step [1110], Loss: 0.3323
2026-01-25 11:54:02,070 - INFO - Epoch [4/10], Step [1120], Loss: 0.7083
2026-01-25 11:54:04,637 - INFO - Epoch [4/10], Step [1130], Loss: 0.4458
2026-01-25 11:54:08,080 - INFO - Epoch [4/10], Step [1140], Loss: 0.2576
2026-01-25 11:54:10,791 - INFO - Epoch [4/10], Step [1150], Loss: 0.4652
2026-01-25 11:54:12,973 - INFO - Epoch [4/10], Step [1160], Loss: 0.7317
2026-01-25 11:54:14,951 - INFO - Epoch [4/10], Step [1170], Loss: 0.8264
2026-01-25 11:54:17,323 - INFO - Epoch [4/10], Step [1180], Loss: 0.8299
2026-01-25 11:54:19,894 - INFO - Epoch [4/10], Step [1190], Loss: 0.7316
2026-01-25 11:54:23,600 - INFO - Epoch [4/10], Step [1200], Loss: 0.5524
2026-01-25 11:54:23,969 - INFO - Epoch 4 Finished. Train Loss: 0.6148 | Train Acc: 0.6681 | Train F1: 0.6675
2026-01-25 11:54:23,969 - INFO - Running Validation for Epoch 4...
2026-01-25 11:55:34,128 - INFO - [Val] Loss: 0.6383 | Accuracy: 0.6382 | F1: 0.6277
2026-01-25 11:55:34,129 - INFO - Running Testing for Epoch 4...
2026-01-25 11:56:26,509 - INFO - [Test] Loss: 0.6286 | Accuracy: 0.6520 | F1: 0.6365
2026-01-25 11:56:26,581 - INFO - Saved checkpoint to xxxxxxxxxxxxxxxxxxxxxxxxxxxxBrainLM-main/output/hcp3/finetuned_checkpoint_epoch_4.pt
2026-01-25 11:56:26,633 - INFO - 🏆 New Best Model (Val Acc: 0.6382, Val F1: 0.6277) saved to xxxxxxxxxxxxxxxxxxxxxxxxxxxxBrainLM-main/output/hcp3/finetuned_checkpoint_best.pt
2026-01-25 11:56:26,999 - INFO - Epoch [5/10], Step [0], Loss: 0.6000
2026-01-25 11:56:28,927 - INFO - Epoch [5/10], Step [10], Loss: 0.5251
2026-01-25 11:56:32,305 - INFO - Epoch [5/10], Step [20], Loss: 0.4834
2026-01-25 11:56:34,503 - INFO - Epoch [5/10], Step [30], Loss: 0.4897
2026-01-25 11:56:37,881 - INFO - Epoch [5/10], Step [40], Loss: 0.7648
2026-01-25 11:56:39,910 - INFO - Epoch [5/10], Step [50], Loss: 1.3814
2026-01-25 11:56:41,708 - INFO - Epoch [5/10], Step [60], Loss: 0.5927
2026-01-25 11:56:44,252 - INFO - Epoch [5/10], Step [70], Loss: 0.7109
2026-01-25 11:56:48,101 - INFO - Epoch [5/10], Step [80], Loss: 0.3775
2026-01-25 11:56:50,386 - INFO - Epoch [5/10], Step [90], Loss: 0.3558
2026-01-25 11:56:52,555 - INFO - Epoch [5/10], Step [100], Loss: 0.3537
2026-01-25 11:56:55,764 - INFO - Epoch [5/10], Step [110], Loss: 0.7885
2026-01-25 11:56:59,070 - INFO - Epoch [5/10], Step [120], Loss: 0.4381
2026-01-25 11:57:03,596 - INFO - Epoch [5/10], Step [130], Loss: 0.6588
2026-01-25 11:57:05,871 - INFO - Epoch [5/10], Step [140], Loss: 0.6599
2026-01-25 11:57:08,681 - INFO - Epoch [5/10], Step [150], Loss: 0.2565
2026-01-25 11:57:11,443 - INFO - Epoch [5/10], Step [160], Loss: 0.3478
2026-01-25 11:57:17,889 - INFO - Epoch [5/10], Step [170], Loss: 0.3594
2026-01-25 11:57:21,225 - INFO - Epoch [5/10], Step [180], Loss: 0.3232
2026-01-25 11:57:23,504 - INFO - Epoch [5/10], Step [190], Loss: 0.0838
2026-01-25 11:57:25,787 - INFO - Epoch [5/10], Step [200], Loss: 0.7700
2026-01-25 11:57:28,704 - INFO - Epoch [5/10], Step [210], Loss: 0.2854
2026-01-25 11:57:30,505 - INFO - Epoch [5/10], Step [220], Loss: 0.3986
2026-01-25 11:57:33,226 - INFO - Epoch [5/10], Step [230], Loss: 0.3306
2026-01-25 11:57:36,030 - INFO - Epoch [5/10], Step [240], Loss: 1.1138
2026-01-25 11:57:38,883 - INFO - Epoch [5/10], Step [250], Loss: 0.7620
2026-01-25 11:57:43,398 - INFO - Epoch [5/10], Step [260], Loss: 0.4409
2026-01-25 11:57:45,828 - INFO - Epoch [5/10], Step [270], Loss: 0.8976
2026-01-25 11:57:49,025 - INFO - Epoch [5/10], Step [280], Loss: 0.5145
2026-01-25 11:57:51,657 - INFO - Epoch [5/10], Step [290], Loss: 0.7425
2026-01-25 11:57:56,476 - INFO - Epoch [5/10], Step [300], Loss: 0.6372
2026-01-25 11:57:58,517 - INFO - Epoch [5/10], Step [310], Loss: 0.7260
2026-01-25 11:58:02,213 - INFO - Epoch [5/10], Step [320], Loss: 0.3104
2026-01-25 11:58:04,479 - INFO - Epoch [5/10], Step [330], Loss: 0.6755
2026-01-25 11:58:07,023 - INFO - Epoch [5/10], Step [340], Loss: 0.3259
2026-01-25 11:58:09,615 - INFO - Epoch [5/10], Step [350], Loss: 1.1841
2026-01-25 11:58:11,665 - INFO - Epoch [5/10], Step [360], Loss: 0.7663
2026-01-25 11:58:14,968 - INFO - Epoch [5/10], Step [370], Loss: 0.4432
2026-01-25 11:58:17,394 - INFO - Epoch [5/10], Step [380], Loss: 0.4660
2026-01-25 11:58:19,840 - INFO - Epoch [5/10], Step [390], Loss: 0.1528
2026-01-25 11:58:21,877 - INFO - Epoch [5/10], Step [400], Loss: 0.9773
2026-01-25 11:58:24,289 - INFO - Epoch [5/10], Step [410], Loss: 0.6917
2026-01-25 11:58:27,283 - INFO - Epoch [5/10], Step [420], Loss: 0.3091
2026-01-25 11:58:30,666 - INFO - Epoch [5/10], Step [430], Loss: 0.5853
2026-01-25 11:58:33,057 - INFO - Epoch [5/10], Step [440], Loss: 0.8217
2026-01-25 11:58:35,872 - INFO - Epoch [5/10], Step [450], Loss: 0.6247
2026-01-25 11:58:37,691 - INFO - Epoch [5/10], Step [460], Loss: 0.5149
2026-01-25 11:58:40,085 - INFO - Epoch [5/10], Step [470], Loss: 0.4399
2026-01-25 11:58:42,331 - INFO - Epoch [5/10], Step [480], Loss: 0.5347
2026-01-25 11:58:44,633 - INFO - Epoch [5/10], Step [490], Loss: 0.5995
2026-01-25 11:58:46,681 - INFO - Epoch [5/10], Step [500], Loss: 1.3075
2026-01-25 11:58:51,681 - INFO - Epoch [5/10], Step [510], Loss: 0.6632
2026-01-25 11:58:56,066 - INFO - Epoch [5/10], Step [520], Loss: 0.7322
2026-01-25 11:58:58,048 - INFO - Epoch [5/10], Step [530], Loss: 0.4342
2026-01-25 11:59:00,579 - INFO - Epoch [5/10], Step [540], Loss: 0.9769
2026-01-25 11:59:03,330 - INFO - Epoch [5/10], Step [550], Loss: 0.3109
2026-01-25 11:59:06,101 - INFO - Epoch [5/10], Step [560], Loss: 0.4465
2026-01-25 11:59:08,806 - INFO - Epoch [5/10], Step [570], Loss: 0.2380
2026-01-25 11:59:11,193 - INFO - Epoch [5/10], Step [580], Loss: 0.5578
2026-01-25 11:59:13,008 - INFO - Epoch [5/10], Step [590], Loss: 0.1012
2026-01-25 11:59:16,007 - INFO - Epoch [5/10], Step [600], Loss: 0.7083
2026-01-25 11:59:18,522 - INFO - Epoch [5/10], Step [610], Loss: 0.5692
2026-01-25 11:59:21,234 - INFO - Epoch [5/10], Step [620], Loss: 0.7728
2026-01-25 11:59:24,365 - INFO - Epoch [5/10], Step [630], Loss: 0.1911
2026-01-25 11:59:26,321 - INFO - Epoch [5/10], Step [640], Loss: 0.6107
2026-01-25 11:59:28,415 - INFO - Epoch [5/10], Step [650], Loss: 0.7202
2026-01-25 11:59:30,270 - INFO - Epoch [5/10], Step [660], Loss: 0.6814
2026-01-25 11:59:32,195 - INFO - Epoch [5/10], Step [670], Loss: 0.8344
2026-01-25 11:59:34,074 - INFO - Epoch [5/10], Step [680], Loss: 0.5937
2026-01-25 11:59:36,273 - INFO - Epoch [5/10], Step [690], Loss: 0.4897
2026-01-25 11:59:39,019 - INFO - Epoch [5/10], Step [700], Loss: 0.2426
2026-01-25 11:59:41,560 - INFO - Epoch [5/10], Step [710], Loss: 0.4295
2026-01-25 11:59:43,848 - INFO - Epoch [5/10], Step [720], Loss: 0.4123
2026-01-25 11:59:46,684 - INFO - Epoch [5/10], Step [730], Loss: 0.3789
2026-01-25 11:59:49,239 - INFO - Epoch [5/10], Step [740], Loss: 0.3229
2026-01-25 11:59:51,392 - INFO - Epoch [5/10], Step [750], Loss: 0.4650
2026-01-25 11:59:53,464 - INFO - Epoch [5/10], Step [760], Loss: 0.3015
2026-01-25 11:59:55,570 - INFO - Epoch [5/10], Step [770], Loss: 0.5255
2026-01-25 11:59:58,115 - INFO - Epoch [5/10], Step [780], Loss: 0.6277
2026-01-25 12:00:00,724 - INFO - Epoch [5/10], Step [790], Loss: 1.0337
2026-01-25 12:00:03,356 - INFO - Epoch [5/10], Step [800], Loss: 0.4637
2026-01-25 12:00:05,528 - INFO - Epoch [5/10], Step [810], Loss: 0.9024
2026-01-25 12:00:08,673 - INFO - Epoch [5/10], Step [820], Loss: 0.5457
2026-01-25 12:00:10,700 - INFO - Epoch [5/10], Step [830], Loss: 0.8828
2026-01-25 12:00:13,810 - INFO - Epoch [5/10], Step [840], Loss: 0.8288
2026-01-25 12:00:17,115 - INFO - Epoch [5/10], Step [850], Loss: 0.5910
2026-01-25 12:00:20,364 - INFO - Epoch [5/10], Step [860], Loss: 0.1830
2026-01-25 12:00:24,904 - INFO - Epoch [5/10], Step [870], Loss: 0.5623
2026-01-25 12:00:28,680 - INFO - Epoch [5/10], Step [880], Loss: 0.3072
2026-01-25 12:00:30,986 - INFO - Epoch [5/10], Step [890], Loss: 0.6136
2026-01-25 12:00:34,103 - INFO - Epoch [5/10], Step [900], Loss: 0.3077
2026-01-25 12:00:36,417 - INFO - Epoch [5/10], Step [910], Loss: 0.2398
2026-01-25 12:00:39,303 - INFO - Epoch [5/10], Step [920], Loss: 0.3156
2026-01-25 12:00:41,118 - INFO - Epoch [5/10], Step [930], Loss: 0.4768
2026-01-25 12:00:43,553 - INFO - Epoch [5/10], Step [940], Loss: 1.1587
2026-01-25 12:00:46,882 - INFO - Epoch [5/10], Step [950], Loss: 0.6357
2026-01-25 12:00:50,764 - INFO - Epoch [5/10], Step [960], Loss: 0.6970
2026-01-25 12:00:52,719 - INFO - Epoch [5/10], Step [970], Loss: 0.7950
2026-01-25 12:00:55,592 - INFO - Epoch [5/10], Step [980], Loss: 0.4342
2026-01-25 12:00:58,571 - INFO - Epoch [5/10], Step [990], Loss: 1.2100
2026-01-25 12:01:00,777 - INFO - Epoch [5/10], Step [1000], Loss: 0.6487
2026-01-25 12:01:03,728 - INFO - Epoch [5/10], Step [1010], Loss: 0.5027
2026-01-25 12:01:05,796 - INFO - Epoch [5/10], Step [1020], Loss: 0.6449
2026-01-25 12:01:09,402 - INFO - Epoch [5/10], Step [1030], Loss: 0.5510
2026-01-25 12:01:12,092 - INFO - Epoch [5/10], Step [1040], Loss: 0.7685
2026-01-25 12:01:13,894 - INFO - Epoch [5/10], Step [1050], Loss: 0.4520
2026-01-25 12:01:16,808 - INFO - Epoch [5/10], Step [1060], Loss: 0.8487
2026-01-25 12:01:19,079 - INFO - Epoch [5/10], Step [1070], Loss: 0.4501
2026-01-25 12:01:21,764 - INFO - Epoch [5/10], Step [1080], Loss: 0.7742
2026-01-25 12:01:24,056 - INFO - Epoch [5/10], Step [1090], Loss: 0.5830
2026-01-25 12:01:26,268 - INFO - Epoch [5/10], Step [1100], Loss: 0.3228
2026-01-25 12:01:29,888 - INFO - Epoch [5/10], Step [1110], Loss: 0.4587
2026-01-25 12:01:32,292 - INFO - Epoch [5/10], Step [1120], Loss: 0.8619
2026-01-25 12:01:34,465 - INFO - Epoch [5/10], Step [1130], Loss: 0.3858
2026-01-25 12:01:36,479 - INFO - Epoch [5/10], Step [1140], Loss: 0.4530
2026-01-25 12:01:39,508 - INFO - Epoch [5/10], Step [1150], Loss: 1.0301
2026-01-25 12:01:41,693 - INFO - Epoch [5/10], Step [1160], Loss: 0.4107
2026-01-25 12:01:44,150 - INFO - Epoch [5/10], Step [1170], Loss: 0.3598
2026-01-25 12:01:46,194 - INFO - Epoch [5/10], Step [1180], Loss: 0.7245
2026-01-25 12:01:48,447 - INFO - Epoch [5/10], Step [1190], Loss: 0.5620
2026-01-25 12:01:51,023 - INFO - Epoch [5/10], Step [1200], Loss: 0.3900
2026-01-25 12:01:51,930 - INFO - Epoch 5 Finished. Train Loss: 0.5932 | Train Acc: 0.6780 | Train F1: 0.6775
2026-01-25 12:01:51,930 - INFO - Running Validation for Epoch 5...
2026-01-25 12:02:51,178 - INFO - [Val] Loss: 0.6119 | Accuracy: 0.6614 | F1: 0.6599
2026-01-25 12:02:51,179 - INFO - Running Testing for Epoch 5...
2026-01-25 12:03:52,097 - INFO - [Test] Loss: 0.6087 | Accuracy: 0.6579 | F1: 0.6568
2026-01-25 12:03:52,554 - INFO - Saved checkpoint to xxxxxxxxxxxxxxxxxxxxxxxxxxxxBrainLM-main/output/hcp3/finetuned_checkpoint_epoch_5.pt
2026-01-25 12:04:01,097 - INFO - 🏆 New Best Model (Val Acc: 0.6614, Val F1: 0.6599) saved to xxxxxxxxxxxxxxxxxxxxxxxxxxxxBrainLM-main/output/hcp3/finetuned_checkpoint_best.pt
2026-01-25 12:04:01,317 - INFO - Epoch [6/10], Step [0], Loss: 0.5935
2026-01-25 12:04:03,243 - INFO - Epoch [6/10], Step [10], Loss: 0.5481
2026-01-25 12:04:05,468 - INFO - Epoch [6/10], Step [20], Loss: 0.3890
2026-01-25 12:04:07,879 - INFO - Epoch [6/10], Step [30], Loss: 0.1379
2026-01-25 12:04:10,570 - INFO - Epoch [6/10], Step [40], Loss: 1.1080
2026-01-25 12:04:12,569 - INFO - Epoch [6/10], Step [50], Loss: 0.8506
2026-01-25 12:04:15,148 - INFO - Epoch [6/10], Step [60], Loss: 0.7935
2026-01-25 12:04:17,564 - INFO - Epoch [6/10], Step [70], Loss: 0.3850
2026-01-25 12:04:20,045 - INFO - Epoch [6/10], Step [80], Loss: 0.2563
2026-01-25 12:04:22,331 - INFO - Epoch [6/10], Step [90], Loss: 0.3872
2026-01-25 12:04:24,609 - INFO - Epoch [6/10], Step [100], Loss: 0.0894
2026-01-25 12:04:27,017 - INFO - Epoch [6/10], Step [110], Loss: 0.4025
2026-01-25 12:04:29,913 - INFO - Epoch [6/10], Step [120], Loss: 0.9882
2026-01-25 12:04:32,032 - INFO - Epoch [6/10], Step [130], Loss: 0.2545
2026-01-25 12:04:35,338 - INFO - Epoch [6/10], Step [140], Loss: 0.5618
2026-01-25 12:04:38,206 - INFO - Epoch [6/10], Step [150], Loss: 1.1422
2026-01-25 12:04:42,153 - INFO - Epoch [6/10], Step [160], Loss: 0.6317
2026-01-25 12:04:44,105 - INFO - Epoch [6/10], Step [170], Loss: 0.6494
2026-01-25 12:04:46,191 - INFO - Epoch [6/10], Step [180], Loss: 0.2596
2026-01-25 12:04:50,230 - INFO - Epoch [6/10], Step [190], Loss: 0.7681
2026-01-25 12:04:52,050 - INFO - Epoch [6/10], Step [200], Loss: 0.4219
2026-01-25 12:04:54,584 - INFO - Epoch [6/10], Step [210], Loss: 0.5909
2026-01-25 12:04:56,723 - INFO - Epoch [6/10], Step [220], Loss: 0.3184
2026-01-25 12:05:00,280 - INFO - Epoch [6/10], Step [230], Loss: 0.6328
2026-01-25 12:05:05,521 - INFO - Epoch [6/10], Step [240], Loss: 0.8850
2026-01-25 12:05:09,491 - INFO - Epoch [6/10], Step [250], Loss: 0.3053
2026-01-25 12:05:14,443 - INFO - Epoch [6/10], Step [260], Loss: 0.6857
2026-01-25 12:05:18,932 - INFO - Epoch [6/10], Step [270], Loss: 0.2373
2026-01-25 12:05:23,364 - INFO - Epoch [6/10], Step [280], Loss: 0.5811
2026-01-25 12:05:27,941 - INFO - Epoch [6/10], Step [290], Loss: 0.2751
2026-01-25 12:05:32,198 - INFO - Epoch [6/10], Step [300], Loss: 0.9184
2026-01-25 12:05:36,822 - INFO - Epoch [6/10], Step [310], Loss: 0.3450
2026-01-25 12:05:39,340 - INFO - Epoch [6/10], Step [320], Loss: 0.3978
2026-01-25 12:05:42,786 - INFO - Epoch [6/10], Step [330], Loss: 0.1998
2026-01-25 12:05:44,651 - INFO - Epoch [6/10], Step [340], Loss: 0.5379
2026-01-25 12:05:46,499 - INFO - Epoch [6/10], Step [350], Loss: 0.6015
2026-01-25 12:05:49,458 - INFO - Epoch [6/10], Step [360], Loss: 0.5286
2026-01-25 12:05:51,477 - INFO - Epoch [6/10], Step [370], Loss: 0.4509
2026-01-25 12:05:53,473 - INFO - Epoch [6/10], Step [380], Loss: 0.4331
2026-01-25 12:05:55,943 - INFO - Epoch [6/10], Step [390], Loss: 0.4128
2026-01-25 12:05:57,919 - INFO - Epoch [6/10], Step [400], Loss: 0.3008
2026-01-25 12:05:59,732 - INFO - Epoch [6/10], Step [410], Loss: 0.5162
2026-01-25 12:06:02,620 - INFO - Epoch [6/10], Step [420], Loss: 1.7759
2026-01-25 12:06:04,638 - INFO - Epoch [6/10], Step [430], Loss: 1.0487
2026-01-25 12:06:07,478 - INFO - Epoch [6/10], Step [440], Loss: 0.6607
2026-01-25 12:06:09,580 - INFO - Epoch [6/10], Step [450], Loss: 0.6322
2026-01-25 12:06:12,496 - INFO - Epoch [6/10], Step [460], Loss: 0.6937
2026-01-25 12:06:14,773 - INFO - Epoch [6/10], Step [470], Loss: 0.4285
2026-01-25 12:06:17,724 - INFO - Epoch [6/10], Step [480], Loss: 0.5416
2026-01-25 12:06:20,423 - INFO - Epoch [6/10], Step [490], Loss: 0.2286
2026-01-25 12:06:22,315 - INFO - Epoch [6/10], Step [500], Loss: 0.1265
2026-01-25 12:06:24,469 - INFO - Epoch [6/10], Step [510], Loss: 0.8445
2026-01-25 12:06:29,049 - INFO - Epoch [6/10], Step [520], Loss: 0.2761
2026-01-25 12:06:34,043 - INFO - Epoch [6/10], Step [530], Loss: 0.4140
2026-01-25 12:06:38,611 - INFO - Epoch [6/10], Step [540], Loss: 0.3403
2026-01-25 12:06:42,888 - INFO - Epoch [6/10], Step [550], Loss: 0.5511
2026-01-25 12:06:47,136 - INFO - Epoch [6/10], Step [560], Loss: 0.6888
2026-01-25 12:06:51,864 - INFO - Epoch [6/10], Step [570], Loss: 0.7220
2026-01-25 12:06:57,630 - INFO - Epoch [6/10], Step [580], Loss: 0.4336
2026-01-25 12:07:02,337 - INFO - Epoch [6/10], Step [590], Loss: 0.5915
2026-01-25 12:07:06,632 - INFO - Epoch [6/10], Step [600], Loss: 0.4786
2026-01-25 12:07:11,279 - INFO - Epoch [6/10], Step [610], Loss: 1.1453
2026-01-25 12:07:17,560 - INFO - Epoch [6/10], Step [620], Loss: 0.8738
2026-01-25 12:07:21,695 - INFO - Epoch [6/10], Step [630], Loss: 0.7248
2026-01-25 12:07:25,915 - INFO - Epoch [6/10], Step [640], Loss: 0.6023
2026-01-25 12:07:29,759 - INFO - Epoch [6/10], Step [650], Loss: 0.3931
2026-01-25 12:07:32,611 - INFO - Epoch [6/10], Step [660], Loss: 1.0515
2026-01-25 12:07:35,571 - INFO - Epoch [6/10], Step [670], Loss: 0.2715
2026-01-25 12:07:37,770 - INFO - Epoch [6/10], Step [680], Loss: 0.5515
2026-01-25 12:07:40,660 - INFO - Epoch [6/10], Step [690], Loss: 0.9159
2026-01-25 12:07:43,180 - INFO - Epoch [6/10], Step [700], Loss: 0.3642
2026-01-25 12:07:45,435 - INFO - Epoch [6/10], Step [710], Loss: 0.4900
2026-01-25 12:07:49,179 - INFO - Epoch [6/10], Step [720], Loss: 0.2778
2026-01-25 12:07:51,758 - INFO - Epoch [6/10], Step [730], Loss: 0.3715
2026-01-25 12:07:54,656 - INFO - Epoch [6/10], Step [740], Loss: 0.1342
2026-01-25 12:07:57,470 - INFO - Epoch [6/10], Step [750], Loss: 0.2998
2026-01-25 12:08:00,447 - INFO - Epoch [6/10], Step [760], Loss: 0.7785
2026-01-25 12:08:02,927 - INFO - Epoch [6/10], Step [770], Loss: 0.3124
2026-01-25 12:08:05,777 - INFO - Epoch [6/10], Step [780], Loss: 0.3693
2026-01-25 12:08:08,043 - INFO - Epoch [6/10], Step [790], Loss: 0.3625
2026-01-25 12:08:11,155 - INFO - Epoch [6/10], Step [800], Loss: 0.9053
2026-01-25 12:08:14,319 - INFO - Epoch [6/10], Step [810], Loss: 0.4266
2026-01-25 12:08:19,782 - INFO - Epoch [6/10], Step [820], Loss: 0.2027
2026-01-25 12:08:26,189 - INFO - Epoch [6/10], Step [830], Loss: 1.4929
2026-01-25 12:08:31,275 - INFO - Epoch [6/10], Step [840], Loss: 0.2803
2026-01-25 12:08:36,556 - INFO - Epoch [6/10], Step [850], Loss: 0.7949
2026-01-25 12:08:40,713 - INFO - Epoch [6/10], Step [860], Loss: 0.9445
2026-01-25 12:08:44,693 - INFO - Epoch [6/10], Step [870], Loss: 0.6700
2026-01-25 12:08:49,331 - INFO - Epoch [6/10], Step [880], Loss: 0.5731
2026-01-25 12:08:53,538 - INFO - Epoch [6/10], Step [890], Loss: 0.7443
2026-01-25 12:08:58,753 - INFO - Epoch [6/10], Step [900], Loss: 0.3176
2026-01-25 12:09:03,490 - INFO - Epoch [6/10], Step [910], Loss: 0.3192
2026-01-25 12:09:08,061 - INFO - Epoch [6/10], Step [920], Loss: 0.4838
2026-01-25 12:09:12,390 - INFO - Epoch [6/10], Step [930], Loss: 0.4457
2026-01-25 12:09:15,629 - INFO - Epoch [6/10], Step [940], Loss: 0.0646
2026-01-25 12:09:18,343 - INFO - Epoch [6/10], Step [950], Loss: 0.8470
2026-01-25 12:09:20,422 - INFO - Epoch [6/10], Step [960], Loss: 0.6485
2026-01-25 12:09:23,671 - INFO - Epoch [6/10], Step [970], Loss: 0.6397
2026-01-25 12:09:26,783 - INFO - Epoch [6/10], Step [980], Loss: 0.6594
2026-01-25 12:09:29,264 - INFO - Epoch [6/10], Step [990], Loss: 0.4999
2026-01-25 12:09:32,547 - INFO - Epoch [6/10], Step [1000], Loss: 0.6110
2026-01-25 12:09:35,413 - INFO - Epoch [6/10], Step [1010], Loss: 0.9068
2026-01-25 12:09:37,852 - INFO - Epoch [6/10], Step [1020], Loss: 0.4735
2026-01-25 12:09:40,616 - INFO - Epoch [6/10], Step [1030], Loss: 0.5503
2026-01-25 12:09:43,273 - INFO - Epoch [6/10], Step [1040], Loss: 0.2549
2026-01-25 12:09:46,326 - INFO - Epoch [6/10], Step [1050], Loss: 0.9322
2026-01-25 12:09:48,638 - INFO - Epoch [6/10], Step [1060], Loss: 0.2919
2026-01-25 12:09:51,515 - INFO - Epoch [6/10], Step [1070], Loss: 0.2874
2026-01-25 12:09:54,339 - INFO - Epoch [6/10], Step [1080], Loss: 0.6912
2026-01-25 12:09:56,376 - INFO - Epoch [6/10], Step [1090], Loss: 0.1563
2026-01-25 12:09:58,965 - INFO - Epoch [6/10], Step [1100], Loss: 0.2710
2026-01-25 12:10:01,308 - INFO - Epoch [6/10], Step [1110], Loss: 0.4454
2026-01-25 12:10:04,206 - INFO - Epoch [6/10], Step [1120], Loss: 0.6645
2026-01-25 12:10:06,674 - INFO - Epoch [6/10], Step [1130], Loss: 0.5935
2026-01-25 12:10:09,549 - INFO - Epoch [6/10], Step [1140], Loss: 0.3438
2026-01-25 12:10:12,300 - INFO - Epoch [6/10], Step [1150], Loss: 0.5433
2026-01-25 12:10:15,762 - INFO - Epoch [6/10], Step [1160], Loss: 0.2515
2026-01-25 12:10:20,725 - INFO - Epoch [6/10], Step [1170], Loss: 0.1374
2026-01-25 12:10:25,462 - INFO - Epoch [6/10], Step [1180], Loss: 0.4296
2026-01-25 12:10:30,960 - INFO - Epoch [6/10], Step [1190], Loss: 0.3353
2026-01-25 12:10:36,995 - INFO - Epoch [6/10], Step [1200], Loss: 0.4660
2026-01-25 12:10:37,803 - INFO - Epoch 6 Finished. Train Loss: 0.5722 | Train Acc: 0.7013 | Train F1: 0.7013
2026-01-25 12:10:37,804 - INFO - Running Validation for Epoch 6...
2026-01-25 12:11:36,190 - INFO - [Val] Loss: 0.7025 | Accuracy: 0.5934 | F1: 0.5598
2026-01-25 12:11:36,192 - INFO - Running Testing for Epoch 6...
2026-01-25 12:12:41,972 - INFO - [Test] Loss: 0.6788 | Accuracy: 0.6207 | F1: 0.5946
2026-01-25 12:12:42,029 - INFO - Saved checkpoint to xxxxxxxxxxxxxxxxxxxxxxxxxxxxBrainLM-main/output/hcp3/finetuned_checkpoint_epoch_6.pt
2026-01-25 12:12:42,216 - INFO - Epoch [7/10], Step [0], Loss: 0.6761
2026-01-25 12:12:45,700 - INFO - Epoch [7/10], Step [10], Loss: 0.3826
2026-01-25 12:12:48,294 - INFO - Epoch [7/10], Step [20], Loss: 0.6516
2026-01-25 12:12:50,798 - INFO - Epoch [7/10], Step [30], Loss: 0.3339
2026-01-25 12:12:53,756 - INFO - Epoch [7/10], Step [40], Loss: 0.2712
2026-01-25 12:12:56,341 - INFO - Epoch [7/10], Step [50], Loss: 0.4253
2026-01-25 12:12:58,547 - INFO - Epoch [7/10], Step [60], Loss: 0.1894
2026-01-25 12:13:01,256 - INFO - Epoch [7/10], Step [70], Loss: 0.2670
2026-01-25 12:13:04,682 - INFO - Epoch [7/10], Step [80], Loss: 0.4236
2026-01-25 12:13:06,781 - INFO - Epoch [7/10], Step [90], Loss: 0.3522
2026-01-25 12:13:08,594 - INFO - Epoch [7/10], Step [100], Loss: 1.0462
2026-01-25 12:13:11,335 - INFO - Epoch [7/10], Step [110], Loss: 0.1460
2026-01-25 12:13:13,150 - INFO - Epoch [7/10], Step [120], Loss: 1.1876
2026-01-25 12:13:15,864 - INFO - Epoch [7/10], Step [130], Loss: 0.4279
2026-01-25 12:13:17,681 - INFO - Epoch [7/10], Step [140], Loss: 0.6014
2026-01-25 12:13:19,508 - INFO - Epoch [7/10], Step [150], Loss: 0.6030
2026-01-25 12:13:21,740 - INFO - Epoch [7/10], Step [160], Loss: 0.6727
2026-01-25 12:13:23,771 - INFO - Epoch [7/10], Step [170], Loss: 0.3736
2026-01-25 12:13:26,722 - INFO - Epoch [7/10], Step [180], Loss: 0.3074
2026-01-25 12:13:28,932 - INFO - Epoch [7/10], Step [190], Loss: 0.2304
2026-01-25 12:13:30,787 - INFO - Epoch [7/10], Step [200], Loss: 0.5652
2026-01-25 12:13:32,971 - INFO - Epoch [7/10], Step [210], Loss: 0.4118
2026-01-25 12:13:35,107 - INFO - Epoch [7/10], Step [220], Loss: 0.1865
2026-01-25 12:13:37,454 - INFO - Epoch [7/10], Step [230], Loss: 0.3316
2026-01-25 12:13:41,394 - INFO - Epoch [7/10], Step [240], Loss: 0.4760
2026-01-25 12:13:45,539 - INFO - Epoch [7/10], Step [250], Loss: 0.1075
2026-01-25 12:13:50,090 - INFO - Epoch [7/10], Step [260], Loss: 0.4014
2026-01-25 12:13:54,488 - INFO - Epoch [7/10], Step [270], Loss: 0.7487
2026-01-25 12:13:59,081 - INFO - Epoch [7/10], Step [280], Loss: 1.5001
2026-01-25 12:14:03,202 - INFO - Epoch [7/10], Step [290], Loss: 0.1534
2026-01-25 12:14:08,137 - INFO - Epoch [7/10], Step [300], Loss: 0.4574
2026-01-25 12:14:12,806 - INFO - Epoch [7/10], Step [310], Loss: 0.4020
2026-01-25 12:14:16,376 - INFO - Epoch [7/10], Step [320], Loss: 0.4010
2026-01-25 12:14:18,721 - INFO - Epoch [7/10], Step [330], Loss: 0.6215
2026-01-25 12:14:20,934 - INFO - Epoch [7/10], Step [340], Loss: 0.6155
2026-01-25 12:14:23,452 - INFO - Epoch [7/10], Step [350], Loss: 0.6371
2026-01-25 12:14:25,799 - INFO - Epoch [7/10], Step [360], Loss: 0.2182
2026-01-25 12:14:28,610 - INFO - Epoch [7/10], Step [370], Loss: 0.8442
2026-01-25 12:14:30,858 - INFO - Epoch [7/10], Step [380], Loss: 0.1850
2026-01-25 12:14:33,915 - INFO - Epoch [7/10], Step [390], Loss: 0.1612
2026-01-25 12:14:36,344 - INFO - Epoch [7/10], Step [400], Loss: 0.1608
2026-01-25 12:14:38,508 - INFO - Epoch [7/10], Step [410], Loss: 0.4026
2026-01-25 12:14:40,422 - INFO - Epoch [7/10], Step [420], Loss: 0.5700
2026-01-25 12:14:42,512 - INFO - Epoch [7/10], Step [430], Loss: 0.4458
2026-01-25 12:14:44,935 - INFO - Epoch [7/10], Step [440], Loss: 1.0090
2026-01-25 12:14:47,409 - INFO - Epoch [7/10], Step [450], Loss: 0.4313
2026-01-25 12:14:49,591 - INFO - Epoch [7/10], Step [460], Loss: 0.1611
2026-01-25 12:14:52,767 - INFO - Epoch [7/10], Step [470], Loss: 0.2455
2026-01-25 12:14:55,125 - INFO - Epoch [7/10], Step [480], Loss: 0.7891
2026-01-25 12:14:56,939 - INFO - Epoch [7/10], Step [490], Loss: 1.1026
2026-01-25 12:14:59,131 - INFO - Epoch [7/10], Step [500], Loss: 0.5202
2026-01-25 12:15:01,411 - INFO - Epoch [7/10], Step [510], Loss: 0.4173
2026-01-25 12:15:04,442 - INFO - Epoch [7/10], Step [520], Loss: 0.5468
2026-01-25 12:15:06,890 - INFO - Epoch [7/10], Step [530], Loss: 0.2514
2026-01-25 12:15:08,986 - INFO - Epoch [7/10], Step [540], Loss: 0.4391
2026-01-25 12:15:12,143 - INFO - Epoch [7/10], Step [550], Loss: 0.3540
2026-01-25 12:15:14,384 - INFO - Epoch [7/10], Step [560], Loss: 0.4671
2026-01-25 12:15:16,326 - INFO - Epoch [7/10], Step [570], Loss: 0.8453
2026-01-25 12:15:18,313 - INFO - Epoch [7/10], Step [580], Loss: 0.8071
2026-01-25 12:15:20,286 - INFO - Epoch [7/10], Step [590], Loss: 0.8283
2026-01-25 12:15:22,107 - INFO - Epoch [7/10], Step [600], Loss: 0.3113
2026-01-25 12:15:24,340 - INFO - Epoch [7/10], Step [610], Loss: 0.3723
2026-01-25 12:15:27,098 - INFO - Epoch [7/10], Step [620], Loss: 0.7865
2026-01-25 12:15:29,711 - INFO - Epoch [7/10], Step [630], Loss: 0.7219
2026-01-25 12:15:33,018 - INFO - Epoch [7/10], Step [640], Loss: 0.5042
2026-01-25 12:15:35,401 - INFO - Epoch [7/10], Step [650], Loss: 0.3765
2026-01-25 12:15:37,456 - INFO - Epoch [7/10], Step [660], Loss: 0.2759
2026-01-25 12:15:39,905 - INFO - Epoch [7/10], Step [670], Loss: 0.5674
2026-01-25 12:15:42,880 - INFO - Epoch [7/10], Step [680], Loss: 0.5383
2026-01-25 12:15:44,952 - INFO - Epoch [7/10], Step [690], Loss: 0.8130
2026-01-25 12:15:46,864 - INFO - Epoch [7/10], Step [700], Loss: 0.3679
2026-01-25 12:15:49,363 - INFO - Epoch [7/10], Step [710], Loss: 0.4294
2026-01-25 12:15:51,788 - INFO - Epoch [7/10], Step [720], Loss: 0.4183
2026-01-25 12:15:54,016 - INFO - Epoch [7/10], Step [730], Loss: 0.5719
2026-01-25 12:15:56,086 - INFO - Epoch [7/10], Step [740], Loss: 1.3083
2026-01-25 12:15:58,674 - INFO - Epoch [7/10], Step [750], Loss: 0.1527
2026-01-25 12:16:01,445 - INFO - Epoch [7/10], Step [760], Loss: 0.2747
2026-01-25 12:16:03,576 - INFO - Epoch [7/10], Step [770], Loss: 0.3219
2026-01-25 12:16:06,852 - INFO - Epoch [7/10], Step [780], Loss: 0.5358
2026-01-25 12:16:08,967 - INFO - Epoch [7/10], Step [790], Loss: 0.3495
2026-01-25 12:16:11,842 - INFO - Epoch [7/10], Step [800], Loss: 0.4867
2026-01-25 12:16:14,222 - INFO - Epoch [7/10], Step [810], Loss: 0.8006
2026-01-25 12:16:16,371 - INFO - Epoch [7/10], Step [820], Loss: 0.6764
2026-01-25 12:16:19,028 - INFO - Epoch [7/10], Step [830], Loss: 0.9677
2026-01-25 12:16:20,831 - INFO - Epoch [7/10], Step [840], Loss: 0.1354
2026-01-25 12:16:24,099 - INFO - Epoch [7/10], Step [850], Loss: 0.3945
2026-01-25 12:16:26,612 - INFO - Epoch [7/10], Step [860], Loss: 0.3572
2026-01-25 12:16:28,418 - INFO - Epoch [7/10], Step [870], Loss: 0.4791
2026-01-25 12:16:30,626 - INFO - Epoch [7/10], Step [880], Loss: 0.7483
2026-01-25 12:16:33,673 - INFO - Epoch [7/10], Step [890], Loss: 0.8018
2026-01-25 12:16:36,476 - INFO - Epoch [7/10], Step [900], Loss: 0.4305
2026-01-25 12:16:38,300 - INFO - Epoch [7/10], Step [910], Loss: 0.3436
2026-01-25 12:16:40,606 - INFO - Epoch [7/10], Step [920], Loss: 0.3127
2026-01-25 12:16:42,762 - INFO - Epoch [7/10], Step [930], Loss: 0.8202
2026-01-25 12:16:44,867 - INFO - Epoch [7/10], Step [940], Loss: 0.6206
2026-01-25 12:16:47,175 - INFO - Epoch [7/10], Step [950], Loss: 0.4098
2026-01-25 12:16:49,541 - INFO - Epoch [7/10], Step [960], Loss: 0.5943
2026-01-25 12:16:51,864 - INFO - Epoch [7/10], Step [970], Loss: 0.4137
2026-01-25 12:16:53,924 - INFO - Epoch [7/10], Step [980], Loss: 0.3714
2026-01-25 12:16:55,919 - INFO - Epoch [7/10], Step [990], Loss: 0.7789
2026-01-25 12:16:58,511 - INFO - Epoch [7/10], Step [1000], Loss: 0.6707
2026-01-25 12:17:01,113 - INFO - Epoch [7/10], Step [1010], Loss: 0.8097
2026-01-25 12:17:03,091 - INFO - Epoch [7/10], Step [1020], Loss: 0.5832
2026-01-25 12:17:06,743 - INFO - Epoch [7/10], Step [1030], Loss: 0.5966
2026-01-25 12:17:11,323 - INFO - Epoch [7/10], Step [1040], Loss: 0.1585
2026-01-25 12:17:13,874 - INFO - Epoch [7/10], Step [1050], Loss: 1.0648
2026-01-25 12:17:16,022 - INFO - Epoch [7/10], Step [1060], Loss: 0.1907
2026-01-25 12:17:18,248 - INFO - Epoch [7/10], Step [1070], Loss: 0.4796
2026-01-25 12:17:20,446 - INFO - Epoch [7/10], Step [1080], Loss: 0.9989
2026-01-25 12:17:22,637 - INFO - Epoch [7/10], Step [1090], Loss: 0.1987
2026-01-25 12:17:24,806 - INFO - Epoch [7/10], Step [1100], Loss: 1.2295
2026-01-25 12:17:27,558 - INFO - Epoch [7/10], Step [1110], Loss: 0.2497
2026-01-25 12:17:29,840 - INFO - Epoch [7/10], Step [1120], Loss: 0.6032
2026-01-25 12:17:32,028 - INFO - Epoch [7/10], Step [1130], Loss: 0.6334
2026-01-25 12:17:34,989 - INFO - Epoch [7/10], Step [1140], Loss: 0.8586
2026-01-25 12:17:36,805 - INFO - Epoch [7/10], Step [1150], Loss: 0.8933
2026-01-25 12:17:39,307 - INFO - Epoch [7/10], Step [1160], Loss: 1.0882
2026-01-25 12:17:43,294 - INFO - Epoch [7/10], Step [1170], Loss: 0.2074
2026-01-25 12:17:45,386 - INFO - Epoch [7/10], Step [1180], Loss: 1.2935
2026-01-25 12:17:47,961 - INFO - Epoch [7/10], Step [1190], Loss: 0.9830
2026-01-25 12:17:50,959 - INFO - Epoch [7/10], Step [1200], Loss: 0.5106
2026-01-25 12:17:51,334 - INFO - Epoch 7 Finished. Train Loss: 0.5422 | Train Acc: 0.7243 | Train F1: 0.7240
2026-01-25 12:17:51,334 - INFO - Running Validation for Epoch 7...
2026-01-25 12:18:45,037 - INFO - [Val] Loss: 0.6237 | Accuracy: 0.6390 | F1: 0.6145
2026-01-25 12:18:45,037 - INFO - Running Testing for Epoch 7...
2026-01-25 12:19:38,689 - INFO - [Test] Loss: 0.6181 | Accuracy: 0.6520 | F1: 0.6215
2026-01-25 12:19:55,017 - INFO - Saved checkpoint to xxxxxxxxxxxxxxxxxxxxxxxxxxxxBrainLM-main/output/hcp3/finetuned_checkpoint_epoch_7.pt
2026-01-25 12:19:55,854 - INFO - Epoch [8/10], Step [0], Loss: 0.7160
2026-01-25 12:20:00,123 - INFO - Epoch [8/10], Step [10], Loss: 0.4696
2026-01-25 12:20:04,488 - INFO - Epoch [8/10], Step [20], Loss: 0.3341
2026-01-25 12:20:08,473 - INFO - Epoch [8/10], Step [30], Loss: 0.2767
2026-01-25 12:20:12,997 - INFO - Epoch [8/10], Step [40], Loss: 0.7699
2026-01-25 12:20:15,277 - INFO - Epoch [8/10], Step [50], Loss: 0.3157
2026-01-25 12:20:18,731 - INFO - Epoch [8/10], Step [60], Loss: 0.3672
2026-01-25 12:20:21,380 - INFO - Epoch [8/10], Step [70], Loss: 1.1662
2026-01-25 12:20:24,440 - INFO - Epoch [8/10], Step [80], Loss: 0.6572
2026-01-25 12:20:26,467 - INFO - Epoch [8/10], Step [90], Loss: 0.7453
2026-01-25 12:20:28,851 - INFO - Epoch [8/10], Step [100], Loss: 0.2420
2026-01-25 12:20:31,520 - INFO - Epoch [8/10], Step [110], Loss: 0.0306
2026-01-25 12:20:35,001 - INFO - Epoch [8/10], Step [120], Loss: 0.3476
2026-01-25 12:20:37,543 - INFO - Epoch [8/10], Step [130], Loss: 0.7763
2026-01-25 12:20:40,013 - INFO - Epoch [8/10], Step [140], Loss: 0.3454
2026-01-25 12:20:42,918 - INFO - Epoch [8/10], Step [150], Loss: 0.8190
2026-01-25 12:20:45,852 - INFO - Epoch [8/10], Step [160], Loss: 0.2355
2026-01-25 12:20:47,716 - INFO - Epoch [8/10], Step [170], Loss: 0.3470
2026-01-25 12:20:49,694 - INFO - Epoch [8/10], Step [180], Loss: 0.0982
2026-01-25 12:20:53,412 - INFO - Epoch [8/10], Step [190], Loss: 0.4474
2026-01-25 12:20:56,609 - INFO - Epoch [8/10], Step [200], Loss: 0.5109
2026-01-25 12:20:59,551 - INFO - Epoch [8/10], Step [210], Loss: 0.6536
2026-01-25 12:21:01,950 - INFO - Epoch [8/10], Step [220], Loss: 0.2340
2026-01-25 12:21:03,832 - INFO - Epoch [8/10], Step [230], Loss: 0.1918
2026-01-25 12:21:06,496 - INFO - Epoch [8/10], Step [240], Loss: 0.1170
2026-01-25 12:21:09,132 - INFO - Epoch [8/10], Step [250], Loss: 0.3755
2026-01-25 12:21:11,448 - INFO - Epoch [8/10], Step [260], Loss: 0.2536
2026-01-25 12:21:13,872 - INFO - Epoch [8/10], Step [270], Loss: 0.4582
2026-01-25 12:21:16,323 - INFO - Epoch [8/10], Step [280], Loss: 0.7343
2026-01-25 12:21:18,272 - INFO - Epoch [8/10], Step [290], Loss: 0.9292
2026-01-25 12:21:20,804 - INFO - Epoch [8/10], Step [300], Loss: 0.4151
2026-01-25 12:21:22,746 - INFO - Epoch [8/10], Step [310], Loss: 1.4823
2026-01-25 12:21:25,956 - INFO - Epoch [8/10], Step [320], Loss: 0.4672
2026-01-25 12:21:29,479 - INFO - Epoch [8/10], Step [330], Loss: 0.4187
2026-01-25 12:21:31,837 - INFO - Epoch [8/10], Step [340], Loss: 0.6147
2026-01-25 12:21:34,286 - INFO - Epoch [8/10], Step [350], Loss: 0.7753
2026-01-25 12:21:36,090 - INFO - Epoch [8/10], Step [360], Loss: 0.1614
2026-01-25 12:21:38,675 - INFO - Epoch [8/10], Step [370], Loss: 0.1923
2026-01-25 12:21:40,824 - INFO - Epoch [8/10], Step [380], Loss: 0.5396
2026-01-25 12:21:43,177 - INFO - Epoch [8/10], Step [390], Loss: 0.3785
2026-01-25 12:21:45,812 - INFO - Epoch [8/10], Step [400], Loss: 0.4567
2026-01-25 12:21:48,090 - INFO - Epoch [8/10], Step [410], Loss: 0.5197
2026-01-25 12:21:50,351 - INFO - Epoch [8/10], Step [420], Loss: 0.5009
2026-01-25 12:21:53,075 - INFO - Epoch [8/10], Step [430], Loss: 0.2118
2026-01-25 12:21:57,204 - INFO - Epoch [8/10], Step [440], Loss: 0.4380
2026-01-25 12:21:59,877 - INFO - Epoch [8/10], Step [450], Loss: 0.1907
2026-01-25 12:22:02,223 - INFO - Epoch [8/10], Step [460], Loss: 0.3614
2026-01-25 12:22:04,770 - INFO - Epoch [8/10], Step [470], Loss: 0.3398
2026-01-25 12:22:07,271 - INFO - Epoch [8/10], Step [480], Loss: 0.8063
2026-01-25 12:22:10,615 - INFO - Epoch [8/10], Step [490], Loss: 1.3638
2026-01-25 12:22:13,522 - INFO - Epoch [8/10], Step [500], Loss: 0.4044
2026-01-25 12:22:16,033 - INFO - Epoch [8/10], Step [510], Loss: 0.3541
2026-01-25 12:22:18,909 - INFO - Epoch [8/10], Step [520], Loss: 0.4087
2026-01-25 12:22:21,054 - INFO - Epoch [8/10], Step [530], Loss: 0.4703
2026-01-25 12:22:23,650 - INFO - Epoch [8/10], Step [540], Loss: 0.3774
2026-01-25 12:22:25,813 - INFO - Epoch [8/10], Step [550], Loss: 0.1136
2026-01-25 12:22:28,164 - INFO - Epoch [8/10], Step [560], Loss: 1.1625
2026-01-25 12:22:30,398 - INFO - Epoch [8/10], Step [570], Loss: 0.6034
2026-01-25 12:22:32,457 - INFO - Epoch [8/10], Step [580], Loss: 0.3026
2026-01-25 12:22:35,309 - INFO - Epoch [8/10], Step [590], Loss: 0.5165
2026-01-25 12:22:37,608 - INFO - Epoch [8/10], Step [600], Loss: 0.5451
2026-01-25 12:22:40,370 - INFO - Epoch [8/10], Step [610], Loss: 0.3038
2026-01-25 12:22:43,057 - INFO - Epoch [8/10], Step [620], Loss: 0.2838
2026-01-25 12:22:45,074 - INFO - Epoch [8/10], Step [630], Loss: 0.6013
2026-01-25 12:22:47,129 - INFO - Epoch [8/10], Step [640], Loss: 0.5073
2026-01-25 12:22:50,619 - INFO - Epoch [8/10], Step [650], Loss: 0.5078
2026-01-25 12:22:52,464 - INFO - Epoch [8/10], Step [660], Loss: 0.2419
2026-01-25 12:22:55,195 - INFO - Epoch [8/10], Step [670], Loss: 0.9082
2026-01-25 12:22:57,450 - INFO - Epoch [8/10], Step [680], Loss: 0.4563
2026-01-25 12:22:59,841 - INFO - Epoch [8/10], Step [690], Loss: 0.6240
2026-01-25 12:23:02,904 - INFO - Epoch [8/10], Step [700], Loss: 0.2698
2026-01-25 12:23:05,691 - INFO - Epoch [8/10], Step [710], Loss: 1.1206
2026-01-25 12:23:07,867 - INFO - Epoch [8/10], Step [720], Loss: 0.3249
2026-01-25 12:23:10,234 - INFO - Epoch [8/10], Step [730], Loss: 0.2466
2026-01-25 12:23:12,859 - INFO - Epoch [8/10], Step [740], Loss: 0.3923
2026-01-25 12:23:14,740 - INFO - Epoch [8/10], Step [750], Loss: 0.3486
2026-01-25 12:23:17,104 - INFO - Epoch [8/10], Step [760], Loss: 0.4997
2026-01-25 12:23:19,438 - INFO - Epoch [8/10], Step [770], Loss: 0.6643
2026-01-25 12:23:22,127 - INFO - Epoch [8/10], Step [780], Loss: 0.3706
2026-01-25 12:23:24,103 - INFO - Epoch [8/10], Step [790], Loss: 0.3109
2026-01-25 12:23:26,193 - INFO - Epoch [8/10], Step [800], Loss: 0.6238
2026-01-25 12:23:29,102 - INFO - Epoch [8/10], Step [810], Loss: 0.4141
2026-01-25 12:23:33,385 - INFO - Epoch [8/10], Step [820], Loss: 0.2665
2026-01-25 12:23:37,475 - INFO - Epoch [8/10], Step [830], Loss: 0.5042
2026-01-25 12:23:41,963 - INFO - Epoch [8/10], Step [840], Loss: 0.7179
2026-01-25 12:23:46,908 - INFO - Epoch [8/10], Step [850], Loss: 0.4264
2026-01-25 12:23:51,229 - INFO - Epoch [8/10], Step [860], Loss: 0.2313
2026-01-25 12:23:53,408 - INFO - Epoch [8/10], Step [870], Loss: 0.5742
2026-01-25 12:23:55,651 - INFO - Epoch [8/10], Step [880], Loss: 0.3045
2026-01-25 12:23:57,846 - INFO - Epoch [8/10], Step [890], Loss: 0.7264
2026-01-25 12:24:00,427 - INFO - Epoch [8/10], Step [900], Loss: 0.3615
2026-01-25 12:24:02,423 - INFO - Epoch [8/10], Step [910], Loss: 1.2966
2026-01-25 12:24:05,425 - INFO - Epoch [8/10], Step [920], Loss: 0.6697
2026-01-25 12:24:07,605 - INFO - Epoch [8/10], Step [930], Loss: 0.3059
2026-01-25 12:24:09,656 - INFO - Epoch [8/10], Step [940], Loss: 0.3918
2026-01-25 12:24:11,490 - INFO - Epoch [8/10], Step [950], Loss: 0.1777
2026-01-25 12:24:13,657 - INFO - Epoch [8/10], Step [960], Loss: 0.2928
2026-01-25 12:24:16,232 - INFO - Epoch [8/10], Step [970], Loss: 0.5382
2026-01-25 12:24:18,102 - INFO - Epoch [8/10], Step [980], Loss: 0.4734
2026-01-25 12:24:20,260 - INFO - Epoch [8/10], Step [990], Loss: 0.2373
2026-01-25 12:24:22,842 - INFO - Epoch [8/10], Step [1000], Loss: 0.5548
2026-01-25 12:24:24,768 - INFO - Epoch [8/10], Step [1010], Loss: 0.4047
2026-01-25 12:24:27,641 - INFO - Epoch [8/10], Step [1020], Loss: 0.4949
2026-01-25 12:24:29,544 - INFO - Epoch [8/10], Step [1030], Loss: 0.4903
2026-01-25 12:24:32,171 - INFO - Epoch [8/10], Step [1040], Loss: 0.4556
2026-01-25 12:24:35,129 - INFO - Epoch [8/10], Step [1050], Loss: 0.0449
2026-01-25 12:24:37,328 - INFO - Epoch [8/10], Step [1060], Loss: 0.3571
2026-01-25 12:24:39,514 - INFO - Epoch [8/10], Step [1070], Loss: 0.7264
2026-01-25 12:24:41,596 - INFO - Epoch [8/10], Step [1080], Loss: 0.1201
2026-01-25 12:24:43,666 - INFO - Epoch [8/10], Step [1090], Loss: 0.5461
2026-01-25 12:24:46,790 - INFO - Epoch [8/10], Step [1100], Loss: 0.4856
2026-01-25 12:24:48,701 - INFO - Epoch [8/10], Step [1110], Loss: 0.8391
2026-01-25 12:24:50,536 - INFO - Epoch [8/10], Step [1120], Loss: 0.1932
2026-01-25 12:24:53,425 - INFO - Epoch [8/10], Step [1130], Loss: 0.7506
2026-01-25 12:24:55,415 - INFO - Epoch [8/10], Step [1140], Loss: 0.4205
2026-01-25 12:24:57,221 - INFO - Epoch [8/10], Step [1150], Loss: 0.4667
2026-01-25 12:25:00,284 - INFO - Epoch [8/10], Step [1160], Loss: 0.4533
2026-01-25 12:25:02,357 - INFO - Epoch [8/10], Step [1170], Loss: 0.4993
2026-01-25 12:25:05,504 - INFO - Epoch [8/10], Step [1180], Loss: 0.7818
2026-01-25 12:25:07,608 - INFO - Epoch [8/10], Step [1190], Loss: 0.1000
2026-01-25 12:25:09,612 - INFO - Epoch [8/10], Step [1200], Loss: 0.4424
2026-01-25 12:25:09,984 - INFO - Epoch 8 Finished. Train Loss: 0.5142 | Train Acc: 0.7440 | Train F1: 0.7439
2026-01-25 12:25:09,984 - INFO - Running Validation for Epoch 8...
2026-01-25 12:26:04,614 - INFO - [Val] Loss: 0.6396 | Accuracy: 0.6622 | F1: 0.6536
2026-01-25 12:26:04,616 - INFO - Running Testing for Epoch 8...
2026-01-25 12:26:44,768 - INFO - [Test] Loss: 0.6246 | Accuracy: 0.6579 | F1: 0.6515
2026-01-25 12:26:44,821 - INFO - Saved checkpoint to xxxxxxxxxxxxxxxxxxxxxxxxxxxxBrainLM-main/output/hcp3/finetuned_checkpoint_epoch_8.pt
2026-01-25 12:26:44,877 - INFO - 🏆 New Best Model (Val Acc: 0.6622, Val F1: 0.6536) saved to xxxxxxxxxxxxxxxxxxxxxxxxxxxxBrainLM-main/output/hcp3/finetuned_checkpoint_best.pt
2026-01-25 12:26:45,061 - INFO - Epoch [9/10], Step [0], Loss: 0.7342
2026-01-25 12:26:47,174 - INFO - Epoch [9/10], Step [10], Loss: 0.0977
2026-01-25 12:26:49,245 - INFO - Epoch [9/10], Step [20], Loss: 0.4493
2026-01-25 12:26:51,052 - INFO - Epoch [9/10], Step [30], Loss: 0.4962
2026-01-25 12:26:52,963 - INFO - Epoch [9/10], Step [40], Loss: 0.3225
2026-01-25 12:26:56,336 - INFO - Epoch [9/10], Step [50], Loss: 0.1851
2026-01-25 12:26:59,389 - INFO - Epoch [9/10], Step [60], Loss: 0.6271
2026-01-25 12:27:01,646 - INFO - Epoch [9/10], Step [70], Loss: 0.5266
2026-01-25 12:27:03,484 - INFO - Epoch [9/10], Step [80], Loss: 0.5048
2026-01-25 12:27:05,552 - INFO - Epoch [9/10], Step [90], Loss: 0.5992
2026-01-25 12:27:07,718 - INFO - Epoch [9/10], Step [100], Loss: 0.0200
2026-01-25 12:27:11,321 - INFO - Epoch [9/10], Step [110], Loss: 0.1586
2026-01-25 12:27:15,412 - INFO - Epoch [9/10], Step [120], Loss: 0.2043
2026-01-25 12:27:17,299 - INFO - Epoch [9/10], Step [130], Loss: 0.5432
2026-01-25 12:27:19,132 - INFO - Epoch [9/10], Step [140], Loss: 0.0471
2026-01-25 12:27:21,072 - INFO - Epoch [9/10], Step [150], Loss: 0.1263
2026-01-25 12:27:23,185 - INFO - Epoch [9/10], Step [160], Loss: 0.1716
2026-01-25 12:27:25,266 - INFO - Epoch [9/10], Step [170], Loss: 0.4134
2026-01-25 12:27:28,234 - INFO - Epoch [9/10], Step [180], Loss: 0.2136
2026-01-25 12:27:30,527 - INFO - Epoch [9/10], Step [190], Loss: 0.3787
2026-01-25 12:27:32,754 - INFO - Epoch [9/10], Step [200], Loss: 0.2306
2026-01-25 12:27:35,635 - INFO - Epoch [9/10], Step [210], Loss: 1.2500
2026-01-25 12:27:38,321 - INFO - Epoch [9/10], Step [220], Loss: 0.0936
2026-01-25 12:27:40,714 - INFO - Epoch [9/10], Step [230], Loss: 0.4032
2026-01-25 12:27:43,135 - INFO - Epoch [9/10], Step [240], Loss: 0.1538
2026-01-25 12:27:45,737 - INFO - Epoch [9/10], Step [250], Loss: 1.5227
2026-01-25 12:27:47,726 - INFO - Epoch [9/10], Step [260], Loss: 0.7152
2026-01-25 12:27:49,960 - INFO - Epoch [9/10], Step [270], Loss: 0.3540
2026-01-25 12:27:52,537 - INFO - Epoch [9/10], Step [280], Loss: 0.3830
2026-01-25 12:27:54,664 - INFO - Epoch [9/10], Step [290], Loss: 0.7365
2026-01-25 12:27:57,404 - INFO - Epoch [9/10], Step [300], Loss: 0.5380
2026-01-25 12:27:59,653 - INFO - Epoch [9/10], Step [310], Loss: 1.2209
2026-01-25 12:28:02,280 - INFO - Epoch [9/10], Step [320], Loss: 0.7566
2026-01-25 12:28:06,179 - INFO - Epoch [9/10], Step [330], Loss: 0.9908
2026-01-25 12:28:08,588 - INFO - Epoch [9/10], Step [340], Loss: 0.9841
2026-01-25 12:28:10,392 - INFO - Epoch [9/10], Step [350], Loss: 0.3847
2026-01-25 12:28:14,134 - INFO - Epoch [9/10], Step [360], Loss: 0.7497
2026-01-25 12:28:16,390 - INFO - Epoch [9/10], Step [370], Loss: 0.6086
2026-01-25 12:28:18,695 - INFO - Epoch [9/10], Step [380], Loss: 0.2622
2026-01-25 12:28:21,369 - INFO - Epoch [9/10], Step [390], Loss: 0.4087
2026-01-25 12:28:25,076 - INFO - Epoch [9/10], Step [400], Loss: 0.1028
2026-01-25 12:28:27,685 - INFO - Epoch [9/10], Step [410], Loss: 0.6162
2026-01-25 12:28:29,501 - INFO - Epoch [9/10], Step [420], Loss: 0.1726
2026-01-25 12:28:33,233 - INFO - Epoch [9/10], Step [430], Loss: 0.7974
2026-01-25 12:28:36,285 - INFO - Epoch [9/10], Step [440], Loss: 0.3489
2026-01-25 12:28:38,530 - INFO - Epoch [9/10], Step [450], Loss: 0.1815
2026-01-25 12:28:41,148 - INFO - Epoch [9/10], Step [460], Loss: 0.5296
2026-01-25 12:28:44,260 - INFO - Epoch [9/10], Step [470], Loss: 0.5282
2026-01-25 12:28:46,716 - INFO - Epoch [9/10], Step [480], Loss: 0.8767
2026-01-25 12:28:49,126 - INFO - Epoch [9/10], Step [490], Loss: 0.3414
2026-01-25 12:28:51,625 - INFO - Epoch [9/10], Step [500], Loss: 0.4811
2026-01-25 12:28:53,471 - INFO - Epoch [9/10], Step [510], Loss: 0.6483
2026-01-25 12:28:55,561 - INFO - Epoch [9/10], Step [520], Loss: 0.5148
2026-01-25 12:28:57,832 - INFO - Epoch [9/10], Step [530], Loss: 0.5396
2026-01-25 12:28:59,696 - INFO - Epoch [9/10], Step [540], Loss: 0.2302
2026-01-25 12:29:01,646 - INFO - Epoch [9/10], Step [550], Loss: 0.5257
2026-01-25 12:29:04,174 - INFO - Epoch [9/10], Step [560], Loss: 0.1764
2026-01-25 12:29:06,788 - INFO - Epoch [9/10], Step [570], Loss: 0.2308
2026-01-25 12:29:09,044 - INFO - Epoch [9/10], Step [580], Loss: 0.1047
2026-01-25 12:29:10,903 - INFO - Epoch [9/10], Step [590], Loss: 0.4290
2026-01-25 12:29:14,648 - INFO - Epoch [9/10], Step [600], Loss: 0.4156
2026-01-25 12:29:18,003 - INFO - Epoch [9/10], Step [610], Loss: 0.4032
2026-01-25 12:29:21,430 - INFO - Epoch [9/10], Step [620], Loss: 0.6797
2026-01-25 12:29:23,645 - INFO - Epoch [9/10], Step [630], Loss: 0.2485
2026-01-25 12:29:25,454 - INFO - Epoch [9/10], Step [640], Loss: 0.0855
2026-01-25 12:29:27,526 - INFO - Epoch [9/10], Step [650], Loss: 0.2220
2026-01-25 12:29:30,071 - INFO - Epoch [9/10], Step [660], Loss: 0.5993
2026-01-25 12:29:32,623 - INFO - Epoch [9/10], Step [670], Loss: 0.4425
2026-01-25 12:29:35,412 - INFO - Epoch [9/10], Step [680], Loss: 0.0506
2026-01-25 12:29:38,568 - INFO - Epoch [9/10], Step [690], Loss: 0.4068
2026-01-25 12:29:43,856 - INFO - Epoch [9/10], Step [700], Loss: 0.5297
2026-01-25 12:29:45,928 - INFO - Epoch [9/10], Step [710], Loss: 0.2638
2026-01-25 12:29:48,795 - INFO - Epoch [9/10], Step [720], Loss: 0.4572
2026-01-25 12:29:50,882 - INFO - Epoch [9/10], Step [730], Loss: 0.3728
2026-01-25 12:29:53,016 - INFO - Epoch [9/10], Step [740], Loss: 0.3697
2026-01-25 12:29:54,997 - INFO - Epoch [9/10], Step [750], Loss: 1.1261
2026-01-25 12:29:57,614 - INFO - Epoch [9/10], Step [760], Loss: 0.8947
2026-01-25 12:30:00,264 - INFO - Epoch [9/10], Step [770], Loss: 0.6620
2026-01-25 12:30:02,287 - INFO - Epoch [9/10], Step [780], Loss: 0.9114
2026-01-25 12:30:05,060 - INFO - Epoch [9/10], Step [790], Loss: 1.0525
2026-01-25 12:30:08,462 - INFO - Epoch [9/10], Step [800], Loss: 0.8272
2026-01-25 12:30:10,624 - INFO - Epoch [9/10], Step [810], Loss: 1.1738
2026-01-25 12:30:12,944 - INFO - Epoch [9/10], Step [820], Loss: 0.9140
2026-01-25 12:30:15,910 - INFO - Epoch [9/10], Step [830], Loss: 0.5829
2026-01-25 12:30:17,728 - INFO - Epoch [9/10], Step [840], Loss: 0.3877
2026-01-25 12:30:20,079 - INFO - Epoch [9/10], Step [850], Loss: 0.2640
2026-01-25 12:30:22,250 - INFO - Epoch [9/10], Step [860], Loss: 0.2994
2026-01-25 12:30:25,391 - INFO - Epoch [9/10], Step [870], Loss: 0.7212
2026-01-25 12:30:27,474 - INFO - Epoch [9/10], Step [880], Loss: 0.1198
2026-01-25 12:30:30,017 - INFO - Epoch [9/10], Step [890], Loss: 0.1162
2026-01-25 12:30:32,612 - INFO - Epoch [9/10], Step [900], Loss: 0.8810
2026-01-25 12:30:34,547 - INFO - Epoch [9/10], Step [910], Loss: 0.5429
2026-01-25 12:30:36,358 - INFO - Epoch [9/10], Step [920], Loss: 0.1210
2026-01-25 12:30:38,444 - INFO - Epoch [9/10], Step [930], Loss: 0.3542
2026-01-25 12:30:40,663 - INFO - Epoch [9/10], Step [940], Loss: 0.9252
2026-01-25 12:30:43,469 - INFO - Epoch [9/10], Step [950], Loss: 0.4596
2026-01-25 12:30:45,668 - INFO - Epoch [9/10], Step [960], Loss: 0.4193
2026-01-25 12:30:47,820 - INFO - Epoch [9/10], Step [970], Loss: 0.5944
2026-01-25 12:30:50,370 - INFO - Epoch [9/10], Step [980], Loss: 0.1797
2026-01-25 12:30:53,184 - INFO - Epoch [9/10], Step [990], Loss: 0.8701
2026-01-25 12:30:55,965 - INFO - Epoch [9/10], Step [1000], Loss: 0.7012
2026-01-25 12:30:58,710 - INFO - Epoch [9/10], Step [1010], Loss: 0.3713
2026-01-25 12:31:03,920 - INFO - Epoch [9/10], Step [1020], Loss: 0.6241
2026-01-25 12:31:06,030 - INFO - Epoch [9/10], Step [1030], Loss: 0.5916
2026-01-25 12:31:08,981 - INFO - Epoch [9/10], Step [1040], Loss: 0.2523
2026-01-25 12:31:12,299 - INFO - Epoch [9/10], Step [1050], Loss: 0.5539
2026-01-25 12:31:14,593 - INFO - Epoch [9/10], Step [1060], Loss: 0.1520
2026-01-25 12:31:16,832 - INFO - Epoch [9/10], Step [1070], Loss: 0.3533
2026-01-25 12:31:20,233 - INFO - Epoch [9/10], Step [1080], Loss: 1.3025
2026-01-25 12:31:22,722 - INFO - Epoch [9/10], Step [1090], Loss: 1.0061
2026-01-25 12:31:26,900 - INFO - Epoch [9/10], Step [1100], Loss: 0.5850
2026-01-25 12:31:30,513 - INFO - Epoch [9/10], Step [1110], Loss: 0.8900
2026-01-25 12:31:33,888 - INFO - Epoch [9/10], Step [1120], Loss: 0.4076
2026-01-25 12:31:36,283 - INFO - Epoch [9/10], Step [1130], Loss: 0.8822
2026-01-25 12:31:39,320 - INFO - Epoch [9/10], Step [1140], Loss: 0.2167
2026-01-25 12:31:41,993 - INFO - Epoch [9/10], Step [1150], Loss: 0.0723
2026-01-25 12:31:44,640 - INFO - Epoch [9/10], Step [1160], Loss: 0.2932
2026-01-25 12:31:47,583 - INFO - Epoch [9/10], Step [1170], Loss: 0.6947
2026-01-25 12:31:49,407 - INFO - Epoch [9/10], Step [1180], Loss: 0.2812
2026-01-25 12:31:52,006 - INFO - Epoch [9/10], Step [1190], Loss: 0.3460
2026-01-25 12:31:54,593 - INFO - Epoch [9/10], Step [1200], Loss: 0.5640
2026-01-25 12:31:56,445 - INFO - Epoch 9 Finished. Train Loss: 0.4926 | Train Acc: 0.7595 | Train F1: 0.7595
2026-01-25 12:31:56,445 - INFO - Running Validation for Epoch 9...
2026-01-25 12:32:55,971 - INFO - [Val] Loss: 0.6177 | Accuracy: 0.6739 | F1: 0.6662
2026-01-25 12:32:55,971 - INFO - Running Testing for Epoch 9...
2026-01-25 12:33:48,362 - INFO - [Test] Loss: 0.6011 | Accuracy: 0.6859 | F1: 0.6788
2026-01-25 12:33:48,834 - INFO - Saved checkpoint to xxxxxxxxxxxxxxxxxxxxxxxxxxxxBrainLM-main/output/hcp3/finetuned_checkpoint_epoch_9.pt
2026-01-25 12:33:50,260 - INFO - 🏆 New Best Model (Val Acc: 0.6739, Val F1: 0.6662) saved to xxxxxxxxxxxxxxxxxxxxxxxxxxxxBrainLM-main/output/hcp3/finetuned_checkpoint_best.pt
2026-01-25 12:33:50,641 - INFO - Epoch [10/10], Step [0], Loss: 0.1223
2026-01-25 12:33:52,711 - INFO - Epoch [10/10], Step [10], Loss: 0.2937
2026-01-25 12:33:55,452 - INFO - Epoch [10/10], Step [20], Loss: 0.5480
2026-01-25 12:33:57,308 - INFO - Epoch [10/10], Step [30], Loss: 0.2436
2026-01-25 12:33:59,476 - INFO - Epoch [10/10], Step [40], Loss: 0.1465
2026-01-25 12:34:03,078 - INFO - Epoch [10/10], Step [50], Loss: 0.5800
2026-01-25 12:34:05,419 - INFO - Epoch [10/10], Step [60], Loss: 0.1437
2026-01-25 12:34:07,287 - INFO - Epoch [10/10], Step [70], Loss: 0.7635
2026-01-25 12:34:09,269 - INFO - Epoch [10/10], Step [80], Loss: 0.0262
2026-01-25 12:34:11,247 - INFO - Epoch [10/10], Step [90], Loss: 0.7046
2026-01-25 12:34:15,142 - INFO - Epoch [10/10], Step [100], Loss: 0.3269
2026-01-25 12:34:18,789 - INFO - Epoch [10/10], Step [110], Loss: 0.3340
2026-01-25 12:34:21,820 - INFO - Epoch [10/10], Step [120], Loss: 0.2093
2026-01-25 12:34:25,493 - INFO - Epoch [10/10], Step [130], Loss: 0.5763
2026-01-25 12:34:27,332 - INFO - Epoch [10/10], Step [140], Loss: 0.5531
2026-01-25 12:34:29,547 - INFO - Epoch [10/10], Step [150], Loss: 0.1644
2026-01-25 12:34:33,295 - INFO - Epoch [10/10], Step [160], Loss: 0.1739
2026-01-25 12:34:35,818 - INFO - Epoch [10/10], Step [170], Loss: 0.7614
2026-01-25 12:34:37,859 - INFO - Epoch [10/10], Step [180], Loss: 0.1039
2026-01-25 12:34:40,486 - INFO - Epoch [10/10], Step [190], Loss: 0.3592
2026-01-25 12:34:42,675 - INFO - Epoch [10/10], Step [200], Loss: 0.5116
2026-01-25 12:34:44,511 - INFO - Epoch [10/10], Step [210], Loss: 0.0849
2026-01-25 12:34:46,678 - INFO - Epoch [10/10], Step [220], Loss: 0.6186
2026-01-25 12:34:48,777 - INFO - Epoch [10/10], Step [230], Loss: 0.3982
2026-01-25 12:34:50,936 - INFO - Epoch [10/10], Step [240], Loss: 0.3334
2026-01-25 12:34:52,924 - INFO - Epoch [10/10], Step [250], Loss: 0.1692
2026-01-25 12:34:56,039 - INFO - Epoch [10/10], Step [260], Loss: 0.3867
2026-01-25 12:34:59,297 - INFO - Epoch [10/10], Step [270], Loss: 1.5369
2026-01-25 12:35:01,543 - INFO - Epoch [10/10], Step [280], Loss: 0.3504
2026-01-25 12:35:04,301 - INFO - Epoch [10/10], Step [290], Loss: 0.5901
2026-01-25 12:35:07,171 - INFO - Epoch [10/10], Step [300], Loss: 0.5364
2026-01-25 12:35:10,165 - INFO - Epoch [10/10], Step [310], Loss: 0.2661
2026-01-25 12:35:12,838 - INFO - Epoch [10/10], Step [320], Loss: 0.2935
2026-01-25 12:35:15,507 - INFO - Epoch [10/10], Step [330], Loss: 0.6386
2026-01-25 12:35:18,444 - INFO - Epoch [10/10], Step [340], Loss: 0.4503
2026-01-25 12:35:20,416 - INFO - Epoch [10/10], Step [350], Loss: 0.2477
2026-01-25 12:35:23,138 - INFO - Epoch [10/10], Step [360], Loss: 0.6634
2026-01-25 12:35:25,405 - INFO - Epoch [10/10], Step [370], Loss: 0.4955
2026-01-25 12:35:28,844 - INFO - Epoch [10/10], Step [380], Loss: 0.9730
2026-01-25 12:35:30,652 - INFO - Epoch [10/10], Step [390], Loss: 0.9068
2026-01-25 12:35:34,167 - INFO - Epoch [10/10], Step [400], Loss: 0.6808
2026-01-25 12:35:36,842 - INFO - Epoch [10/10], Step [410], Loss: 0.6766
2026-01-25 12:35:39,151 - INFO - Epoch [10/10], Step [420], Loss: 0.3420
2026-01-25 12:35:42,184 - INFO - Epoch [10/10], Step [430], Loss: 0.7988
2026-01-25 12:35:44,155 - INFO - Epoch [10/10], Step [440], Loss: 0.0513
2026-01-25 12:35:48,590 - INFO - Epoch [10/10], Step [450], Loss: 0.2560
2026-01-25 12:35:52,534 - INFO - Epoch [10/10], Step [460], Loss: 0.2686
2026-01-25 12:35:54,901 - INFO - Epoch [10/10], Step [470], Loss: 0.1401
2026-01-25 12:35:57,520 - INFO - Epoch [10/10], Step [480], Loss: 0.5262
2026-01-25 12:36:00,043 - INFO - Epoch [10/10], Step [490], Loss: 0.1677
2026-01-25 12:36:02,056 - INFO - Epoch [10/10], Step [500], Loss: 0.3721
2026-01-25 12:36:05,291 - INFO - Epoch [10/10], Step [510], Loss: 0.5888
2026-01-25 12:36:08,175 - INFO - Epoch [10/10], Step [520], Loss: 0.7343
2026-01-25 12:36:11,446 - INFO - Epoch [10/10], Step [530], Loss: 1.1638
2026-01-25 12:36:14,393 - INFO - Epoch [10/10], Step [540], Loss: 0.3934
2026-01-25 12:36:17,593 - INFO - Epoch [10/10], Step [550], Loss: 0.3070
2026-01-25 12:36:20,320 - INFO - Epoch [10/10], Step [560], Loss: 0.2782
2026-01-25 12:36:22,543 - INFO - Epoch [10/10], Step [570], Loss: 0.6469
2026-01-25 12:36:25,451 - INFO - Epoch [10/10], Step [580], Loss: 0.1980
2026-01-25 12:36:28,763 - INFO - Epoch [10/10], Step [590], Loss: 0.0952
2026-01-25 12:36:31,303 - INFO - Epoch [10/10], Step [600], Loss: 0.2174
2026-01-25 12:36:35,697 - INFO - Epoch [10/10], Step [610], Loss: 0.1159
2026-01-25 12:36:38,401 - INFO - Epoch [10/10], Step [620], Loss: 0.2827
2026-01-25 12:36:41,038 - INFO - Epoch [10/10], Step [630], Loss: 0.6860
2026-01-25 12:36:43,505 - INFO - Epoch [10/10], Step [640], Loss: 0.3653
2026-01-25 12:36:46,718 - INFO - Epoch [10/10], Step [650], Loss: 0.5139
2026-01-25 12:36:49,300 - INFO - Epoch [10/10], Step [660], Loss: 0.3519
2026-01-25 12:36:51,303 - INFO - Epoch [10/10], Step [670], Loss: 0.2629
2026-01-25 12:36:53,935 - INFO - Epoch [10/10], Step [680], Loss: 0.1257
2026-01-25 12:36:56,693 - INFO - Epoch [10/10], Step [690], Loss: 1.2995
2026-01-25 12:36:58,893 - INFO - Epoch [10/10], Step [700], Loss: 0.4238
2026-01-25 12:37:03,434 - INFO - Epoch [10/10], Step [710], Loss: 0.0556
2026-01-25 12:37:06,384 - INFO - Epoch [10/10], Step [720], Loss: 0.3274
2026-01-25 12:37:08,205 - INFO - Epoch [10/10], Step [730], Loss: 0.1625
2026-01-25 12:37:11,546 - INFO - Epoch [10/10], Step [740], Loss: 0.3472
2026-01-25 12:37:13,566 - INFO - Epoch [10/10], Step [750], Loss: 0.1239
2026-01-25 12:37:15,372 - INFO - Epoch [10/10], Step [760], Loss: 0.3322
2026-01-25 12:37:18,053 - INFO - Epoch [10/10], Step [770], Loss: 0.9225
2026-01-25 12:37:19,948 - INFO - Epoch [10/10], Step [780], Loss: 0.4846
2026-01-25 12:37:22,142 - INFO - Epoch [10/10], Step [790], Loss: 0.1730
2026-01-25 12:37:24,293 - INFO - Epoch [10/10], Step [800], Loss: 0.3346
2026-01-25 12:37:26,811 - INFO - Epoch [10/10], Step [810], Loss: 0.2058
2026-01-25 12:37:29,873 - INFO - Epoch [10/10], Step [820], Loss: 0.6094
2026-01-25 12:37:32,514 - INFO - Epoch [10/10], Step [830], Loss: 0.6547
2026-01-25 12:37:35,484 - INFO - Epoch [10/10], Step [840], Loss: 0.0570
2026-01-25 12:37:39,863 - INFO - Epoch [10/10], Step [850], Loss: 0.3576
2026-01-25 12:37:41,685 - INFO - Epoch [10/10], Step [860], Loss: 0.7482
2026-01-25 12:37:44,616 - INFO - Epoch [10/10], Step [870], Loss: 1.1226
2026-01-25 12:37:47,118 - INFO - Epoch [10/10], Step [880], Loss: 0.1629
2026-01-25 12:37:50,272 - INFO - Epoch [10/10], Step [890], Loss: 0.2191
2026-01-25 12:37:53,778 - INFO - Epoch [10/10], Step [900], Loss: 0.2802
2026-01-25 12:37:57,067 - INFO - Epoch [10/10], Step [910], Loss: 1.0338
2026-01-25 12:37:59,947 - INFO - Epoch [10/10], Step [920], Loss: 0.2957
2026-01-25 12:38:02,390 - INFO - Epoch [10/10], Step [930], Loss: 0.1618
2026-01-25 12:38:04,662 - INFO - Epoch [10/10], Step [940], Loss: 1.4131
2026-01-25 12:38:06,471 - INFO - Epoch [10/10], Step [950], Loss: 0.5053
2026-01-25 12:38:09,886 - INFO - Epoch [10/10], Step [960], Loss: 0.5536
2026-01-25 12:38:12,086 - INFO - Epoch [10/10], Step [970], Loss: 0.0769
2026-01-25 12:38:14,744 - INFO - Epoch [10/10], Step [980], Loss: 0.6600
2026-01-25 12:38:17,211 - INFO - Epoch [10/10], Step [990], Loss: 0.4517
2026-01-25 12:38:20,208 - INFO - Epoch [10/10], Step [1000], Loss: 0.2760
2026-01-25 12:38:22,640 - INFO - Epoch [10/10], Step [1010], Loss: 0.8462
2026-01-25 12:38:25,639 - INFO - Epoch [10/10], Step [1020], Loss: 0.4981
2026-01-25 12:38:27,764 - INFO - Epoch [10/10], Step [1030], Loss: 1.0194
2026-01-25 12:38:29,707 - INFO - Epoch [10/10], Step [1040], Loss: 0.6962
2026-01-25 12:38:32,571 - INFO - Epoch [10/10], Step [1050], Loss: 0.2896
2026-01-25 12:38:36,125 - INFO - Epoch [10/10], Step [1060], Loss: 0.9554
2026-01-25 12:38:38,382 - INFO - Epoch [10/10], Step [1070], Loss: 0.6282
2026-01-25 12:38:40,891 - INFO - Epoch [10/10], Step [1080], Loss: 0.8924
2026-01-25 12:38:43,293 - INFO - Epoch [10/10], Step [1090], Loss: 0.2408
2026-01-25 12:38:47,061 - INFO - Epoch [10/10], Step [1100], Loss: 0.0561
2026-01-25 12:38:49,603 - INFO - Epoch [10/10], Step [1110], Loss: 0.4291
2026-01-25 12:38:52,362 - INFO - Epoch [10/10], Step [1120], Loss: 0.2668
2026-01-25 12:38:54,852 - INFO - Epoch [10/10], Step [1130], Loss: 0.6587
2026-01-25 12:38:57,017 - INFO - Epoch [10/10], Step [1140], Loss: 0.1365
2026-01-25 12:38:59,161 - INFO - Epoch [10/10], Step [1150], Loss: 0.1507
2026-01-25 12:39:01,555 - INFO - Epoch [10/10], Step [1160], Loss: 0.4804
2026-01-25 12:39:04,388 - INFO - Epoch [10/10], Step [1170], Loss: 0.7068
2026-01-25 12:39:06,204 - INFO - Epoch [10/10], Step [1180], Loss: 0.4705
2026-01-25 12:39:09,022 - INFO - Epoch [10/10], Step [1190], Loss: 0.5077
2026-01-25 12:39:11,943 - INFO - Epoch [10/10], Step [1200], Loss: 0.6757
2026-01-25 12:39:12,315 - INFO - Epoch 10 Finished. Train Loss: 0.4689 | Train Acc: 0.7745 | Train F1: 0.7745
2026-01-25 12:39:12,315 - INFO - Running Validation for Epoch 10...
2026-01-25 12:40:14,150 - INFO - [Val] Loss: 0.5949 | Accuracy: 0.6788 | F1: 0.6704
2026-01-25 12:40:14,151 - INFO - Running Testing for Epoch 10...
2026-01-25 12:41:16,059 - INFO - [Test] Loss: 0.6069 | Accuracy: 0.6706 | F1: 0.6629
2026-01-25 12:41:17,075 - INFO - Saved checkpoint to xxxxxxxxxxxxxxxxxxxxxxxxxxxxBrainLM-main/output/hcp3/finetuned_checkpoint_epoch_10.pt
2026-01-25 12:41:17,126 - INFO - 🏆 New Best Model (Val Acc: 0.6788, Val F1: 0.6704) saved to xxxxxxxxxxxxxxxxxxxxxxxxxxxxBrainLM-main/output/hcp3/finetuned_checkpoint_best.pt
2026-01-25 12:41:17,126 - INFO - Loading best checkpoint for final test...
2026-01-25 12:41:19,819 - INFO - Running Testing for Best Checkpoint...
2026-01-25 12:42:21,278 - INFO - [BestTest] Loss: 0.6101 | Accuracy: 0.6740 | F1: 0.6658
2026-01-25 12:42:21,279 - INFO - Training Complete.
