2026-01-25 12:45:11,394 - INFO - Logging configured. Log file saved to: *******
2026-01-25 12:45:11,396 - INFO - Random seed set to: 47
2026-01-25 12:45:11,396 - INFO - Configuration:
2026-01-25 12:45:11,396 - INFO - Batch Size: 3, LR: 0.0001, Epochs: 10
2026-01-25 12:45:11,398 - INFO - Using device: cuda:7
2026-01-25 12:45:11,631 - INFO - Loading checkpoint from *******
2026-01-25 12:45:13,092 - INFO - --- 开始执行 Key 映射转换 ---
2026-01-25 12:45:13,093 - INFO - 转换示例 (Checkpoint -> Model):
2026-01-25 12:45:13,093 - INFO -   vit.embeddings.cls_token  ==>  embeddings.cls_token (大致)
2026-01-25 12:45:13,093 - INFO -   vit.embeddings.signal_embedding_projection.weight  ==>  embeddings.signal_embedding_projection.weight (大致)
2026-01-25 12:45:13,093 - INFO -   vit.embeddings.signal_embedding_projection.bias  ==>  embeddings.signal_embedding_projection.bias (大致)
2026-01-25 12:45:13,099 - INFO - 
==============================
2026-01-25 12:45:13,100 - INFO - 加载结果报告
2026-01-25 12:45:13,100 - INFO - ==============================
2026-01-25 12:45:13,100 - INFO - ✅ Encoder 权重全部加载成功！
2026-01-25 12:45:13,100 - INFO - ✅ 信号投影层 (Signal Projection) 加载成功。
2026-01-25 12:45:13,100 - INFO - ✅ CLS Token 加载成功。
2026-01-25 12:45:14,346 - INFO - Loading Datasets...
2026-01-25 12:45:14,587 - INFO - Train samples: 3611, Val samples: 1205, Test samples: 1181
2026-01-25 12:45:14,621 - INFO - Starting Fine-tuning...
2026-01-25 12:45:15,080 - INFO - Epoch [1/10], Step [0], Loss: 0.7634
2026-01-25 12:45:18,698 - INFO - Epoch [1/10], Step [10], Loss: 0.6829
2026-01-25 12:45:20,957 - INFO - Epoch [1/10], Step [20], Loss: 0.6480
2026-01-25 12:45:23,863 - INFO - Epoch [1/10], Step [30], Loss: 0.8305
2026-01-25 12:45:25,713 - INFO - Epoch [1/10], Step [40], Loss: 0.8898
2026-01-25 12:45:27,655 - INFO - Epoch [1/10], Step [50], Loss: 0.9016
2026-01-25 12:45:31,296 - INFO - Epoch [1/10], Step [60], Loss: 0.5059
2026-01-25 12:45:34,205 - INFO - Epoch [1/10], Step [70], Loss: 0.5455
2026-01-25 12:45:36,956 - INFO - Epoch [1/10], Step [80], Loss: 0.4804
2026-01-25 12:45:39,739 - INFO - Epoch [1/10], Step [90], Loss: 1.1639
2026-01-25 12:45:42,334 - INFO - Epoch [1/10], Step [100], Loss: 0.7184
2026-01-25 12:45:45,165 - INFO - Epoch [1/10], Step [110], Loss: 0.6532
2026-01-25 12:45:48,542 - INFO - Epoch [1/10], Step [120], Loss: 1.3787
2026-01-25 12:45:51,628 - INFO - Epoch [1/10], Step [130], Loss: 0.6994
2026-01-25 12:45:55,517 - INFO - Epoch [1/10], Step [140], Loss: 0.6590
2026-01-25 12:45:59,101 - INFO - Epoch [1/10], Step [150], Loss: 0.7020
2026-01-25 12:46:01,051 - INFO - Epoch [1/10], Step [160], Loss: 0.6719
2026-01-25 12:46:04,272 - INFO - Epoch [1/10], Step [170], Loss: 0.3312
2026-01-25 12:46:06,656 - INFO - Epoch [1/10], Step [180], Loss: 0.4959
2026-01-25 12:46:08,664 - INFO - Epoch [1/10], Step [190], Loss: 0.6571
2026-01-25 12:46:10,571 - INFO - Epoch [1/10], Step [200], Loss: 0.4469
2026-01-25 12:46:12,787 - INFO - Epoch [1/10], Step [210], Loss: 0.7073
2026-01-25 12:46:14,826 - INFO - Epoch [1/10], Step [220], Loss: 0.6570
2026-01-25 12:46:17,871 - INFO - Epoch [1/10], Step [230], Loss: 0.6522
2026-01-25 12:46:20,418 - INFO - Epoch [1/10], Step [240], Loss: 0.6555
2026-01-25 12:46:22,689 - INFO - Epoch [1/10], Step [250], Loss: 0.6618
2026-01-25 12:46:24,504 - INFO - Epoch [1/10], Step [260], Loss: 0.7042
2026-01-25 12:46:26,907 - INFO - Epoch [1/10], Step [270], Loss: 0.6848
2026-01-25 12:46:29,521 - INFO - Epoch [1/10], Step [280], Loss: 0.7010
2026-01-25 12:46:31,653 - INFO - Epoch [1/10], Step [290], Loss: 0.6410
2026-01-25 12:46:34,164 - INFO - Epoch [1/10], Step [300], Loss: 0.6168
2026-01-25 12:46:36,631 - INFO - Epoch [1/10], Step [310], Loss: 0.6910
2026-01-25 12:46:39,271 - INFO - Epoch [1/10], Step [320], Loss: 0.7453
2026-01-25 12:46:42,519 - INFO - Epoch [1/10], Step [330], Loss: 0.7154
2026-01-25 12:46:44,560 - INFO - Epoch [1/10], Step [340], Loss: 0.5738
2026-01-25 12:46:46,478 - INFO - Epoch [1/10], Step [350], Loss: 0.4083
2026-01-25 12:46:48,458 - INFO - Epoch [1/10], Step [360], Loss: 0.4630
2026-01-25 12:46:50,782 - INFO - Epoch [1/10], Step [370], Loss: 0.9197
2026-01-25 12:46:52,831 - INFO - Epoch [1/10], Step [380], Loss: 0.7636
2026-01-25 12:46:56,477 - INFO - Epoch [1/10], Step [390], Loss: 0.4232
2026-01-25 12:46:58,635 - INFO - Epoch [1/10], Step [400], Loss: 0.7350
2026-01-25 12:47:03,002 - INFO - Epoch [1/10], Step [410], Loss: 0.7887
2026-01-25 12:47:05,078 - INFO - Epoch [1/10], Step [420], Loss: 0.7020
2026-01-25 12:47:07,673 - INFO - Epoch [1/10], Step [430], Loss: 0.8284
2026-01-25 12:47:10,084 - INFO - Epoch [1/10], Step [440], Loss: 0.7345
2026-01-25 12:47:12,039 - INFO - Epoch [1/10], Step [450], Loss: 0.6908
2026-01-25 12:47:13,842 - INFO - Epoch [1/10], Step [460], Loss: 0.7271
2026-01-25 12:47:15,798 - INFO - Epoch [1/10], Step [470], Loss: 0.6262
2026-01-25 12:47:19,375 - INFO - Epoch [1/10], Step [480], Loss: 0.7344
2026-01-25 12:47:23,099 - INFO - Epoch [1/10], Step [490], Loss: 0.7860
2026-01-25 12:47:24,919 - INFO - Epoch [1/10], Step [500], Loss: 0.6852
2026-01-25 12:47:27,096 - INFO - Epoch [1/10], Step [510], Loss: 0.6297
2026-01-25 12:47:29,041 - INFO - Epoch [1/10], Step [520], Loss: 0.8700
2026-01-25 12:47:31,538 - INFO - Epoch [1/10], Step [530], Loss: 0.9281
2026-01-25 12:47:33,896 - INFO - Epoch [1/10], Step [540], Loss: 0.7920
2026-01-25 12:47:36,148 - INFO - Epoch [1/10], Step [550], Loss: 0.6942
2026-01-25 12:47:38,137 - INFO - Epoch [1/10], Step [560], Loss: 0.5156
2026-01-25 12:47:42,605 - INFO - Epoch [1/10], Step [570], Loss: 0.6948
2026-01-25 12:47:46,792 - INFO - Epoch [1/10], Step [580], Loss: 0.2937
2026-01-25 12:47:50,245 - INFO - Epoch [1/10], Step [590], Loss: 0.5583
2026-01-25 12:47:53,239 - INFO - Epoch [1/10], Step [600], Loss: 0.5033
2026-01-25 12:47:57,028 - INFO - Epoch [1/10], Step [610], Loss: 1.8034
2026-01-25 12:48:01,233 - INFO - Epoch [1/10], Step [620], Loss: 0.6268
2026-01-25 12:48:03,735 - INFO - Epoch [1/10], Step [630], Loss: 0.7544
2026-01-25 12:48:05,895 - INFO - Epoch [1/10], Step [640], Loss: 0.7561
2026-01-25 12:48:09,791 - INFO - Epoch [1/10], Step [650], Loss: 0.5640
2026-01-25 12:48:11,701 - INFO - Epoch [1/10], Step [660], Loss: 0.7775
2026-01-25 12:48:15,520 - INFO - Epoch [1/10], Step [670], Loss: 0.7639
2026-01-25 12:48:18,238 - INFO - Epoch [1/10], Step [680], Loss: 0.7040
2026-01-25 12:48:20,943 - INFO - Epoch [1/10], Step [690], Loss: 0.6437
2026-01-25 12:48:24,310 - INFO - Epoch [1/10], Step [700], Loss: 0.9039
2026-01-25 12:48:27,915 - INFO - Epoch [1/10], Step [710], Loss: 0.7979
2026-01-25 12:48:30,475 - INFO - Epoch [1/10], Step [720], Loss: 0.6239
2026-01-25 12:48:33,769 - INFO - Epoch [1/10], Step [730], Loss: 0.5433
2026-01-25 12:48:37,164 - INFO - Epoch [1/10], Step [740], Loss: 0.6177
2026-01-25 12:48:40,087 - INFO - Epoch [1/10], Step [750], Loss: 0.8679
2026-01-25 12:48:41,909 - INFO - Epoch [1/10], Step [760], Loss: 0.5597
2026-01-25 12:48:44,420 - INFO - Epoch [1/10], Step [770], Loss: 0.9213
2026-01-25 12:48:47,028 - INFO - Epoch [1/10], Step [780], Loss: 0.8942
2026-01-25 12:48:50,341 - INFO - Epoch [1/10], Step [790], Loss: 0.5414
2026-01-25 12:48:52,617 - INFO - Epoch [1/10], Step [800], Loss: 0.8352
2026-01-25 12:48:54,759 - INFO - Epoch [1/10], Step [810], Loss: 0.6619
2026-01-25 12:48:57,494 - INFO - Epoch [1/10], Step [820], Loss: 0.9070
2026-01-25 12:49:00,191 - INFO - Epoch [1/10], Step [830], Loss: 0.6732
2026-01-25 12:49:02,187 - INFO - Epoch [1/10], Step [840], Loss: 0.8182
2026-01-25 12:49:05,242 - INFO - Epoch [1/10], Step [850], Loss: 0.6725
2026-01-25 12:49:08,675 - INFO - Epoch [1/10], Step [860], Loss: 0.9254
2026-01-25 12:49:10,781 - INFO - Epoch [1/10], Step [870], Loss: 0.7808
2026-01-25 12:49:14,045 - INFO - Epoch [1/10], Step [880], Loss: 0.5528
2026-01-25 12:49:16,447 - INFO - Epoch [1/10], Step [890], Loss: 0.6191
2026-01-25 12:49:20,509 - INFO - Epoch [1/10], Step [900], Loss: 0.7775
2026-01-25 12:49:23,829 - INFO - Epoch [1/10], Step [910], Loss: 0.6141
2026-01-25 12:49:26,634 - INFO - Epoch [1/10], Step [920], Loss: 0.6849
2026-01-25 12:49:29,401 - INFO - Epoch [1/10], Step [930], Loss: 0.9006
2026-01-25 12:49:31,847 - INFO - Epoch [1/10], Step [940], Loss: 0.6456
2026-01-25 12:49:33,764 - INFO - Epoch [1/10], Step [950], Loss: 0.8072
2026-01-25 12:49:36,172 - INFO - Epoch [1/10], Step [960], Loss: 0.5264
2026-01-25 12:49:37,982 - INFO - Epoch [1/10], Step [970], Loss: 0.8687
2026-01-25 12:49:39,819 - INFO - Epoch [1/10], Step [980], Loss: 0.7483
2026-01-25 12:49:41,634 - INFO - Epoch [1/10], Step [990], Loss: 0.7362
2026-01-25 12:49:43,655 - INFO - Epoch [1/10], Step [1000], Loss: 0.7547
2026-01-25 12:49:46,795 - INFO - Epoch [1/10], Step [1010], Loss: 0.6392
2026-01-25 12:49:49,981 - INFO - Epoch [1/10], Step [1020], Loss: 0.7831
2026-01-25 12:49:53,770 - INFO - Epoch [1/10], Step [1030], Loss: 0.7558
2026-01-25 12:49:55,614 - INFO - Epoch [1/10], Step [1040], Loss: 0.5392
2026-01-25 12:49:57,415 - INFO - Epoch [1/10], Step [1050], Loss: 0.6530
2026-01-25 12:49:59,816 - INFO - Epoch [1/10], Step [1060], Loss: 0.6426
2026-01-25 12:50:01,973 - INFO - Epoch [1/10], Step [1070], Loss: 0.4918
2026-01-25 12:50:05,175 - INFO - Epoch [1/10], Step [1080], Loss: 0.7632
2026-01-25 12:50:09,720 - INFO - Epoch [1/10], Step [1090], Loss: 0.6791
2026-01-25 12:50:13,678 - INFO - Epoch [1/10], Step [1100], Loss: 0.7783
2026-01-25 12:50:15,499 - INFO - Epoch [1/10], Step [1110], Loss: 0.5510
2026-01-25 12:50:17,330 - INFO - Epoch [1/10], Step [1120], Loss: 0.6136
2026-01-25 12:50:20,090 - INFO - Epoch [1/10], Step [1130], Loss: 0.8176
2026-01-25 12:50:22,240 - INFO - Epoch [1/10], Step [1140], Loss: 0.6457
2026-01-25 12:50:25,893 - INFO - Epoch [1/10], Step [1150], Loss: 0.7491
2026-01-25 12:50:28,278 - INFO - Epoch [1/10], Step [1160], Loss: 1.0314
2026-01-25 12:50:30,394 - INFO - Epoch [1/10], Step [1170], Loss: 0.6245
2026-01-25 12:50:33,340 - INFO - Epoch [1/10], Step [1180], Loss: 0.7918
2026-01-25 12:50:35,182 - INFO - Epoch [1/10], Step [1190], Loss: 0.6081
2026-01-25 12:50:37,646 - INFO - Epoch [1/10], Step [1200], Loss: 0.4946
2026-01-25 12:50:38,023 - INFO - Epoch 1 Finished. Train Loss: 0.6902 | Train Acc: 0.5550 | Train F1: 0.5503
2026-01-25 12:50:38,023 - INFO - Running Validation for Epoch 1...
2026-01-25 12:51:36,768 - INFO - [Val] Loss: 0.6560 | Accuracy: 0.6199 | F1: 0.6132
2026-01-25 12:51:36,769 - INFO - Running Testing for Epoch 1...
2026-01-25 12:52:40,701 - INFO - [Test] Loss: 0.6532 | Accuracy: 0.6240 | F1: 0.6176
2026-01-25 12:52:40,758 - INFO - Saved checkpoint to *******
2026-01-25 12:52:40,812 - INFO - 🏆 New Best Model (Val Acc: 0.6199, Val F1: 0.6132) saved to *******
2026-01-25 12:52:40,994 - INFO - Epoch [2/10], Step [0], Loss: 0.5146
2026-01-25 12:52:43,264 - INFO - Epoch [2/10], Step [10], Loss: 0.5434
2026-01-25 12:52:45,616 - INFO - Epoch [2/10], Step [20], Loss: 0.5897
2026-01-25 12:52:48,849 - INFO - Epoch [2/10], Step [30], Loss: 0.6857
2026-01-25 12:52:51,540 - INFO - Epoch [2/10], Step [40], Loss: 0.1947
2026-01-25 12:52:54,681 - INFO - Epoch [2/10], Step [50], Loss: 0.4419
2026-01-25 12:52:57,298 - INFO - Epoch [2/10], Step [60], Loss: 0.6295
2026-01-25 12:53:00,275 - INFO - Epoch [2/10], Step [70], Loss: 0.6613
2026-01-25 12:53:02,644 - INFO - Epoch [2/10], Step [80], Loss: 0.3650
2026-01-25 12:53:05,095 - INFO - Epoch [2/10], Step [90], Loss: 0.5315
2026-01-25 12:53:08,237 - INFO - Epoch [2/10], Step [100], Loss: 0.9606
2026-01-25 12:53:10,668 - INFO - Epoch [2/10], Step [110], Loss: 0.5447
2026-01-25 12:53:13,501 - INFO - Epoch [2/10], Step [120], Loss: 0.4448
2026-01-25 12:53:15,948 - INFO - Epoch [2/10], Step [130], Loss: 0.4522
2026-01-25 12:53:18,082 - INFO - Epoch [2/10], Step [140], Loss: 0.6669
2026-01-25 12:53:20,179 - INFO - Epoch [2/10], Step [150], Loss: 0.9634
2026-01-25 12:53:22,457 - INFO - Epoch [2/10], Step [160], Loss: 0.5922
2026-01-25 12:53:25,665 - INFO - Epoch [2/10], Step [170], Loss: 0.6148
2026-01-25 12:53:29,205 - INFO - Epoch [2/10], Step [180], Loss: 0.8956
2026-01-25 12:53:31,201 - INFO - Epoch [2/10], Step [190], Loss: 0.7788
2026-01-25 12:53:33,365 - INFO - Epoch [2/10], Step [200], Loss: 0.7621
2026-01-25 12:53:35,231 - INFO - Epoch [2/10], Step [210], Loss: 0.6011
2026-01-25 12:53:37,393 - INFO - Epoch [2/10], Step [220], Loss: 0.6985
2026-01-25 12:53:39,547 - INFO - Epoch [2/10], Step [230], Loss: 0.8014
2026-01-25 12:53:41,760 - INFO - Epoch [2/10], Step [240], Loss: 0.7109
2026-01-25 12:53:44,323 - INFO - Epoch [2/10], Step [250], Loss: 0.4514
2026-01-25 12:53:46,514 - INFO - Epoch [2/10], Step [260], Loss: 0.6995
2026-01-25 12:53:50,776 - INFO - Epoch [2/10], Step [270], Loss: 0.7133
2026-01-25 12:53:54,791 - INFO - Epoch [2/10], Step [280], Loss: 0.5944
2026-01-25 12:53:56,608 - INFO - Epoch [2/10], Step [290], Loss: 0.5348
2026-01-25 12:53:59,532 - INFO - Epoch [2/10], Step [300], Loss: 0.6052
2026-01-25 12:54:01,582 - INFO - Epoch [2/10], Step [310], Loss: 0.5931
2026-01-25 12:54:03,936 - INFO - Epoch [2/10], Step [320], Loss: 0.5627
2026-01-25 12:54:08,433 - INFO - Epoch [2/10], Step [330], Loss: 0.5504
2026-01-25 12:54:12,400 - INFO - Epoch [2/10], Step [340], Loss: 0.5995
2026-01-25 12:54:16,826 - INFO - Epoch [2/10], Step [350], Loss: 0.7269
2026-01-25 12:54:21,846 - INFO - Epoch [2/10], Step [360], Loss: 0.4900
2026-01-25 12:54:26,642 - INFO - Epoch [2/10], Step [370], Loss: 0.6090
2026-01-25 12:54:31,425 - INFO - Epoch [2/10], Step [380], Loss: 0.3589
2026-01-25 12:54:35,423 - INFO - Epoch [2/10], Step [390], Loss: 1.1282
2026-01-25 12:54:37,856 - INFO - Epoch [2/10], Step [400], Loss: 0.6341
2026-01-25 12:54:39,905 - INFO - Epoch [2/10], Step [410], Loss: 0.6670
2026-01-25 12:54:42,293 - INFO - Epoch [2/10], Step [420], Loss: 0.6534
2026-01-25 12:54:44,888 - INFO - Epoch [2/10], Step [430], Loss: 0.7543
2026-01-25 12:54:47,026 - INFO - Epoch [2/10], Step [440], Loss: 0.8081
2026-01-25 12:54:51,365 - INFO - Epoch [2/10], Step [450], Loss: 0.3410
2026-01-25 12:54:54,854 - INFO - Epoch [2/10], Step [460], Loss: 0.4261
2026-01-25 12:54:57,508 - INFO - Epoch [2/10], Step [470], Loss: 0.4051
2026-01-25 12:54:59,572 - INFO - Epoch [2/10], Step [480], Loss: 0.2654
2026-01-25 12:55:02,803 - INFO - Epoch [2/10], Step [490], Loss: 0.8512
2026-01-25 12:55:04,633 - INFO - Epoch [2/10], Step [500], Loss: 0.6817
2026-01-25 12:55:06,927 - INFO - Epoch [2/10], Step [510], Loss: 0.3922
2026-01-25 12:55:09,145 - INFO - Epoch [2/10], Step [520], Loss: 0.8570
2026-01-25 12:55:11,082 - INFO - Epoch [2/10], Step [530], Loss: 0.7583
2026-01-25 12:55:13,146 - INFO - Epoch [2/10], Step [540], Loss: 1.0219
2026-01-25 12:55:15,471 - INFO - Epoch [2/10], Step [550], Loss: 1.2338
2026-01-25 12:55:18,273 - INFO - Epoch [2/10], Step [560], Loss: 0.6123
2026-01-25 12:55:20,910 - INFO - Epoch [2/10], Step [570], Loss: 0.6245
2026-01-25 12:55:23,304 - INFO - Epoch [2/10], Step [580], Loss: 0.7517
2026-01-25 12:55:25,114 - INFO - Epoch [2/10], Step [590], Loss: 0.6061
2026-01-25 12:55:28,404 - INFO - Epoch [2/10], Step [600], Loss: 0.6979
2026-01-25 12:55:30,448 - INFO - Epoch [2/10], Step [610], Loss: 0.6555
2026-01-25 12:55:32,254 - INFO - Epoch [2/10], Step [620], Loss: 0.7527
2026-01-25 12:55:35,148 - INFO - Epoch [2/10], Step [630], Loss: 0.8260
2026-01-25 12:55:37,426 - INFO - Epoch [2/10], Step [640], Loss: 0.5192
2026-01-25 12:55:39,901 - INFO - Epoch [2/10], Step [650], Loss: 0.5564
2026-01-25 12:55:42,778 - INFO - Epoch [2/10], Step [660], Loss: 0.7182
2026-01-25 12:55:45,041 - INFO - Epoch [2/10], Step [670], Loss: 0.3534
2026-01-25 12:55:47,593 - INFO - Epoch [2/10], Step [680], Loss: 0.6411
2026-01-25 12:55:50,220 - INFO - Epoch [2/10], Step [690], Loss: 0.5244
2026-01-25 12:55:52,292 - INFO - Epoch [2/10], Step [700], Loss: 0.6031
2026-01-25 12:55:55,252 - INFO - Epoch [2/10], Step [710], Loss: 0.5619
2026-01-25 12:55:57,370 - INFO - Epoch [2/10], Step [720], Loss: 0.8473
2026-01-25 12:55:59,185 - INFO - Epoch [2/10], Step [730], Loss: 0.2696
2026-01-25 12:56:01,336 - INFO - Epoch [2/10], Step [740], Loss: 0.9183
2026-01-25 12:56:03,414 - INFO - Epoch [2/10], Step [750], Loss: 0.6380
2026-01-25 12:56:05,228 - INFO - Epoch [2/10], Step [760], Loss: 0.6740
2026-01-25 12:56:07,689 - INFO - Epoch [2/10], Step [770], Loss: 0.6840
2026-01-25 12:56:10,028 - INFO - Epoch [2/10], Step [780], Loss: 0.7228
2026-01-25 12:56:13,815 - INFO - Epoch [2/10], Step [790], Loss: 0.4737
2026-01-25 12:56:15,734 - INFO - Epoch [2/10], Step [800], Loss: 0.5899
2026-01-25 12:56:17,818 - INFO - Epoch [2/10], Step [810], Loss: 0.3122
2026-01-25 12:56:21,483 - INFO - Epoch [2/10], Step [820], Loss: 0.5891
2026-01-25 12:56:24,223 - INFO - Epoch [2/10], Step [830], Loss: 0.1643
2026-01-25 12:56:29,900 - INFO - Epoch [2/10], Step [840], Loss: 0.2974
2026-01-25 12:56:34,889 - INFO - Epoch [2/10], Step [850], Loss: 0.4277
2026-01-25 12:56:39,527 - INFO - Epoch [2/10], Step [860], Loss: 0.2537
2026-01-25 12:56:43,517 - INFO - Epoch [2/10], Step [870], Loss: 0.6437
2026-01-25 12:56:49,039 - INFO - Epoch [2/10], Step [880], Loss: 0.4358
2026-01-25 12:56:54,365 - INFO - Epoch [2/10], Step [890], Loss: 0.5455
2026-01-25 12:56:59,657 - INFO - Epoch [2/10], Step [900], Loss: 0.6028
2026-01-25 12:57:04,688 - INFO - Epoch [2/10], Step [910], Loss: 0.5839
2026-01-25 12:57:08,709 - INFO - Epoch [2/10], Step [920], Loss: 0.8152
2026-01-25 12:57:11,166 - INFO - Epoch [2/10], Step [930], Loss: 0.7600
2026-01-25 12:57:13,500 - INFO - Epoch [2/10], Step [940], Loss: 0.9025
2026-01-25 12:57:16,300 - INFO - Epoch [2/10], Step [950], Loss: 0.8381
2026-01-25 12:57:18,585 - INFO - Epoch [2/10], Step [960], Loss: 0.6066
2026-01-25 12:57:21,273 - INFO - Epoch [2/10], Step [970], Loss: 0.6883
2026-01-25 12:57:23,518 - INFO - Epoch [2/10], Step [980], Loss: 0.7612
2026-01-25 12:57:26,342 - INFO - Epoch [2/10], Step [990], Loss: 0.8232
2026-01-25 12:57:28,644 - INFO - Epoch [2/10], Step [1000], Loss: 0.7906
2026-01-25 12:57:30,648 - INFO - Epoch [2/10], Step [1010], Loss: 0.6009
2026-01-25 12:57:33,190 - INFO - Epoch [2/10], Step [1020], Loss: 1.1423
2026-01-25 12:57:36,034 - INFO - Epoch [2/10], Step [1030], Loss: 1.0076
2026-01-25 12:57:39,336 - INFO - Epoch [2/10], Step [1040], Loss: 0.6386
2026-01-25 12:57:42,994 - INFO - Epoch [2/10], Step [1050], Loss: 0.7045
2026-01-25 12:57:47,871 - INFO - Epoch [2/10], Step [1060], Loss: 0.6625
2026-01-25 12:57:52,092 - INFO - Epoch [2/10], Step [1070], Loss: 0.8888
2026-01-25 12:57:55,390 - INFO - Epoch [2/10], Step [1080], Loss: 0.6398
2026-01-25 12:57:57,317 - INFO - Epoch [2/10], Step [1090], Loss: 0.5455
2026-01-25 12:57:59,424 - INFO - Epoch [2/10], Step [1100], Loss: 0.7648
2026-01-25 12:58:02,207 - INFO - Epoch [2/10], Step [1110], Loss: 0.8034
2026-01-25 12:58:04,772 - INFO - Epoch [2/10], Step [1120], Loss: 0.4452
2026-01-25 12:58:07,071 - INFO - Epoch [2/10], Step [1130], Loss: 1.2565
2026-01-25 12:58:10,118 - INFO - Epoch [2/10], Step [1140], Loss: 0.5377
2026-01-25 12:58:12,615 - INFO - Epoch [2/10], Step [1150], Loss: 0.6390
2026-01-25 12:58:14,834 - INFO - Epoch [2/10], Step [1160], Loss: 0.6409
2026-01-25 12:58:17,860 - INFO - Epoch [2/10], Step [1170], Loss: 0.8031
2026-01-25 12:58:22,609 - INFO - Epoch [2/10], Step [1180], Loss: 0.5202
2026-01-25 12:58:27,316 - INFO - Epoch [2/10], Step [1190], Loss: 0.5225
2026-01-25 12:58:31,968 - INFO - Epoch [2/10], Step [1200], Loss: 0.5238
2026-01-25 12:58:33,160 - INFO - Epoch 2 Finished. Train Loss: 0.6558 | Train Acc: 0.6240 | Train F1: 0.6214
2026-01-25 12:58:33,161 - INFO - Running Validation for Epoch 2...
2026-01-25 12:59:35,077 - INFO - [Val] Loss: 0.6551 | Accuracy: 0.6191 | F1: 0.6028
2026-01-25 12:59:35,077 - INFO - Running Testing for Epoch 2...
2026-01-25 13:00:30,233 - INFO - [Test] Loss: 0.6473 | Accuracy: 0.6240 | F1: 0.6053
2026-01-25 13:00:30,282 - INFO - Saved checkpoint to *******
2026-01-25 13:00:31,369 - INFO - Epoch [3/10], Step [0], Loss: 0.5833
2026-01-25 13:00:35,997 - INFO - Epoch [3/10], Step [10], Loss: 0.3558
2026-01-25 13:00:41,258 - INFO - Epoch [3/10], Step [20], Loss: 0.6056
2026-01-25 13:00:45,723 - INFO - Epoch [3/10], Step [30], Loss: 0.5597
2026-01-25 13:00:50,135 - INFO - Epoch [3/10], Step [40], Loss: 0.8306
2026-01-25 13:00:55,295 - INFO - Epoch [3/10], Step [50], Loss: 0.9365
2026-01-25 13:00:59,630 - INFO - Epoch [3/10], Step [60], Loss: 0.4528
2026-01-25 13:01:03,626 - INFO - Epoch [3/10], Step [70], Loss: 0.6476
2026-01-25 13:01:06,449 - INFO - Epoch [3/10], Step [80], Loss: 0.8361
2026-01-25 13:01:08,840 - INFO - Epoch [3/10], Step [90], Loss: 0.5850
2026-01-25 13:01:10,911 - INFO - Epoch [3/10], Step [100], Loss: 0.8801
2026-01-25 13:01:13,893 - INFO - Epoch [3/10], Step [110], Loss: 0.6272
2026-01-25 13:01:15,952 - INFO - Epoch [3/10], Step [120], Loss: 0.5366
2026-01-25 13:01:17,795 - INFO - Epoch [3/10], Step [130], Loss: 0.5396
2026-01-25 13:01:20,182 - INFO - Epoch [3/10], Step [140], Loss: 0.3877
2026-01-25 13:01:23,176 - INFO - Epoch [3/10], Step [150], Loss: 0.7494
2026-01-25 13:01:25,600 - INFO - Epoch [3/10], Step [160], Loss: 0.5155
2026-01-25 13:01:28,122 - INFO - Epoch [3/10], Step [170], Loss: 0.6842
2026-01-25 13:01:30,507 - INFO - Epoch [3/10], Step [180], Loss: 0.4955
2026-01-25 13:01:32,386 - INFO - Epoch [3/10], Step [190], Loss: 0.9112
2026-01-25 13:01:35,471 - INFO - Epoch [3/10], Step [200], Loss: 0.3195
2026-01-25 13:01:37,341 - INFO - Epoch [3/10], Step [210], Loss: 0.4954
2026-01-25 13:01:41,076 - INFO - Epoch [3/10], Step [220], Loss: 0.3615
2026-01-25 13:01:44,673 - INFO - Epoch [3/10], Step [230], Loss: 0.8441
2026-01-25 13:01:49,659 - INFO - Epoch [3/10], Step [240], Loss: 0.8457
2026-01-25 13:01:53,535 - INFO - Epoch [3/10], Step [250], Loss: 0.5336
2026-01-25 13:01:57,369 - INFO - Epoch [3/10], Step [260], Loss: 0.6250
2026-01-25 13:02:00,004 - INFO - Epoch [3/10], Step [270], Loss: 0.6379
2026-01-25 13:02:03,557 - INFO - Epoch [3/10], Step [280], Loss: 0.2220
2026-01-25 13:02:08,509 - INFO - Epoch [3/10], Step [290], Loss: 0.9451
2026-01-25 13:02:12,813 - INFO - Epoch [3/10], Step [300], Loss: 0.4928
2026-01-25 13:02:16,910 - INFO - Epoch [3/10], Step [310], Loss: 1.3888
2026-01-25 13:02:21,762 - INFO - Epoch [3/10], Step [320], Loss: 0.6195
2026-01-25 13:02:25,975 - INFO - Epoch [3/10], Step [330], Loss: 0.6400
2026-01-25 13:02:30,390 - INFO - Epoch [3/10], Step [340], Loss: 0.9143
2026-01-25 13:02:34,431 - INFO - Epoch [3/10], Step [350], Loss: 0.3497
2026-01-25 13:02:38,998 - INFO - Epoch [3/10], Step [360], Loss: 0.6694
2026-01-25 13:02:43,469 - INFO - Epoch [3/10], Step [370], Loss: 0.6586
2026-01-25 13:02:48,199 - INFO - Epoch [3/10], Step [380], Loss: 0.5264
2026-01-25 13:02:52,921 - INFO - Epoch [3/10], Step [390], Loss: 0.4681
2026-01-25 13:02:55,414 - INFO - Epoch [3/10], Step [400], Loss: 0.5231
2026-01-25 13:02:57,281 - INFO - Epoch [3/10], Step [410], Loss: 0.7585
2026-01-25 13:02:59,956 - INFO - Epoch [3/10], Step [420], Loss: 0.4982
2026-01-25 13:03:02,143 - INFO - Epoch [3/10], Step [430], Loss: 0.6819
2026-01-25 13:03:04,172 - INFO - Epoch [3/10], Step [440], Loss: 0.9492
2026-01-25 13:03:06,396 - INFO - Epoch [3/10], Step [450], Loss: 0.6662
2026-01-25 13:03:09,176 - INFO - Epoch [3/10], Step [460], Loss: 0.5460
2026-01-25 13:03:11,226 - INFO - Epoch [3/10], Step [470], Loss: 0.8383
2026-01-25 13:03:13,350 - INFO - Epoch [3/10], Step [480], Loss: 0.7344
2026-01-25 13:03:15,473 - INFO - Epoch [3/10], Step [490], Loss: 0.4638
2026-01-25 13:03:20,010 - INFO - Epoch [3/10], Step [500], Loss: 0.4413
2026-01-25 13:03:24,722 - INFO - Epoch [3/10], Step [510], Loss: 0.6230
2026-01-25 13:03:29,202 - INFO - Epoch [3/10], Step [520], Loss: 0.6573
2026-01-25 13:03:33,902 - INFO - Epoch [3/10], Step [530], Loss: 0.4484
2026-01-25 13:03:38,307 - INFO - Epoch [3/10], Step [540], Loss: 0.7128
2026-01-25 13:03:43,218 - INFO - Epoch [3/10], Step [550], Loss: 0.4866
2026-01-25 13:03:47,302 - INFO - Epoch [3/10], Step [560], Loss: 0.1266
2026-01-25 13:03:52,008 - INFO - Epoch [3/10], Step [570], Loss: 0.5055
2026-01-25 13:03:56,553 - INFO - Epoch [3/10], Step [580], Loss: 0.2924
2026-01-25 13:03:59,969 - INFO - Epoch [3/10], Step [590], Loss: 0.5900
2026-01-25 13:04:01,974 - INFO - Epoch [3/10], Step [600], Loss: 1.0805
2026-01-25 13:04:05,160 - INFO - Epoch [3/10], Step [610], Loss: 0.5005
2026-01-25 13:04:07,273 - INFO - Epoch [3/10], Step [620], Loss: 0.5324
2026-01-25 13:04:09,637 - INFO - Epoch [3/10], Step [630], Loss: 0.2640
2026-01-25 13:04:12,975 - INFO - Epoch [3/10], Step [640], Loss: 0.4868
2026-01-25 13:04:14,795 - INFO - Epoch [3/10], Step [650], Loss: 1.1368
2026-01-25 13:04:17,546 - INFO - Epoch [3/10], Step [660], Loss: 0.7928
2026-01-25 13:04:19,994 - INFO - Epoch [3/10], Step [670], Loss: 0.4965
2026-01-25 13:04:21,818 - INFO - Epoch [3/10], Step [680], Loss: 0.6506
2026-01-25 13:04:24,280 - INFO - Epoch [3/10], Step [690], Loss: 0.2441
2026-01-25 13:04:26,639 - INFO - Epoch [3/10], Step [700], Loss: 0.7105
2026-01-25 13:04:28,667 - INFO - Epoch [3/10], Step [710], Loss: 0.3572
2026-01-25 13:04:31,029 - INFO - Epoch [3/10], Step [720], Loss: 0.7326
2026-01-25 13:04:33,712 - INFO - Epoch [3/10], Step [730], Loss: 0.6699
2026-01-25 13:04:36,376 - INFO - Epoch [3/10], Step [740], Loss: 0.7671
2026-01-25 13:04:38,632 - INFO - Epoch [3/10], Step [750], Loss: 0.4852
2026-01-25 13:04:40,473 - INFO - Epoch [3/10], Step [760], Loss: 0.6889
2026-01-25 13:04:43,309 - INFO - Epoch [3/10], Step [770], Loss: 1.2221
2026-01-25 13:04:45,422 - INFO - Epoch [3/10], Step [780], Loss: 1.0049
2026-01-25 13:04:49,735 - INFO - Epoch [3/10], Step [790], Loss: 0.3799
2026-01-25 13:04:54,177 - INFO - Epoch [3/10], Step [800], Loss: 0.7400
2026-01-25 13:04:58,746 - INFO - Epoch [3/10], Step [810], Loss: 0.7146
2026-01-25 13:05:03,200 - INFO - Epoch [3/10], Step [820], Loss: 0.6799
2026-01-25 13:05:07,080 - INFO - Epoch [3/10], Step [830], Loss: 0.7711
2026-01-25 13:05:11,042 - INFO - Epoch [3/10], Step [840], Loss: 1.1692
2026-01-25 13:05:15,001 - INFO - Epoch [3/10], Step [850], Loss: 1.0440
2026-01-25 13:05:19,978 - INFO - Epoch [3/10], Step [860], Loss: 0.5717
2026-01-25 13:05:24,342 - INFO - Epoch [3/10], Step [870], Loss: 0.8537
2026-01-25 13:05:28,884 - INFO - Epoch [3/10], Step [880], Loss: 0.4764
2026-01-25 13:05:32,487 - INFO - Epoch [3/10], Step [890], Loss: 0.6498
2026-01-25 13:05:34,859 - INFO - Epoch [3/10], Step [900], Loss: 0.7651
2026-01-25 13:05:37,944 - INFO - Epoch [3/10], Step [910], Loss: 0.3162
2026-01-25 13:05:40,293 - INFO - Epoch [3/10], Step [920], Loss: 0.8037
2026-01-25 13:05:43,545 - INFO - Epoch [3/10], Step [930], Loss: 0.5286
2026-01-25 13:05:46,308 - INFO - Epoch [3/10], Step [940], Loss: 0.4705
2026-01-25 13:05:48,757 - INFO - Epoch [3/10], Step [950], Loss: 0.5785
2026-01-25 13:05:51,357 - INFO - Epoch [3/10], Step [960], Loss: 0.4978
2026-01-25 13:05:53,628 - INFO - Epoch [3/10], Step [970], Loss: 0.5904
2026-01-25 13:05:55,617 - INFO - Epoch [3/10], Step [980], Loss: 0.6518
2026-01-25 13:05:57,808 - INFO - Epoch [3/10], Step [990], Loss: 0.3471
2026-01-25 13:06:00,374 - INFO - Epoch [3/10], Step [1000], Loss: 0.5605
2026-01-25 13:06:03,498 - INFO - Epoch [3/10], Step [1010], Loss: 0.6984
2026-01-25 13:06:05,439 - INFO - Epoch [3/10], Step [1020], Loss: 0.4383
2026-01-25 13:06:08,175 - INFO - Epoch [3/10], Step [1030], Loss: 0.7455
2026-01-25 13:06:10,214 - INFO - Epoch [3/10], Step [1040], Loss: 0.7066
2026-01-25 13:06:12,677 - INFO - Epoch [3/10], Step [1050], Loss: 0.4605
2026-01-25 13:06:15,708 - INFO - Epoch [3/10], Step [1060], Loss: 0.6203
2026-01-25 13:06:17,962 - INFO - Epoch [3/10], Step [1070], Loss: 0.6353
2026-01-25 13:06:20,157 - INFO - Epoch [3/10], Step [1080], Loss: 0.4942
2026-01-25 13:06:22,019 - INFO - Epoch [3/10], Step [1090], Loss: 0.9369
2026-01-25 13:06:24,009 - INFO - Epoch [3/10], Step [1100], Loss: 0.3291
2026-01-25 13:06:26,612 - INFO - Epoch [3/10], Step [1110], Loss: 0.9683
2026-01-25 13:06:28,919 - INFO - Epoch [3/10], Step [1120], Loss: 0.5720
2026-01-25 13:06:31,556 - INFO - Epoch [3/10], Step [1130], Loss: 0.7459
2026-01-25 13:06:34,565 - INFO - Epoch [3/10], Step [1140], Loss: 0.4916
2026-01-25 13:06:38,723 - INFO - Epoch [3/10], Step [1150], Loss: 0.5238
2026-01-25 13:06:43,100 - INFO - Epoch [3/10], Step [1160], Loss: 0.3003
2026-01-25 13:06:47,222 - INFO - Epoch [3/10], Step [1170], Loss: 0.5695
2026-01-25 13:06:51,652 - INFO - Epoch [3/10], Step [1180], Loss: 0.6477
2026-01-25 13:06:54,388 - INFO - Epoch [3/10], Step [1190], Loss: 0.2061
2026-01-25 13:06:57,320 - INFO - Epoch [3/10], Step [1200], Loss: 0.4321
2026-01-25 13:06:57,718 - INFO - Epoch 3 Finished. Train Loss: 0.6406 | Train Acc: 0.6340 | Train F1: 0.6327
2026-01-25 13:06:57,718 - INFO - Running Validation for Epoch 3...
2026-01-25 13:07:39,746 - INFO - [Val] Loss: 0.6976 | Accuracy: 0.5577 | F1: 0.4989
2026-01-25 13:07:39,747 - INFO - Running Testing for Epoch 3...
2026-01-25 13:08:20,320 - INFO - [Test] Loss: 0.6849 | Accuracy: 0.5766 | F1: 0.5315
2026-01-25 13:08:20,555 - INFO - Saved checkpoint to *******
2026-01-25 13:08:20,744 - INFO - Epoch [4/10], Step [0], Loss: 0.2933
2026-01-25 13:08:23,122 - INFO - Epoch [4/10], Step [10], Loss: 0.6605
2026-01-25 13:08:25,551 - INFO - Epoch [4/10], Step [20], Loss: 0.6161
2026-01-25 13:08:28,156 - INFO - Epoch [4/10], Step [30], Loss: 0.5488
2026-01-25 13:08:31,065 - INFO - Epoch [4/10], Step [40], Loss: 0.3357
2026-01-25 13:08:33,106 - INFO - Epoch [4/10], Step [50], Loss: 0.6277
2026-01-25 13:08:35,351 - INFO - Epoch [4/10], Step [60], Loss: 0.5118
2026-01-25 13:08:38,064 - INFO - Epoch [4/10], Step [70], Loss: 0.4820
2026-01-25 13:08:40,152 - INFO - Epoch [4/10], Step [80], Loss: 0.7313
2026-01-25 13:08:42,424 - INFO - Epoch [4/10], Step [90], Loss: 0.7358
2026-01-25 13:08:44,629 - INFO - Epoch [4/10], Step [100], Loss: 0.5713
2026-01-25 13:08:46,636 - INFO - Epoch [4/10], Step [110], Loss: 0.2236
2026-01-25 13:08:48,889 - INFO - Epoch [4/10], Step [120], Loss: 0.4614
2026-01-25 13:08:53,046 - INFO - Epoch [4/10], Step [130], Loss: 0.6179
2026-01-25 13:08:57,810 - INFO - Epoch [4/10], Step [140], Loss: 0.5638
2026-01-25 13:09:02,385 - INFO - Epoch [4/10], Step [150], Loss: 0.7483
2026-01-25 13:09:07,224 - INFO - Epoch [4/10], Step [160], Loss: 0.1976
2026-01-25 13:09:11,872 - INFO - Epoch [4/10], Step [170], Loss: 0.4289
2026-01-25 13:09:16,876 - INFO - Epoch [4/10], Step [180], Loss: 0.3981
2026-01-25 13:09:20,867 - INFO - Epoch [4/10], Step [190], Loss: 0.9557
2026-01-25 13:09:25,016 - INFO - Epoch [4/10], Step [200], Loss: 0.8036
2026-01-25 13:09:29,381 - INFO - Epoch [4/10], Step [210], Loss: 0.6774
2026-01-25 13:09:34,069 - INFO - Epoch [4/10], Step [220], Loss: 0.8903
2026-01-25 13:09:38,550 - INFO - Epoch [4/10], Step [230], Loss: 0.5673
2026-01-25 13:09:42,954 - INFO - Epoch [4/10], Step [240], Loss: 0.7822
2026-01-25 13:09:48,031 - INFO - Epoch [4/10], Step [250], Loss: 0.4956
2026-01-25 13:09:52,574 - INFO - Epoch [4/10], Step [260], Loss: 0.3851
2026-01-25 13:09:57,485 - INFO - Epoch [4/10], Step [270], Loss: 0.8689
2026-01-25 13:10:02,102 - INFO - Epoch [4/10], Step [280], Loss: 0.7675
2026-01-25 13:10:06,402 - INFO - Epoch [4/10], Step [290], Loss: 0.2982
2026-01-25 13:10:11,333 - INFO - Epoch [4/10], Step [300], Loss: 0.6306
2026-01-25 13:10:16,061 - INFO - Epoch [4/10], Step [310], Loss: 0.6548
2026-01-25 13:10:20,252 - INFO - Epoch [4/10], Step [320], Loss: 0.5619
2026-01-25 13:10:24,603 - INFO - Epoch [4/10], Step [330], Loss: 0.5616
2026-01-25 13:10:29,037 - INFO - Epoch [4/10], Step [340], Loss: 0.5050
2026-01-25 13:10:33,856 - INFO - Epoch [4/10], Step [350], Loss: 0.5129
2026-01-25 13:10:38,723 - INFO - Epoch [4/10], Step [360], Loss: 0.4020
2026-01-25 13:10:42,883 - INFO - Epoch [4/10], Step [370], Loss: 0.1866
2026-01-25 13:10:46,885 - INFO - Epoch [4/10], Step [380], Loss: 0.6256
2026-01-25 13:10:51,315 - INFO - Epoch [4/10], Step [390], Loss: 0.6483
2026-01-25 13:10:55,713 - INFO - Epoch [4/10], Step [400], Loss: 0.5599
2026-01-25 13:11:00,069 - INFO - Epoch [4/10], Step [410], Loss: 0.7500
2026-01-25 13:11:03,198 - INFO - Epoch [4/10], Step [420], Loss: 0.8339
2026-01-25 13:11:05,681 - INFO - Epoch [4/10], Step [430], Loss: 0.8794
2026-01-25 13:11:08,886 - INFO - Epoch [4/10], Step [440], Loss: 0.3844
2026-01-25 13:11:13,262 - INFO - Epoch [4/10], Step [450], Loss: 0.7131
2026-01-25 13:11:17,426 - INFO - Epoch [4/10], Step [460], Loss: 1.0109
2026-01-25 13:11:19,932 - INFO - Epoch [4/10], Step [470], Loss: 0.5952
2026-01-25 13:11:21,761 - INFO - Epoch [4/10], Step [480], Loss: 0.8470
2026-01-25 13:11:23,588 - INFO - Epoch [4/10], Step [490], Loss: 0.5128
2026-01-25 13:11:26,237 - INFO - Epoch [4/10], Step [500], Loss: 0.9313
2026-01-25 13:11:28,055 - INFO - Epoch [4/10], Step [510], Loss: 0.8221
2026-01-25 13:11:30,375 - INFO - Epoch [4/10], Step [520], Loss: 0.6621
2026-01-25 13:11:33,435 - INFO - Epoch [4/10], Step [530], Loss: 0.7477
2026-01-25 13:11:35,926 - INFO - Epoch [4/10], Step [540], Loss: 0.7213
2026-01-25 13:11:38,797 - INFO - Epoch [4/10], Step [550], Loss: 0.7447
2026-01-25 13:11:40,645 - INFO - Epoch [4/10], Step [560], Loss: 0.5981
2026-01-25 13:11:42,599 - INFO - Epoch [4/10], Step [570], Loss: 0.5205
2026-01-25 13:11:44,869 - INFO - Epoch [4/10], Step [580], Loss: 1.0753
2026-01-25 13:11:47,311 - INFO - Epoch [4/10], Step [590], Loss: 0.5622
2026-01-25 13:11:49,321 - INFO - Epoch [4/10], Step [600], Loss: 0.5458
2026-01-25 13:11:51,755 - INFO - Epoch [4/10], Step [610], Loss: 0.7185
2026-01-25 13:11:53,632 - INFO - Epoch [4/10], Step [620], Loss: 0.1789
2026-01-25 13:11:55,955 - INFO - Epoch [4/10], Step [630], Loss: 0.7685
2026-01-25 13:11:58,083 - INFO - Epoch [4/10], Step [640], Loss: 0.9003
2026-01-25 13:12:00,184 - INFO - Epoch [4/10], Step [650], Loss: 0.6142
2026-01-25 13:12:02,003 - INFO - Epoch [4/10], Step [660], Loss: 0.5258
2026-01-25 13:12:04,406 - INFO - Epoch [4/10], Step [670], Loss: 0.3739
2026-01-25 13:12:06,974 - INFO - Epoch [4/10], Step [680], Loss: 0.6451
2026-01-25 13:12:09,797 - INFO - Epoch [4/10], Step [690], Loss: 0.3008
2026-01-25 13:12:12,212 - INFO - Epoch [4/10], Step [700], Loss: 0.5882
2026-01-25 13:12:14,540 - INFO - Epoch [4/10], Step [710], Loss: 0.5377
2026-01-25 13:12:16,707 - INFO - Epoch [4/10], Step [720], Loss: 1.3686
2026-01-25 13:12:19,643 - INFO - Epoch [4/10], Step [730], Loss: 1.0259
2026-01-25 13:12:22,122 - INFO - Epoch [4/10], Step [740], Loss: 0.4525
2026-01-25 13:12:23,947 - INFO - Epoch [4/10], Step [750], Loss: 0.5048
2026-01-25 13:12:26,517 - INFO - Epoch [4/10], Step [760], Loss: 0.9052
2026-01-25 13:12:29,560 - INFO - Epoch [4/10], Step [770], Loss: 0.3095
2026-01-25 13:12:31,581 - INFO - Epoch [4/10], Step [780], Loss: 0.4186
2026-01-25 13:12:33,900 - INFO - Epoch [4/10], Step [790], Loss: 0.7628
2026-01-25 13:12:36,702 - INFO - Epoch [4/10], Step [800], Loss: 0.3118
2026-01-25 13:12:40,858 - INFO - Epoch [4/10], Step [810], Loss: 1.1553
2026-01-25 13:12:43,897 - INFO - Epoch [4/10], Step [820], Loss: 0.9473
2026-01-25 13:12:45,935 - INFO - Epoch [4/10], Step [830], Loss: 0.6424
2026-01-25 13:12:48,695 - INFO - Epoch [4/10], Step [840], Loss: 0.8085
2026-01-25 13:12:51,234 - INFO - Epoch [4/10], Step [850], Loss: 0.7541
2026-01-25 13:12:55,205 - INFO - Epoch [4/10], Step [860], Loss: 0.4537
2026-01-25 13:13:00,536 - INFO - Epoch [4/10], Step [870], Loss: 0.4392
2026-01-25 13:13:05,903 - INFO - Epoch [4/10], Step [880], Loss: 0.6647
2026-01-25 13:13:10,233 - INFO - Epoch [4/10], Step [890], Loss: 0.5547
2026-01-25 13:13:15,056 - INFO - Epoch [4/10], Step [900], Loss: 0.9500
2026-01-25 13:13:19,440 - INFO - Epoch [4/10], Step [910], Loss: 0.5687
2026-01-25 13:13:24,558 - INFO - Epoch [4/10], Step [920], Loss: 0.8392
2026-01-25 13:13:29,418 - INFO - Epoch [4/10], Step [930], Loss: 0.3810
2026-01-25 13:13:35,204 - INFO - Epoch [4/10], Step [940], Loss: 0.2998
2026-01-25 13:13:39,703 - INFO - Epoch [4/10], Step [950], Loss: 0.4109
2026-01-25 13:13:44,700 - INFO - Epoch [4/10], Step [960], Loss: 0.2685
2026-01-25 13:13:48,827 - INFO - Epoch [4/10], Step [970], Loss: 1.0312
2026-01-25 13:13:52,449 - INFO - Epoch [4/10], Step [980], Loss: 0.7244
2026-01-25 13:13:54,828 - INFO - Epoch [4/10], Step [990], Loss: 0.6314
2026-01-25 13:13:56,685 - INFO - Epoch [4/10], Step [1000], Loss: 0.5425
2026-01-25 13:13:59,160 - INFO - Epoch [4/10], Step [1010], Loss: 0.6756
2026-01-25 13:14:01,691 - INFO - Epoch [4/10], Step [1020], Loss: 0.5140
2026-01-25 13:14:03,924 - INFO - Epoch [4/10], Step [1030], Loss: 0.4887
2026-01-25 13:14:06,703 - INFO - Epoch [4/10], Step [1040], Loss: 0.4604
2026-01-25 13:14:08,899 - INFO - Epoch [4/10], Step [1050], Loss: 0.4701
2026-01-25 13:14:11,361 - INFO - Epoch [4/10], Step [1060], Loss: 0.3379
2026-01-25 13:14:13,793 - INFO - Epoch [4/10], Step [1070], Loss: 0.4284
2026-01-25 13:14:16,971 - INFO - Epoch [4/10], Step [1080], Loss: 0.3435
2026-01-25 13:14:20,640 - INFO - Epoch [4/10], Step [1090], Loss: 0.4990
2026-01-25 13:14:22,768 - INFO - Epoch [4/10], Step [1100], Loss: 0.4531
2026-01-25 13:14:25,516 - INFO - Epoch [4/10], Step [1110], Loss: 0.5756
2026-01-25 13:14:27,505 - INFO - Epoch [4/10], Step [1120], Loss: 0.8619
2026-01-25 13:14:30,639 - INFO - Epoch [4/10], Step [1130], Loss: 0.8132
2026-01-25 13:14:36,125 - INFO - Epoch [4/10], Step [1140], Loss: 0.7404
2026-01-25 13:14:42,127 - INFO - Epoch [4/10], Step [1150], Loss: 0.7332
2026-01-25 13:14:46,396 - INFO - Epoch [4/10], Step [1160], Loss: 0.5015
2026-01-25 13:14:50,728 - INFO - Epoch [4/10], Step [1170], Loss: 0.6540
2026-01-25 13:14:55,027 - INFO - Epoch [4/10], Step [1180], Loss: 0.6060
2026-01-25 13:15:00,410 - INFO - Epoch [4/10], Step [1190], Loss: 0.9695
2026-01-25 13:15:06,072 - INFO - Epoch [4/10], Step [1200], Loss: 0.5532
2026-01-25 13:15:06,768 - INFO - Epoch 4 Finished. Train Loss: 0.6271 | Train Acc: 0.6417 | Train F1: 0.6413
2026-01-25 13:15:06,768 - INFO - Running Validation for Epoch 4...
2026-01-25 13:16:17,028 - INFO - [Val] Loss: 0.6941 | Accuracy: 0.5320 | F1: 0.3694
2026-01-25 13:16:17,029 - INFO - Running Testing for Epoch 4...
2026-01-25 13:17:21,652 - INFO - [Test] Loss: 0.6908 | Accuracy: 0.5436 | F1: 0.3829
2026-01-25 13:17:23,022 - INFO - Saved checkpoint to *******
2026-01-25 13:17:23,208 - INFO - Epoch [5/10], Step [0], Loss: 0.6559
2026-01-25 13:17:25,606 - INFO - Epoch [5/10], Step [10], Loss: 0.7844
2026-01-25 13:17:28,214 - INFO - Epoch [5/10], Step [20], Loss: 0.7125
2026-01-25 13:17:31,203 - INFO - Epoch [5/10], Step [30], Loss: 0.6471
2026-01-25 13:17:33,722 - INFO - Epoch [5/10], Step [40], Loss: 0.6781
2026-01-25 13:17:36,908 - INFO - Epoch [5/10], Step [50], Loss: 0.6402
2026-01-25 13:17:39,728 - INFO - Epoch [5/10], Step [60], Loss: 0.6058
2026-01-25 13:17:42,062 - INFO - Epoch [5/10], Step [70], Loss: 1.0189
2026-01-25 13:17:44,094 - INFO - Epoch [5/10], Step [80], Loss: 0.6375
2026-01-25 13:17:45,967 - INFO - Epoch [5/10], Step [90], Loss: 0.6770
2026-01-25 13:17:48,078 - INFO - Epoch [5/10], Step [100], Loss: 0.2789
2026-01-25 13:17:50,039 - INFO - Epoch [5/10], Step [110], Loss: 0.6369
2026-01-25 13:17:52,631 - INFO - Epoch [5/10], Step [120], Loss: 0.7022
2026-01-25 13:17:55,160 - INFO - Epoch [5/10], Step [130], Loss: 0.6995
2026-01-25 13:17:56,996 - INFO - Epoch [5/10], Step [140], Loss: 0.7103
2026-01-25 13:17:59,137 - INFO - Epoch [5/10], Step [150], Loss: 0.6585
2026-01-25 13:18:01,348 - INFO - Epoch [5/10], Step [160], Loss: 0.5340
2026-01-25 13:18:04,261 - INFO - Epoch [5/10], Step [170], Loss: 0.6592
2026-01-25 13:18:06,545 - INFO - Epoch [5/10], Step [180], Loss: 0.7572
2026-01-25 13:18:09,371 - INFO - Epoch [5/10], Step [190], Loss: 0.7148
2026-01-25 13:18:13,537 - INFO - Epoch [5/10], Step [200], Loss: 0.6622
2026-01-25 13:18:18,408 - INFO - Epoch [5/10], Step [210], Loss: 0.7218
2026-01-25 13:18:22,416 - INFO - Epoch [5/10], Step [220], Loss: 0.6976
2026-01-25 13:18:27,228 - INFO - Epoch [5/10], Step [230], Loss: 0.7274
2026-01-25 13:18:31,677 - INFO - Epoch [5/10], Step [240], Loss: 0.6922
2026-01-25 13:18:36,083 - INFO - Epoch [5/10], Step [250], Loss: 0.7137
2026-01-25 13:18:40,637 - INFO - Epoch [5/10], Step [260], Loss: 0.6456
2026-01-25 13:18:45,145 - INFO - Epoch [5/10], Step [270], Loss: 0.7327
2026-01-25 13:18:49,980 - INFO - Epoch [5/10], Step [280], Loss: 0.7651
2026-01-25 13:18:55,830 - INFO - Epoch [5/10], Step [290], Loss: 0.7592
2026-01-25 13:19:00,069 - INFO - Epoch [5/10], Step [300], Loss: 0.4498
2026-01-25 13:19:04,683 - INFO - Epoch [5/10], Step [310], Loss: 0.4797
2026-01-25 13:19:09,048 - INFO - Epoch [5/10], Step [320], Loss: 0.6571
2026-01-25 13:19:11,823 - INFO - Epoch [5/10], Step [330], Loss: 0.5743
2026-01-25 13:19:13,886 - INFO - Epoch [5/10], Step [340], Loss: 0.6512
2026-01-25 13:19:16,342 - INFO - Epoch [5/10], Step [350], Loss: 0.5522
2026-01-25 13:19:18,275 - INFO - Epoch [5/10], Step [360], Loss: 0.6732
2026-01-25 13:19:21,156 - INFO - Epoch [5/10], Step [370], Loss: 0.7326
2026-01-25 13:19:23,405 - INFO - Epoch [5/10], Step [380], Loss: 0.6881
2026-01-25 13:19:25,460 - INFO - Epoch [5/10], Step [390], Loss: 0.6048
2026-01-25 13:19:27,312 - INFO - Epoch [5/10], Step [400], Loss: 0.7173
2026-01-25 13:19:31,752 - INFO - Epoch [5/10], Step [410], Loss: 0.7148
2026-01-25 13:19:33,998 - INFO - Epoch [5/10], Step [420], Loss: 0.7029
2026-01-25 13:19:36,121 - INFO - Epoch [5/10], Step [430], Loss: 0.7135
2026-01-25 13:19:38,696 - INFO - Epoch [5/10], Step [440], Loss: 0.6653
2026-01-25 13:19:42,419 - INFO - Epoch [5/10], Step [450], Loss: 0.7459
2026-01-25 13:19:45,202 - INFO - Epoch [5/10], Step [460], Loss: 0.7304
2026-01-25 13:19:48,926 - INFO - Epoch [5/10], Step [470], Loss: 0.5379
2026-01-25 13:19:53,060 - INFO - Epoch [5/10], Step [480], Loss: 0.3907
2026-01-25 13:19:57,093 - INFO - Epoch [5/10], Step [490], Loss: 0.6413
2026-01-25 13:20:01,092 - INFO - Epoch [5/10], Step [500], Loss: 0.6373
2026-01-25 13:20:05,987 - INFO - Epoch [5/10], Step [510], Loss: 0.6829
2026-01-25 13:20:10,781 - INFO - Epoch [5/10], Step [520], Loss: 0.6538
2026-01-25 13:20:15,148 - INFO - Epoch [5/10], Step [530], Loss: 0.6743
2026-01-25 13:20:19,904 - INFO - Epoch [5/10], Step [540], Loss: 0.7269
2026-01-25 13:20:24,181 - INFO - Epoch [5/10], Step [550], Loss: 0.6870
2026-01-25 13:20:28,565 - INFO - Epoch [5/10], Step [560], Loss: 0.6872
2026-01-25 13:20:33,880 - INFO - Epoch [5/10], Step [570], Loss: 0.6918
2026-01-25 13:20:37,860 - INFO - Epoch [5/10], Step [580], Loss: 0.6936
2026-01-25 13:20:42,928 - INFO - Epoch [5/10], Step [590], Loss: 0.7172
2026-01-25 13:20:47,109 - INFO - Epoch [5/10], Step [600], Loss: 0.6651
2026-01-25 13:20:50,400 - INFO - Epoch [5/10], Step [610], Loss: 0.7052
2026-01-25 13:20:52,449 - INFO - Epoch [5/10], Step [620], Loss: 0.6817
2026-01-25 13:20:54,687 - INFO - Epoch [5/10], Step [630], Loss: 0.7193
2026-01-25 13:20:56,732 - INFO - Epoch [5/10], Step [640], Loss: 0.6882
2026-01-25 13:21:00,017 - INFO - Epoch [5/10], Step [650], Loss: 0.6808
2026-01-25 13:21:02,710 - INFO - Epoch [5/10], Step [660], Loss: 0.6829
2026-01-25 13:21:06,496 - INFO - Epoch [5/10], Step [670], Loss: 0.6612
2026-01-25 13:21:10,115 - INFO - Epoch [5/10], Step [680], Loss: 0.6695
2026-01-25 13:21:12,488 - INFO - Epoch [5/10], Step [690], Loss: 0.7286
2026-01-25 13:21:15,217 - INFO - Epoch [5/10], Step [700], Loss: 0.7077
2026-01-25 13:21:19,298 - INFO - Epoch [5/10], Step [710], Loss: 0.6697
2026-01-25 13:21:23,584 - INFO - Epoch [5/10], Step [720], Loss: 0.6531
2026-01-25 13:21:28,127 - INFO - Epoch [5/10], Step [730], Loss: 0.4491
2026-01-25 13:21:33,370 - INFO - Epoch [5/10], Step [740], Loss: 0.6362
2026-01-25 13:21:37,927 - INFO - Epoch [5/10], Step [750], Loss: 0.8758
2026-01-25 13:21:42,144 - INFO - Epoch [5/10], Step [760], Loss: 0.9157
2026-01-25 13:21:47,666 - INFO - Epoch [5/10], Step [770], Loss: 0.6914
2026-01-25 13:21:52,662 - INFO - Epoch [5/10], Step [780], Loss: 0.6727
2026-01-25 13:21:57,159 - INFO - Epoch [5/10], Step [790], Loss: 0.7194
2026-01-25 13:22:01,299 - INFO - Epoch [5/10], Step [800], Loss: 0.6994
2026-01-25 13:22:06,130 - INFO - Epoch [5/10], Step [810], Loss: 0.7310
2026-01-25 13:22:10,103 - INFO - Epoch [5/10], Step [820], Loss: 0.6804
2026-01-25 13:22:14,500 - INFO - Epoch [5/10], Step [830], Loss: 0.6848
2026-01-25 13:22:19,618 - INFO - Epoch [5/10], Step [840], Loss: 0.7038
2026-01-25 13:22:24,882 - INFO - Epoch [5/10], Step [850], Loss: 0.6871
2026-01-25 13:22:30,215 - INFO - Epoch [5/10], Step [860], Loss: 0.6809
2026-01-25 13:22:32,733 - INFO - Epoch [5/10], Step [870], Loss: 0.7527
2026-01-25 13:22:35,433 - INFO - Epoch [5/10], Step [880], Loss: 0.6976
2026-01-25 13:22:39,277 - INFO - Epoch [5/10], Step [890], Loss: 0.6934
2026-01-25 13:22:41,392 - INFO - Epoch [5/10], Step [900], Loss: 0.6914
2026-01-25 13:22:43,607 - INFO - Epoch [5/10], Step [910], Loss: 0.7296
2026-01-25 13:22:47,135 - INFO - Epoch [5/10], Step [920], Loss: 0.7526
2026-01-25 13:22:51,343 - INFO - Epoch [5/10], Step [930], Loss: 0.5262
2026-01-25 13:22:55,349 - INFO - Epoch [5/10], Step [940], Loss: 0.6482
2026-01-25 13:23:00,052 - INFO - Epoch [5/10], Step [950], Loss: 0.5635
2026-01-25 13:23:04,331 - INFO - Epoch [5/10], Step [960], Loss: 0.7218
2026-01-25 13:23:09,784 - INFO - Epoch [5/10], Step [970], Loss: 0.7364
2026-01-25 13:23:14,666 - INFO - Epoch [5/10], Step [980], Loss: 0.8090
2026-01-25 13:23:19,779 - INFO - Epoch [5/10], Step [990], Loss: 0.7885
2026-01-25 13:23:24,334 - INFO - Epoch [5/10], Step [1000], Loss: 0.6622
2026-01-25 13:23:28,300 - INFO - Epoch [5/10], Step [1010], Loss: 0.7094
2026-01-25 13:23:32,745 - INFO - Epoch [5/10], Step [1020], Loss: 0.6886
2026-01-25 13:23:37,291 - INFO - Epoch [5/10], Step [1030], Loss: 0.6779
2026-01-25 13:23:41,513 - INFO - Epoch [5/10], Step [1040], Loss: 0.7237
2026-01-25 13:23:45,555 - INFO - Epoch [5/10], Step [1050], Loss: 0.7338
2026-01-25 13:23:49,533 - INFO - Epoch [5/10], Step [1060], Loss: 0.7263
2026-01-25 13:23:54,602 - INFO - Epoch [5/10], Step [1070], Loss: 0.6232
2026-01-25 13:23:59,160 - INFO - Epoch [5/10], Step [1080], Loss: 0.7413
2026-01-25 13:24:03,547 - INFO - Epoch [5/10], Step [1090], Loss: 0.6580
2026-01-25 13:24:07,876 - INFO - Epoch [5/10], Step [1100], Loss: 0.7150
2026-01-25 13:24:12,760 - INFO - Epoch [5/10], Step [1110], Loss: 0.6945
2026-01-25 13:24:17,144 - INFO - Epoch [5/10], Step [1120], Loss: 0.6920
2026-01-25 13:24:21,456 - INFO - Epoch [5/10], Step [1130], Loss: 0.7375
2026-01-25 13:24:25,263 - INFO - Epoch [5/10], Step [1140], Loss: 0.7168
2026-01-25 13:24:29,834 - INFO - Epoch [5/10], Step [1150], Loss: 0.6946
2026-01-25 13:24:34,332 - INFO - Epoch [5/10], Step [1160], Loss: 0.7161
2026-01-25 13:24:38,541 - INFO - Epoch [5/10], Step [1170], Loss: 0.6629
2026-01-25 13:24:42,989 - INFO - Epoch [5/10], Step [1180], Loss: 0.6541
2026-01-25 13:24:47,622 - INFO - Epoch [5/10], Step [1190], Loss: 0.6741
2026-01-25 13:24:53,090 - INFO - Epoch [5/10], Step [1200], Loss: 0.6576
2026-01-25 13:24:54,103 - INFO - Epoch 5 Finished. Train Loss: 0.7016 | Train Acc: 0.5010 | Train F1: 0.4767
2026-01-25 13:24:54,103 - INFO - Running Validation for Epoch 5...
2026-01-25 13:26:06,599 - INFO - [Val] Loss: 0.7101 | Accuracy: 0.4680 | F1: 0.2985
2026-01-25 13:26:06,600 - INFO - Running Testing for Epoch 5...
2026-01-25 13:27:15,921 - INFO - [Test] Loss: 0.7132 | Accuracy: 0.4564 | F1: 0.2860
2026-01-25 13:27:15,989 - INFO - Saved checkpoint to *******
2026-01-25 13:27:16,208 - INFO - Epoch [6/10], Step [0], Loss: 0.6571
2026-01-25 13:27:19,565 - INFO - Epoch [6/10], Step [10], Loss: 0.5277
2026-01-25 13:27:21,782 - INFO - Epoch [6/10], Step [20], Loss: 0.6521
2026-01-25 13:27:24,076 - INFO - Epoch [6/10], Step [30], Loss: 0.6946
2026-01-25 13:27:26,635 - INFO - Epoch [6/10], Step [40], Loss: 0.7394
2026-01-25 13:27:28,717 - INFO - Epoch [6/10], Step [50], Loss: 0.7478
2026-01-25 13:27:31,062 - INFO - Epoch [6/10], Step [60], Loss: 0.7188
2026-01-25 13:27:32,930 - INFO - Epoch [6/10], Step [70], Loss: 0.6826
2026-01-25 13:27:35,173 - INFO - Epoch [6/10], Step [80], Loss: 0.6561
2026-01-25 13:27:37,025 - INFO - Epoch [6/10], Step [90], Loss: 0.7312
2026-01-25 13:27:39,804 - INFO - Epoch [6/10], Step [100], Loss: 0.7380
2026-01-25 13:27:41,624 - INFO - Epoch [6/10], Step [110], Loss: 0.6508
2026-01-25 13:27:43,656 - INFO - Epoch [6/10], Step [120], Loss: 0.6357
2026-01-25 13:27:45,509 - INFO - Epoch [6/10], Step [130], Loss: 0.3970
2026-01-25 13:27:47,967 - INFO - Epoch [6/10], Step [140], Loss: 0.8141
2026-01-25 13:27:50,352 - INFO - Epoch [6/10], Step [150], Loss: 0.6705
2026-01-25 13:27:53,307 - INFO - Epoch [6/10], Step [160], Loss: 0.7041
2026-01-25 13:27:56,456 - INFO - Epoch [6/10], Step [170], Loss: 0.7250
2026-01-25 13:27:58,433 - INFO - Epoch [6/10], Step [180], Loss: 0.6499
2026-01-25 13:28:00,551 - INFO - Epoch [6/10], Step [190], Loss: 0.6849
2026-01-25 13:28:02,453 - INFO - Epoch [6/10], Step [200], Loss: 0.6731
2026-01-25 13:28:05,392 - INFO - Epoch [6/10], Step [210], Loss: 0.6857
2026-01-25 13:28:09,904 - INFO - Epoch [6/10], Step [220], Loss: 0.5927
2026-01-25 13:28:14,316 - INFO - Epoch [6/10], Step [230], Loss: 0.8213
2026-01-25 13:28:19,230 - INFO - Epoch [6/10], Step [240], Loss: 0.7962
2026-01-25 13:28:23,546 - INFO - Epoch [6/10], Step [250], Loss: 0.6466
2026-01-25 13:28:27,584 - INFO - Epoch [6/10], Step [260], Loss: 0.6762
2026-01-25 13:28:32,094 - INFO - Epoch [6/10], Step [270], Loss: 0.6627
2026-01-25 13:28:35,763 - INFO - Epoch [6/10], Step [280], Loss: 0.6723
2026-01-25 13:28:38,272 - INFO - Epoch [6/10], Step [290], Loss: 0.6743
2026-01-25 13:28:41,300 - INFO - Epoch [6/10], Step [300], Loss: 0.6963
2026-01-25 13:28:43,624 - INFO - Epoch [6/10], Step [310], Loss: 0.7206
2026-01-25 13:28:45,786 - INFO - Epoch [6/10], Step [320], Loss: 0.6665
2026-01-25 13:28:48,312 - INFO - Epoch [6/10], Step [330], Loss: 0.5886
2026-01-25 13:28:50,315 - INFO - Epoch [6/10], Step [340], Loss: 0.8364
2026-01-25 13:28:52,382 - INFO - Epoch [6/10], Step [350], Loss: 0.6212
2026-01-25 13:28:54,370 - INFO - Epoch [6/10], Step [360], Loss: 0.6642
2026-01-25 13:28:56,450 - INFO - Epoch [6/10], Step [370], Loss: 0.6670
2026-01-25 13:28:58,578 - INFO - Epoch [6/10], Step [380], Loss: 0.5626
2026-01-25 13:29:00,704 - INFO - Epoch [6/10], Step [390], Loss: 0.6412
2026-01-25 13:29:02,903 - INFO - Epoch [6/10], Step [400], Loss: 0.7954
2026-01-25 13:29:05,087 - INFO - Epoch [6/10], Step [410], Loss: 0.7999
2026-01-25 13:29:07,232 - INFO - Epoch [6/10], Step [420], Loss: 0.6435
2026-01-25 13:29:09,372 - INFO - Epoch [6/10], Step [430], Loss: 0.7509
2026-01-25 13:29:12,406 - INFO - Epoch [6/10], Step [440], Loss: 0.6750
2026-01-25 13:29:16,740 - INFO - Epoch [6/10], Step [450], Loss: 0.6799
2026-01-25 13:29:21,046 - INFO - Epoch [6/10], Step [460], Loss: 0.6965
2026-01-25 13:29:25,347 - INFO - Epoch [6/10], Step [470], Loss: 0.6787
2026-01-25 13:29:29,648 - INFO - Epoch [6/10], Step [480], Loss: 0.6607
2026-01-25 13:29:34,503 - INFO - Epoch [6/10], Step [490], Loss: 0.4848
2026-01-25 13:29:38,702 - INFO - Epoch [6/10], Step [500], Loss: 0.4645
2026-01-25 13:29:42,707 - INFO - Epoch [6/10], Step [510], Loss: 0.7798
2026-01-25 13:29:47,580 - INFO - Epoch [6/10], Step [520], Loss: 0.6932
2026-01-25 13:29:52,045 - INFO - Epoch [6/10], Step [530], Loss: 0.6956
2026-01-25 13:29:57,084 - INFO - Epoch [6/10], Step [540], Loss: 0.7085
2026-01-25 13:30:02,234 - INFO - Epoch [6/10], Step [550], Loss: 0.7110
2026-01-25 13:30:06,601 - INFO - Epoch [6/10], Step [560], Loss: 0.6940
2026-01-25 13:30:11,338 - INFO - Epoch [6/10], Step [570], Loss: 0.6659
2026-01-25 13:30:16,033 - INFO - Epoch [6/10], Step [580], Loss: 0.6490
2026-01-25 13:30:21,951 - INFO - Epoch [6/10], Step [590], Loss: 0.6479
2026-01-25 13:30:26,305 - INFO - Epoch [6/10], Step [600], Loss: 0.6563
2026-01-25 13:30:28,739 - INFO - Epoch [6/10], Step [610], Loss: 0.5017
2026-01-25 13:30:32,499 - INFO - Epoch [6/10], Step [620], Loss: 0.8352
2026-01-25 13:30:35,111 - INFO - Epoch [6/10], Step [630], Loss: 0.7548
2026-01-25 13:30:38,967 - INFO - Epoch [6/10], Step [640], Loss: 0.7275
2026-01-25 13:30:41,308 - INFO - Epoch [6/10], Step [650], Loss: 0.6971
2026-01-25 13:30:44,184 - INFO - Epoch [6/10], Step [660], Loss: 0.6873
2026-01-25 13:30:46,603 - INFO - Epoch [6/10], Step [670], Loss: 0.6996
2026-01-25 13:30:48,960 - INFO - Epoch [6/10], Step [680], Loss: 0.6795
2026-01-25 13:30:51,105 - INFO - Epoch [6/10], Step [690], Loss: 0.7631
2026-01-25 13:30:53,544 - INFO - Epoch [6/10], Step [700], Loss: 0.6985
2026-01-25 13:30:55,647 - INFO - Epoch [6/10], Step [710], Loss: 0.7286
2026-01-25 13:31:00,020 - INFO - Epoch [6/10], Step [720], Loss: 0.6576
2026-01-25 13:31:05,156 - INFO - Epoch [6/10], Step [730], Loss: 0.6516
2026-01-25 13:31:10,238 - INFO - Epoch [6/10], Step [740], Loss: 0.7845
2026-01-25 13:31:15,018 - INFO - Epoch [6/10], Step [750], Loss: 0.6505
2026-01-25 13:31:19,078 - INFO - Epoch [6/10], Step [760], Loss: 0.6578
2026-01-25 13:31:23,438 - INFO - Epoch [6/10], Step [770], Loss: 0.5934
2026-01-25 13:31:27,549 - INFO - Epoch [6/10], Step [780], Loss: 0.6723
2026-01-25 13:31:31,783 - INFO - Epoch [6/10], Step [790], Loss: 0.7107
2026-01-25 13:31:36,256 - INFO - Epoch [6/10], Step [800], Loss: 0.7091
2026-01-25 13:31:38,428 - INFO - Epoch [6/10], Step [810], Loss: 0.7021
2026-01-25 13:31:40,297 - INFO - Epoch [6/10], Step [820], Loss: 0.6774
2026-01-25 13:31:42,578 - INFO - Epoch [6/10], Step [830], Loss: 0.6458
2026-01-25 13:31:44,808 - INFO - Epoch [6/10], Step [840], Loss: 0.7989
2026-01-25 13:31:46,694 - INFO - Epoch [6/10], Step [850], Loss: 0.6649
2026-01-25 13:31:49,166 - INFO - Epoch [6/10], Step [860], Loss: 0.7053
2026-01-25 13:31:51,122 - INFO - Epoch [6/10], Step [870], Loss: 0.6685
2026-01-25 13:31:53,394 - INFO - Epoch [6/10], Step [880], Loss: 0.6533
2026-01-25 13:31:56,055 - INFO - Epoch [6/10], Step [890], Loss: 0.6480
2026-01-25 13:31:58,044 - INFO - Epoch [6/10], Step [900], Loss: 0.8448
2026-01-25 13:32:00,129 - INFO - Epoch [6/10], Step [910], Loss: 0.6690
2026-01-25 13:32:02,613 - INFO - Epoch [6/10], Step [920], Loss: 0.6949
2026-01-25 13:32:04,779 - INFO - Epoch [6/10], Step [930], Loss: 0.6695
2026-01-25 13:32:06,741 - INFO - Epoch [6/10], Step [940], Loss: 0.8094
2026-01-25 13:32:09,022 - INFO - Epoch [6/10], Step [950], Loss: 0.7013
2026-01-25 13:32:10,849 - INFO - Epoch [6/10], Step [960], Loss: 0.7103
2026-01-25 13:32:13,251 - INFO - Epoch [6/10], Step [970], Loss: 0.6758
2026-01-25 13:32:15,456 - INFO - Epoch [6/10], Step [980], Loss: 0.7000
2026-01-25 13:32:17,901 - INFO - Epoch [6/10], Step [990], Loss: 0.7070
2026-01-25 13:32:20,131 - INFO - Epoch [6/10], Step [1000], Loss: 0.6688
2026-01-25 13:32:22,291 - INFO - Epoch [6/10], Step [1010], Loss: 0.7228
2026-01-25 13:32:24,440 - INFO - Epoch [6/10], Step [1020], Loss: 0.7235
2026-01-25 13:32:26,551 - INFO - Epoch [6/10], Step [1030], Loss: 0.6938
2026-01-25 13:32:28,495 - INFO - Epoch [6/10], Step [1040], Loss: 0.6822
2026-01-25 13:32:30,659 - INFO - Epoch [6/10], Step [1050], Loss: 0.6794
2026-01-25 13:32:33,039 - INFO - Epoch [6/10], Step [1060], Loss: 0.6958
2026-01-25 13:32:35,781 - INFO - Epoch [6/10], Step [1070], Loss: 0.7217
2026-01-25 13:32:38,057 - INFO - Epoch [6/10], Step [1080], Loss: 0.6749
2026-01-25 13:32:41,771 - INFO - Epoch [6/10], Step [1090], Loss: 0.7018
2026-01-25 13:32:45,960 - INFO - Epoch [6/10], Step [1100], Loss: 0.6963
2026-01-25 13:32:50,986 - INFO - Epoch [6/10], Step [1110], Loss: 0.7081
2026-01-25 13:32:55,683 - INFO - Epoch [6/10], Step [1120], Loss: 0.6677
2026-01-25 13:33:00,044 - INFO - Epoch [6/10], Step [1130], Loss: 0.7372
2026-01-25 13:33:04,383 - INFO - Epoch [6/10], Step [1140], Loss: 0.6558
2026-01-25 13:33:08,846 - INFO - Epoch [6/10], Step [1150], Loss: 0.6619
2026-01-25 13:33:12,755 - INFO - Epoch [6/10], Step [1160], Loss: 0.7324
2026-01-25 13:33:15,114 - INFO - Epoch [6/10], Step [1170], Loss: 0.7244
2026-01-25 13:33:17,305 - INFO - Epoch [6/10], Step [1180], Loss: 0.6638
2026-01-25 13:33:20,012 - INFO - Epoch [6/10], Step [1190], Loss: 0.6565
2026-01-25 13:33:21,836 - INFO - Epoch [6/10], Step [1200], Loss: 0.7229
2026-01-25 13:33:22,210 - INFO - Epoch 6 Finished. Train Loss: 0.6953 | Train Acc: 0.5126 | Train F1: 0.4924
2026-01-25 13:33:22,210 - INFO - Running Validation for Epoch 6...
2026-01-25 13:34:25,923 - INFO - [Val] Loss: 0.6909 | Accuracy: 0.5320 | F1: 0.3694
2026-01-25 13:34:25,924 - INFO - Running Testing for Epoch 6...
2026-01-25 13:35:27,505 - INFO - [Test] Loss: 0.6896 | Accuracy: 0.5436 | F1: 0.3829
2026-01-25 13:35:27,558 - INFO - Saved checkpoint to *******
2026-01-25 13:35:27,742 - INFO - Epoch [7/10], Step [0], Loss: 0.7133
2026-01-25 13:35:30,398 - INFO - Epoch [7/10], Step [10], Loss: 0.6851
2026-01-25 13:35:32,940 - INFO - Epoch [7/10], Step [20], Loss: 0.6787
2026-01-25 13:35:34,779 - INFO - Epoch [7/10], Step [30], Loss: 0.6657
2026-01-25 13:35:37,210 - INFO - Epoch [7/10], Step [40], Loss: 0.7251
2026-01-25 13:35:39,283 - INFO - Epoch [7/10], Step [50], Loss: 0.7086
2026-01-25 13:35:42,303 - INFO - Epoch [7/10], Step [60], Loss: 0.7408
2026-01-25 13:35:45,252 - INFO - Epoch [7/10], Step [70], Loss: 0.7476
2026-01-25 13:35:48,033 - INFO - Epoch [7/10], Step [80], Loss: 0.6783
2026-01-25 13:35:49,855 - INFO - Epoch [7/10], Step [90], Loss: 0.6913
2026-01-25 13:35:52,124 - INFO - Epoch [7/10], Step [100], Loss: 0.6413
2026-01-25 13:35:55,256 - INFO - Epoch [7/10], Step [110], Loss: 0.7841
2026-01-25 13:35:59,495 - INFO - Epoch [7/10], Step [120], Loss: 0.4957
2026-01-25 13:36:03,864 - INFO - Epoch [7/10], Step [130], Loss: 0.8204
2026-01-25 13:36:09,021 - INFO - Epoch [7/10], Step [140], Loss: 0.4032
2026-01-25 13:36:13,007 - INFO - Epoch [7/10], Step [150], Loss: 0.6338
2026-01-25 13:36:18,612 - INFO - Epoch [7/10], Step [160], Loss: 0.8445
2026-01-25 13:36:23,883 - INFO - Epoch [7/10], Step [170], Loss: 0.6390
2026-01-25 13:36:28,309 - INFO - Epoch [7/10], Step [180], Loss: 0.7823
2026-01-25 13:36:32,105 - INFO - Epoch [7/10], Step [190], Loss: 0.6369
2026-01-25 13:36:37,357 - INFO - Epoch [7/10], Step [200], Loss: 0.6545
2026-01-25 13:36:40,098 - INFO - Epoch [7/10], Step [210], Loss: 0.7487
2026-01-25 13:36:43,191 - INFO - Epoch [7/10], Step [220], Loss: 0.9907
2026-01-25 13:36:45,915 - INFO - Epoch [7/10], Step [230], Loss: 0.5919
2026-01-25 13:36:49,248 - INFO - Epoch [7/10], Step [240], Loss: 0.7359
2026-01-25 13:36:51,847 - INFO - Epoch [7/10], Step [250], Loss: 0.6664
2026-01-25 13:36:56,527 - INFO - Epoch [7/10], Step [260], Loss: 0.7510
2026-01-25 13:37:00,880 - INFO - Epoch [7/10], Step [270], Loss: 0.6964
2026-01-25 13:37:06,142 - INFO - Epoch [7/10], Step [280], Loss: 0.7637
2026-01-25 13:37:08,874 - INFO - Epoch [7/10], Step [290], Loss: 0.6758
2026-01-25 13:37:11,355 - INFO - Epoch [7/10], Step [300], Loss: 0.6635
2026-01-25 13:37:15,536 - INFO - Epoch [7/10], Step [310], Loss: 0.7811
2026-01-25 13:37:18,508 - INFO - Epoch [7/10], Step [320], Loss: 0.6992
2026-01-25 13:37:21,756 - INFO - Epoch [7/10], Step [330], Loss: 0.7014
2026-01-25 13:37:23,571 - INFO - Epoch [7/10], Step [340], Loss: 0.6920
2026-01-25 13:37:25,995 - INFO - Epoch [7/10], Step [350], Loss: 0.6867
2026-01-25 13:37:29,762 - INFO - Epoch [7/10], Step [360], Loss: 0.6903
2026-01-25 13:37:33,189 - INFO - Epoch [7/10], Step [370], Loss: 0.6680
2026-01-25 13:37:37,090 - INFO - Epoch [7/10], Step [380], Loss: 0.6664
2026-01-25 13:37:40,549 - INFO - Epoch [7/10], Step [390], Loss: 0.6347
2026-01-25 13:37:43,935 - INFO - Epoch [7/10], Step [400], Loss: 0.7835
2026-01-25 13:37:46,474 - INFO - Epoch [7/10], Step [410], Loss: 0.7076
2026-01-25 13:37:48,508 - INFO - Epoch [7/10], Step [420], Loss: 0.7021
2026-01-25 13:37:51,782 - INFO - Epoch [7/10], Step [430], Loss: 0.6882
2026-01-25 13:37:54,881 - INFO - Epoch [7/10], Step [440], Loss: 0.6862
2026-01-25 13:37:56,703 - INFO - Epoch [7/10], Step [450], Loss: 0.6949
2026-01-25 13:38:00,447 - INFO - Epoch [7/10], Step [460], Loss: 0.6857
2026-01-25 13:38:03,403 - INFO - Epoch [7/10], Step [470], Loss: 0.7038
2026-01-25 13:38:06,322 - INFO - Epoch [7/10], Step [480], Loss: 0.6729
2026-01-25 13:38:09,535 - INFO - Epoch [7/10], Step [490], Loss: 0.7204
2026-01-25 13:38:11,352 - INFO - Epoch [7/10], Step [500], Loss: 0.7039
2026-01-25 13:38:13,587 - INFO - Epoch [7/10], Step [510], Loss: 0.6709
2026-01-25 13:38:17,062 - INFO - Epoch [7/10], Step [520], Loss: 0.7411
2026-01-25 13:38:21,233 - INFO - Epoch [7/10], Step [530], Loss: 0.6421
2026-01-25 13:38:25,081 - INFO - Epoch [7/10], Step [540], Loss: 0.7051
2026-01-25 13:38:29,457 - INFO - Epoch [7/10], Step [550], Loss: 0.7282
2026-01-25 13:38:33,104 - INFO - Epoch [7/10], Step [560], Loss: 0.7372
2026-01-25 13:38:35,497 - INFO - Epoch [7/10], Step [570], Loss: 0.7614
2026-01-25 13:38:38,327 - INFO - Epoch [7/10], Step [580], Loss: 0.6568
2026-01-25 13:38:41,088 - INFO - Epoch [7/10], Step [590], Loss: 0.7110
2026-01-25 13:38:43,536 - INFO - Epoch [7/10], Step [600], Loss: 0.6692
2026-01-25 13:38:46,334 - INFO - Epoch [7/10], Step [610], Loss: 0.6658
2026-01-25 13:38:49,475 - INFO - Epoch [7/10], Step [620], Loss: 0.6594
2026-01-25 13:38:51,753 - INFO - Epoch [7/10], Step [630], Loss: 0.7469
2026-01-25 13:38:53,573 - INFO - Epoch [7/10], Step [640], Loss: 0.7490
2026-01-25 13:38:55,395 - INFO - Epoch [7/10], Step [650], Loss: 0.7426
2026-01-25 13:38:58,886 - INFO - Epoch [7/10], Step [660], Loss: 0.7372
2026-01-25 13:39:01,878 - INFO - Epoch [7/10], Step [670], Loss: 0.6923
2026-01-25 13:39:05,246 - INFO - Epoch [7/10], Step [680], Loss: 0.6951
2026-01-25 13:39:08,564 - INFO - Epoch [7/10], Step [690], Loss: 0.6898
2026-01-25 13:39:10,577 - INFO - Epoch [7/10], Step [700], Loss: 0.6714
2026-01-25 13:39:12,877 - INFO - Epoch [7/10], Step [710], Loss: 0.6769
2026-01-25 13:39:14,690 - INFO - Epoch [7/10], Step [720], Loss: 0.6924
2026-01-25 13:39:18,624 - INFO - Epoch [7/10], Step [730], Loss: 0.6909
2026-01-25 13:39:20,959 - INFO - Epoch [7/10], Step [740], Loss: 0.6794
2026-01-25 13:39:24,072 - INFO - Epoch [7/10], Step [750], Loss: 0.7275
2026-01-25 13:39:26,673 - INFO - Epoch [7/10], Step [760], Loss: 0.7998
2026-01-25 13:39:28,881 - INFO - Epoch [7/10], Step [770], Loss: 0.6670
2026-01-25 13:39:31,297 - INFO - Epoch [7/10], Step [780], Loss: 0.7038
2026-01-25 13:39:33,137 - INFO - Epoch [7/10], Step [790], Loss: 0.6883
2026-01-25 13:39:34,954 - INFO - Epoch [7/10], Step [800], Loss: 0.6695
2026-01-25 13:39:36,976 - INFO - Epoch [7/10], Step [810], Loss: 0.6689
2026-01-25 13:39:38,799 - INFO - Epoch [7/10], Step [820], Loss: 0.7318
2026-01-25 13:39:41,278 - INFO - Epoch [7/10], Step [830], Loss: 0.7034
2026-01-25 13:39:44,905 - INFO - Epoch [7/10], Step [840], Loss: 0.6881
2026-01-25 13:39:46,875 - INFO - Epoch [7/10], Step [850], Loss: 0.7671
2026-01-25 13:39:49,299 - INFO - Epoch [7/10], Step [860], Loss: 0.6753
2026-01-25 13:39:53,060 - INFO - Epoch [7/10], Step [870], Loss: 0.7375
2026-01-25 13:39:58,313 - INFO - Epoch [7/10], Step [880], Loss: 0.7445
2026-01-25 13:40:01,469 - INFO - Epoch [7/10], Step [890], Loss: 0.7859
2026-01-25 13:40:03,713 - INFO - Epoch [7/10], Step [900], Loss: 0.7115
2026-01-25 13:40:05,767 - INFO - Epoch [7/10], Step [910], Loss: 0.6898
2026-01-25 13:40:08,022 - INFO - Epoch [7/10], Step [920], Loss: 0.6981
2026-01-25 13:40:12,281 - INFO - Epoch [7/10], Step [930], Loss: 0.7126
2026-01-25 13:40:17,460 - INFO - Epoch [7/10], Step [940], Loss: 0.6746
2026-01-25 13:40:21,653 - INFO - Epoch [7/10], Step [950], Loss: 0.6888
2026-01-25 13:40:26,204 - INFO - Epoch [7/10], Step [960], Loss: 0.6812
2026-01-25 13:40:28,485 - INFO - Epoch [7/10], Step [970], Loss: 0.7112
2026-01-25 13:40:31,317 - INFO - Epoch [7/10], Step [980], Loss: 0.6743
2026-01-25 13:40:33,729 - INFO - Epoch [7/10], Step [990], Loss: 0.7457
2026-01-25 13:40:38,176 - INFO - Epoch [7/10], Step [1000], Loss: 0.7608
2026-01-25 13:40:40,413 - INFO - Epoch [7/10], Step [1010], Loss: 0.8159
2026-01-25 13:40:42,892 - INFO - Epoch [7/10], Step [1020], Loss: 0.6749
2026-01-25 13:40:46,010 - INFO - Epoch [7/10], Step [1030], Loss: 0.7409
2026-01-25 13:40:48,777 - INFO - Epoch [7/10], Step [1040], Loss: 0.6609
2026-01-25 13:40:51,758 - INFO - Epoch [7/10], Step [1050], Loss: 0.6739
2026-01-25 13:40:54,493 - INFO - Epoch [7/10], Step [1060], Loss: 0.6754
2026-01-25 13:40:57,209 - INFO - Epoch [7/10], Step [1070], Loss: 0.7475
2026-01-25 13:41:00,074 - INFO - Epoch [7/10], Step [1080], Loss: 0.7413
2026-01-25 13:41:01,956 - INFO - Epoch [7/10], Step [1090], Loss: 0.6640
2026-01-25 13:41:05,736 - INFO - Epoch [7/10], Step [1100], Loss: 0.7003
2026-01-25 13:41:09,008 - INFO - Epoch [7/10], Step [1110], Loss: 0.6874
2026-01-25 13:41:11,289 - INFO - Epoch [7/10], Step [1120], Loss: 0.6849
2026-01-25 13:41:13,459 - INFO - Epoch [7/10], Step [1130], Loss: 0.7059
2026-01-25 13:41:16,910 - INFO - Epoch [7/10], Step [1140], Loss: 0.7172
2026-01-25 13:41:21,381 - INFO - Epoch [7/10], Step [1150], Loss: 0.6940
2026-01-25 13:41:25,471 - INFO - Epoch [7/10], Step [1160], Loss: 0.4617
2026-01-25 13:41:30,143 - INFO - Epoch [7/10], Step [1170], Loss: 0.6397
2026-01-25 13:41:35,451 - INFO - Epoch [7/10], Step [1180], Loss: 0.6508
2026-01-25 13:41:39,611 - INFO - Epoch [7/10], Step [1190], Loss: 0.5666
2026-01-25 13:41:42,910 - INFO - Epoch [7/10], Step [1200], Loss: 0.7404
2026-01-25 13:41:43,544 - INFO - Epoch 7 Finished. Train Loss: 0.6949 | Train Acc: 0.5170 | Train F1: 0.4535
2026-01-25 13:41:43,544 - INFO - Running Validation for Epoch 7...
2026-01-25 13:42:45,926 - INFO - [Val] Loss: 0.6915 | Accuracy: 0.5320 | F1: 0.3694
2026-01-25 13:42:45,927 - INFO - Running Testing for Epoch 7...
2026-01-25 13:43:45,300 - INFO - [Test] Loss: 0.6893 | Accuracy: 0.5436 | F1: 0.3829
2026-01-25 13:43:47,995 - INFO - Saved checkpoint to *******
2026-01-25 13:43:48,194 - INFO - Epoch [8/10], Step [0], Loss: 0.6664
2026-01-25 13:43:50,008 - INFO - Epoch [8/10], Step [10], Loss: 0.7137
2026-01-25 13:43:51,856 - INFO - Epoch [8/10], Step [20], Loss: 0.6974
2026-01-25 13:43:55,853 - INFO - Epoch [8/10], Step [30], Loss: 0.6995
2026-01-25 13:43:59,607 - INFO - Epoch [8/10], Step [40], Loss: 0.6735
2026-01-25 13:44:02,862 - INFO - Epoch [8/10], Step [50], Loss: 0.7271
2026-01-25 13:44:07,514 - INFO - Epoch [8/10], Step [60], Loss: 0.6735
2026-01-25 13:44:12,821 - INFO - Epoch [8/10], Step [70], Loss: 0.6617
2026-01-25 13:44:17,388 - INFO - Epoch [8/10], Step [80], Loss: 0.7849
2026-01-25 13:44:21,511 - INFO - Epoch [8/10], Step [90], Loss: 0.5426
2026-01-25 13:44:26,333 - INFO - Epoch [8/10], Step [100], Loss: 0.6591
2026-01-25 13:44:31,750 - INFO - Epoch [8/10], Step [110], Loss: 0.6679
2026-01-25 13:44:36,005 - INFO - Epoch [8/10], Step [120], Loss: 0.7238
2026-01-25 13:44:37,811 - INFO - Epoch [8/10], Step [130], Loss: 0.6998
2026-01-25 13:44:40,352 - INFO - Epoch [8/10], Step [140], Loss: 0.7045
2026-01-25 13:44:42,596 - INFO - Epoch [8/10], Step [150], Loss: 0.6944
2026-01-25 13:44:44,871 - INFO - Epoch [8/10], Step [160], Loss: 0.6736
2026-01-25 13:44:48,371 - INFO - Epoch [8/10], Step [170], Loss: 0.6589
2026-01-25 13:44:52,068 - INFO - Epoch [8/10], Step [180], Loss: 0.6465
2026-01-25 13:44:54,301 - INFO - Epoch [8/10], Step [190], Loss: 0.7892
2026-01-25 13:44:57,561 - INFO - Epoch [8/10], Step [200], Loss: 0.6448
2026-01-25 13:45:00,662 - INFO - Epoch [8/10], Step [210], Loss: 0.4473
2026-01-25 13:45:02,893 - INFO - Epoch [8/10], Step [220], Loss: 0.8181
2026-01-25 13:45:05,526 - INFO - Epoch [8/10], Step [230], Loss: 0.6439
2026-01-25 13:45:08,047 - INFO - Epoch [8/10], Step [240], Loss: 0.7692
2026-01-25 13:45:12,989 - INFO - Epoch [8/10], Step [250], Loss: 0.6506
2026-01-25 13:45:17,260 - INFO - Epoch [8/10], Step [260], Loss: 0.6831
2026-01-25 13:45:22,268 - INFO - Epoch [8/10], Step [270], Loss: 0.7751
2026-01-25 13:45:27,242 - INFO - Epoch [8/10], Step [280], Loss: 0.6506
2026-01-25 13:45:31,239 - INFO - Epoch [8/10], Step [290], Loss: 0.6996
2026-01-25 13:45:36,689 - INFO - Epoch [8/10], Step [300], Loss: 0.6843
2026-01-25 13:45:41,505 - INFO - Epoch [8/10], Step [310], Loss: 0.6466
2026-01-25 13:45:45,995 - INFO - Epoch [8/10], Step [320], Loss: 0.7109
2026-01-25 13:45:50,440 - INFO - Epoch [8/10], Step [330], Loss: 0.6703
2026-01-25 13:45:54,573 - INFO - Epoch [8/10], Step [340], Loss: 0.6781
2026-01-25 13:45:58,595 - INFO - Epoch [8/10], Step [350], Loss: 0.7477
2026-01-25 13:46:00,829 - INFO - Epoch [8/10], Step [360], Loss: 0.7750
2026-01-25 13:46:03,069 - INFO - Epoch [8/10], Step [370], Loss: 0.7107
2026-01-25 13:46:05,890 - INFO - Epoch [8/10], Step [380], Loss: 0.7270
2026-01-25 13:46:08,407 - INFO - Epoch [8/10], Step [390], Loss: 0.7607
2026-01-25 13:46:10,522 - INFO - Epoch [8/10], Step [400], Loss: 0.7794
2026-01-25 13:46:12,802 - INFO - Epoch [8/10], Step [410], Loss: 0.7755
2026-01-25 13:46:17,512 - INFO - Epoch [8/10], Step [420], Loss: 0.6690
2026-01-25 13:46:21,955 - INFO - Epoch [8/10], Step [430], Loss: 0.6869
2026-01-25 13:46:26,904 - INFO - Epoch [8/10], Step [440], Loss: 0.5929
2026-01-25 13:46:31,191 - INFO - Epoch [8/10], Step [450], Loss: 0.6530
2026-01-25 13:46:36,476 - INFO - Epoch [8/10], Step [460], Loss: 0.5533
2026-01-25 13:46:39,962 - INFO - Epoch [8/10], Step [470], Loss: 0.7396
2026-01-25 13:46:42,722 - INFO - Epoch [8/10], Step [480], Loss: 0.6679
2026-01-25 13:46:45,366 - INFO - Epoch [8/10], Step [490], Loss: 0.7309
2026-01-25 13:46:48,989 - INFO - Epoch [8/10], Step [500], Loss: 0.6800
2026-01-25 13:46:51,384 - INFO - Epoch [8/10], Step [510], Loss: 0.7028
2026-01-25 13:46:53,265 - INFO - Epoch [8/10], Step [520], Loss: 0.6912
2026-01-25 13:46:56,223 - INFO - Epoch [8/10], Step [530], Loss: 0.6891
2026-01-25 13:46:59,581 - INFO - Epoch [8/10], Step [540], Loss: 0.6940
2026-01-25 13:47:02,398 - INFO - Epoch [8/10], Step [550], Loss: 0.6704
2026-01-25 13:47:05,288 - INFO - Epoch [8/10], Step [560], Loss: 0.7667
2026-01-25 13:47:08,128 - INFO - Epoch [8/10], Step [570], Loss: 0.5474
2026-01-25 13:47:11,212 - INFO - Epoch [8/10], Step [580], Loss: 0.7437
2026-01-25 13:47:14,227 - INFO - Epoch [8/10], Step [590], Loss: 0.7175
2026-01-25 13:47:16,361 - INFO - Epoch [8/10], Step [600], Loss: 0.6227
2026-01-25 13:47:18,339 - INFO - Epoch [8/10], Step [610], Loss: 0.7049
2026-01-25 13:47:20,519 - INFO - Epoch [8/10], Step [620], Loss: 0.6704
2026-01-25 13:47:22,794 - INFO - Epoch [8/10], Step [630], Loss: 0.6689
2026-01-25 13:47:25,776 - INFO - Epoch [8/10], Step [640], Loss: 0.6700
2026-01-25 13:47:28,035 - INFO - Epoch [8/10], Step [650], Loss: 0.6766
2026-01-25 13:47:30,921 - INFO - Epoch [8/10], Step [660], Loss: 0.7027
2026-01-25 13:47:33,612 - INFO - Epoch [8/10], Step [670], Loss: 0.6101
2026-01-25 13:47:37,153 - INFO - Epoch [8/10], Step [680], Loss: 0.7898
2026-01-25 13:47:42,352 - INFO - Epoch [8/10], Step [690], Loss: 0.7789
2026-01-25 13:47:48,376 - INFO - Epoch [8/10], Step [700], Loss: 0.7580
2026-01-25 13:47:52,840 - INFO - Epoch [8/10], Step [710], Loss: 0.7413
2026-01-25 13:47:57,068 - INFO - Epoch [8/10], Step [720], Loss: 0.7116
2026-01-25 13:48:01,730 - INFO - Epoch [8/10], Step [730], Loss: 0.6983
2026-01-25 13:48:05,734 - INFO - Epoch [8/10], Step [740], Loss: 0.6865
2026-01-25 13:48:10,100 - INFO - Epoch [8/10], Step [750], Loss: 0.6233
2026-01-25 13:48:15,819 - INFO - Epoch [8/10], Step [760], Loss: 0.6571
2026-01-25 13:48:20,437 - INFO - Epoch [8/10], Step [770], Loss: 0.6548
2026-01-25 13:48:25,124 - INFO - Epoch [8/10], Step [780], Loss: 0.5948
2026-01-25 13:48:31,420 - INFO - Epoch [8/10], Step [790], Loss: 0.6566
2026-01-25 13:48:36,344 - INFO - Epoch [8/10], Step [800], Loss: 0.7425
2026-01-25 13:48:40,922 - INFO - Epoch [8/10], Step [810], Loss: 0.7421
2026-01-25 13:48:45,178 - INFO - Epoch [8/10], Step [820], Loss: 0.7007
2026-01-25 13:48:49,583 - INFO - Epoch [8/10], Step [830], Loss: 0.6986
2026-01-25 13:48:53,970 - INFO - Epoch [8/10], Step [840], Loss: 0.6621
2026-01-25 13:48:58,876 - INFO - Epoch [8/10], Step [850], Loss: 0.7705
2026-01-25 13:49:04,284 - INFO - Epoch [8/10], Step [860], Loss: 0.7904
2026-01-25 13:49:09,418 - INFO - Epoch [8/10], Step [870], Loss: 0.7511
2026-01-25 13:49:14,841 - INFO - Epoch [8/10], Step [880], Loss: 0.8348
2026-01-25 13:49:19,832 - INFO - Epoch [8/10], Step [890], Loss: 0.6628
2026-01-25 13:49:24,946 - INFO - Epoch [8/10], Step [900], Loss: 0.5666
2026-01-25 13:49:29,050 - INFO - Epoch [8/10], Step [910], Loss: 0.6477
2026-01-25 13:49:33,542 - INFO - Epoch [8/10], Step [920], Loss: 0.9497
2026-01-25 13:49:36,129 - INFO - Epoch [8/10], Step [930], Loss: 0.8012
2026-01-25 13:49:37,950 - INFO - Epoch [8/10], Step [940], Loss: 0.7761
2026-01-25 13:49:39,946 - INFO - Epoch [8/10], Step [950], Loss: 0.7436
2026-01-25 13:49:42,439 - INFO - Epoch [8/10], Step [960], Loss: 0.6829
2026-01-25 13:49:45,131 - INFO - Epoch [8/10], Step [970], Loss: 0.6803
2026-01-25 13:49:48,751 - INFO - Epoch [8/10], Step [980], Loss: 0.6893
2026-01-25 13:49:51,127 - INFO - Epoch [8/10], Step [990], Loss: 0.7202
2026-01-25 13:49:53,644 - INFO - Epoch [8/10], Step [1000], Loss: 0.7019
2026-01-25 13:49:55,958 - INFO - Epoch [8/10], Step [1010], Loss: 0.6782
2026-01-25 13:49:58,665 - INFO - Epoch [8/10], Step [1020], Loss: 0.6840
2026-01-25 13:50:00,480 - INFO - Epoch [8/10], Step [1030], Loss: 0.6893
2026-01-25 13:50:02,776 - INFO - Epoch [8/10], Step [1040], Loss: 0.6897
2026-01-25 13:50:05,045 - INFO - Epoch [8/10], Step [1050], Loss: 0.6558
2026-01-25 13:50:06,875 - INFO - Epoch [8/10], Step [1060], Loss: 0.7834
2026-01-25 13:50:10,062 - INFO - Epoch [8/10], Step [1070], Loss: 0.7738
2026-01-25 13:50:13,574 - INFO - Epoch [8/10], Step [1080], Loss: 0.6571
2026-01-25 13:50:17,790 - INFO - Epoch [8/10], Step [1090], Loss: 0.7358
2026-01-25 13:50:21,962 - INFO - Epoch [8/10], Step [1100], Loss: 0.7078
2026-01-25 13:50:25,749 - INFO - Epoch [8/10], Step [1110], Loss: 0.7410
2026-01-25 13:50:29,918 - INFO - Epoch [8/10], Step [1120], Loss: 0.6826
2026-01-25 13:50:34,805 - INFO - Epoch [8/10], Step [1130], Loss: 0.6155
2026-01-25 13:50:39,529 - INFO - Epoch [8/10], Step [1140], Loss: 0.6590
2026-01-25 13:50:43,996 - INFO - Epoch [8/10], Step [1150], Loss: 0.7511
2026-01-25 13:50:48,343 - INFO - Epoch [8/10], Step [1160], Loss: 0.6640
2026-01-25 13:50:52,604 - INFO - Epoch [8/10], Step [1170], Loss: 0.7215
2026-01-25 13:50:58,110 - INFO - Epoch [8/10], Step [1180], Loss: 0.6083
2026-01-25 13:51:04,692 - INFO - Epoch [8/10], Step [1190], Loss: 0.7475
2026-01-25 13:51:08,669 - INFO - Epoch [8/10], Step [1200], Loss: 0.7083
2026-01-25 13:51:09,675 - INFO - Epoch 8 Finished. Train Loss: 0.6938 | Train Acc: 0.5287 | Train F1: 0.4893
2026-01-25 13:51:09,676 - INFO - Running Validation for Epoch 8...
2026-01-25 13:52:19,549 - INFO - [Val] Loss: 0.6921 | Accuracy: 0.5320 | F1: 0.3694
2026-01-25 13:52:19,549 - INFO - Running Testing for Epoch 8...
2026-01-25 13:53:35,265 - INFO - [Test] Loss: 0.6917 | Accuracy: 0.5436 | F1: 0.3829
2026-01-25 13:53:35,355 - INFO - Saved checkpoint to *******
2026-01-25 13:53:35,546 - INFO - Epoch [9/10], Step [0], Loss: 0.6995
2026-01-25 13:53:37,959 - INFO - Epoch [9/10], Step [10], Loss: 0.6926
2026-01-25 13:53:39,853 - INFO - Epoch [9/10], Step [20], Loss: 0.6787
2026-01-25 13:53:42,162 - INFO - Epoch [9/10], Step [30], Loss: 0.6792
2026-01-25 13:53:44,421 - INFO - Epoch [9/10], Step [40], Loss: 0.7120
2026-01-25 13:53:46,902 - INFO - Epoch [9/10], Step [50], Loss: 0.6756
2026-01-25 13:53:50,052 - INFO - Epoch [9/10], Step [60], Loss: 0.7355
2026-01-25 13:53:52,885 - INFO - Epoch [9/10], Step [70], Loss: 0.8619
2026-01-25 13:53:55,204 - INFO - Epoch [9/10], Step [80], Loss: 0.6732
2026-01-25 13:53:57,064 - INFO - Epoch [9/10], Step [90], Loss: 0.6872
2026-01-25 13:53:59,410 - INFO - Epoch [9/10], Step [100], Loss: 0.6303
2026-01-25 13:54:01,438 - INFO - Epoch [9/10], Step [110], Loss: 0.6134
2026-01-25 13:54:03,402 - INFO - Epoch [9/10], Step [120], Loss: 0.7402
2026-01-25 13:54:06,524 - INFO - Epoch [9/10], Step [130], Loss: 0.5751
2026-01-25 13:54:08,507 - INFO - Epoch [9/10], Step [140], Loss: 0.6077
2026-01-25 13:54:11,919 - INFO - Epoch [9/10], Step [150], Loss: 0.7202
2026-01-25 13:54:15,504 - INFO - Epoch [9/10], Step [160], Loss: 0.6770
2026-01-25 13:54:19,320 - INFO - Epoch [9/10], Step [170], Loss: 0.7005
2026-01-25 13:54:21,365 - INFO - Epoch [9/10], Step [180], Loss: 0.6431
2026-01-25 13:54:23,498 - INFO - Epoch [9/10], Step [190], Loss: 0.7264
2026-01-25 13:54:27,591 - INFO - Epoch [9/10], Step [200], Loss: 0.6729
2026-01-25 13:54:30,318 - INFO - Epoch [9/10], Step [210], Loss: 0.7296
2026-01-25 13:54:35,886 - INFO - Epoch [9/10], Step [220], Loss: 0.7322
2026-01-25 13:54:40,087 - INFO - Epoch [9/10], Step [230], Loss: 0.7180
2026-01-25 13:54:45,552 - INFO - Epoch [9/10], Step [240], Loss: 0.6917
2026-01-25 13:54:49,867 - INFO - Epoch [9/10], Step [250], Loss: 0.7179
2026-01-25 13:54:55,226 - INFO - Epoch [9/10], Step [260], Loss: 0.6410
2026-01-25 13:55:00,208 - INFO - Epoch [9/10], Step [270], Loss: 0.7478
2026-01-25 13:55:07,642 - INFO - Epoch [9/10], Step [280], Loss: 0.7168
2026-01-25 13:55:11,743 - INFO - Epoch [9/10], Step [290], Loss: 0.6510
2026-01-25 13:55:24,446 - INFO - Epoch [9/10], Step [300], Loss: 0.9888
2026-01-25 13:55:26,615 - INFO - Epoch [9/10], Step [310], Loss: 0.8329
2026-01-25 13:55:28,720 - INFO - Epoch [9/10], Step [320], Loss: 0.6459
2026-01-25 13:55:34,637 - INFO - Epoch [9/10], Step [330], Loss: 0.8376
2026-01-25 13:55:39,369 - INFO - Epoch [9/10], Step [340], Loss: 0.6463
2026-01-25 13:55:42,219 - INFO - Epoch [9/10], Step [350], Loss: 0.7062
2026-01-25 13:55:45,774 - INFO - Epoch [9/10], Step [360], Loss: 0.6787
2026-01-25 13:56:07,457 - INFO - Epoch [9/10], Step [370], Loss: 0.6887
2026-01-25 13:56:10,503 - INFO - Epoch [9/10], Step [380], Loss: 0.7063
2026-01-25 13:56:19,491 - INFO - Epoch [9/10], Step [390], Loss: 0.7009
2026-01-25 13:56:21,341 - INFO - Epoch [9/10], Step [400], Loss: 0.7233
2026-01-25 13:56:26,232 - INFO - Epoch [9/10], Step [410], Loss: 0.7201
2026-01-25 13:56:28,291 - INFO - Epoch [9/10], Step [420], Loss: 0.8216
2026-01-25 13:56:36,809 - INFO - Epoch [9/10], Step [430], Loss: 0.6839
2026-01-25 13:56:39,478 - INFO - Epoch [9/10], Step [440], Loss: 0.7419
2026-01-25 13:56:41,650 - INFO - Epoch [9/10], Step [450], Loss: 0.7145
2026-01-25 13:56:44,900 - INFO - Epoch [9/10], Step [460], Loss: 0.7503
2026-01-25 13:56:59,716 - INFO - Epoch [9/10], Step [470], Loss: 0.6792
2026-01-25 13:57:04,575 - INFO - Epoch [9/10], Step [480], Loss: 0.7001
2026-01-25 13:57:07,644 - INFO - Epoch [9/10], Step [490], Loss: 0.6910
2026-01-25 13:57:10,778 - INFO - Epoch [9/10], Step [500], Loss: 0.6740
2026-01-25 13:57:14,102 - INFO - Epoch [9/10], Step [510], Loss: 0.7176
2026-01-25 13:57:16,889 - INFO - Epoch [9/10], Step [520], Loss: 0.6097
2026-01-25 13:57:22,055 - INFO - Epoch [9/10], Step [530], Loss: 0.6645
2026-01-25 13:57:25,040 - INFO - Epoch [9/10], Step [540], Loss: 0.6605
2026-01-25 13:57:27,873 - INFO - Epoch [9/10], Step [550], Loss: 0.6026
2026-01-25 13:57:32,339 - INFO - Epoch [9/10], Step [560], Loss: 0.6620
2026-01-25 13:57:34,519 - INFO - Epoch [9/10], Step [570], Loss: 0.7310
2026-01-25 13:57:37,912 - INFO - Epoch [9/10], Step [580], Loss: 0.7477
2026-01-25 13:57:41,269 - INFO - Epoch [9/10], Step [590], Loss: 0.7537
2026-01-25 13:57:43,858 - INFO - Epoch [9/10], Step [600], Loss: 0.5947
2026-01-25 13:57:46,975 - INFO - Epoch [9/10], Step [610], Loss: 0.6663
2026-01-25 13:57:49,076 - INFO - Epoch [9/10], Step [620], Loss: 0.6644
2026-01-25 13:57:51,993 - INFO - Epoch [9/10], Step [630], Loss: 0.5634
2026-01-25 13:57:54,098 - INFO - Epoch [9/10], Step [640], Loss: 0.7756
2026-01-25 13:57:59,863 - INFO - Epoch [9/10], Step [650], Loss: 0.7448
2026-01-25 13:58:02,291 - INFO - Epoch [9/10], Step [660], Loss: 0.6662
2026-01-25 13:58:04,688 - INFO - Epoch [9/10], Step [670], Loss: 0.6901
2026-01-25 13:58:07,546 - INFO - Epoch [9/10], Step [680], Loss: 0.7314
2026-01-25 13:58:10,034 - INFO - Epoch [9/10], Step [690], Loss: 0.6948
2026-01-25 13:58:12,455 - INFO - Epoch [9/10], Step [700], Loss: 0.7288
2026-01-25 13:58:14,888 - INFO - Epoch [9/10], Step [710], Loss: 0.7850
2026-01-25 13:58:17,484 - INFO - Epoch [9/10], Step [720], Loss: 0.6551
2026-01-25 13:58:20,989 - INFO - Epoch [9/10], Step [730], Loss: 0.7078
2026-01-25 13:58:24,150 - INFO - Epoch [9/10], Step [740], Loss: 0.8221
2026-01-25 13:58:26,903 - INFO - Epoch [9/10], Step [750], Loss: 0.5948
2026-01-25 13:58:28,897 - INFO - Epoch [9/10], Step [760], Loss: 0.5932
2026-01-25 13:58:31,224 - INFO - Epoch [9/10], Step [770], Loss: 0.4999
2026-01-25 13:58:34,532 - INFO - Epoch [9/10], Step [780], Loss: 0.5201
2026-01-25 13:58:37,758 - INFO - Epoch [9/10], Step [790], Loss: 0.4646
2026-01-25 13:58:41,397 - INFO - Epoch [9/10], Step [800], Loss: 0.4423
2026-01-25 13:58:44,710 - INFO - Epoch [9/10], Step [810], Loss: 0.6447
2026-01-25 13:58:46,804 - INFO - Epoch [9/10], Step [820], Loss: 0.6481
2026-01-25 13:58:49,301 - INFO - Epoch [9/10], Step [830], Loss: 0.6833
2026-01-25 13:58:54,532 - INFO - Epoch [9/10], Step [840], Loss: 0.7112
2026-01-25 13:58:56,830 - INFO - Epoch [9/10], Step [850], Loss: 0.7141
2026-01-25 13:59:01,971 - INFO - Epoch [9/10], Step [860], Loss: 0.7685
2026-01-25 13:59:06,190 - INFO - Epoch [9/10], Step [870], Loss: 0.6915
2026-01-25 13:59:10,627 - INFO - Epoch [9/10], Step [880], Loss: 0.7361
2026-01-25 13:59:12,584 - INFO - Epoch [9/10], Step [890], Loss: 0.6540
2026-01-25 13:59:14,764 - INFO - Epoch [9/10], Step [900], Loss: 0.8624
2026-01-25 13:59:17,108 - INFO - Epoch [9/10], Step [910], Loss: 0.7141
2026-01-25 13:59:19,373 - INFO - Epoch [9/10], Step [920], Loss: 0.7188
2026-01-25 13:59:21,381 - INFO - Epoch [9/10], Step [930], Loss: 0.6835
2026-01-25 13:59:24,841 - INFO - Epoch [9/10], Step [940], Loss: 0.7314
2026-01-25 13:59:27,222 - INFO - Epoch [9/10], Step [950], Loss: 0.6916
2026-01-25 13:59:29,871 - INFO - Epoch [9/10], Step [960], Loss: 0.6835
2026-01-25 13:59:32,982 - INFO - Epoch [9/10], Step [970], Loss: 0.6798
2026-01-25 13:59:35,043 - INFO - Epoch [9/10], Step [980], Loss: 0.6962
2026-01-25 13:59:37,754 - INFO - Epoch [9/10], Step [990], Loss: 0.6783
2026-01-25 13:59:41,150 - INFO - Epoch [9/10], Step [1000], Loss: 0.5826
2026-01-25 13:59:43,515 - INFO - Epoch [9/10], Step [1010], Loss: 0.6571
2026-01-25 13:59:46,819 - INFO - Epoch [9/10], Step [1020], Loss: 0.6712
2026-01-25 13:59:48,990 - INFO - Epoch [9/10], Step [1030], Loss: 0.6696
2026-01-25 13:59:50,879 - INFO - Epoch [9/10], Step [1040], Loss: 0.7073
2026-01-25 13:59:54,288 - INFO - Epoch [9/10], Step [1050], Loss: 0.6841
2026-01-25 13:59:57,642 - INFO - Epoch [9/10], Step [1060], Loss: 0.6744
2026-01-25 14:00:00,227 - INFO - Epoch [9/10], Step [1070], Loss: 0.7539
2026-01-25 14:00:02,885 - INFO - Epoch [9/10], Step [1080], Loss: 0.6685
2026-01-25 14:00:05,720 - INFO - Epoch [9/10], Step [1090], Loss: 0.7338
2026-01-25 14:00:08,084 - INFO - Epoch [9/10], Step [1100], Loss: 0.6719
2026-01-25 14:00:10,026 - INFO - Epoch [9/10], Step [1110], Loss: 0.7382
2026-01-25 14:00:11,890 - INFO - Epoch [9/10], Step [1120], Loss: 0.7420
2026-01-25 14:00:14,526 - INFO - Epoch [9/10], Step [1130], Loss: 0.5796
2026-01-25 14:00:18,132 - INFO - Epoch [9/10], Step [1140], Loss: 0.8242
2026-01-25 14:00:20,210 - INFO - Epoch [9/10], Step [1150], Loss: 0.6009
2026-01-25 14:00:23,563 - INFO - Epoch [9/10], Step [1160], Loss: 0.6628
2026-01-25 14:00:25,439 - INFO - Epoch [9/10], Step [1170], Loss: 0.6588
2026-01-25 14:00:27,347 - INFO - Epoch [9/10], Step [1180], Loss: 0.7691
2026-01-25 14:00:30,095 - INFO - Epoch [9/10], Step [1190], Loss: 0.6572
2026-01-25 14:00:32,584 - INFO - Epoch [9/10], Step [1200], Loss: 0.6726
2026-01-25 14:00:33,528 - INFO - Epoch 9 Finished. Train Loss: 0.6948 | Train Acc: 0.5187 | Train F1: 0.4751
2026-01-25 14:00:33,528 - INFO - Running Validation for Epoch 9...
2026-01-25 14:01:40,152 - INFO - [Val] Loss: 0.6912 | Accuracy: 0.5320 | F1: 0.3694
2026-01-25 14:01:40,152 - INFO - Running Testing for Epoch 9...
2026-01-25 14:02:41,807 - INFO - [Test] Loss: 0.6899 | Accuracy: 0.5436 | F1: 0.3829
2026-01-25 14:02:41,882 - INFO - Saved checkpoint to *******
2026-01-25 14:02:42,443 - INFO - Epoch [10/10], Step [0], Loss: 0.7125
2026-01-25 14:02:45,057 - INFO - Epoch [10/10], Step [10], Loss: 0.7110
2026-01-25 14:02:47,430 - INFO - Epoch [10/10], Step [20], Loss: 0.7216
2026-01-25 14:02:51,010 - INFO - Epoch [10/10], Step [30], Loss: 0.6835
2026-01-25 14:02:55,403 - INFO - Epoch [10/10], Step [40], Loss: 0.6738
2026-01-25 14:02:58,097 - INFO - Epoch [10/10], Step [50], Loss: 0.5960
2026-01-25 14:03:00,456 - INFO - Epoch [10/10], Step [60], Loss: 0.5576
2026-01-25 14:03:02,987 - INFO - Epoch [10/10], Step [70], Loss: 0.8184
2026-01-25 14:03:04,826 - INFO - Epoch [10/10], Step [80], Loss: 0.7186
2026-01-25 14:03:07,284 - INFO - Epoch [10/10], Step [90], Loss: 0.7251
2026-01-25 14:03:09,291 - INFO - Epoch [10/10], Step [100], Loss: 0.6634
2026-01-25 14:03:11,107 - INFO - Epoch [10/10], Step [110], Loss: 0.5705
2026-01-25 14:03:13,516 - INFO - Epoch [10/10], Step [120], Loss: 0.6633
2026-01-25 14:03:16,240 - INFO - Epoch [10/10], Step [130], Loss: 0.7144
2026-01-25 14:03:19,144 - INFO - Epoch [10/10], Step [140], Loss: 0.6758
2026-01-25 14:03:22,152 - INFO - Epoch [10/10], Step [150], Loss: 0.6712
2026-01-25 14:03:25,124 - INFO - Epoch [10/10], Step [160], Loss: 0.7954
2026-01-25 14:03:27,387 - INFO - Epoch [10/10], Step [170], Loss: 0.7402
2026-01-25 14:03:29,253 - INFO - Epoch [10/10], Step [180], Loss: 0.7186
2026-01-25 14:03:32,043 - INFO - Epoch [10/10], Step [190], Loss: 0.7078
2026-01-25 14:03:34,727 - INFO - Epoch [10/10], Step [200], Loss: 0.6711
2026-01-25 14:03:37,381 - INFO - Epoch [10/10], Step [210], Loss: 0.6767
2026-01-25 14:03:39,200 - INFO - Epoch [10/10], Step [220], Loss: 0.6864
2026-01-25 14:03:42,357 - INFO - Epoch [10/10], Step [230], Loss: 0.6605
2026-01-25 14:03:44,192 - INFO - Epoch [10/10], Step [240], Loss: 0.7409
2026-01-25 14:03:47,486 - INFO - Epoch [10/10], Step [250], Loss: 0.7117
2026-01-25 14:03:50,150 - INFO - Epoch [10/10], Step [260], Loss: 0.7032
2026-01-25 14:03:52,992 - INFO - Epoch [10/10], Step [270], Loss: 0.6296
2026-01-25 14:03:55,258 - INFO - Epoch [10/10], Step [280], Loss: 0.7422
2026-01-25 14:03:58,138 - INFO - Epoch [10/10], Step [290], Loss: 0.6661
2026-01-25 14:04:01,147 - INFO - Epoch [10/10], Step [300], Loss: 0.6811
2026-01-25 14:04:04,209 - INFO - Epoch [10/10], Step [310], Loss: 0.7034
2026-01-25 14:04:06,026 - INFO - Epoch [10/10], Step [320], Loss: 0.7024
2026-01-25 14:04:08,477 - INFO - Epoch [10/10], Step [330], Loss: 0.6519
2026-01-25 14:04:13,071 - INFO - Epoch [10/10], Step [340], Loss: 0.7172
2026-01-25 14:04:17,693 - INFO - Epoch [10/10], Step [350], Loss: 0.6829
2026-01-25 14:04:22,377 - INFO - Epoch [10/10], Step [360], Loss: 0.6920
2026-01-25 14:04:25,761 - INFO - Epoch [10/10], Step [370], Loss: 0.7896
2026-01-25 14:04:27,863 - INFO - Epoch [10/10], Step [380], Loss: 0.7022
2026-01-25 14:04:30,733 - INFO - Epoch [10/10], Step [390], Loss: 0.6937
2026-01-25 14:04:33,675 - INFO - Epoch [10/10], Step [400], Loss: 0.6741
2026-01-25 14:04:35,894 - INFO - Epoch [10/10], Step [410], Loss: 0.7463
2026-01-25 14:04:39,353 - INFO - Epoch [10/10], Step [420], Loss: 0.7467
2026-01-25 14:04:42,341 - INFO - Epoch [10/10], Step [430], Loss: 0.6480
2026-01-25 14:04:44,188 - INFO - Epoch [10/10], Step [440], Loss: 0.7905
2026-01-25 14:04:46,113 - INFO - Epoch [10/10], Step [450], Loss: 0.6029
2026-01-25 14:04:47,943 - INFO - Epoch [10/10], Step [460], Loss: 0.6639
2026-01-25 14:04:50,590 - INFO - Epoch [10/10], Step [470], Loss: 0.5678
2026-01-25 14:04:52,809 - INFO - Epoch [10/10], Step [480], Loss: 0.8191
2026-01-25 14:04:54,675 - INFO - Epoch [10/10], Step [490], Loss: 0.7502
2026-01-25 14:04:57,209 - INFO - Epoch [10/10], Step [500], Loss: 0.6842
2026-01-25 14:04:59,368 - INFO - Epoch [10/10], Step [510], Loss: 0.6473
2026-01-25 14:05:01,313 - INFO - Epoch [10/10], Step [520], Loss: 0.9811
2026-01-25 14:05:03,269 - INFO - Epoch [10/10], Step [530], Loss: 0.7805
2026-01-25 14:05:05,182 - INFO - Epoch [10/10], Step [540], Loss: 0.7391
2026-01-25 14:05:07,644 - INFO - Epoch [10/10], Step [550], Loss: 0.6864
2026-01-25 14:05:09,543 - INFO - Epoch [10/10], Step [560], Loss: 0.7612
2026-01-25 14:05:11,384 - INFO - Epoch [10/10], Step [570], Loss: 0.6645
2026-01-25 14:05:13,495 - INFO - Epoch [10/10], Step [580], Loss: 0.6111
2026-01-25 14:05:15,673 - INFO - Epoch [10/10], Step [590], Loss: 0.7529
2026-01-25 14:05:18,074 - INFO - Epoch [10/10], Step [600], Loss: 0.6990
2026-01-25 14:05:20,079 - INFO - Epoch [10/10], Step [610], Loss: 0.5713
2026-01-25 14:05:23,034 - INFO - Epoch [10/10], Step [620], Loss: 0.6547
2026-01-25 14:05:25,754 - INFO - Epoch [10/10], Step [630], Loss: 0.5830
2026-01-25 14:05:27,603 - INFO - Epoch [10/10], Step [640], Loss: 0.6574
2026-01-25 14:05:30,034 - INFO - Epoch [10/10], Step [650], Loss: 0.5775
2026-01-25 14:05:32,071 - INFO - Epoch [10/10], Step [660], Loss: 0.7292
2026-01-25 14:05:35,227 - INFO - Epoch [10/10], Step [670], Loss: 0.5857
2026-01-25 14:05:37,594 - INFO - Epoch [10/10], Step [680], Loss: 0.7720
2026-01-25 14:05:40,274 - INFO - Epoch [10/10], Step [690], Loss: 0.6446
2026-01-25 14:05:42,742 - INFO - Epoch [10/10], Step [700], Loss: 0.7727
2026-01-25 14:05:44,987 - INFO - Epoch [10/10], Step [710], Loss: 0.7810
2026-01-25 14:05:47,329 - INFO - Epoch [10/10], Step [720], Loss: 0.7164
2026-01-25 14:05:49,793 - INFO - Epoch [10/10], Step [730], Loss: 0.6472
2026-01-25 14:05:51,664 - INFO - Epoch [10/10], Step [740], Loss: 0.8090
2026-01-25 14:05:55,317 - INFO - Epoch [10/10], Step [750], Loss: 0.7128
2026-01-25 14:05:57,810 - INFO - Epoch [10/10], Step [760], Loss: 0.6989
2026-01-25 14:06:00,328 - INFO - Epoch [10/10], Step [770], Loss: 0.6677
2026-01-25 14:06:05,620 - INFO - Epoch [10/10], Step [780], Loss: 0.6641
2026-01-25 14:06:10,398 - INFO - Epoch [10/10], Step [790], Loss: 0.5957
2026-01-25 14:06:13,628 - INFO - Epoch [10/10], Step [800], Loss: 0.6404
2026-01-25 14:06:15,699 - INFO - Epoch [10/10], Step [810], Loss: 0.6953
2026-01-25 14:06:17,599 - INFO - Epoch [10/10], Step [820], Loss: 0.7013
2026-01-25 14:06:19,613 - INFO - Epoch [10/10], Step [830], Loss: 0.7424
2026-01-25 14:06:21,807 - INFO - Epoch [10/10], Step [840], Loss: 0.6557
2026-01-25 14:06:24,009 - INFO - Epoch [10/10], Step [850], Loss: 0.5889
2026-01-25 14:06:26,196 - INFO - Epoch [10/10], Step [860], Loss: 0.6538
2026-01-25 14:06:28,895 - INFO - Epoch [10/10], Step [870], Loss: 0.7470
2026-01-25 14:06:31,113 - INFO - Epoch [10/10], Step [880], Loss: 0.7270
2026-01-25 14:06:34,253 - INFO - Epoch [10/10], Step [890], Loss: 0.7293
2026-01-25 14:06:36,456 - INFO - Epoch [10/10], Step [900], Loss: 0.6547
2026-01-25 14:06:38,404 - INFO - Epoch [10/10], Step [910], Loss: 0.6436
2026-01-25 14:06:41,204 - INFO - Epoch [10/10], Step [920], Loss: 0.9487
2026-01-25 14:06:43,617 - INFO - Epoch [10/10], Step [930], Loss: 0.9175
2026-01-25 14:06:45,795 - INFO - Epoch [10/10], Step [940], Loss: 0.7499
2026-01-25 14:06:47,926 - INFO - Epoch [10/10], Step [950], Loss: 0.6909
2026-01-25 14:06:50,685 - INFO - Epoch [10/10], Step [960], Loss: 0.7045
2026-01-25 14:06:53,734 - INFO - Epoch [10/10], Step [970], Loss: 0.6917
2026-01-25 14:06:57,327 - INFO - Epoch [10/10], Step [980], Loss: 0.7354
2026-01-25 14:06:59,174 - INFO - Epoch [10/10], Step [990], Loss: 0.6717
2026-01-25 14:07:01,684 - INFO - Epoch [10/10], Step [1000], Loss: 0.7209
2026-01-25 14:07:04,600 - INFO - Epoch [10/10], Step [1010], Loss: 0.6739
2026-01-25 14:07:06,436 - INFO - Epoch [10/10], Step [1020], Loss: 0.6627
2026-01-25 14:07:08,801 - INFO - Epoch [10/10], Step [1030], Loss: 0.9328
2026-01-25 14:07:10,833 - INFO - Epoch [10/10], Step [1040], Loss: 0.4857
2026-01-25 14:07:12,963 - INFO - Epoch [10/10], Step [1050], Loss: 0.6448
2026-01-25 14:07:15,639 - INFO - Epoch [10/10], Step [1060], Loss: 0.7703
2026-01-25 14:07:18,218 - INFO - Epoch [10/10], Step [1070], Loss: 0.5938
2026-01-25 14:07:20,578 - INFO - Epoch [10/10], Step [1080], Loss: 0.6702
2026-01-25 14:07:23,095 - INFO - Epoch [10/10], Step [1090], Loss: 0.6666
2026-01-25 14:07:25,214 - INFO - Epoch [10/10], Step [1100], Loss: 0.7238
2026-01-25 14:07:27,385 - INFO - Epoch [10/10], Step [1110], Loss: 0.6640
2026-01-25 14:07:29,447 - INFO - Epoch [10/10], Step [1120], Loss: 0.7138
2026-01-25 14:07:31,958 - INFO - Epoch [10/10], Step [1130], Loss: 0.6919
2026-01-25 14:07:36,544 - INFO - Epoch [10/10], Step [1140], Loss: 0.6926
2026-01-25 14:07:40,698 - INFO - Epoch [10/10], Step [1150], Loss: 0.6767
2026-01-25 14:07:45,192 - INFO - Epoch [10/10], Step [1160], Loss: 0.6146
2026-01-25 14:07:47,520 - INFO - Epoch [10/10], Step [1170], Loss: 0.6581
2026-01-25 14:07:50,273 - INFO - Epoch [10/10], Step [1180], Loss: 0.6572
2026-01-25 14:07:52,109 - INFO - Epoch [10/10], Step [1190], Loss: 0.7244
2026-01-25 14:07:54,431 - INFO - Epoch [10/10], Step [1200], Loss: 0.6581
2026-01-25 14:07:55,356 - INFO - Epoch 10 Finished. Train Loss: 0.6947 | Train Acc: 0.5190 | Train F1: 0.4808
2026-01-25 14:07:55,356 - INFO - Running Validation for Epoch 10...
2026-01-25 14:08:45,035 - INFO - [Val] Loss: 0.6946 | Accuracy: 0.5320 | F1: 0.3694
2026-01-25 14:08:45,038 - INFO - Running Testing for Epoch 10...
2026-01-25 14:09:41,775 - INFO - [Test] Loss: 0.6912 | Accuracy: 0.5436 | F1: 0.3829
2026-01-25 14:09:41,834 - INFO - Saved checkpoint to *******
2026-01-25 14:09:41,835 - INFO - Loading best checkpoint for final test...
2026-01-25 14:09:41,919 - INFO - Running Testing for Best Checkpoint...
2026-01-25 14:10:28,972 - INFO - [BestTest] Loss: 0.6532 | Accuracy: 0.6215 | F1: 0.6149
2026-01-25 14:10:28,972 - INFO - Training Complete.
