2026-01-26 09:53:11,882 - INFO - Logging configured. Log file saved to: xxxxxxxxxxxxxxxxxxxxxxxxxxxxBrainLM-main/output/hcp13/logs/finetune_process.log
2026-01-26 09:53:11,883 - INFO - Random seed set to: 225
2026-01-26 09:53:11,883 - INFO - Configuration:
2026-01-26 09:53:11,884 - INFO - Batch Size: 4, LR: 8e-05, Epochs: 10
2026-01-26 09:53:11,921 - INFO - Using device: cuda:7
2026-01-26 09:53:12,220 - INFO - Loading checkpoint from *******
2026-01-26 09:53:14,156 - INFO - --- 开始执行 Key 映射转换 ---
2026-01-26 09:53:14,157 - INFO - 转换示例 (Checkpoint -> Model):
2026-01-26 09:53:14,157 - INFO -   vit.embeddings.cls_token  ==>  embeddings.cls_token (大致)
2026-01-26 09:53:14,157 - INFO -   vit.embeddings.signal_embedding_projection.weight  ==>  embeddings.signal_embedding_projection.weight (大致)
2026-01-26 09:53:14,157 - INFO -   vit.embeddings.signal_embedding_projection.bias  ==>  embeddings.signal_embedding_projection.bias (大致)
2026-01-26 09:53:14,163 - INFO - 
==============================
2026-01-26 09:53:14,163 - INFO - 加载结果报告
2026-01-26 09:53:14,163 - INFO - ==============================
2026-01-26 09:53:14,163 - INFO - ✅ Encoder 权重全部加载成功！
2026-01-26 09:53:14,163 - INFO - ✅ 信号投影层 (Signal Projection) 加载成功。
2026-01-26 09:53:14,164 - INFO - ✅ CLS Token 加载成功。
2026-01-26 09:53:14,428 - INFO - Loading Datasets...
2026-01-26 09:53:15,055 - INFO - Train samples: 3611, Val samples: 1205, Test samples: 1181
2026-01-26 09:53:15,078 - INFO - Starting Fine-tuning...
2026-01-26 09:53:15,595 - INFO - Epoch [1/10], Step [0], Loss: 0.6629
2026-01-26 09:53:18,756 - INFO - Epoch [1/10], Step [10], Loss: 0.7830
2026-01-26 09:53:22,234 - INFO - Epoch [1/10], Step [20], Loss: 0.6986
2026-01-26 09:53:25,711 - INFO - Epoch [1/10], Step [30], Loss: 0.7138
2026-01-26 09:53:29,960 - INFO - Epoch [1/10], Step [40], Loss: 1.0250
2026-01-26 09:53:34,610 - INFO - Epoch [1/10], Step [50], Loss: 0.6968
2026-01-26 09:53:39,141 - INFO - Epoch [1/10], Step [60], Loss: 0.7883
2026-01-26 09:53:44,290 - INFO - Epoch [1/10], Step [70], Loss: 0.7846
2026-01-26 09:53:47,940 - INFO - Epoch [1/10], Step [80], Loss: 0.8198
2026-01-26 09:53:51,317 - INFO - Epoch [1/10], Step [90], Loss: 0.7079
2026-01-26 09:53:54,745 - INFO - Epoch [1/10], Step [100], Loss: 0.9517
2026-01-26 09:53:58,584 - INFO - Epoch [1/10], Step [110], Loss: 0.8836
2026-01-26 09:54:03,546 - INFO - Epoch [1/10], Step [120], Loss: 0.8042
2026-01-26 09:54:07,906 - INFO - Epoch [1/10], Step [130], Loss: 0.7201
2026-01-26 09:54:11,810 - INFO - Epoch [1/10], Step [140], Loss: 0.6599
2026-01-26 09:54:15,648 - INFO - Epoch [1/10], Step [150], Loss: 0.7265
2026-01-26 09:54:19,129 - INFO - Epoch [1/10], Step [160], Loss: 0.6267
2026-01-26 09:54:23,140 - INFO - Epoch [1/10], Step [170], Loss: 0.7455
2026-01-26 09:54:27,353 - INFO - Epoch [1/10], Step [180], Loss: 0.7320
2026-01-26 09:54:30,979 - INFO - Epoch [1/10], Step [190], Loss: 0.5114
2026-01-26 09:54:35,264 - INFO - Epoch [1/10], Step [200], Loss: 0.6916
2026-01-26 09:54:39,076 - INFO - Epoch [1/10], Step [210], Loss: 1.2543
2026-01-26 09:54:43,654 - INFO - Epoch [1/10], Step [220], Loss: 0.7231
2026-01-26 09:54:47,298 - INFO - Epoch [1/10], Step [230], Loss: 0.8310
2026-01-26 09:54:52,280 - INFO - Epoch [1/10], Step [240], Loss: 0.4393
2026-01-26 09:54:55,904 - INFO - Epoch [1/10], Step [250], Loss: 0.6483
2026-01-26 09:54:59,736 - INFO - Epoch [1/10], Step [260], Loss: 0.6030
2026-01-26 09:55:03,650 - INFO - Epoch [1/10], Step [270], Loss: 0.6243
2026-01-26 09:55:06,613 - INFO - Epoch [1/10], Step [280], Loss: 0.7102
2026-01-26 09:55:10,213 - INFO - Epoch [1/10], Step [290], Loss: 0.5916
2026-01-26 09:55:13,796 - INFO - Epoch [1/10], Step [300], Loss: 0.6047
2026-01-26 09:55:17,701 - INFO - Epoch [1/10], Step [310], Loss: 0.8557
2026-01-26 09:55:21,548 - INFO - Epoch [1/10], Step [320], Loss: 0.6938
2026-01-26 09:55:25,170 - INFO - Epoch [1/10], Step [330], Loss: 0.7224
2026-01-26 09:55:28,598 - INFO - Epoch [1/10], Step [340], Loss: 0.7844
2026-01-26 09:55:33,574 - INFO - Epoch [1/10], Step [350], Loss: 0.7325
2026-01-26 09:55:37,276 - INFO - Epoch [1/10], Step [360], Loss: 0.7075
2026-01-26 09:55:40,951 - INFO - Epoch [1/10], Step [370], Loss: 0.7035
2026-01-26 09:55:46,667 - INFO - Epoch [1/10], Step [380], Loss: 1.1667
2026-01-26 09:55:50,323 - INFO - Epoch [1/10], Step [390], Loss: 0.6450
2026-01-26 09:55:53,799 - INFO - Epoch [1/10], Step [400], Loss: 0.6847
2026-01-26 09:55:57,506 - INFO - Epoch [1/10], Step [410], Loss: 0.7324
2026-01-26 09:56:01,609 - INFO - Epoch [1/10], Step [420], Loss: 0.7676
2026-01-26 09:56:06,736 - INFO - Epoch [1/10], Step [430], Loss: 0.5715
2026-01-26 09:56:11,381 - INFO - Epoch [1/10], Step [440], Loss: 0.6252
2026-01-26 09:56:14,750 - INFO - Epoch [1/10], Step [450], Loss: 0.6967
2026-01-26 09:56:19,056 - INFO - Epoch [1/10], Step [460], Loss: 0.7081
2026-01-26 09:56:23,090 - INFO - Epoch [1/10], Step [470], Loss: 0.7232
2026-01-26 09:56:27,984 - INFO - Epoch [1/10], Step [480], Loss: 0.6983
2026-01-26 09:56:31,186 - INFO - Epoch [1/10], Step [490], Loss: 0.7639
2026-01-26 09:56:35,085 - INFO - Epoch [1/10], Step [500], Loss: 0.7486
2026-01-26 09:56:39,275 - INFO - Epoch [1/10], Step [510], Loss: 0.9490
2026-01-26 09:56:43,394 - INFO - Epoch [1/10], Step [520], Loss: 0.7807
2026-01-26 09:56:46,717 - INFO - Epoch [1/10], Step [530], Loss: 0.7014
2026-01-26 09:56:50,272 - INFO - Epoch [1/10], Step [540], Loss: 0.6788
2026-01-26 09:56:54,813 - INFO - Epoch [1/10], Step [550], Loss: 0.7087
2026-01-26 09:56:58,275 - INFO - Epoch [1/10], Step [560], Loss: 0.6438
2026-01-26 09:57:01,352 - INFO - Epoch [1/10], Step [570], Loss: 0.7224
2026-01-26 09:57:05,589 - INFO - Epoch [1/10], Step [580], Loss: 0.8454
2026-01-26 09:57:09,379 - INFO - Epoch [1/10], Step [590], Loss: 0.7278
2026-01-26 09:57:12,578 - INFO - Epoch [1/10], Step [600], Loss: 0.6952
2026-01-26 09:57:16,992 - INFO - Epoch [1/10], Step [610], Loss: 0.5786
2026-01-26 09:57:20,880 - INFO - Epoch [1/10], Step [620], Loss: 0.7680
2026-01-26 09:57:24,486 - INFO - Epoch [1/10], Step [630], Loss: 0.5956
2026-01-26 09:57:28,570 - INFO - Epoch [1/10], Step [640], Loss: 0.7226
2026-01-26 09:57:32,077 - INFO - Epoch [1/10], Step [650], Loss: 0.7222
2026-01-26 09:57:36,502 - INFO - Epoch [1/10], Step [660], Loss: 0.6933
2026-01-26 09:57:39,735 - INFO - Epoch [1/10], Step [670], Loss: 0.5819
2026-01-26 09:57:44,171 - INFO - Epoch [1/10], Step [680], Loss: 0.7506
2026-01-26 09:57:47,898 - INFO - Epoch [1/10], Step [690], Loss: 0.6936
2026-01-26 09:57:52,315 - INFO - Epoch [1/10], Step [700], Loss: 0.6940
2026-01-26 09:57:56,302 - INFO - Epoch [1/10], Step [710], Loss: 0.6981
2026-01-26 09:58:00,000 - INFO - Epoch [1/10], Step [720], Loss: 0.7045
2026-01-26 09:58:04,944 - INFO - Epoch [1/10], Step [730], Loss: 0.7266
2026-01-26 09:58:10,889 - INFO - Epoch [1/10], Step [740], Loss: 0.6203
2026-01-26 09:58:17,807 - INFO - Epoch [1/10], Step [750], Loss: 0.7248
2026-01-26 09:58:22,502 - INFO - Epoch [1/10], Step [760], Loss: 0.6944
2026-01-26 09:58:26,579 - INFO - Epoch [1/10], Step [770], Loss: 0.6517
2026-01-26 09:58:30,542 - INFO - Epoch [1/10], Step [780], Loss: 0.7742
2026-01-26 09:58:33,677 - INFO - Epoch [1/10], Step [790], Loss: 0.5680
2026-01-26 09:58:37,559 - INFO - Epoch [1/10], Step [800], Loss: 0.9724
2026-01-26 09:58:40,715 - INFO - Epoch [1/10], Step [810], Loss: 0.7098
2026-01-26 09:58:44,867 - INFO - Epoch [1/10], Step [820], Loss: 0.7241
2026-01-26 09:58:48,991 - INFO - Epoch [1/10], Step [830], Loss: 0.7173
2026-01-26 09:58:53,162 - INFO - Epoch [1/10], Step [840], Loss: 0.5845
2026-01-26 09:58:57,721 - INFO - Epoch [1/10], Step [850], Loss: 0.6936
2026-01-26 09:59:01,065 - INFO - Epoch [1/10], Step [860], Loss: 0.5930
2026-01-26 09:59:04,234 - INFO - Epoch [1/10], Step [870], Loss: 0.6547
2026-01-26 09:59:10,150 - INFO - Epoch [1/10], Step [880], Loss: 0.8066
2026-01-26 09:59:17,172 - INFO - Epoch [1/10], Step [890], Loss: 0.8763
2026-01-26 09:59:21,473 - INFO - Epoch [1/10], Step [900], Loss: 0.7053
2026-01-26 09:59:21,747 - INFO - Epoch 1 Finished. Train Loss: 0.7100 | Train Acc: 0.5105 | Train F1: 0.4992
2026-01-26 09:59:21,748 - INFO - Running Validation for Epoch 1...
2026-01-26 10:00:35,591 - INFO - [Val] Loss: 0.6922 | Accuracy: 0.5320 | F1: 0.3694
2026-01-26 10:00:35,592 - INFO - Running Testing for Epoch 1...
2026-01-26 10:01:40,055 - INFO - [Test] Loss: 0.6896 | Accuracy: 0.5436 | F1: 0.3829
2026-01-26 10:01:40,187 - INFO - Saved checkpoint to xxxxxxxxxxxxxxxxxxxxxxxxxxxxBrainLM-main/output/hcp13/finetuned_checkpoint_epoch_1.pt
2026-01-26 10:01:40,572 - INFO - 🏆 New Best Model (Val Acc: 0.5320, Val F1: 0.3694) saved to xxxxxxxxxxxxxxxxxxxxxxxxxxxxBrainLM-main/output/hcp13/finetuned_checkpoint_best.pt
2026-01-26 10:01:40,814 - INFO - Epoch [2/10], Step [0], Loss: 0.6433
2026-01-26 10:01:43,644 - INFO - Epoch [2/10], Step [10], Loss: 0.6307
2026-01-26 10:01:47,283 - INFO - Epoch [2/10], Step [20], Loss: 0.8663
2026-01-26 10:01:51,432 - INFO - Epoch [2/10], Step [30], Loss: 0.6780
2026-01-26 10:01:55,083 - INFO - Epoch [2/10], Step [40], Loss: 0.7222
2026-01-26 10:01:57,991 - INFO - Epoch [2/10], Step [50], Loss: 0.6936
2026-01-26 10:02:01,223 - INFO - Epoch [2/10], Step [60], Loss: 0.7660
2026-01-26 10:02:04,834 - INFO - Epoch [2/10], Step [70], Loss: 0.6630
2026-01-26 10:02:07,770 - INFO - Epoch [2/10], Step [80], Loss: 0.7604
2026-01-26 10:02:10,748 - INFO - Epoch [2/10], Step [90], Loss: 0.7059
2026-01-26 10:02:13,626 - INFO - Epoch [2/10], Step [100], Loss: 0.6751
2026-01-26 10:02:18,895 - INFO - Epoch [2/10], Step [110], Loss: 0.7494
2026-01-26 10:02:24,547 - INFO - Epoch [2/10], Step [120], Loss: 0.7093
2026-01-26 10:02:30,767 - INFO - Epoch [2/10], Step [130], Loss: 0.8125
2026-01-26 10:02:35,115 - INFO - Epoch [2/10], Step [140], Loss: 0.7643
2026-01-26 10:02:38,429 - INFO - Epoch [2/10], Step [150], Loss: 0.7480
2026-01-26 10:02:41,868 - INFO - Epoch [2/10], Step [160], Loss: 0.6315
2026-01-26 10:02:45,603 - INFO - Epoch [2/10], Step [170], Loss: 0.6535
2026-01-26 10:02:49,154 - INFO - Epoch [2/10], Step [180], Loss: 0.6939
2026-01-26 10:02:53,039 - INFO - Epoch [2/10], Step [190], Loss: 0.6932
2026-01-26 10:02:55,982 - INFO - Epoch [2/10], Step [200], Loss: 0.6770
2026-01-26 10:02:58,906 - INFO - Epoch [2/10], Step [210], Loss: 0.7183
2026-01-26 10:03:02,428 - INFO - Epoch [2/10], Step [220], Loss: 0.6298
2026-01-26 10:03:06,707 - INFO - Epoch [2/10], Step [230], Loss: 0.7622
2026-01-26 10:03:09,897 - INFO - Epoch [2/10], Step [240], Loss: 0.7441
2026-01-26 10:03:13,568 - INFO - Epoch [2/10], Step [250], Loss: 0.7142
2026-01-26 10:03:16,886 - INFO - Epoch [2/10], Step [260], Loss: 0.6730
2026-01-26 10:03:20,210 - INFO - Epoch [2/10], Step [270], Loss: 0.7576
2026-01-26 10:03:25,436 - INFO - Epoch [2/10], Step [280], Loss: 0.6983
2026-01-26 10:03:31,307 - INFO - Epoch [2/10], Step [290], Loss: 0.6936
2026-01-26 10:03:36,801 - INFO - Epoch [2/10], Step [300], Loss: 0.6244
2026-01-26 10:03:40,220 - INFO - Epoch [2/10], Step [310], Loss: 0.7082
2026-01-26 10:03:42,999 - INFO - Epoch [2/10], Step [320], Loss: 0.6957
2026-01-26 10:03:46,644 - INFO - Epoch [2/10], Step [330], Loss: 0.4175
2026-01-26 10:03:49,742 - INFO - Epoch [2/10], Step [340], Loss: 0.8864
2026-01-26 10:03:53,850 - INFO - Epoch [2/10], Step [350], Loss: 0.6953
2026-01-26 10:03:57,313 - INFO - Epoch [2/10], Step [360], Loss: 0.7513
2026-01-26 10:04:00,101 - INFO - Epoch [2/10], Step [370], Loss: 0.6681
2026-01-26 10:04:03,875 - INFO - Epoch [2/10], Step [380], Loss: 0.6942
2026-01-26 10:04:07,182 - INFO - Epoch [2/10], Step [390], Loss: 0.5886
2026-01-26 10:04:10,463 - INFO - Epoch [2/10], Step [400], Loss: 0.6940
2026-01-26 10:04:15,461 - INFO - Epoch [2/10], Step [410], Loss: 0.7106
2026-01-26 10:04:19,168 - INFO - Epoch [2/10], Step [420], Loss: 0.6954
2026-01-26 10:04:22,318 - INFO - Epoch [2/10], Step [430], Loss: 0.6306
2026-01-26 10:04:26,382 - INFO - Epoch [2/10], Step [440], Loss: 0.5268
2026-01-26 10:04:31,324 - INFO - Epoch [2/10], Step [450], Loss: 0.6052
2026-01-26 10:04:37,062 - INFO - Epoch [2/10], Step [460], Loss: 0.6934
2026-01-26 10:04:42,922 - INFO - Epoch [2/10], Step [470], Loss: 0.6916
2026-01-26 10:04:45,879 - INFO - Epoch [2/10], Step [480], Loss: 0.6907
2026-01-26 10:04:49,407 - INFO - Epoch [2/10], Step [490], Loss: 0.8481
2026-01-26 10:04:52,879 - INFO - Epoch [2/10], Step [500], Loss: 0.7264
2026-01-26 10:04:55,761 - INFO - Epoch [2/10], Step [510], Loss: 0.6126
2026-01-26 10:04:59,075 - INFO - Epoch [2/10], Step [520], Loss: 0.6930
2026-01-26 10:05:02,549 - INFO - Epoch [2/10], Step [530], Loss: 0.7000
2026-01-26 10:05:05,467 - INFO - Epoch [2/10], Step [540], Loss: 0.6056
2026-01-26 10:05:08,522 - INFO - Epoch [2/10], Step [550], Loss: 0.7372
2026-01-26 10:05:11,658 - INFO - Epoch [2/10], Step [560], Loss: 0.6174
2026-01-26 10:05:15,037 - INFO - Epoch [2/10], Step [570], Loss: 0.6982
2026-01-26 10:05:17,747 - INFO - Epoch [2/10], Step [580], Loss: 0.6940
2026-01-26 10:05:21,405 - INFO - Epoch [2/10], Step [590], Loss: 0.7139
2026-01-26 10:05:24,745 - INFO - Epoch [2/10], Step [600], Loss: 0.6290
2026-01-26 10:05:28,298 - INFO - Epoch [2/10], Step [610], Loss: 0.6941
2026-01-26 10:05:33,876 - INFO - Epoch [2/10], Step [620], Loss: 0.5006
2026-01-26 10:05:39,959 - INFO - Epoch [2/10], Step [630], Loss: 0.8524
2026-01-26 10:05:45,393 - INFO - Epoch [2/10], Step [640], Loss: 0.8181
2026-01-26 10:05:48,470 - INFO - Epoch [2/10], Step [650], Loss: 0.7043
2026-01-26 10:05:52,455 - INFO - Epoch [2/10], Step [660], Loss: 0.7030
2026-01-26 10:05:55,514 - INFO - Epoch [2/10], Step [670], Loss: 0.6942
2026-01-26 10:05:58,659 - INFO - Epoch [2/10], Step [680], Loss: 0.6929
2026-01-26 10:06:02,336 - INFO - Epoch [2/10], Step [690], Loss: 0.6991
2026-01-26 10:06:06,270 - INFO - Epoch [2/10], Step [700], Loss: 0.7496
2026-01-26 10:06:10,067 - INFO - Epoch [2/10], Step [710], Loss: 0.6932
2026-01-26 10:06:13,364 - INFO - Epoch [2/10], Step [720], Loss: 0.7069
2026-01-26 10:06:16,537 - INFO - Epoch [2/10], Step [730], Loss: 0.7791
2026-01-26 10:06:20,571 - INFO - Epoch [2/10], Step [740], Loss: 0.6946
2026-01-26 10:06:23,177 - INFO - Epoch [2/10], Step [750], Loss: 0.6599
2026-01-26 10:06:26,161 - INFO - Epoch [2/10], Step [760], Loss: 0.6702
2026-01-26 10:06:30,062 - INFO - Epoch [2/10], Step [770], Loss: 0.6268
2026-01-26 10:06:36,211 - INFO - Epoch [2/10], Step [780], Loss: 0.8121
2026-01-26 10:06:42,473 - INFO - Epoch [2/10], Step [790], Loss: 0.7050
2026-01-26 10:06:46,323 - INFO - Epoch [2/10], Step [800], Loss: 0.7360
2026-01-26 10:06:49,028 - INFO - Epoch [2/10], Step [810], Loss: 0.6940
2026-01-26 10:06:52,641 - INFO - Epoch [2/10], Step [820], Loss: 0.7034
2026-01-26 10:06:55,637 - INFO - Epoch [2/10], Step [830], Loss: 0.6281
2026-01-26 10:06:58,685 - INFO - Epoch [2/10], Step [840], Loss: 0.6086
2026-01-26 10:07:02,015 - INFO - Epoch [2/10], Step [850], Loss: 0.7057
2026-01-26 10:07:05,291 - INFO - Epoch [2/10], Step [860], Loss: 0.7871
2026-01-26 10:07:08,691 - INFO - Epoch [2/10], Step [870], Loss: 0.6911
2026-01-26 10:07:11,869 - INFO - Epoch [2/10], Step [880], Loss: 0.6336
2026-01-26 10:07:15,401 - INFO - Epoch [2/10], Step [890], Loss: 0.6004
2026-01-26 10:07:19,196 - INFO - Epoch [2/10], Step [900], Loss: 0.6951
2026-01-26 10:07:19,446 - INFO - Epoch 2 Finished. Train Loss: 0.7023 | Train Acc: 0.5105 | Train F1: 0.4917
2026-01-26 10:07:19,446 - INFO - Running Validation for Epoch 2...
2026-01-26 10:08:18,064 - INFO - [Val] Loss: 0.6955 | Accuracy: 0.4680 | F1: 0.2985
2026-01-26 10:08:18,064 - INFO - Running Testing for Epoch 2...
2026-01-26 10:09:13,020 - INFO - [Test] Loss: 0.6963 | Accuracy: 0.4564 | F1: 0.2860
2026-01-26 10:09:13,079 - INFO - Saved checkpoint to xxxxxxxxxxxxxxxxxxxxxxxxxxxxBrainLM-main/output/hcp13/finetuned_checkpoint_epoch_2.pt
2026-01-26 10:09:13,402 - INFO - Epoch [3/10], Step [0], Loss: 0.6782
2026-01-26 10:09:16,813 - INFO - Epoch [3/10], Step [10], Loss: 0.6678
2026-01-26 10:09:20,250 - INFO - Epoch [3/10], Step [20], Loss: 0.6536
2026-01-26 10:09:23,769 - INFO - Epoch [3/10], Step [30], Loss: 0.6458
2026-01-26 10:09:27,174 - INFO - Epoch [3/10], Step [40], Loss: 0.6790
2026-01-26 10:09:30,101 - INFO - Epoch [3/10], Step [50], Loss: 0.6787
2026-01-26 10:09:33,659 - INFO - Epoch [3/10], Step [60], Loss: 0.6970
2026-01-26 10:09:37,337 - INFO - Epoch [3/10], Step [70], Loss: 0.7023
2026-01-26 10:09:40,915 - INFO - Epoch [3/10], Step [80], Loss: 0.6176
2026-01-26 10:09:44,997 - INFO - Epoch [3/10], Step [90], Loss: 0.8045
2026-01-26 10:09:50,344 - INFO - Epoch [3/10], Step [100], Loss: 0.6936
2026-01-26 10:09:54,579 - INFO - Epoch [3/10], Step [110], Loss: 0.8000
2026-01-26 10:09:58,283 - INFO - Epoch [3/10], Step [120], Loss: 0.6112
2026-01-26 10:10:03,016 - INFO - Epoch [3/10], Step [130], Loss: 0.6958
2026-01-26 10:10:06,809 - INFO - Epoch [3/10], Step [140], Loss: 0.6079
2026-01-26 10:10:10,388 - INFO - Epoch [3/10], Step [150], Loss: 0.7317
2026-01-26 10:10:13,089 - INFO - Epoch [3/10], Step [160], Loss: 0.6931
2026-01-26 10:10:16,442 - INFO - Epoch [3/10], Step [170], Loss: 0.7028
2026-01-26 10:10:19,056 - INFO - Epoch [3/10], Step [180], Loss: 0.7524
2026-01-26 10:10:22,406 - INFO - Epoch [3/10], Step [190], Loss: 0.6691
2026-01-26 10:10:26,125 - INFO - Epoch [3/10], Step [200], Loss: 0.7374
2026-01-26 10:10:30,212 - INFO - Epoch [3/10], Step [210], Loss: 0.7926
2026-01-26 10:10:34,084 - INFO - Epoch [3/10], Step [220], Loss: 0.6176
2026-01-26 10:10:38,004 - INFO - Epoch [3/10], Step [230], Loss: 0.6956
2026-01-26 10:10:41,145 - INFO - Epoch [3/10], Step [240], Loss: 0.6713
2026-01-26 10:10:43,762 - INFO - Epoch [3/10], Step [250], Loss: 0.6973
2026-01-26 10:10:47,090 - INFO - Epoch [3/10], Step [260], Loss: 0.8208
2026-01-26 10:10:50,326 - INFO - Epoch [3/10], Step [270], Loss: 0.6974
2026-01-26 10:10:54,610 - INFO - Epoch [3/10], Step [280], Loss: 0.7013
2026-01-26 10:10:58,480 - INFO - Epoch [3/10], Step [290], Loss: 0.7225
2026-01-26 10:11:02,197 - INFO - Epoch [3/10], Step [300], Loss: 0.8020
2026-01-26 10:11:05,555 - INFO - Epoch [3/10], Step [310], Loss: 0.6346
2026-01-26 10:11:08,950 - INFO - Epoch [3/10], Step [320], Loss: 0.6387
2026-01-26 10:11:12,403 - INFO - Epoch [3/10], Step [330], Loss: 0.6966
2026-01-26 10:11:15,327 - INFO - Epoch [3/10], Step [340], Loss: 0.6936
2026-01-26 10:11:18,463 - INFO - Epoch [3/10], Step [350], Loss: 0.6939
2026-01-26 10:11:21,360 - INFO - Epoch [3/10], Step [360], Loss: 0.6945
2026-01-26 10:11:25,211 - INFO - Epoch [3/10], Step [370], Loss: 0.6025
2026-01-26 10:11:28,720 - INFO - Epoch [3/10], Step [380], Loss: 0.6150
2026-01-26 10:11:32,410 - INFO - Epoch [3/10], Step [390], Loss: 0.6681
2026-01-26 10:11:36,277 - INFO - Epoch [3/10], Step [400], Loss: 0.6952
2026-01-26 10:11:39,697 - INFO - Epoch [3/10], Step [410], Loss: 0.6968
2026-01-26 10:11:43,215 - INFO - Epoch [3/10], Step [420], Loss: 0.6931
2026-01-26 10:11:46,327 - INFO - Epoch [3/10], Step [430], Loss: 0.6838
2026-01-26 10:11:49,665 - INFO - Epoch [3/10], Step [440], Loss: 0.6843
2026-01-26 10:11:53,312 - INFO - Epoch [3/10], Step [450], Loss: 0.7104
2026-01-26 10:11:57,430 - INFO - Epoch [3/10], Step [460], Loss: 0.6343
2026-01-26 10:12:00,422 - INFO - Epoch [3/10], Step [470], Loss: 0.6887
2026-01-26 10:12:05,125 - INFO - Epoch [3/10], Step [480], Loss: 0.6946
2026-01-26 10:12:08,926 - INFO - Epoch [3/10], Step [490], Loss: 0.4437
2026-01-26 10:12:12,424 - INFO - Epoch [3/10], Step [500], Loss: 0.7865
2026-01-26 10:12:15,754 - INFO - Epoch [3/10], Step [510], Loss: 0.6702
2026-01-26 10:12:20,263 - INFO - Epoch [3/10], Step [520], Loss: 0.7001
2026-01-26 10:12:24,165 - INFO - Epoch [3/10], Step [530], Loss: 0.4694
2026-01-26 10:12:27,467 - INFO - Epoch [3/10], Step [540], Loss: 0.8744
2026-01-26 10:12:30,953 - INFO - Epoch [3/10], Step [550], Loss: 0.7480
2026-01-26 10:12:34,461 - INFO - Epoch [3/10], Step [560], Loss: 0.6905
2026-01-26 10:12:37,444 - INFO - Epoch [3/10], Step [570], Loss: 0.8922
2026-01-26 10:12:41,220 - INFO - Epoch [3/10], Step [580], Loss: 0.5802
2026-01-26 10:12:44,539 - INFO - Epoch [3/10], Step [590], Loss: 0.9629
2026-01-26 10:12:47,572 - INFO - Epoch [3/10], Step [600], Loss: 0.7143
2026-01-26 10:12:50,379 - INFO - Epoch [3/10], Step [610], Loss: 0.6379
2026-01-26 10:12:53,391 - INFO - Epoch [3/10], Step [620], Loss: 0.6957
2026-01-26 10:12:56,984 - INFO - Epoch [3/10], Step [630], Loss: 0.6953
2026-01-26 10:13:00,255 - INFO - Epoch [3/10], Step [640], Loss: 0.8076
2026-01-26 10:13:05,034 - INFO - Epoch [3/10], Step [650], Loss: 0.6773
2026-01-26 10:13:08,684 - INFO - Epoch [3/10], Step [660], Loss: 0.5991
2026-01-26 10:13:11,459 - INFO - Epoch [3/10], Step [670], Loss: 0.6464
2026-01-26 10:13:14,329 - INFO - Epoch [3/10], Step [680], Loss: 0.7110
2026-01-26 10:13:17,713 - INFO - Epoch [3/10], Step [690], Loss: 0.6932
2026-01-26 10:13:20,865 - INFO - Epoch [3/10], Step [700], Loss: 0.7309
2026-01-26 10:13:24,144 - INFO - Epoch [3/10], Step [710], Loss: 0.6889
2026-01-26 10:13:27,443 - INFO - Epoch [3/10], Step [720], Loss: 0.6944
2026-01-26 10:13:30,705 - INFO - Epoch [3/10], Step [730], Loss: 0.7569
2026-01-26 10:13:34,433 - INFO - Epoch [3/10], Step [740], Loss: 0.6298
2026-01-26 10:13:37,177 - INFO - Epoch [3/10], Step [750], Loss: 0.7114
2026-01-26 10:13:40,219 - INFO - Epoch [3/10], Step [760], Loss: 0.6937
2026-01-26 10:13:43,483 - INFO - Epoch [3/10], Step [770], Loss: 0.7191
2026-01-26 10:13:46,371 - INFO - Epoch [3/10], Step [780], Loss: 0.7395
2026-01-26 10:13:49,795 - INFO - Epoch [3/10], Step [790], Loss: 0.6101
2026-01-26 10:13:52,859 - INFO - Epoch [3/10], Step [800], Loss: 0.9435
2026-01-26 10:13:56,753 - INFO - Epoch [3/10], Step [810], Loss: 0.7002
2026-01-26 10:13:59,255 - INFO - Epoch [3/10], Step [820], Loss: 0.9318
2026-01-26 10:14:02,931 - INFO - Epoch [3/10], Step [830], Loss: 0.5850
2026-01-26 10:14:07,039 - INFO - Epoch [3/10], Step [840], Loss: 0.5770
2026-01-26 10:14:10,328 - INFO - Epoch [3/10], Step [850], Loss: 0.6257
2026-01-26 10:14:14,283 - INFO - Epoch [3/10], Step [860], Loss: 0.6941
2026-01-26 10:14:17,362 - INFO - Epoch [3/10], Step [870], Loss: 0.6138
2026-01-26 10:14:21,090 - INFO - Epoch [3/10], Step [880], Loss: 0.7087
2026-01-26 10:14:24,251 - INFO - Epoch [3/10], Step [890], Loss: 0.6991
2026-01-26 10:14:27,535 - INFO - Epoch [3/10], Step [900], Loss: 0.6864
2026-01-26 10:14:27,787 - INFO - Epoch 3 Finished. Train Loss: 0.6997 | Train Acc: 0.5125 | Train F1: 0.4789
2026-01-26 10:14:27,788 - INFO - Running Validation for Epoch 3...
2026-01-26 10:15:26,551 - INFO - [Val] Loss: 0.6911 | Accuracy: 0.5320 | F1: 0.3694
2026-01-26 10:15:26,552 - INFO - Running Testing for Epoch 3...
2026-01-26 10:16:22,523 - INFO - [Test] Loss: 0.6897 | Accuracy: 0.5436 | F1: 0.3829
2026-01-26 10:16:23,323 - INFO - Saved checkpoint to xxxxxxxxxxxxxxxxxxxxxxxxxxxxBrainLM-main/output/hcp13/finetuned_checkpoint_epoch_3.pt
2026-01-26 10:16:23,565 - INFO - Epoch [4/10], Step [0], Loss: 0.6640
2026-01-26 10:16:26,494 - INFO - Epoch [4/10], Step [10], Loss: 0.6118
2026-01-26 10:16:30,401 - INFO - Epoch [4/10], Step [20], Loss: 0.8459
2026-01-26 10:16:35,354 - INFO - Epoch [4/10], Step [30], Loss: 0.6232
2026-01-26 10:16:40,654 - INFO - Epoch [4/10], Step [40], Loss: 0.6450
2026-01-26 10:16:46,235 - INFO - Epoch [4/10], Step [50], Loss: 0.6882
2026-01-26 10:16:49,562 - INFO - Epoch [4/10], Step [60], Loss: 0.6952
2026-01-26 10:16:52,996 - INFO - Epoch [4/10], Step [70], Loss: 0.7137
2026-01-26 10:16:56,523 - INFO - Epoch [4/10], Step [80], Loss: 0.6952
2026-01-26 10:16:59,797 - INFO - Epoch [4/10], Step [90], Loss: 0.7035
2026-01-26 10:17:03,501 - INFO - Epoch [4/10], Step [100], Loss: 0.6703
2026-01-26 10:17:06,842 - INFO - Epoch [4/10], Step [110], Loss: 0.6936
2026-01-26 10:17:10,304 - INFO - Epoch [4/10], Step [120], Loss: 0.7088
2026-01-26 10:17:13,673 - INFO - Epoch [4/10], Step [130], Loss: 0.7176
2026-01-26 10:17:16,750 - INFO - Epoch [4/10], Step [140], Loss: 0.7047
2026-01-26 10:17:20,117 - INFO - Epoch [4/10], Step [150], Loss: 0.6996
2026-01-26 10:17:23,452 - INFO - Epoch [4/10], Step [160], Loss: 0.6949
2026-01-26 10:17:26,408 - INFO - Epoch [4/10], Step [170], Loss: 0.7019
2026-01-26 10:17:29,644 - INFO - Epoch [4/10], Step [180], Loss: 0.7195
2026-01-26 10:17:32,858 - INFO - Epoch [4/10], Step [190], Loss: 0.6037
2026-01-26 10:17:36,233 - INFO - Epoch [4/10], Step [200], Loss: 0.6971
2026-01-26 10:17:42,331 - INFO - Epoch [4/10], Step [210], Loss: 0.6990
2026-01-26 10:17:47,608 - INFO - Epoch [4/10], Step [220], Loss: 0.6956
2026-01-26 10:17:52,575 - INFO - Epoch [4/10], Step [230], Loss: 0.6936
2026-01-26 10:17:55,706 - INFO - Epoch [4/10], Step [240], Loss: 0.6929
2026-01-26 10:17:59,023 - INFO - Epoch [4/10], Step [250], Loss: 0.6806
2026-01-26 10:18:02,771 - INFO - Epoch [4/10], Step [260], Loss: 0.6426
2026-01-26 10:18:06,503 - INFO - Epoch [4/10], Step [270], Loss: 0.7143
2026-01-26 10:18:10,011 - INFO - Epoch [4/10], Step [280], Loss: 0.7045
2026-01-26 10:18:13,712 - INFO - Epoch [4/10], Step [290], Loss: 0.7002
2026-01-26 10:18:16,670 - INFO - Epoch [4/10], Step [300], Loss: 0.7183
2026-01-26 10:18:20,606 - INFO - Epoch [4/10], Step [310], Loss: 0.7262
2026-01-26 10:18:24,078 - INFO - Epoch [4/10], Step [320], Loss: 0.6946
2026-01-26 10:18:27,713 - INFO - Epoch [4/10], Step [330], Loss: 0.6928
2026-01-26 10:18:30,786 - INFO - Epoch [4/10], Step [340], Loss: 0.6907
2026-01-26 10:18:34,250 - INFO - Epoch [4/10], Step [350], Loss: 0.6825
2026-01-26 10:18:37,102 - INFO - Epoch [4/10], Step [360], Loss: 0.7289
2026-01-26 10:18:40,060 - INFO - Epoch [4/10], Step [370], Loss: 0.6958
2026-01-26 10:18:43,343 - INFO - Epoch [4/10], Step [380], Loss: 0.6366
2026-01-26 10:18:48,610 - INFO - Epoch [4/10], Step [390], Loss: 0.7092
2026-01-26 10:18:54,051 - INFO - Epoch [4/10], Step [400], Loss: 0.6586
2026-01-26 10:19:00,017 - INFO - Epoch [4/10], Step [410], Loss: 0.7122
2026-01-26 10:19:03,378 - INFO - Epoch [4/10], Step [420], Loss: 0.7078
2026-01-26 10:19:06,686 - INFO - Epoch [4/10], Step [430], Loss: 0.7040
2026-01-26 10:19:09,295 - INFO - Epoch [4/10], Step [440], Loss: 0.6608
2026-01-26 10:19:11,949 - INFO - Epoch [4/10], Step [450], Loss: 0.6944
2026-01-26 10:19:14,653 - INFO - Epoch [4/10], Step [460], Loss: 0.6941
2026-01-26 10:19:18,142 - INFO - Epoch [4/10], Step [470], Loss: 0.6486
2026-01-26 10:19:22,316 - INFO - Epoch [4/10], Step [480], Loss: 0.8111
2026-01-26 10:19:25,882 - INFO - Epoch [4/10], Step [490], Loss: 0.6506
2026-01-26 10:19:28,355 - INFO - Epoch [4/10], Step [500], Loss: 0.7050
2026-01-26 10:19:31,708 - INFO - Epoch [4/10], Step [510], Loss: 0.7104
2026-01-26 10:19:34,465 - INFO - Epoch [4/10], Step [520], Loss: 0.6796
2026-01-26 10:19:37,371 - INFO - Epoch [4/10], Step [530], Loss: 0.7009
2026-01-26 10:19:39,957 - INFO - Epoch [4/10], Step [540], Loss: 0.6548
2026-01-26 10:19:43,087 - INFO - Epoch [4/10], Step [550], Loss: 0.7179
2026-01-26 10:19:46,001 - INFO - Epoch [4/10], Step [560], Loss: 0.7148
2026-01-26 10:19:51,036 - INFO - Epoch [4/10], Step [570], Loss: 0.7379
2026-01-26 10:19:55,602 - INFO - Epoch [4/10], Step [580], Loss: 0.7088
2026-01-26 10:20:01,001 - INFO - Epoch [4/10], Step [590], Loss: 0.6931
2026-01-26 10:20:06,076 - INFO - Epoch [4/10], Step [600], Loss: 0.7027
2026-01-26 10:20:09,892 - INFO - Epoch [4/10], Step [610], Loss: 0.4597
2026-01-26 10:20:13,009 - INFO - Epoch [4/10], Step [620], Loss: 0.6004
2026-01-26 10:20:17,267 - INFO - Epoch [4/10], Step [630], Loss: 0.6397
2026-01-26 10:20:20,953 - INFO - Epoch [4/10], Step [640], Loss: 0.6937
2026-01-26 10:20:24,038 - INFO - Epoch [4/10], Step [650], Loss: 0.7656
2026-01-26 10:20:26,746 - INFO - Epoch [4/10], Step [660], Loss: 0.7216
2026-01-26 10:20:29,736 - INFO - Epoch [4/10], Step [670], Loss: 0.6477
2026-01-26 10:20:33,094 - INFO - Epoch [4/10], Step [680], Loss: 0.7127
2026-01-26 10:20:36,749 - INFO - Epoch [4/10], Step [690], Loss: 0.7111
2026-01-26 10:20:40,189 - INFO - Epoch [4/10], Step [700], Loss: 0.7496
2026-01-26 10:20:44,012 - INFO - Epoch [4/10], Step [710], Loss: 0.7064
2026-01-26 10:20:47,913 - INFO - Epoch [4/10], Step [720], Loss: 0.6341
2026-01-26 10:20:51,680 - INFO - Epoch [4/10], Step [730], Loss: 0.7110
2026-01-26 10:20:54,720 - INFO - Epoch [4/10], Step [740], Loss: 0.9446
2026-01-26 10:20:59,808 - INFO - Epoch [4/10], Step [750], Loss: 0.5780
2026-01-26 10:21:06,284 - INFO - Epoch [4/10], Step [760], Loss: 0.7304
2026-01-26 10:21:09,866 - INFO - Epoch [4/10], Step [770], Loss: 0.7841
2026-01-26 10:21:13,640 - INFO - Epoch [4/10], Step [780], Loss: 0.7038
2026-01-26 10:21:16,792 - INFO - Epoch [4/10], Step [790], Loss: 0.6341
2026-01-26 10:21:20,678 - INFO - Epoch [4/10], Step [800], Loss: 0.7066
2026-01-26 10:21:23,850 - INFO - Epoch [4/10], Step [810], Loss: 0.6450
2026-01-26 10:21:27,083 - INFO - Epoch [4/10], Step [820], Loss: 0.6932
2026-01-26 10:21:30,318 - INFO - Epoch [4/10], Step [830], Loss: 0.6956
2026-01-26 10:21:34,015 - INFO - Epoch [4/10], Step [840], Loss: 0.6639
2026-01-26 10:21:37,371 - INFO - Epoch [4/10], Step [850], Loss: 0.6602
2026-01-26 10:21:40,162 - INFO - Epoch [4/10], Step [860], Loss: 0.6934
2026-01-26 10:21:43,621 - INFO - Epoch [4/10], Step [870], Loss: 0.6417
2026-01-26 10:21:48,194 - INFO - Epoch [4/10], Step [880], Loss: 0.7407
2026-01-26 10:21:52,553 - INFO - Epoch [4/10], Step [890], Loss: 0.7125
2026-01-26 10:21:56,020 - INFO - Epoch [4/10], Step [900], Loss: 0.7149
2026-01-26 10:21:56,272 - INFO - Epoch 4 Finished. Train Loss: 0.6977 | Train Acc: 0.5078 | Train F1: 0.4852
2026-01-26 10:21:56,273 - INFO - Running Validation for Epoch 4...
2026-01-26 10:22:53,234 - INFO - [Val] Loss: 0.6920 | Accuracy: 0.5320 | F1: 0.3694
2026-01-26 10:22:53,235 - INFO - Running Testing for Epoch 4...
2026-01-26 10:23:44,968 - INFO - [Test] Loss: 0.6916 | Accuracy: 0.5436 | F1: 0.3829
2026-01-26 10:23:49,620 - INFO - Saved checkpoint to xxxxxxxxxxxxxxxxxxxxxxxxxxxxBrainLM-main/output/hcp13/finetuned_checkpoint_epoch_4.pt
2026-01-26 10:23:49,984 - INFO - Epoch [5/10], Step [0], Loss: 0.6934
2026-01-26 10:23:53,558 - INFO - Epoch [5/10], Step [10], Loss: 0.6709
2026-01-26 10:23:58,438 - INFO - Epoch [5/10], Step [20], Loss: 0.6768
2026-01-26 10:24:01,422 - INFO - Epoch [5/10], Step [30], Loss: 0.6443
2026-01-26 10:24:05,145 - INFO - Epoch [5/10], Step [40], Loss: 0.7025
2026-01-26 10:24:08,095 - INFO - Epoch [5/10], Step [50], Loss: 0.7998
2026-01-26 10:24:13,865 - INFO - Epoch [5/10], Step [60], Loss: 0.7053
2026-01-26 10:24:19,777 - INFO - Epoch [5/10], Step [70], Loss: 0.7011
2026-01-26 10:24:22,643 - INFO - Epoch [5/10], Step [80], Loss: 0.6721
2026-01-26 10:24:25,608 - INFO - Epoch [5/10], Step [90], Loss: 0.7028
2026-01-26 10:24:28,803 - INFO - Epoch [5/10], Step [100], Loss: 0.7659
2026-01-26 10:24:32,747 - INFO - Epoch [5/10], Step [110], Loss: 0.6856
2026-01-26 10:24:36,227 - INFO - Epoch [5/10], Step [120], Loss: 0.7166
2026-01-26 10:24:38,804 - INFO - Epoch [5/10], Step [130], Loss: 0.6938
2026-01-26 10:24:42,504 - INFO - Epoch [5/10], Step [140], Loss: 0.7017
2026-01-26 10:24:45,797 - INFO - Epoch [5/10], Step [150], Loss: 0.7151
2026-01-26 10:24:48,642 - INFO - Epoch [5/10], Step [160], Loss: 0.6328
2026-01-26 10:24:53,254 - INFO - Epoch [5/10], Step [170], Loss: 0.6964
2026-01-26 10:24:57,424 - INFO - Epoch [5/10], Step [180], Loss: 0.6961
2026-01-26 10:25:00,980 - INFO - Epoch [5/10], Step [190], Loss: 0.6333
2026-01-26 10:25:04,507 - INFO - Epoch [5/10], Step [200], Loss: 0.7081
2026-01-26 10:25:09,924 - INFO - Epoch [5/10], Step [210], Loss: 0.6963
2026-01-26 10:25:15,723 - INFO - Epoch [5/10], Step [220], Loss: 0.6722
2026-01-26 10:25:18,988 - INFO - Epoch [5/10], Step [230], Loss: 0.6970
2026-01-26 10:25:22,141 - INFO - Epoch [5/10], Step [240], Loss: 0.6955
2026-01-26 10:25:25,311 - INFO - Epoch [5/10], Step [250], Loss: 0.7077
2026-01-26 10:25:29,099 - INFO - Epoch [5/10], Step [260], Loss: 0.6941
2026-01-26 10:25:33,002 - INFO - Epoch [5/10], Step [270], Loss: 0.7217
2026-01-26 10:25:35,859 - INFO - Epoch [5/10], Step [280], Loss: 0.6177
2026-01-26 10:25:38,701 - INFO - Epoch [5/10], Step [290], Loss: 0.7159
2026-01-26 10:25:41,832 - INFO - Epoch [5/10], Step [300], Loss: 0.8644
2026-01-26 10:25:45,658 - INFO - Epoch [5/10], Step [310], Loss: 0.7384
2026-01-26 10:25:49,231 - INFO - Epoch [5/10], Step [320], Loss: 0.8294
2026-01-26 10:25:53,948 - INFO - Epoch [5/10], Step [330], Loss: 0.8787
2026-01-26 10:25:56,744 - INFO - Epoch [5/10], Step [340], Loss: 0.6383
2026-01-26 10:26:00,915 - INFO - Epoch [5/10], Step [350], Loss: 0.7239
2026-01-26 10:26:03,919 - INFO - Epoch [5/10], Step [360], Loss: 0.7601
2026-01-26 10:26:07,190 - INFO - Epoch [5/10], Step [370], Loss: 0.6939
2026-01-26 10:26:10,113 - INFO - Epoch [5/10], Step [380], Loss: 0.6966
2026-01-26 10:26:13,217 - INFO - Epoch [5/10], Step [390], Loss: 0.7453
2026-01-26 10:26:16,427 - INFO - Epoch [5/10], Step [400], Loss: 0.7009
2026-01-26 10:26:19,325 - INFO - Epoch [5/10], Step [410], Loss: 0.6711
2026-01-26 10:26:22,781 - INFO - Epoch [5/10], Step [420], Loss: 0.6697
2026-01-26 10:26:26,485 - INFO - Epoch [5/10], Step [430], Loss: 0.6963
2026-01-26 10:26:29,417 - INFO - Epoch [5/10], Step [440], Loss: 0.7312
2026-01-26 10:26:32,696 - INFO - Epoch [5/10], Step [450], Loss: 0.7331
2026-01-26 10:26:36,504 - INFO - Epoch [5/10], Step [460], Loss: 0.7074
2026-01-26 10:26:39,625 - INFO - Epoch [5/10], Step [470], Loss: 0.7107
2026-01-26 10:26:43,012 - INFO - Epoch [5/10], Step [480], Loss: 0.6421
2026-01-26 10:26:47,193 - INFO - Epoch [5/10], Step [490], Loss: 0.6935
2026-01-26 10:26:50,614 - INFO - Epoch [5/10], Step [500], Loss: 0.6681
2026-01-26 10:26:54,226 - INFO - Epoch [5/10], Step [510], Loss: 0.6444
2026-01-26 10:26:59,780 - INFO - Epoch [5/10], Step [520], Loss: 0.6124
2026-01-26 10:27:03,182 - INFO - Epoch [5/10], Step [530], Loss: 0.6967
2026-01-26 10:27:06,529 - INFO - Epoch [5/10], Step [540], Loss: 0.7521
2026-01-26 10:27:10,234 - INFO - Epoch [5/10], Step [550], Loss: 0.6526
2026-01-26 10:27:14,378 - INFO - Epoch [5/10], Step [560], Loss: 0.7005
2026-01-26 10:27:17,697 - INFO - Epoch [5/10], Step [570], Loss: 0.7298
2026-01-26 10:27:20,888 - INFO - Epoch [5/10], Step [580], Loss: 0.7070
2026-01-26 10:27:24,473 - INFO - Epoch [5/10], Step [590], Loss: 0.7741
2026-01-26 10:27:28,087 - INFO - Epoch [5/10], Step [600], Loss: 0.5706
2026-01-26 10:27:31,498 - INFO - Epoch [5/10], Step [610], Loss: 0.9384
2026-01-26 10:27:35,770 - INFO - Epoch [5/10], Step [620], Loss: 0.6271
2026-01-26 10:27:39,928 - INFO - Epoch [5/10], Step [630], Loss: 0.6672
2026-01-26 10:27:42,800 - INFO - Epoch [5/10], Step [640], Loss: 0.7187
2026-01-26 10:27:45,416 - INFO - Epoch [5/10], Step [650], Loss: 0.6611
2026-01-26 10:27:48,249 - INFO - Epoch [5/10], Step [660], Loss: 0.6960
2026-01-26 10:27:53,451 - INFO - Epoch [5/10], Step [670], Loss: 0.6633
2026-01-26 10:27:56,589 - INFO - Epoch [5/10], Step [680], Loss: 0.4899
2026-01-26 10:27:59,122 - INFO - Epoch [5/10], Step [690], Loss: 0.5897
2026-01-26 10:28:01,538 - INFO - Epoch [5/10], Step [700], Loss: 0.7027
2026-01-26 10:28:04,075 - INFO - Epoch [5/10], Step [710], Loss: 0.6930
2026-01-26 10:28:07,482 - INFO - Epoch [5/10], Step [720], Loss: 0.6603
2026-01-26 10:28:10,512 - INFO - Epoch [5/10], Step [730], Loss: 0.6863
2026-01-26 10:28:14,271 - INFO - Epoch [5/10], Step [740], Loss: 0.7022
2026-01-26 10:28:17,348 - INFO - Epoch [5/10], Step [750], Loss: 0.6938
2026-01-26 10:28:20,745 - INFO - Epoch [5/10], Step [760], Loss: 0.6918
2026-01-26 10:28:23,648 - INFO - Epoch [5/10], Step [770], Loss: 0.6934
2026-01-26 10:28:27,249 - INFO - Epoch [5/10], Step [780], Loss: 0.6953
2026-01-26 10:28:30,691 - INFO - Epoch [5/10], Step [790], Loss: 0.6931
2026-01-26 10:28:34,622 - INFO - Epoch [5/10], Step [800], Loss: 0.6934
2026-01-26 10:28:37,137 - INFO - Epoch [5/10], Step [810], Loss: 0.6298
2026-01-26 10:28:40,016 - INFO - Epoch [5/10], Step [820], Loss: 0.6260
2026-01-26 10:28:43,201 - INFO - Epoch [5/10], Step [830], Loss: 0.9046
2026-01-26 10:28:46,588 - INFO - Epoch [5/10], Step [840], Loss: 0.8551
2026-01-26 10:28:50,329 - INFO - Epoch [5/10], Step [850], Loss: 0.7502
2026-01-26 10:28:53,651 - INFO - Epoch [5/10], Step [860], Loss: 0.5877
2026-01-26 10:28:57,535 - INFO - Epoch [5/10], Step [870], Loss: 0.5249
2026-01-26 10:29:01,796 - INFO - Epoch [5/10], Step [880], Loss: 0.6590
2026-01-26 10:29:05,917 - INFO - Epoch [5/10], Step [890], Loss: 0.8196
2026-01-26 10:29:09,736 - INFO - Epoch [5/10], Step [900], Loss: 0.6641
2026-01-26 10:29:10,070 - INFO - Epoch 5 Finished. Train Loss: 0.6939 | Train Acc: 0.5219 | Train F1: 0.5066
2026-01-26 10:29:10,070 - INFO - Running Validation for Epoch 5...
2026-01-26 10:30:05,941 - INFO - [Val] Loss: 0.6883 | Accuracy: 0.5776 | F1: 0.5589
2026-01-26 10:30:05,941 - INFO - Running Testing for Epoch 5...
2026-01-26 10:30:53,484 - INFO - [Test] Loss: 0.6889 | Accuracy: 0.5843 | F1: 0.5701
2026-01-26 10:30:53,535 - INFO - Saved checkpoint to xxxxxxxxxxxxxxxxxxxxxxxxxxxxBrainLM-main/output/hcp13/finetuned_checkpoint_epoch_5.pt
2026-01-26 10:30:53,592 - INFO - 🏆 New Best Model (Val Acc: 0.5776, Val F1: 0.5589) saved to xxxxxxxxxxxxxxxxxxxxxxxxxxxxBrainLM-main/output/hcp13/finetuned_checkpoint_best.pt
2026-01-26 10:30:53,834 - INFO - Epoch [6/10], Step [0], Loss: 0.6787
2026-01-26 10:30:56,692 - INFO - Epoch [6/10], Step [10], Loss: 0.7954
2026-01-26 10:31:00,688 - INFO - Epoch [6/10], Step [20], Loss: 0.7075
2026-01-26 10:31:06,490 - INFO - Epoch [6/10], Step [30], Loss: 0.6874
2026-01-26 10:31:11,030 - INFO - Epoch [6/10], Step [40], Loss: 0.6868
2026-01-26 10:31:17,243 - INFO - Epoch [6/10], Step [50], Loss: 0.6955
2026-01-26 10:31:20,754 - INFO - Epoch [6/10], Step [60], Loss: 0.6966
2026-01-26 10:31:24,089 - INFO - Epoch [6/10], Step [70], Loss: 0.7707
2026-01-26 10:31:27,249 - INFO - Epoch [6/10], Step [80], Loss: 0.8607
2026-01-26 10:31:29,978 - INFO - Epoch [6/10], Step [90], Loss: 0.6575
2026-01-26 10:31:33,693 - INFO - Epoch [6/10], Step [100], Loss: 0.6384
2026-01-26 10:31:37,273 - INFO - Epoch [6/10], Step [110], Loss: 0.7527
2026-01-26 10:31:40,340 - INFO - Epoch [6/10], Step [120], Loss: 0.7464
2026-01-26 10:31:43,759 - INFO - Epoch [6/10], Step [130], Loss: 0.7425
2026-01-26 10:31:46,667 - INFO - Epoch [6/10], Step [140], Loss: 0.6266
2026-01-26 10:31:50,804 - INFO - Epoch [6/10], Step [150], Loss: 0.6944
2026-01-26 10:31:53,689 - INFO - Epoch [6/10], Step [160], Loss: 0.6131
2026-01-26 10:31:56,482 - INFO - Epoch [6/10], Step [170], Loss: 0.3939
2026-01-26 10:31:59,541 - INFO - Epoch [6/10], Step [180], Loss: 0.7635
2026-01-26 10:32:02,079 - INFO - Epoch [6/10], Step [190], Loss: 0.8800
2026-01-26 10:32:05,185 - INFO - Epoch [6/10], Step [200], Loss: 0.6733
2026-01-26 10:32:08,218 - INFO - Epoch [6/10], Step [210], Loss: 0.6289
2026-01-26 10:32:11,364 - INFO - Epoch [6/10], Step [220], Loss: 0.6720
2026-01-26 10:32:14,182 - INFO - Epoch [6/10], Step [230], Loss: 0.5812
2026-01-26 10:32:17,825 - INFO - Epoch [6/10], Step [240], Loss: 0.5914
2026-01-26 10:32:20,978 - INFO - Epoch [6/10], Step [250], Loss: 0.7286
2026-01-26 10:32:24,625 - INFO - Epoch [6/10], Step [260], Loss: 0.6606
2026-01-26 10:32:27,784 - INFO - Epoch [6/10], Step [270], Loss: 0.7149
2026-01-26 10:32:30,834 - INFO - Epoch [6/10], Step [280], Loss: 0.5855
2026-01-26 10:32:33,443 - INFO - Epoch [6/10], Step [290], Loss: 0.6778
2026-01-26 10:32:36,708 - INFO - Epoch [6/10], Step [300], Loss: 0.6819
2026-01-26 10:32:39,369 - INFO - Epoch [6/10], Step [310], Loss: 0.6952
2026-01-26 10:32:42,173 - INFO - Epoch [6/10], Step [320], Loss: 0.7054
2026-01-26 10:32:45,744 - INFO - Epoch [6/10], Step [330], Loss: 0.7089
2026-01-26 10:32:48,591 - INFO - Epoch [6/10], Step [340], Loss: 0.5765
2026-01-26 10:32:51,753 - INFO - Epoch [6/10], Step [350], Loss: 0.6316
2026-01-26 10:32:55,668 - INFO - Epoch [6/10], Step [360], Loss: 0.6950
2026-01-26 10:32:59,274 - INFO - Epoch [6/10], Step [370], Loss: 0.7224
2026-01-26 10:33:02,610 - INFO - Epoch [6/10], Step [380], Loss: 0.6899
2026-01-26 10:33:07,467 - INFO - Epoch [6/10], Step [390], Loss: 0.6043
2026-01-26 10:33:12,565 - INFO - Epoch [6/10], Step [400], Loss: 0.6455
2026-01-26 10:33:18,524 - INFO - Epoch [6/10], Step [410], Loss: 0.6935
2026-01-26 10:33:22,669 - INFO - Epoch [6/10], Step [420], Loss: 0.7159
2026-01-26 10:33:25,607 - INFO - Epoch [6/10], Step [430], Loss: 0.6027
2026-01-26 10:33:29,113 - INFO - Epoch [6/10], Step [440], Loss: 0.7245
2026-01-26 10:33:32,373 - INFO - Epoch [6/10], Step [450], Loss: 0.7024
2026-01-26 10:33:35,584 - INFO - Epoch [6/10], Step [460], Loss: 0.6941
2026-01-26 10:33:38,550 - INFO - Epoch [6/10], Step [470], Loss: 0.7905
2026-01-26 10:33:42,325 - INFO - Epoch [6/10], Step [480], Loss: 0.6938
2026-01-26 10:33:45,283 - INFO - Epoch [6/10], Step [490], Loss: 0.7041
2026-01-26 10:33:48,352 - INFO - Epoch [6/10], Step [500], Loss: 0.7052
2026-01-26 10:33:52,081 - INFO - Epoch [6/10], Step [510], Loss: 0.7323
2026-01-26 10:33:54,616 - INFO - Epoch [6/10], Step [520], Loss: 0.7678
2026-01-26 10:33:57,826 - INFO - Epoch [6/10], Step [530], Loss: 0.7031
2026-01-26 10:34:00,450 - INFO - Epoch [6/10], Step [540], Loss: 0.6945
2026-01-26 10:34:03,578 - INFO - Epoch [6/10], Step [550], Loss: 0.6815
2026-01-26 10:34:06,603 - INFO - Epoch [6/10], Step [560], Loss: 0.6307
2026-01-26 10:34:11,347 - INFO - Epoch [6/10], Step [570], Loss: 0.7176
2026-01-26 10:34:17,783 - INFO - Epoch [6/10], Step [580], Loss: 0.6086
2026-01-26 10:34:22,707 - INFO - Epoch [6/10], Step [590], Loss: 0.7026
2026-01-26 10:34:26,073 - INFO - Epoch [6/10], Step [600], Loss: 0.7433
2026-01-26 10:34:29,377 - INFO - Epoch [6/10], Step [610], Loss: 0.7226
2026-01-26 10:34:32,827 - INFO - Epoch [6/10], Step [620], Loss: 0.6932
2026-01-26 10:34:36,223 - INFO - Epoch [6/10], Step [630], Loss: 0.6732
2026-01-26 10:34:39,532 - INFO - Epoch [6/10], Step [640], Loss: 0.6801
2026-01-26 10:34:43,197 - INFO - Epoch [6/10], Step [650], Loss: 0.7170
2026-01-26 10:34:46,502 - INFO - Epoch [6/10], Step [660], Loss: 0.6932
2026-01-26 10:34:49,716 - INFO - Epoch [6/10], Step [670], Loss: 0.6654
2026-01-26 10:34:53,601 - INFO - Epoch [6/10], Step [680], Loss: 0.8315
2026-01-26 10:34:56,928 - INFO - Epoch [6/10], Step [690], Loss: 0.7610
2026-01-26 10:34:59,699 - INFO - Epoch [6/10], Step [700], Loss: 0.7429
2026-01-26 10:35:02,623 - INFO - Epoch [6/10], Step [710], Loss: 0.7044
2026-01-26 10:35:05,982 - INFO - Epoch [6/10], Step [720], Loss: 0.6946
2026-01-26 10:35:11,596 - INFO - Epoch [6/10], Step [730], Loss: 0.7063
2026-01-26 10:35:17,298 - INFO - Epoch [6/10], Step [740], Loss: 0.7001
2026-01-26 10:35:23,101 - INFO - Epoch [6/10], Step [750], Loss: 0.7276
2026-01-26 10:35:26,293 - INFO - Epoch [6/10], Step [760], Loss: 0.6940
2026-01-26 10:35:29,562 - INFO - Epoch [6/10], Step [770], Loss: 0.6913
2026-01-26 10:35:31,974 - INFO - Epoch [6/10], Step [780], Loss: 0.6973
2026-01-26 10:35:35,292 - INFO - Epoch [6/10], Step [790], Loss: 0.6873
2026-01-26 10:35:37,904 - INFO - Epoch [6/10], Step [800], Loss: 0.7004
2026-01-26 10:35:40,800 - INFO - Epoch [6/10], Step [810], Loss: 0.7697
2026-01-26 10:35:44,047 - INFO - Epoch [6/10], Step [820], Loss: 0.6457
2026-01-26 10:35:47,534 - INFO - Epoch [6/10], Step [830], Loss: 0.7393
2026-01-26 10:35:50,442 - INFO - Epoch [6/10], Step [840], Loss: 0.7388
2026-01-26 10:35:52,963 - INFO - Epoch [6/10], Step [850], Loss: 0.6856
2026-01-26 10:35:55,874 - INFO - Epoch [6/10], Step [860], Loss: 0.6950
2026-01-26 10:35:58,939 - INFO - Epoch [6/10], Step [870], Loss: 0.6968
2026-01-26 10:36:01,573 - INFO - Epoch [6/10], Step [880], Loss: 0.6931
2026-01-26 10:36:05,072 - INFO - Epoch [6/10], Step [890], Loss: 0.6370
2026-01-26 10:36:11,086 - INFO - Epoch [6/10], Step [900], Loss: 0.7084
2026-01-26 10:36:11,627 - INFO - Epoch 6 Finished. Train Loss: 0.6954 | Train Acc: 0.5119 | Train F1: 0.4806
2026-01-26 10:36:11,627 - INFO - Running Validation for Epoch 6...
2026-01-26 10:37:02,775 - INFO - [Val] Loss: 0.6970 | Accuracy: 0.5320 | F1: 0.3694
2026-01-26 10:37:02,776 - INFO - Running Testing for Epoch 6...
2026-01-26 10:37:54,492 - INFO - [Test] Loss: 0.6930 | Accuracy: 0.5436 | F1: 0.3829
2026-01-26 10:37:55,304 - INFO - Saved checkpoint to xxxxxxxxxxxxxxxxxxxxxxxxxxxxBrainLM-main/output/hcp13/finetuned_checkpoint_epoch_6.pt
2026-01-26 10:37:55,545 - INFO - Epoch [7/10], Step [0], Loss: 0.7947
2026-01-26 10:37:58,602 - INFO - Epoch [7/10], Step [10], Loss: 0.7049
2026-01-26 10:38:01,437 - INFO - Epoch [7/10], Step [20], Loss: 0.7984
2026-01-26 10:38:04,436 - INFO - Epoch [7/10], Step [30], Loss: 0.7141
2026-01-26 10:38:10,192 - INFO - Epoch [7/10], Step [40], Loss: 0.7121
2026-01-26 10:38:14,292 - INFO - Epoch [7/10], Step [50], Loss: 0.6450
2026-01-26 10:38:18,388 - INFO - Epoch [7/10], Step [60], Loss: 0.6485
2026-01-26 10:38:21,336 - INFO - Epoch [7/10], Step [70], Loss: 0.6932
2026-01-26 10:38:24,247 - INFO - Epoch [7/10], Step [80], Loss: 0.6941
2026-01-26 10:38:27,209 - INFO - Epoch [7/10], Step [90], Loss: 0.7034
2026-01-26 10:38:30,358 - INFO - Epoch [7/10], Step [100], Loss: 0.6966
2026-01-26 10:38:35,431 - INFO - Epoch [7/10], Step [110], Loss: 0.7342
2026-01-26 10:38:40,151 - INFO - Epoch [7/10], Step [120], Loss: 0.6943
2026-01-26 10:38:43,294 - INFO - Epoch [7/10], Step [130], Loss: 0.6718
2026-01-26 10:38:46,800 - INFO - Epoch [7/10], Step [140], Loss: 0.7807
2026-01-26 10:38:49,261 - INFO - Epoch [7/10], Step [150], Loss: 0.6594
2026-01-26 10:38:52,788 - INFO - Epoch [7/10], Step [160], Loss: 0.6950
2026-01-26 10:38:55,512 - INFO - Epoch [7/10], Step [170], Loss: 0.6709
2026-01-26 10:38:58,879 - INFO - Epoch [7/10], Step [180], Loss: 0.7006
2026-01-26 10:39:01,837 - INFO - Epoch [7/10], Step [190], Loss: 0.6977
2026-01-26 10:39:04,692 - INFO - Epoch [7/10], Step [200], Loss: 0.6239
2026-01-26 10:39:08,338 - INFO - Epoch [7/10], Step [210], Loss: 0.7341
2026-01-26 10:39:13,657 - INFO - Epoch [7/10], Step [220], Loss: 0.3964
2026-01-26 10:39:18,031 - INFO - Epoch [7/10], Step [230], Loss: 0.7421
2026-01-26 10:39:21,827 - INFO - Epoch [7/10], Step [240], Loss: 0.6101
2026-01-26 10:39:25,068 - INFO - Epoch [7/10], Step [250], Loss: 0.6989
2026-01-26 10:39:27,484 - INFO - Epoch [7/10], Step [260], Loss: 0.6566
2026-01-26 10:39:32,025 - INFO - Epoch [7/10], Step [270], Loss: 0.6949
2026-01-26 10:39:36,990 - INFO - Epoch [7/10], Step [280], Loss: 0.6793
2026-01-26 10:39:41,025 - INFO - Epoch [7/10], Step [290], Loss: 0.6242
2026-01-26 10:39:43,813 - INFO - Epoch [7/10], Step [300], Loss: 0.7033
2026-01-26 10:39:47,161 - INFO - Epoch [7/10], Step [310], Loss: 0.7014
2026-01-26 10:39:50,561 - INFO - Epoch [7/10], Step [320], Loss: 0.7194
2026-01-26 10:39:53,408 - INFO - Epoch [7/10], Step [330], Loss: 0.6544
2026-01-26 10:39:56,718 - INFO - Epoch [7/10], Step [340], Loss: 0.6948
2026-01-26 10:39:59,914 - INFO - Epoch [7/10], Step [350], Loss: 0.6911
2026-01-26 10:40:03,216 - INFO - Epoch [7/10], Step [360], Loss: 0.6636
2026-01-26 10:40:06,056 - INFO - Epoch [7/10], Step [370], Loss: 0.6949
2026-01-26 10:40:10,392 - INFO - Epoch [7/10], Step [380], Loss: 0.6932
2026-01-26 10:40:14,017 - INFO - Epoch [7/10], Step [390], Loss: 0.6940
2026-01-26 10:40:16,778 - INFO - Epoch [7/10], Step [400], Loss: 0.6939
2026-01-26 10:40:20,121 - INFO - Epoch [7/10], Step [410], Loss: 0.7546
2026-01-26 10:40:25,127 - INFO - Epoch [7/10], Step [420], Loss: 0.5606
2026-01-26 10:40:31,965 - INFO - Epoch [7/10], Step [430], Loss: 0.6180
2026-01-26 10:40:34,730 - INFO - Epoch [7/10], Step [440], Loss: 0.7073
2026-01-26 10:40:37,917 - INFO - Epoch [7/10], Step [450], Loss: 0.6991
2026-01-26 10:40:40,532 - INFO - Epoch [7/10], Step [460], Loss: 0.6932
2026-01-26 10:40:43,309 - INFO - Epoch [7/10], Step [470], Loss: 0.6561
2026-01-26 10:40:46,797 - INFO - Epoch [7/10], Step [480], Loss: 0.5317
2026-01-26 10:40:50,127 - INFO - Epoch [7/10], Step [490], Loss: 0.7438
2026-01-26 10:40:52,986 - INFO - Epoch [7/10], Step [500], Loss: 0.5942
2026-01-26 10:40:56,286 - INFO - Epoch [7/10], Step [510], Loss: 0.6119
2026-01-26 10:40:59,684 - INFO - Epoch [7/10], Step [520], Loss: 0.7140
2026-01-26 10:41:03,183 - INFO - Epoch [7/10], Step [530], Loss: 0.6982
2026-01-26 10:41:05,601 - INFO - Epoch [7/10], Step [540], Loss: 0.6934
2026-01-26 10:41:08,995 - INFO - Epoch [7/10], Step [550], Loss: 0.7317
2026-01-26 10:41:12,118 - INFO - Epoch [7/10], Step [560], Loss: 0.7346
2026-01-26 10:41:16,794 - INFO - Epoch [7/10], Step [570], Loss: 0.6969
2026-01-26 10:41:20,130 - INFO - Epoch [7/10], Step [580], Loss: 0.6800
2026-01-26 10:41:23,497 - INFO - Epoch [7/10], Step [590], Loss: 0.6785
2026-01-26 10:41:26,209 - INFO - Epoch [7/10], Step [600], Loss: 0.6295
2026-01-26 10:41:29,742 - INFO - Epoch [7/10], Step [610], Loss: 0.6038
2026-01-26 10:41:35,079 - INFO - Epoch [7/10], Step [620], Loss: 0.6128
2026-01-26 10:41:40,431 - INFO - Epoch [7/10], Step [630], Loss: 0.6146
2026-01-26 10:41:43,882 - INFO - Epoch [7/10], Step [640], Loss: 0.7649
2026-01-26 10:41:46,491 - INFO - Epoch [7/10], Step [650], Loss: 0.7676
2026-01-26 10:41:49,717 - INFO - Epoch [7/10], Step [660], Loss: 0.7009
2026-01-26 10:41:53,104 - INFO - Epoch [7/10], Step [670], Loss: 0.6803
2026-01-26 10:41:56,706 - INFO - Epoch [7/10], Step [680], Loss: 0.5922
2026-01-26 10:41:59,514 - INFO - Epoch [7/10], Step [690], Loss: 0.8271
2026-01-26 10:42:03,188 - INFO - Epoch [7/10], Step [700], Loss: 0.6137
2026-01-26 10:42:06,176 - INFO - Epoch [7/10], Step [710], Loss: 0.6177
2026-01-26 10:42:09,274 - INFO - Epoch [7/10], Step [720], Loss: 0.7074
2026-01-26 10:42:12,319 - INFO - Epoch [7/10], Step [730], Loss: 0.5756
2026-01-26 10:42:15,619 - INFO - Epoch [7/10], Step [740], Loss: 0.6830
2026-01-26 10:42:20,875 - INFO - Epoch [7/10], Step [750], Loss: 0.6773
2026-01-26 10:42:23,951 - INFO - Epoch [7/10], Step [760], Loss: 0.6943
2026-01-26 10:42:27,921 - INFO - Epoch [7/10], Step [770], Loss: 0.7389
2026-01-26 10:42:30,910 - INFO - Epoch [7/10], Step [780], Loss: 0.6099
2026-01-26 10:42:35,940 - INFO - Epoch [7/10], Step [790], Loss: 0.7024
2026-01-26 10:42:41,255 - INFO - Epoch [7/10], Step [800], Loss: 0.7117
2026-01-26 10:42:45,874 - INFO - Epoch [7/10], Step [810], Loss: 0.5879
2026-01-26 10:42:48,830 - INFO - Epoch [7/10], Step [820], Loss: 0.7069
2026-01-26 10:42:51,359 - INFO - Epoch [7/10], Step [830], Loss: 0.6120
2026-01-26 10:42:54,714 - INFO - Epoch [7/10], Step [840], Loss: 0.6042
2026-01-26 10:42:57,859 - INFO - Epoch [7/10], Step [850], Loss: 0.7121
2026-01-26 10:43:00,907 - INFO - Epoch [7/10], Step [860], Loss: 0.6940
2026-01-26 10:43:04,853 - INFO - Epoch [7/10], Step [870], Loss: 0.7943
2026-01-26 10:43:07,892 - INFO - Epoch [7/10], Step [880], Loss: 0.7105
2026-01-26 10:43:11,307 - INFO - Epoch [7/10], Step [890], Loss: 0.6932
2026-01-26 10:43:16,782 - INFO - Epoch [7/10], Step [900], Loss: 0.6631
2026-01-26 10:43:17,063 - INFO - Epoch 7 Finished. Train Loss: 0.6926 | Train Acc: 0.5225 | Train F1: 0.4957
2026-01-26 10:43:17,063 - INFO - Running Validation for Epoch 7...
2026-01-26 10:44:05,262 - INFO - [Val] Loss: 0.6914 | Accuracy: 0.5320 | F1: 0.3694
2026-01-26 10:44:05,262 - INFO - Running Testing for Epoch 7...
2026-01-26 10:44:54,111 - INFO - [Test] Loss: 0.6906 | Accuracy: 0.5436 | F1: 0.3829
2026-01-26 10:44:54,319 - INFO - Saved checkpoint to xxxxxxxxxxxxxxxxxxxxxxxxxxxxBrainLM-main/output/hcp13/finetuned_checkpoint_epoch_7.pt
2026-01-26 10:44:54,564 - INFO - Epoch [8/10], Step [0], Loss: 0.6938
2026-01-26 10:44:57,532 - INFO - Epoch [8/10], Step [10], Loss: 0.7325
2026-01-26 10:45:01,262 - INFO - Epoch [8/10], Step [20], Loss: 0.6932
2026-01-26 10:45:04,732 - INFO - Epoch [8/10], Step [30], Loss: 0.6932
2026-01-26 10:45:07,742 - INFO - Epoch [8/10], Step [40], Loss: 0.6508
2026-01-26 10:45:10,325 - INFO - Epoch [8/10], Step [50], Loss: 0.6294
2026-01-26 10:45:13,554 - INFO - Epoch [8/10], Step [60], Loss: 0.6966
2026-01-26 10:45:17,394 - INFO - Epoch [8/10], Step [70], Loss: 0.6962
2026-01-26 10:45:20,684 - INFO - Epoch [8/10], Step [80], Loss: 0.6956
2026-01-26 10:45:23,747 - INFO - Epoch [8/10], Step [90], Loss: 0.7133
2026-01-26 10:45:27,427 - INFO - Epoch [8/10], Step [100], Loss: 0.8369
2026-01-26 10:45:30,416 - INFO - Epoch [8/10], Step [110], Loss: 0.6975
2026-01-26 10:45:34,082 - INFO - Epoch [8/10], Step [120], Loss: 0.6942
2026-01-26 10:45:37,346 - INFO - Epoch [8/10], Step [130], Loss: 0.6402
2026-01-26 10:45:40,132 - INFO - Epoch [8/10], Step [140], Loss: 0.6432
2026-01-26 10:45:42,539 - INFO - Epoch [8/10], Step [150], Loss: 0.6461
2026-01-26 10:45:45,644 - INFO - Epoch [8/10], Step [160], Loss: 0.6259
2026-01-26 10:45:49,266 - INFO - Epoch [8/10], Step [170], Loss: 0.7221
2026-01-26 10:45:52,864 - INFO - Epoch [8/10], Step [180], Loss: 0.7079
2026-01-26 10:45:56,262 - INFO - Epoch [8/10], Step [190], Loss: 0.6477
2026-01-26 10:45:58,994 - INFO - Epoch [8/10], Step [200], Loss: 0.6479
2026-01-26 10:46:02,503 - INFO - Epoch [8/10], Step [210], Loss: 0.6439
2026-01-26 10:46:06,162 - INFO - Epoch [8/10], Step [220], Loss: 0.7568
2026-01-26 10:46:08,660 - INFO - Epoch [8/10], Step [230], Loss: 0.6975
2026-01-26 10:46:11,602 - INFO - Epoch [8/10], Step [240], Loss: 0.6981
2026-01-26 10:46:14,850 - INFO - Epoch [8/10], Step [250], Loss: 0.6939
2026-01-26 10:46:18,529 - INFO - Epoch [8/10], Step [260], Loss: 0.7063
2026-01-26 10:46:23,934 - INFO - Epoch [8/10], Step [270], Loss: 0.7087
2026-01-26 10:46:26,646 - INFO - Epoch [8/10], Step [280], Loss: 0.6960
2026-01-26 10:46:29,718 - INFO - Epoch [8/10], Step [290], Loss: 0.7660
2026-01-26 10:46:32,579 - INFO - Epoch [8/10], Step [300], Loss: 0.6973
2026-01-26 10:46:36,115 - INFO - Epoch [8/10], Step [310], Loss: 0.7423
2026-01-26 10:46:39,682 - INFO - Epoch [8/10], Step [320], Loss: 0.6940
2026-01-26 10:46:43,754 - INFO - Epoch [8/10], Step [330], Loss: 0.6941
2026-01-26 10:46:46,847 - INFO - Epoch [8/10], Step [340], Loss: 0.7545
2026-01-26 10:46:49,371 - INFO - Epoch [8/10], Step [350], Loss: 0.7926
2026-01-26 10:46:52,353 - INFO - Epoch [8/10], Step [360], Loss: 0.6444
2026-01-26 10:46:55,441 - INFO - Epoch [8/10], Step [370], Loss: 0.7402
2026-01-26 10:46:58,898 - INFO - Epoch [8/10], Step [380], Loss: 0.7010
2026-01-26 10:47:01,790 - INFO - Epoch [8/10], Step [390], Loss: 0.6873
2026-01-26 10:47:04,857 - INFO - Epoch [8/10], Step [400], Loss: 0.6932
2026-01-26 10:47:07,686 - INFO - Epoch [8/10], Step [410], Loss: 0.6333
2026-01-26 10:47:11,233 - INFO - Epoch [8/10], Step [420], Loss: 0.7251
2026-01-26 10:47:15,624 - INFO - Epoch [8/10], Step [430], Loss: 0.7001
2026-01-26 10:47:19,383 - INFO - Epoch [8/10], Step [440], Loss: 0.6885
2026-01-26 10:47:23,642 - INFO - Epoch [8/10], Step [450], Loss: 0.7466
2026-01-26 10:47:26,552 - INFO - Epoch [8/10], Step [460], Loss: 0.6945
2026-01-26 10:47:30,000 - INFO - Epoch [8/10], Step [470], Loss: 0.7186
2026-01-26 10:47:33,450 - INFO - Epoch [8/10], Step [480], Loss: 0.6937
2026-01-26 10:47:36,523 - INFO - Epoch [8/10], Step [490], Loss: 0.6932
2026-01-26 10:47:39,790 - INFO - Epoch [8/10], Step [500], Loss: 0.7412
2026-01-26 10:47:43,368 - INFO - Epoch [8/10], Step [510], Loss: 0.7690
2026-01-26 10:47:46,862 - INFO - Epoch [8/10], Step [520], Loss: 0.6951
2026-01-26 10:47:49,646 - INFO - Epoch [8/10], Step [530], Loss: 0.7089
2026-01-26 10:47:53,134 - INFO - Epoch [8/10], Step [540], Loss: 0.6418
2026-01-26 10:47:56,043 - INFO - Epoch [8/10], Step [550], Loss: 0.6302
2026-01-26 10:47:59,944 - INFO - Epoch [8/10], Step [560], Loss: 0.7566
2026-01-26 10:48:02,947 - INFO - Epoch [8/10], Step [570], Loss: 0.6585
2026-01-26 10:48:05,352 - INFO - Epoch [8/10], Step [580], Loss: 0.6538
2026-01-26 10:48:07,813 - INFO - Epoch [8/10], Step [590], Loss: 0.7061
2026-01-26 10:48:10,682 - INFO - Epoch [8/10], Step [600], Loss: 0.7891
2026-01-26 10:48:13,176 - INFO - Epoch [8/10], Step [610], Loss: 0.8672
2026-01-26 10:48:16,670 - INFO - Epoch [8/10], Step [620], Loss: 0.7489
2026-01-26 10:48:19,990 - INFO - Epoch [8/10], Step [630], Loss: 0.6933
2026-01-26 10:48:23,598 - INFO - Epoch [8/10], Step [640], Loss: 0.6013
2026-01-26 10:48:27,789 - INFO - Epoch [8/10], Step [650], Loss: 0.6147
2026-01-26 10:48:30,714 - INFO - Epoch [8/10], Step [660], Loss: 0.7564
2026-01-26 10:48:33,810 - INFO - Epoch [8/10], Step [670], Loss: 0.6823
2026-01-26 10:48:37,211 - INFO - Epoch [8/10], Step [680], Loss: 0.7830
2026-01-26 10:48:40,356 - INFO - Epoch [8/10], Step [690], Loss: 0.7081
2026-01-26 10:48:43,396 - INFO - Epoch [8/10], Step [700], Loss: 0.6931
2026-01-26 10:48:46,881 - INFO - Epoch [8/10], Step [710], Loss: 0.6851
2026-01-26 10:48:49,643 - INFO - Epoch [8/10], Step [720], Loss: 0.6504
2026-01-26 10:48:53,040 - INFO - Epoch [8/10], Step [730], Loss: 0.7028
2026-01-26 10:48:55,765 - INFO - Epoch [8/10], Step [740], Loss: 0.7019
2026-01-26 10:48:58,922 - INFO - Epoch [8/10], Step [750], Loss: 0.5777
2026-01-26 10:49:01,988 - INFO - Epoch [8/10], Step [760], Loss: 0.6148
2026-01-26 10:49:05,599 - INFO - Epoch [8/10], Step [770], Loss: 0.4468
2026-01-26 10:49:08,765 - INFO - Epoch [8/10], Step [780], Loss: 0.7568
2026-01-26 10:49:12,304 - INFO - Epoch [8/10], Step [790], Loss: 0.7356
2026-01-26 10:49:16,184 - INFO - Epoch [8/10], Step [800], Loss: 0.6312
2026-01-26 10:49:19,697 - INFO - Epoch [8/10], Step [810], Loss: 0.6932
2026-01-26 10:49:23,014 - INFO - Epoch [8/10], Step [820], Loss: 0.7200
2026-01-26 10:49:25,808 - INFO - Epoch [8/10], Step [830], Loss: 0.6844
2026-01-26 10:49:28,999 - INFO - Epoch [8/10], Step [840], Loss: 0.6630
2026-01-26 10:49:32,304 - INFO - Epoch [8/10], Step [850], Loss: 0.7553
2026-01-26 10:49:35,753 - INFO - Epoch [8/10], Step [860], Loss: 0.6209
2026-01-26 10:49:39,940 - INFO - Epoch [8/10], Step [870], Loss: 0.7023
2026-01-26 10:49:43,561 - INFO - Epoch [8/10], Step [880], Loss: 0.7851
2026-01-26 10:49:48,305 - INFO - Epoch [8/10], Step [890], Loss: 0.6972
2026-01-26 10:49:54,769 - INFO - Epoch [8/10], Step [900], Loss: 0.6817
2026-01-26 10:49:55,303 - INFO - Epoch 8 Finished. Train Loss: 0.6948 | Train Acc: 0.5028 | Train F1: 0.4606
2026-01-26 10:49:55,303 - INFO - Running Validation for Epoch 8...
2026-01-26 10:50:52,875 - INFO - [Val] Loss: 0.6946 | Accuracy: 0.4680 | F1: 0.2985
2026-01-26 10:50:52,876 - INFO - Running Testing for Epoch 8...
2026-01-26 10:51:45,771 - INFO - [Test] Loss: 0.6951 | Accuracy: 0.4564 | F1: 0.2860
2026-01-26 10:51:46,017 - INFO - Saved checkpoint to xxxxxxxxxxxxxxxxxxxxxxxxxxxxBrainLM-main/output/hcp13/finetuned_checkpoint_epoch_8.pt
2026-01-26 10:51:46,278 - INFO - Epoch [9/10], Step [0], Loss: 0.7034
2026-01-26 10:51:49,064 - INFO - Epoch [9/10], Step [10], Loss: 0.7057
2026-01-26 10:51:52,139 - INFO - Epoch [9/10], Step [20], Loss: 0.7077
2026-01-26 10:51:55,102 - INFO - Epoch [9/10], Step [30], Loss: 0.6926
2026-01-26 10:52:00,101 - INFO - Epoch [9/10], Step [40], Loss: 0.6938
2026-01-26 10:52:06,456 - INFO - Epoch [9/10], Step [50], Loss: 0.6099
2026-01-26 10:52:11,770 - INFO - Epoch [9/10], Step [60], Loss: 0.5715
2026-01-26 10:52:15,305 - INFO - Epoch [9/10], Step [70], Loss: 0.5128
2026-01-26 10:52:18,003 - INFO - Epoch [9/10], Step [80], Loss: 0.8694
2026-01-26 10:52:20,813 - INFO - Epoch [9/10], Step [90], Loss: 0.7060
2026-01-26 10:52:24,991 - INFO - Epoch [9/10], Step [100], Loss: 0.6979
2026-01-26 10:52:28,560 - INFO - Epoch [9/10], Step [110], Loss: 0.5927
2026-01-26 10:52:32,039 - INFO - Epoch [9/10], Step [120], Loss: 0.6270
2026-01-26 10:52:35,919 - INFO - Epoch [9/10], Step [130], Loss: 0.6932
2026-01-26 10:52:39,578 - INFO - Epoch [9/10], Step [140], Loss: 0.6993
2026-01-26 10:52:43,015 - INFO - Epoch [9/10], Step [150], Loss: 0.6891
2026-01-26 10:52:45,580 - INFO - Epoch [9/10], Step [160], Loss: 0.6932
2026-01-26 10:52:48,603 - INFO - Epoch [9/10], Step [170], Loss: 0.6897
2026-01-26 10:52:52,137 - INFO - Epoch [9/10], Step [180], Loss: 0.7296
2026-01-26 10:52:56,286 - INFO - Epoch [9/10], Step [190], Loss: 0.6446
2026-01-26 10:53:01,499 - INFO - Epoch [9/10], Step [200], Loss: 0.6441
2026-01-26 10:53:06,842 - INFO - Epoch [9/10], Step [210], Loss: 0.6078
2026-01-26 10:53:12,578 - INFO - Epoch [9/10], Step [220], Loss: 0.6986
2026-01-26 10:53:15,819 - INFO - Epoch [9/10], Step [230], Loss: 0.6982
2026-01-26 10:53:18,759 - INFO - Epoch [9/10], Step [240], Loss: 0.6941
2026-01-26 10:53:22,780 - INFO - Epoch [9/10], Step [250], Loss: 0.6994
2026-01-26 10:53:25,324 - INFO - Epoch [9/10], Step [260], Loss: 0.7030
2026-01-26 10:53:27,980 - INFO - Epoch [9/10], Step [270], Loss: 0.8095
2026-01-26 10:53:30,860 - INFO - Epoch [9/10], Step [280], Loss: 0.7125
2026-01-26 10:53:34,836 - INFO - Epoch [9/10], Step [290], Loss: 0.7013
2026-01-26 10:53:38,522 - INFO - Epoch [9/10], Step [300], Loss: 0.6960
2026-01-26 10:53:41,941 - INFO - Epoch [9/10], Step [310], Loss: 0.6113
2026-01-26 10:53:44,729 - INFO - Epoch [9/10], Step [320], Loss: 0.8171
2026-01-26 10:53:48,583 - INFO - Epoch [9/10], Step [330], Loss: 0.6978
2026-01-26 10:53:51,480 - INFO - Epoch [9/10], Step [340], Loss: 0.7752
2026-01-26 10:53:55,410 - INFO - Epoch [9/10], Step [350], Loss: 0.6934
2026-01-26 10:53:58,986 - INFO - Epoch [9/10], Step [360], Loss: 0.7107
2026-01-26 10:54:02,021 - INFO - Epoch [9/10], Step [370], Loss: 0.6932
2026-01-26 10:54:08,539 - INFO - Epoch [9/10], Step [380], Loss: 0.6677
2026-01-26 10:54:14,172 - INFO - Epoch [9/10], Step [390], Loss: 0.7179
2026-01-26 10:54:18,674 - INFO - Epoch [9/10], Step [400], Loss: 0.6544
2026-01-26 10:54:21,521 - INFO - Epoch [9/10], Step [410], Loss: 0.6981
2026-01-26 10:54:25,549 - INFO - Epoch [9/10], Step [420], Loss: 0.7242
2026-01-26 10:54:28,715 - INFO - Epoch [9/10], Step [430], Loss: 0.6973
2026-01-26 10:54:31,965 - INFO - Epoch [9/10], Step [440], Loss: 0.7024
2026-01-26 10:54:35,064 - INFO - Epoch [9/10], Step [450], Loss: 0.7001
2026-01-26 10:54:37,594 - INFO - Epoch [9/10], Step [460], Loss: 0.6950
2026-01-26 10:54:41,577 - INFO - Epoch [9/10], Step [470], Loss: 0.6677
2026-01-26 10:54:44,648 - INFO - Epoch [9/10], Step [480], Loss: 0.6393
2026-01-26 10:54:48,343 - INFO - Epoch [9/10], Step [490], Loss: 0.6962
2026-01-26 10:54:51,421 - INFO - Epoch [9/10], Step [500], Loss: 0.6940
2026-01-26 10:54:54,042 - INFO - Epoch [9/10], Step [510], Loss: 0.7018
2026-01-26 10:54:58,120 - INFO - Epoch [9/10], Step [520], Loss: 0.6998
2026-01-26 10:55:00,853 - INFO - Epoch [9/10], Step [530], Loss: 0.6382
2026-01-26 10:55:04,668 - INFO - Epoch [9/10], Step [540], Loss: 0.6196
2026-01-26 10:55:11,233 - INFO - Epoch [9/10], Step [550], Loss: 0.7827
2026-01-26 10:55:16,389 - INFO - Epoch [9/10], Step [560], Loss: 0.6996
2026-01-26 10:55:21,755 - INFO - Epoch [9/10], Step [570], Loss: 0.7129
2026-01-26 10:55:24,884 - INFO - Epoch [9/10], Step [580], Loss: 0.6933
2026-01-26 10:55:28,322 - INFO - Epoch [9/10], Step [590], Loss: 0.6996
2026-01-26 10:55:31,524 - INFO - Epoch [9/10], Step [600], Loss: 0.6379
2026-01-26 10:55:34,844 - INFO - Epoch [9/10], Step [610], Loss: 0.7093
2026-01-26 10:55:37,816 - INFO - Epoch [9/10], Step [620], Loss: 0.7117
2026-01-26 10:55:40,916 - INFO - Epoch [9/10], Step [630], Loss: 0.6411
2026-01-26 10:55:43,527 - INFO - Epoch [9/10], Step [640], Loss: 0.6931
2026-01-26 10:55:47,474 - INFO - Epoch [9/10], Step [650], Loss: 0.6938
2026-01-26 10:55:51,346 - INFO - Epoch [9/10], Step [660], Loss: 0.6886
2026-01-26 10:55:54,729 - INFO - Epoch [9/10], Step [670], Loss: 0.8025
2026-01-26 10:55:58,318 - INFO - Epoch [9/10], Step [680], Loss: 0.7024
2026-01-26 10:56:02,049 - INFO - Epoch [9/10], Step [690], Loss: 0.6948
2026-01-26 10:56:05,469 - INFO - Epoch [9/10], Step [700], Loss: 0.6956
2026-01-26 10:56:10,303 - INFO - Epoch [9/10], Step [710], Loss: 0.6710
2026-01-26 10:56:15,538 - INFO - Epoch [9/10], Step [720], Loss: 0.7082
2026-01-26 10:56:20,998 - INFO - Epoch [9/10], Step [730], Loss: 0.6941
2026-01-26 10:56:24,744 - INFO - Epoch [9/10], Step [740], Loss: 0.7312
2026-01-26 10:56:27,667 - INFO - Epoch [9/10], Step [750], Loss: 0.6188
2026-01-26 10:56:30,893 - INFO - Epoch [9/10], Step [760], Loss: 0.7154
2026-01-26 10:56:34,548 - INFO - Epoch [9/10], Step [770], Loss: 0.6156
2026-01-26 10:56:37,087 - INFO - Epoch [9/10], Step [780], Loss: 0.5532
2026-01-26 10:56:40,681 - INFO - Epoch [9/10], Step [790], Loss: 0.7132
2026-01-26 10:56:44,645 - INFO - Epoch [9/10], Step [800], Loss: 0.6113
2026-01-26 10:56:48,228 - INFO - Epoch [9/10], Step [810], Loss: 0.7797
2026-01-26 10:56:51,449 - INFO - Epoch [9/10], Step [820], Loss: 0.6987
2026-01-26 10:56:54,773 - INFO - Epoch [9/10], Step [830], Loss: 0.6574
2026-01-26 10:56:58,042 - INFO - Epoch [9/10], Step [840], Loss: 0.7282
2026-01-26 10:57:00,962 - INFO - Epoch [9/10], Step [850], Loss: 0.6915
2026-01-26 10:57:04,156 - INFO - Epoch [9/10], Step [860], Loss: 0.7087
2026-01-26 10:57:07,138 - INFO - Epoch [9/10], Step [870], Loss: 0.6939
2026-01-26 10:57:11,044 - INFO - Epoch [9/10], Step [880], Loss: 0.7707
2026-01-26 10:57:14,540 - INFO - Epoch [9/10], Step [890], Loss: 0.6987
2026-01-26 10:57:19,704 - INFO - Epoch [9/10], Step [900], Loss: 0.6159
2026-01-26 10:57:20,243 - INFO - Epoch 9 Finished. Train Loss: 0.6937 | Train Acc: 0.5208 | Train F1: 0.4714
2026-01-26 10:57:20,243 - INFO - Running Validation for Epoch 9...
2026-01-26 10:58:14,466 - INFO - [Val] Loss: 0.7024 | Accuracy: 0.5320 | F1: 0.3694
2026-01-26 10:58:14,467 - INFO - Running Testing for Epoch 9...
2026-01-26 10:59:08,544 - INFO - [Test] Loss: 0.6974 | Accuracy: 0.5436 | F1: 0.3829
2026-01-26 10:59:08,654 - INFO - Saved checkpoint to xxxxxxxxxxxxxxxxxxxxxxxxxxxxBrainLM-main/output/hcp13/finetuned_checkpoint_epoch_9.pt
2026-01-26 10:59:08,900 - INFO - Epoch [10/10], Step [0], Loss: 0.7161
2026-01-26 10:59:12,453 - INFO - Epoch [10/10], Step [10], Loss: 0.5921
2026-01-26 10:59:17,989 - INFO - Epoch [10/10], Step [20], Loss: 0.7037
2026-01-26 10:59:22,764 - INFO - Epoch [10/10], Step [30], Loss: 0.6951
2026-01-26 10:59:25,779 - INFO - Epoch [10/10], Step [40], Loss: 0.6804
2026-01-26 10:59:28,910 - INFO - Epoch [10/10], Step [50], Loss: 0.6934
2026-01-26 10:59:31,934 - INFO - Epoch [10/10], Step [60], Loss: 0.7521
2026-01-26 10:59:38,153 - INFO - Epoch [10/10], Step [70], Loss: 0.6965
2026-01-26 10:59:41,854 - INFO - Epoch [10/10], Step [80], Loss: 0.6125
2026-01-26 10:59:45,394 - INFO - Epoch [10/10], Step [90], Loss: 0.6676
2026-01-26 10:59:48,960 - INFO - Epoch [10/10], Step [100], Loss: 0.6931
2026-01-26 10:59:52,149 - INFO - Epoch [10/10], Step [110], Loss: 0.7093
2026-01-26 10:59:54,980 - INFO - Epoch [10/10], Step [120], Loss: 0.7185
2026-01-26 10:59:58,477 - INFO - Epoch [10/10], Step [130], Loss: 0.7064
2026-01-26 11:00:01,631 - INFO - Epoch [10/10], Step [140], Loss: 0.6932
2026-01-26 11:00:04,867 - INFO - Epoch [10/10], Step [150], Loss: 0.6934
2026-01-26 11:00:08,468 - INFO - Epoch [10/10], Step [160], Loss: 0.7389
2026-01-26 11:00:12,978 - INFO - Epoch [10/10], Step [170], Loss: 0.6422
2026-01-26 11:00:16,531 - INFO - Epoch [10/10], Step [180], Loss: 0.6469
2026-01-26 11:00:19,445 - INFO - Epoch [10/10], Step [190], Loss: 0.8400
2026-01-26 11:00:23,203 - INFO - Epoch [10/10], Step [200], Loss: 0.6386
2026-01-26 11:00:27,560 - INFO - Epoch [10/10], Step [210], Loss: 0.5876
2026-01-26 11:00:30,348 - INFO - Epoch [10/10], Step [220], Loss: 0.5045
2026-01-26 11:00:35,443 - INFO - Epoch [10/10], Step [230], Loss: 0.5825
2026-01-26 11:00:39,417 - INFO - Epoch [10/10], Step [240], Loss: 0.9994
2026-01-26 11:00:44,003 - INFO - Epoch [10/10], Step [250], Loss: 0.5233
2026-01-26 11:00:46,901 - INFO - Epoch [10/10], Step [260], Loss: 0.6073
2026-01-26 11:00:51,036 - INFO - Epoch [10/10], Step [270], Loss: 0.7079
2026-01-26 11:00:54,036 - INFO - Epoch [10/10], Step [280], Loss: 0.7406
2026-01-26 11:00:56,978 - INFO - Epoch [10/10], Step [290], Loss: 0.6945
2026-01-26 11:01:00,384 - INFO - Epoch [10/10], Step [300], Loss: 0.7356
2026-01-26 11:01:03,379 - INFO - Epoch [10/10], Step [310], Loss: 0.6990
2026-01-26 11:01:06,356 - INFO - Epoch [10/10], Step [320], Loss: 0.6240
2026-01-26 11:01:10,027 - INFO - Epoch [10/10], Step [330], Loss: 0.7155
2026-01-26 11:01:13,297 - INFO - Epoch [10/10], Step [340], Loss: 0.7777
2026-01-26 11:01:17,275 - INFO - Epoch [10/10], Step [350], Loss: 0.6537
2026-01-26 11:01:21,612 - INFO - Epoch [10/10], Step [360], Loss: 0.6941
2026-01-26 11:01:25,815 - INFO - Epoch [10/10], Step [370], Loss: 0.6936
2026-01-26 11:01:28,741 - INFO - Epoch [10/10], Step [380], Loss: 0.6934
2026-01-26 11:01:31,538 - INFO - Epoch [10/10], Step [390], Loss: 0.6940
2026-01-26 11:01:34,648 - INFO - Epoch [10/10], Step [400], Loss: 0.6951
2026-01-26 11:01:37,218 - INFO - Epoch [10/10], Step [410], Loss: 0.6963
2026-01-26 11:01:41,473 - INFO - Epoch [10/10], Step [420], Loss: 0.7124
2026-01-26 11:01:45,284 - INFO - Epoch [10/10], Step [430], Loss: 0.6680
2026-01-26 11:01:47,902 - INFO - Epoch [10/10], Step [440], Loss: 0.6556
2026-01-26 11:01:50,756 - INFO - Epoch [10/10], Step [450], Loss: 0.7512
2026-01-26 11:01:54,163 - INFO - Epoch [10/10], Step [460], Loss: 0.6380
2026-01-26 11:01:57,318 - INFO - Epoch [10/10], Step [470], Loss: 0.6972
2026-01-26 11:02:00,134 - INFO - Epoch [10/10], Step [480], Loss: 0.6497
2026-01-26 11:02:03,924 - INFO - Epoch [10/10], Step [490], Loss: 0.7630
2026-01-26 11:02:07,225 - INFO - Epoch [10/10], Step [500], Loss: 0.7154
2026-01-26 11:02:10,418 - INFO - Epoch [10/10], Step [510], Loss: 0.6948
2026-01-26 11:02:13,265 - INFO - Epoch [10/10], Step [520], Loss: 0.6937
2026-01-26 11:02:16,692 - INFO - Epoch [10/10], Step [530], Loss: 0.6933
2026-01-26 11:02:20,929 - INFO - Epoch [10/10], Step [540], Loss: 0.6506
2026-01-26 11:02:24,772 - INFO - Epoch [10/10], Step [550], Loss: 0.7068
2026-01-26 11:02:28,101 - INFO - Epoch [10/10], Step [560], Loss: 0.7921
2026-01-26 11:02:31,275 - INFO - Epoch [10/10], Step [570], Loss: 0.6944
2026-01-26 11:02:33,687 - INFO - Epoch [10/10], Step [580], Loss: 0.6937
2026-01-26 11:02:36,849 - INFO - Epoch [10/10], Step [590], Loss: 0.7106
2026-01-26 11:02:41,239 - INFO - Epoch [10/10], Step [600], Loss: 0.6597
2026-01-26 11:02:44,219 - INFO - Epoch [10/10], Step [610], Loss: 0.7138
2026-01-26 11:02:46,797 - INFO - Epoch [10/10], Step [620], Loss: 0.5806
2026-01-26 11:02:50,189 - INFO - Epoch [10/10], Step [630], Loss: 0.5952
2026-01-26 11:02:54,117 - INFO - Epoch [10/10], Step [640], Loss: 0.7144
2026-01-26 11:02:57,523 - INFO - Epoch [10/10], Step [650], Loss: 0.5879
2026-01-26 11:03:00,722 - INFO - Epoch [10/10], Step [660], Loss: 0.6940
2026-01-26 11:03:04,277 - INFO - Epoch [10/10], Step [670], Loss: 0.7168
2026-01-26 11:03:07,956 - INFO - Epoch [10/10], Step [680], Loss: 0.7020
2026-01-26 11:03:11,023 - INFO - Epoch [10/10], Step [690], Loss: 0.6988
2026-01-26 11:03:14,374 - INFO - Epoch [10/10], Step [700], Loss: 0.6682
2026-01-26 11:03:17,455 - INFO - Epoch [10/10], Step [710], Loss: 0.6953
2026-01-26 11:03:20,112 - INFO - Epoch [10/10], Step [720], Loss: 0.6805
2026-01-26 11:03:23,718 - INFO - Epoch [10/10], Step [730], Loss: 0.6972
2026-01-26 11:03:27,322 - INFO - Epoch [10/10], Step [740], Loss: 0.6469
2026-01-26 11:03:32,099 - INFO - Epoch [10/10], Step [750], Loss: 0.7020
2026-01-26 11:03:35,392 - INFO - Epoch [10/10], Step [760], Loss: 0.6970
2026-01-26 11:03:38,581 - INFO - Epoch [10/10], Step [770], Loss: 0.7016
2026-01-26 11:03:41,520 - INFO - Epoch [10/10], Step [780], Loss: 0.6936
2026-01-26 11:03:44,647 - INFO - Epoch [10/10], Step [790], Loss: 0.7045
2026-01-26 11:03:47,672 - INFO - Epoch [10/10], Step [800], Loss: 0.6949
2026-01-26 11:03:50,543 - INFO - Epoch [10/10], Step [810], Loss: 0.5829
2026-01-26 11:03:53,544 - INFO - Epoch [10/10], Step [820], Loss: 0.6440
2026-01-26 11:03:56,951 - INFO - Epoch [10/10], Step [830], Loss: 0.6945
2026-01-26 11:03:59,854 - INFO - Epoch [10/10], Step [840], Loss: 0.6929
2026-01-26 11:04:03,307 - INFO - Epoch [10/10], Step [850], Loss: 0.6575
2026-01-26 11:04:06,144 - INFO - Epoch [10/10], Step [860], Loss: 0.6976
2026-01-26 11:04:08,590 - INFO - Epoch [10/10], Step [870], Loss: 0.6704
2026-01-26 11:04:11,729 - INFO - Epoch [10/10], Step [880], Loss: 0.6949
2026-01-26 11:04:15,346 - INFO - Epoch [10/10], Step [890], Loss: 0.6948
2026-01-26 11:04:19,319 - INFO - Epoch [10/10], Step [900], Loss: 0.6947
2026-01-26 11:04:19,677 - INFO - Epoch 10 Finished. Train Loss: 0.6947 | Train Acc: 0.5067 | Train F1: 0.4730
2026-01-26 11:04:19,677 - INFO - Running Validation for Epoch 10...
2026-01-26 11:05:13,787 - INFO - [Val] Loss: 0.6921 | Accuracy: 0.5320 | F1: 0.3694
2026-01-26 11:05:13,788 - INFO - Running Testing for Epoch 10...
2026-01-26 11:06:09,832 - INFO - [Test] Loss: 0.6918 | Accuracy: 0.5436 | F1: 0.3829
2026-01-26 11:06:10,129 - INFO - Saved checkpoint to xxxxxxxxxxxxxxxxxxxxxxxxxxxxBrainLM-main/output/hcp13/finetuned_checkpoint_epoch_10.pt
2026-01-26 11:06:10,129 - INFO - Loading best checkpoint for final test...
2026-01-26 11:06:10,961 - INFO - Running Testing for Best Checkpoint...
2026-01-26 11:07:01,698 - INFO - [BestTest] Loss: 0.6889 | Accuracy: 0.5859 | F1: 0.5716
2026-01-26 11:07:01,699 - INFO - Training Complete.
